                                                                                     
                              ABACUS v3.3.2

               Atomic-orbital Based Ab-initio Computation at UStc                    

                     Website: http://abacus.ustc.edu.cn/                             
               Documentation: https://abacus.deepmodeling.com/                       
                  Repository: https://github.com/abacusmodeling/abacus-develop       
                              https://github.com/deepmodeling/abacus-develop         
                      Commit: e39b50e (Fri Aug 18 16:14:25 2023 +0800)

 Sun Dec  3 11:58:09 2023
 MAKE THE DIR         : OUT.ABACUS/

%%%%%%%%%%%%%%%%%%%%%%%%%%%%%%%%%%%%%%%%%%%%%%%%%%%%%%%%%%%%%%%%%%%%%%%%%%%%%%%%%%%%%%%%%%%%%%%%%%%%%%%%%
 Warning: the number of valence electrons in pseudopotential > 6 for Mo: [Kr] 4d5 5s1
 Pseudopotentials with additional electrons can yield (more) accurate outcomes, but may be less efficient.
 If you're confident that your chosen pseudopotential is appropriate, you can safely ignore this warning.
%%%%%%%%%%%%%%%%%%%%%%%%%%%%%%%%%%%%%%%%%%%%%%%%%%%%%%%%%%%%%%%%%%%%%%%%%%%%%%%%%%%%%%%%%%%%%%%%%%%%%%%%%

 UNIFORM GRID DIM     : 40 * 40 * 243
 UNIFORM GRID DIM(BIG): 40 * 40 * 243
 DONE(0.0741082  SEC) : SETUP UNITCELL
 DONE(0.0965325  SEC) : SYMMETRY
 DONE(0.16099    SEC) : INIT K-POINTS
 ---------------------------------------------------------
 Self-consistent calculations for electrons
 ---------------------------------------------------------
 SPIN    KPOINTS         PROCESSORS  
 1       10              1           
 ---------------------------------------------------------
 Use plane wave basis
 ---------------------------------------------------------
 ELEMENT NATOM       XC          
 Mo      1           
 S       2           
 ---------------------------------------------------------
 Initial plane wave basis and FFT box
 ---------------------------------------------------------
 DONE(0.174371   SEC) : INIT PLANEWAVE
 MEMORY FOR PSI (MB)  : 65.8702
 DONE(0.211124   SEC) : LOCAL POTENTIAL
 DONE(0.23766    SEC) : NON-LOCAL POTENTIAL
 DONE(0.237756   SEC) : INIT BASIS
 -------------------------------------------
 SELF-CONSISTENT : 
 -------------------------------------------
 START CHARGE      : atomic
 DONE(0.32343    SEC) : INIT SCF
 ITER   ETOT(eV)       EDIFF(eV)      DRHO       TIME(s)    
 CG1    -2.424152e+03  0.000000e+00   1.660e-01  1.082e+01  
 CG2    -2.424089e+03  6.280285e-02   6.584e-02  1.625e+00  
 CG3    -2.424068e+03  2.117395e-02   4.383e-02  1.926e+00  
 CG4    -2.424105e+03  -3.742052e-02  5.243e-03  1.808e+00  
 CG5    -2.424164e+03  -5.887829e-02  2.783e-03  2.740e+00  
 CG6    -2.424103e+03  6.065306e-02   9.681e-03  2.442e+00  
 CG7    -2.424122e+03  -1.826898e-02  1.532e-03  2.625e+00  
 CG8    -2.424124e+03  -2.303836e-03  5.506e-04  1.811e+00  
 CG9    -2.424123e+03  9.575629e-04   4.753e-04  2.081e+00  
 CG10   -2.424122e+03  5.153655e-04   3.716e-04  2.112e+00  
 CG11   -2.424123e+03  -3.216807e-04  2.890e-04  2.031e+00  
 CG12   -2.424123e+03  -6.241088e-05  2.826e-04  1.617e+00  
 CG13   -2.424122e+03  3.525278e-04   3.353e-04  1.618e+00  
 CG14   -2.424122e+03  4.829697e-04   2.148e-04  2.184e+00  
 CG15   -2.424122e+03  -8.938553e-05  1.207e-04  2.319e+00  
 CG16   -2.424122e+03  1.650694e-05   9.417e-05  1.898e+00  
 CG17   -2.424122e+03  -7.973502e-06  7.089e-05  2.130e+00  
 CG18   -2.424122e+03  1.044168e-05   6.611e-05  1.698e+00  
 CG19   -2.424122e+03  -1.072034e-05  6.192e-05  1.927e+00  
 CG20   -2.424122e+03  -1.960488e-05  4.257e-05  2.187e+00  
 CG21   -2.424122e+03  -4.707281e-05  3.948e-05  1.756e+00  
 CG22   -2.424122e+03  -4.848083e-05  2.680e-05  2.233e+00  
 CG23   -2.424122e+03  -2.486619e-05  2.314e-05  1.923e+00  
 CG24   -2.424122e+03  -1.395232e-04  2.392e-05  1.961e+00  
 CG25   -2.424122e+03  -1.215937e-06  9.375e-06  2.352e+00  
 CG26   -2.424122e+03  -1.084415e-05  9.283e-06  1.775e+00  
 CG27   -2.424122e+03  -1.519307e-04  8.428e-06  1.830e+00  
 CG28   -2.424122e+03  -5.172156e-05  1.488e-06  2.753e+00  
 CG29   -2.424122e+03  1.041805e-06   4.926e-07  3.063e+00  
 CG30   -2.424122e+03  6.446694e-06   5.101e-07  2.161e+00  
 CG31   -2.424122e+03  1.852597e-05   6.309e-07  2.620e+00  
 CG32   -2.424123e+03  -6.483724e-05  1.055e-06  2.964e+00  
 CG33   -2.424123e+03  4.926446e-06   1.981e-08  3.415e+00  
 CG34   -2.424123e+03  1.794173e-06   4.977e-08  3.817e+00  
 CG35   -2.424123e+03  -4.228581e-06  6.283e-08  2.934e+00  
 CG36   -2.424123e+03  -3.218720e-06  2.928e-08  3.287e+00  
 CG37   -2.424123e+03  -1.137239e-06  1.734e-08  3.273e+00  
 CG38   -2.424123e+03  -2.241239e-07  1.442e-08  3.161e+00  
 CG39   -2.424123e+03  -2.486038e-06  8.888e-09  2.927e+00  

  |CLASS_NAME---------|NAME---------------|TIME(Sec)-----|CALLS----|AVG------|PER%-------
                       total               100.14         17        5.9       1e+02     %
   Driver              driver_line         100.13         1         1e+02     1e+02     %
   Ions                opt_ions            99.893         1         1e+02     1e+02     %
   ESolver_KS_PW       Run                 99.893         1         1e+02     1e+02     %
   PW_Basis            recip2real          0.38254        282       0.0014    0.38      %
   Potential           update_from_charge  1.2188         40        0.03      1.2       %
   Potential           cal_v_eff           1.2139         40        0.03      1.2       %
   H_Hartree_pw        v_hartree           0.18966        40        0.0047    0.19      %
   PW_Basis            real2recip          0.4704         400       0.0012    0.47      %
   PotXC               cal_v_eff           0.97281        40        0.024     0.97      %
   XC_Functional       v_xc                0.94927        40        0.024     0.95      %
   Symmetry            rhog_symmetry       0.41789        41        0.01      0.42      %
   HSolverPW           solve               97.335         40        2.4       97        %
   Nonlocal            getvnl              0.37257        400       0.00093   0.37      %
   pp_cell_vnl         getvnl              0.37214        400       0.00093   0.37      %
   DiagoIterAssist     diagH_subspace      16.133         390       0.041     16        %
   OperatorPW          hPsi                72.842         32200     0.0023    73        %
   Operator            EkineticPW          0.47794        32200     1.5e-05   0.48      %
   Operator            VeffPW              68.463         32200     0.0021    68        %
   PW_Basis_K          recip2real          48.479         45980     0.0011    48        %
   PW_Basis_K          gathers_scatterp    8.3452         45980     0.00018   8.3       %
   PW_Basis_K          real2recip          24.665         40780     0.0006    25        %
   PW_Basis_K          gatherp_scatters    3.3028         40780     8.1e-05   3.3       %
   Operator            NonlocalPW          2.7298         32200     8.5e-05   2.7       %
   Nonlocal            add_nonlocal_pp     1.553          32200     4.8e-05   1.6       %
   DiagoIterAssist     LAPACK_subspace     0.14173        390       0.00036   0.14      %
   DiagoCG             diag_once           74.269         400       0.19      74        %
   ElecStatePW         psiToRho            5.935          40        0.15      5.9       %
   Charge              mix_rho             0.34635        38        0.0091    0.35      %
   Charge              Pulay_mixing        0.34058        38        0.009     0.34      %
 ----------------------------------------------------------------------------------------

 START  Time  : Sun Dec  3 11:58:09 2023
 FINISH Time  : Sun Dec  3 11:59:49 2023
 TOTAL  Time  : 100
 SEE INFORMATION IN : OUT.ABACUS/
