                                                                                     
                              ABACUS v3.3.2

               Atomic-orbital Based Ab-initio Computation at UStc                    

                     Website: http://abacus.ustc.edu.cn/                             
               Documentation: https://abacus.deepmodeling.com/                       
                  Repository: https://github.com/abacusmodeling/abacus-develop       
                              https://github.com/deepmodeling/abacus-develop         
                      Commit: e39b50e (Fri Aug 18 16:14:25 2023 +0800)

    Start Time is Sun Dec  3 11:58:06 2023
                                                                                     
 ------------------------------------------------------------------------------------

 READING GENERAL INFORMATION
                           global_out_dir = OUT.ABACUS/
                           global_in_card = INPUT
                               pseudo_dir = 
                              orbital_dir = 
                                    DRANK = 1
                                    DSIZE = 1
                                   DCOLOR = 1
                                    GRANK = 1
                                    GSIZE = 1
 The esolver type has been set to : ksdft_pw




 >>>>>>>>>>>>>>>>>>>>>>>>>>>>>>>>>>>>>>>>>>>>>>>>>>>>>>>>>>>>>>>>>>>>>>
 |                                                                    |
 | Reading atom information in unitcell:                              |
 | From the input file and the structure file we know the number of   |
 | different elments in this unitcell, then we list the detail        |
 | information for each element, especially the zeta and polar atomic |
 | orbital number for each element. The total atom number is counted. |
 | We calculate the nearest atom distance for each atom and show the  |
 | Cartesian and Direct coordinates for each atom. We list the file   |
 | address for atomic orbitals. The volume and the lattice vectors    |
 | in real and reciprocal space is also shown.                        |
 |                                                                    |
 <<<<<<<<<<<<<<<<<<<<<<<<<<<<<<<<<<<<<<<<<<<<<<<<<<<<<<<<<<<<<<<<<<<<<<




 READING UNITCELL INFORMATION
                                    ntype = 2
                  lattice constant (Bohr) = 5.70697
              lattice constant (Angstrom) = 3.02

 READING ATOM TYPE 1
                               atom label = Mo
                      L=0, number of zeta = 1
                      L=1, number of zeta = 1
                      L=2, number of zeta = 1
             number of atom for this type = 1

 READING ATOM TYPE 2
                               atom label = S
                      L=0, number of zeta = 1
                      L=1, number of zeta = 1
                      L=2, number of zeta = 1
             number of atom for this type = 2

                        TOTAL ATOM NUMBER = 3

 DIRECT COORDINATES
         atom                   x                   y                   z                 mag                  vx                  vy                  vz
     taud_Mo1            0.666667            0.333333                 0.1                   0                   0                   0                   0
      taud_S1                   0                   0                   0                   0                   0                   0                   0
      taud_S2                   0                   0                 0.2                   0                   0                   0                   0


                          Volume (Bohr^3) = 1066.03
                             Volume (A^3) = 157.97

 Lattice vectors: (Cartesian coordinate: in unit of a_0)
                   +1                  +0                  +0
                 -0.5           +0.866025                  +0
                   +0                  +0            +6.62252
 Reciprocal vectors: (Cartesian coordinate: in unit of 2 pi/a_0)
                   +1            +0.57735                  -0
                   +0             +1.1547                  -0
                   +0                  -0              +0.151




 >>>>>>>>>>>>>>>>>>>>>>>>>>>>>>>>>>>>>>>>>>>>>>>>>>>>>>>>>>>>>>>>>>>>>>
 |                                                                    |
 | Reading pseudopotentials files:                                    |
 | The pseudopotential file is in UPF format. The 'NC' indicates that |
 | the type of pseudopotential is 'norm conserving'. Functional of    |
 | exchange and correlation is decided by 4 given parameters in UPF   |
 | file.  We also read in the 'core correction' if there exists.      |
 | Also we can read the valence electrons number and the maximal      |
 | angular momentum used in this pseudopotential. We also read in the |
 | trail wave function, trail atomic density and local-pseudopotential|
 | on logrithmic grid. The non-local pseudopotential projector is also|
 | read in if there is any.                                           |
 |                                                                    |
 <<<<<<<<<<<<<<<<<<<<<<<<<<<<<<<<<<<<<<<<<<<<<<<<<<<<<<<<<<<<<<<<<<<<<<




                PAO radial cut off (Bohr) = 15

 Read in pseudopotential file is Mo_ONCV_PBE-1.0.upf
                     pseudopotential type = NC
          exchange-correlation functional = PBE
                 nonlocal core correction = 0
                        valence electrons = 14
                                     lmax = 2
                           number of zeta = 0
                     number of projectors = 6
                           L of projector = 0
                           L of projector = 0
                           L of projector = 1
                           L of projector = 1
                           L of projector = 2
                           L of projector = 2
                PAO radial cut off (Bohr) = 15

 Read in pseudopotential file is S_ONCV_PBE-1.0.upf
                     pseudopotential type = NC
          exchange-correlation functional = PBE
                 nonlocal core correction = 0
                        valence electrons = 6
                                     lmax = 1
                           number of zeta = 0
                     number of projectors = 4
                           L of projector = 0
                           L of projector = 0
                           L of projector = 1
                           L of projector = 1
     initial pseudo atomic orbital number = 0
                                   NLOCAL = 27

%%%%%%%%%%%%%%%%%%%%%%%%%%%%%%%%%%%%%%%%%%%%%%%%%%%%%%%%%%%%%%%%%%%%%%%%%%%%%%%%%%%%%%%%%%%%%%%%%%%%%%%%%%
 Warning: the number of valence electrons in pseudopotential > 6 for Mo: [Kr] 4d5 5s1
 Pseudopotentials with additional electrons can yield (more) accurate outcomes, but may be less efficient.
 If you're confident that your chosen pseudopotential is appropriate, you can safely ignore this warning.
%%%%%%%%%%%%%%%%%%%%%%%%%%%%%%%%%%%%%%%%%%%%%%%%%%%%%%%%%%%%%%%%%%%%%%%%%%%%%%%%%%%%%%%%%%%%%%%%%%%%%%%%%%
                  

 Warning_Memory_Consuming allocated:  FFT::grid 11.8652 MB




 >>>>>>>>>>>>>>>>>>>>>>>>>>>>>>>>>>>>>>>>>>>>>>>>>>>>>>>>>>>>>>>>>>>>>>
 |                                                                    |
 | Setup plane waves of charge/potential:                             |
 | Use the energy cutoff and the lattice vectors to generate the      |
 | dimensions of FFT grid. The number of FFT grid on each processor   |
 | is 'nrxx'. The number of plane wave basis in reciprocal space is   |
 | different for charege/potential and wave functions. We also set    |
 | the 'sticks' for the parallel of FFT. The number of plane waves    |
 | is 'npw' in each processor.                                        |
 <<<<<<<<<<<<<<<<<<<<<<<<<<<<<<<<<<<<<<<<<<<<<<<<<<<<<<<<<<<<<<<<<<<<<<





 SETUP THE PLANE WAVE BASIS
 energy cutoff for charge/potential (unit:Ry) = 400
            fft grid for charge/potential = [ 40, 40, 243 ]
                        fft grid division = [ 1, 1, 1 ]
        big fft grid for charge/potential = [ 40, 40, 243 ]
                                     nbxx = 388800
                                     nrxx = 388800

 SETUP PLANE WAVES FOR CHARGE/POTENTIAL
                    number of plane waves = 144013
                         number of sticks = 913

 PARALLEL PW FOR CHARGE/POTENTIAL
     PROC   COLUMNS(POT)             PW
        1            913         144013
 --------------- sum -------------------
        1            913         144013
                            number of |g| = 6733
                                  max |g| = 329.97
                                  min |g| = 0

 SETUP THE ELECTRONS NUMBER
            electron number of element Mo = 14
      total electron number of element Mo = 14
             electron number of element S = 6
       total electron number of element S = 12
            AUTOSET number of electrons:  = 26
 DONE : SETUP UNITCELL Time : 0.0759673 (SEC)





 >>>>>>>>>>>>>>>>>>>>>>>>>>>>>>>>>>>>>>>>>>>>>>>>>>>>>>>>>>>>>>>>>>>>>>
 |                                                                    |
 | Doing symmetry analysis:                                           |
 | We calculate the norm of 3 vectors and the angles between them,    |
 | the type of Bravais lattice is given. We can judge if the unticell |
 | is a primitive cell. Finally we give the point group operation for |
 | this unitcell. We use the point group operations to do symmetry |
 | analysis on given k-point mesh and the charge density.             |
 |                                                                    |
 <<<<<<<<<<<<<<<<<<<<<<<<<<<<<<<<<<<<<<<<<<<<<<<<<<<<<<<<<<<<<<<<<<<<<<




 LATTICE VECTORS: (CARTESIAN COORDINATE: IN UNIT OF A0)
                   +1                  +0                  +0
                 -0.5           +0.866025                  +0
                   +0                  +0            +6.62252
                       right hand lattice = 1
                                   NORM_A = 1
                                   NORM_B = 1
                                   NORM_C = 6.62252
                           ALPHA (DEGREE) = 90
                           BETA  (DEGREE) = 90
                           GAMMA (DEGREE) = 120

 The lattice vectors have been changed (STRU_SIMPLE.cif)

(for optimal symmetric configuration:)
                             BRAVAIS TYPE = 4
                     BRAVAIS LATTICE NAME = 04. Hexagonal cell
                                    ibrav = 4
                                    IBRAV = 4
                                  BRAVAIS = HEXAGONAL CELL
                       LATTICE CONSTANT A = 1
                                C/A RATIO = 6.62252
Original cell was already a primitive cell.
                        ROTATION MATRICES = 24
              PURE POINT GROUP OPERATIONS = 6
                   SPACE GROUP OPERATIONS = 12
                                       C2 = 0
                                       C3 = 2
                                       C4 = 0
                                       C6 = 0
                                       S1 = 3
                                       S3 = 0
                                       S4 = 0
                                       S6 = 0
                              POINT GROUP = C_3v
                                       C2 = 3
                                       C3 = 2
                                       C4 = 0
                                       C6 = 0
                                       S1 = 4
                                       S3 = 2
                                       S4 = 0
                                       S6 = 0
               POINT GROUP IN SPACE GROUP = D_3h
 DONE : SYMMETRY Time : 0.0981137 (SEC)





 >>>>>>>>>>>>>>>>>>>>>>>>>>>>>>>>>>>>>>>>>>>>>>>>>>>>>>>>>>>>>>>>>>>>>>
 |                                                                    |
 | Setup K-points                                                     |
 | We setup the k-points according to input parameters.               |
 | The reduced k-points are set according to symmetry operations.     |
 | We treat the spin as another set of k-points.                      |
 |                                                                    |
 <<<<<<<<<<<<<<<<<<<<<<<<<<<<<<<<<<<<<<<<<<<<<<<<<<<<<<<<<<<<<<<<<<<<<<





 SETUP K-POINTS
                                    nspin = 1
                   Input type of k points = Monkhorst-Pack(Gamma)
                                   nkstot = 64
                       right hand lattice = 1
(for reciprocal lattice: )
                             BRAVAIS TYPE = 4
                     BRAVAIS LATTICE NAME = 04. Hexagonal cell
                                    ibrav = 4
                       right hand lattice = 1
(for k-lattice: )
                             BRAVAIS TYPE = 4
                     BRAVAIS LATTICE NAME = 04. Hexagonal cell
                                    ibrav = 4
                       right hand lattice = 1
                        ROTATION MATRICES = 24
                               nkstot_ibz = 10
      IBZ             DirectX             DirectY             DirectZ              Weight    ibz2bz
        1                   0                   0                   0            0.015625         0
        2              -0.125               0.125                   0             0.09375         1
        3               -0.25                0.25                   0             0.09375         2
        4              -0.375               0.375                   0             0.09375         3
        5                 0.5                 0.5                   0            0.046875         4
        6               -0.25               0.125                   0             0.09375         9
        7              -0.375                0.25                   0              0.1875        10
        8                 0.5               0.375                   0              0.1875        11
        9                 0.5                0.25                   0             0.09375        18
       10               0.375               0.375                   0             0.09375        19
                               nkstot now = 10

  KPOINTS            DIRECT_X            DIRECT_Y            DIRECT_Z              WEIGHT
        1                   0                   0                   0            0.015625
        2              -0.125               0.125                   0             0.09375
        3               -0.25                0.25                   0             0.09375
        4              -0.375               0.375                   0             0.09375
        5                 0.5                 0.5                   0            0.046875
        6               -0.25               0.125                   0             0.09375
        7              -0.375                0.25                   0              0.1875
        8                 0.5               0.375                   0              0.1875
        9                 0.5                0.25                   0             0.09375
       10               0.375               0.375                   0             0.09375

           k-point number in this process = 10
       minimum distributed K point number = 10

  KPOINTS         CARTESIAN_X         CARTESIAN_Y         CARTESIAN_Z              WEIGHT
        1                   0                   0                   0             0.03125
        2              -0.125           0.0721688                   0              0.1875
        3               -0.25            0.144338                   0              0.1875
        4              -0.375            0.216506                   0              0.1875
        5                 0.5            0.866025                   0             0.09375
        6               -0.25                   0                   0              0.1875
        7              -0.375           0.0721688                   0               0.375
        8                 0.5            0.721688                   0               0.375
        9                 0.5             0.57735                   0              0.1875
       10               0.375            0.649519                   0              0.1875

  KPOINTS            DIRECT_X            DIRECT_Y            DIRECT_Z              WEIGHT
        1                   0                   0                   0             0.03125
        2              -0.125               0.125                   0              0.1875
        3               -0.25                0.25                   0              0.1875
        4              -0.375               0.375                   0              0.1875
        5                 0.5                 0.5                   0             0.09375
        6               -0.25               0.125                   0              0.1875
        7              -0.375                0.25                   0               0.375
        8                 0.5               0.375                   0               0.375
        9                 0.5                0.25                   0              0.1875
       10               0.375               0.375                   0              0.1875
 DONE : INIT K-POINTS Time : 0.174968 (SEC)





 >>>>>>>>>>>>>>>>>>>>>>>>>>>>>>>>>>>>>>>>>>>>>>>>>>>>>>>>>>>>>>>>>>>>>>
 |                                                                    |
 | Setup plane waves of wave functions:                               |
 | Use the energy cutoff and the lattice vectors to generate the      |
 | dimensions of FFT grid. The number of FFT grid on each processor   |
 | is 'nrxx'. The number of plane wave basis in reciprocal space is   |
 | different for charege/potential and wave functions. We also set    |
 | the 'sticks' for the parallel of FFT. The number of plane wave of  |
 | each k-point is 'npwk[ik]' in each processor                       |
 <<<<<<<<<<<<<<<<<<<<<<<<<<<<<<<<<<<<<<<<<<<<<<<<<<<<<<<<<<<<<<<<<<<<<<





 SETUP PLANE WAVES FOR WAVE FUNCTIONS
     energy cutoff for wavefunc (unit:Ry) = 100
              fft grid for wave functions = [ 40, 40, 243 ]
                    number of plane waves = 24499
                         number of sticks = 283

 PARALLEL PW FOR WAVE FUNCTIONS
     PROC   COLUMNS(POT)             PW
        1            283          24499
 --------------- sum -------------------
        1            283          24499
 DONE : INIT PLANEWAVE Time : 0.187965 (SEC)

                           occupied bands = 13
                                   NBANDS = 23
                                     npwx = 18079

 Warning_Memory_Consuming allocated:  Psi_PW 63.4486 MB

 SETUP NONLOCAL PSEUDOPOTENTIALS IN PLANE WAVE BASIS
 Mo non-local projectors:
 projector 1 L=0
 projector 2 L=0
 projector 3 L=1
 projector 4 L=1
 projector 5 L=2
 projector 6 L=2
 S non-local projectors:
 projector 1 L=0
 projector 2 L=0
 projector 3 L=1
 projector 4 L=1
      TOTAL NUMBER OF NONLOCAL PROJECTORS = 34
 DONE : LOCAL POTENTIAL Time : 0.233868 (SEC)


 Init Non-Local PseudoPotential table : 
 Init Non-Local-Pseudopotential done.
 DONE : NON-LOCAL POTENTIAL Time : 0.260414 (SEC)


 Make real space PAO into reciprocal space.
       max mesh points in Pseudopotential = 601
     dq(describe PAO in reciprocal space) = 0.01
                                    max q = 1206

 number of pseudo atomic orbitals for Mo is 0

 number of pseudo atomic orbitals for S is 0
 DONE : INIT BASIS Time : 0.260456 (SEC)


 -------------------------------------------
 SELF-CONSISTENT
 -------------------------------------------

 Warning_Memory_Consuming allocated:  Veff<PW>::porter 5.93262 MB

 Warning_Memory_Consuming allocated:  Veff<PW>::porter1 5.93262 MB

 Warning_Memory_Consuming allocated:  Meta<PW>::porter 5.93262 MB
                                 init_chg = atomic
 DONE : INIT SCF Time : 0.33666 (SEC)


 PW ALGORITHM --------------- ION=   1  ELEC=   1--------------------------------

 Warning_Memory_Consuming allocated:  DiagSub::hpsi 6.34486 MB

 Warning_Memory_Consuming allocated:  DiagSub::evctemp 6.29854 MB

 Warning_Memory_Consuming allocated:  DiagSub::evctemp 6.31293 MB

 Warning_Memory_Consuming allocated:  DiagSub::evctemp 6.32135 MB

 Warning_Memory_Consuming allocated:  DiagSub::evctemp 6.32837 MB

 Warning_Memory_Consuming allocated:  DiagSub::evctemp 6.34486 MB
Average iterative diagonalization steps: 10.5261 ; where current threshold is: 0.01 . 

 Warning_Memory_Consuming allocated:  ElecSPW::wfcr 5.93262 MB

 Warning_Memory_Consuming allocated:  ElecSPW::wfcr_a 5.93262 MB
 Notice: Threshold on eigenvalues was too large.
 hsover_error=0.26 > DRHO=0.162149
 Origin diag_ethr = 0.01
 New    diag_ethr = 0.000623651
Average iterative diagonalization steps: 6.86087 ; where current threshold is: 0.000623651 . 

 Warning_Memory_Consuming allocated:  ChgMix::Rrho 59.3262 MB

 Warning_Memory_Consuming allocated:  ChgMix::dRrho 56.3599 MB

 Warning_Memory_Consuming allocated:  ChgMix::drho 56.3599 MB

 Density error is 0.120322281083
                          Error Threshold = 0.000623651280886

       Energy                       Rydberg                            eV
       E_KohnSham                -178.180206256                 -2424.2660759
         E_Harris                -178.195101912                 -2424.4687417
          E_Fermi             -0.00903125295581               -0.122876500278

 PW ALGORITHM --------------- ION=   1  ELEC=   2--------------------------------
Average iterative diagonalization steps: 2 ; where current threshold is: 0.000462778004166 . 

 Density error is 0.0638520944008
                          Error Threshold = 0.000462778004166

       Energy                       Rydberg                            eV
       E_KohnSham                -178.168763962                 -2424.1103955
         E_Harris                -179.837108099                -2446.80938198
          E_Fermi              -0.0151777387315               -0.206503729503

 PW ALGORITHM --------------- ION=   1  ELEC=   3--------------------------------
Average iterative diagonalization steps: 2.60434782609 ; where current threshold is: 0.000245584978465 . 

 Density error is 0.0434295253105
                          Error Threshold = 0.000245584978465

       Energy                       Rydberg                            eV
       E_KohnSham                -178.167298337                -2424.09045464
         E_Harris                -176.548880192                -2402.07074613
          E_Fermi              -0.0241432775254               -0.328486142741

 PW ALGORITHM --------------- ION=   1  ELEC=   4--------------------------------
Average iterative diagonalization steps: 2.23913043478 ; where current threshold is: 0.00016703663581 . 

 Density error is 0.00482145929069
                          Error Threshold = 0.00016703663581

       Energy                       Rydberg                            eV
       E_KohnSham                -178.169971375                 -2424.1268232
         E_Harris                -173.075534245                -2354.81345013
          E_Fermi               -0.013702329539               -0.186429757605

 PW ALGORITHM --------------- ION=   1  ELEC=   5--------------------------------
Average iterative diagonalization steps: 4.08695652174 ; where current threshold is: 1.85440741949e-05 . 

 Density error is 0.00262063967146
                          Error Threshold = 1.85440741949e-05

       Energy                       Rydberg                            eV
       E_KohnSham                -178.173109516                 -2424.1695198
         E_Harris                -177.137857477                -2410.08419321
          E_Fermi               -0.013387288473               -0.182143404002

 PW ALGORITHM --------------- ION=   1  ELEC=   6--------------------------------
Average iterative diagonalization steps: 3.05652173913 ; where current threshold is: 1.00793833518e-05 . 

 Density error is 0.007217212124
                          Error Threshold = 1.00793833518e-05

       Energy                       Rydberg                            eV
       E_KohnSham                 -178.16992197                -2424.12615101
         E_Harris                -176.834622232                -2405.95846603
          E_Fermi              -0.0161748174541               -0.220069681485

 PW ALGORITHM --------------- ION=   1  ELEC=   7--------------------------------
Average iterative diagonalization steps: 3.57391304348 ; where current threshold is: 1.00793833518e-05 . 

 Density error is 0.00180217979201
                          Error Threshold = 1.00793833518e-05

       Energy                       Rydberg                            eV
       E_KohnSham                -178.170723876                 -2424.1370615
         E_Harris                -177.176307137                -2410.60732766
          E_Fermi             -0.00583082320873              -0.0793324196693

 PW ALGORITHM --------------- ION=   1  ELEC=   8--------------------------------
Average iterative diagonalization steps: 2.00434782609 ; where current threshold is: 6.93146073848e-06 . 

 Density error is 0.000496555276372
                          Error Threshold = 6.93146073848e-06

       Energy                       Rydberg                            eV
       E_KohnSham                -178.170832112                -2424.13853413
         E_Harris                -176.606273532                -2402.85162258
          E_Fermi             -0.00319599153398              -0.0434836956219

 PW ALGORITHM --------------- ION=   1  ELEC=   9--------------------------------
Average iterative diagonalization steps: 3.04782608696 ; where current threshold is: 1.90982798605e-06 . 

 Density error is 0.000498347184239
                          Error Threshold = 1.90982798605e-06

       Energy                       Rydberg                            eV
       E_KohnSham                -178.170785989                -2424.13790659
         E_Harris                -177.485728563                -2414.81722214
          E_Fermi             -0.00201014290919              -0.0273493973593

 PW ALGORITHM --------------- ION=   1  ELEC=  10--------------------------------
Average iterative diagonalization steps: 2.86086956522 ; where current threshold is: 1.90982798605e-06 . 

 Density error is 0.000301109645204
                          Error Threshold = 1.90982798605e-06

       Energy                       Rydberg                            eV
       E_KohnSham                -178.170770508                -2424.13769596
         E_Harris                -177.278797873                -2412.00178567
          E_Fermi            +0.000428880473737             +0.00583521820376

 PW ALGORITHM --------------- ION=   1  ELEC=  11--------------------------------
Average iterative diagonalization steps: 2.41304347826 ; where current threshold is: 1.15811402002e-06 . 

 Density error is 0.00025154361699
                          Error Threshold = 1.15811402002e-06

       Energy                       Rydberg                            eV
       E_KohnSham                -178.170718085                 -2424.1369827
         E_Harris                -177.498857538                  -2414.995851
          E_Fermi             +0.00188889169854              +0.0256996900051

 PW ALGORITHM --------------- ION=   1  ELEC=  12--------------------------------
Average iterative diagonalization steps: 3.17826086957 ; where current threshold is: 9.6747544996e-07 . 

 Density error is 0.000147830046388
                          Error Threshold = 9.6747544996e-07

       Energy                       Rydberg                            eV
       E_KohnSham                -178.170729896                -2424.13714341
         E_Harris                -177.752611412                -2418.44834958
          E_Fermi             +0.00573631732524              +0.0780466011594

 PW ALGORITHM --------------- ION=   1  ELEC=  13--------------------------------
Average iterative diagonalization steps: 2.26956521739 ; where current threshold is: 5.68577101493e-07 . 

 Density error is 0.000140654853086
                          Error Threshold = 5.68577101493e-07

       Energy                       Rydberg                            eV
       E_KohnSham                 -178.17072646                -2424.13709665
         E_Harris                -177.627913936                -2416.75175338
          E_Fermi             +0.00528114297195              +0.0718536363712

 PW ALGORITHM --------------- ION=   1  ELEC=  14--------------------------------
Average iterative diagonalization steps: 2.21739130435 ; where current threshold is: 5.40980204176e-07 . 

 Density error is 0.000124196096707
                          Error Threshold = 5.40980204176e-07

       Energy                       Rydberg                            eV
       E_KohnSham                -178.170719455                -2424.13700135
         E_Harris                -177.715914287                -2417.94905959
          E_Fermi              +0.0061320227668              +0.0834304498943

 PW ALGORITHM --------------- ION=   1  ELEC=  15--------------------------------
Average iterative diagonalization steps: 2.91739130435 ; where current threshold is: 4.77677295025e-07 . 

 Density error is 8.76246717146e-05
                          Error Threshold = 4.77677295025e-07

       Energy                       Rydberg                            eV
       E_KohnSham                -178.170716733                -2424.13696431
         E_Harris                -177.798052809                 -2419.0666115
          E_Fermi             +0.00833521605496               +0.113406432408

 PW ALGORITHM --------------- ION=   1  ELEC=  16--------------------------------
Average iterative diagonalization steps: 2.68260869565 ; where current threshold is: 3.37017968133e-07 . 

 Density error is 7.3825198669e-05
                          Error Threshold = 3.37017968133e-07

       Energy                       Rydberg                            eV
       E_KohnSham                -178.170717462                -2424.13697423
         E_Harris                -177.841152964                -2419.65301919
          E_Fermi             +0.00950775901616               +0.129359697831

 PW ALGORITHM --------------- ION=   1  ELEC=  17--------------------------------
Average iterative diagonalization steps: 2.20869565217 ; where current threshold is: 2.83943071804e-07 . 

 Density error is 6.58631313149e-05
                          Error Threshold = 2.83943071804e-07

       Energy                       Rydberg                            eV
       E_KohnSham                -178.170718186                -2424.13698408
         E_Harris                -177.835142825                -2419.57124706
          E_Fermi              +0.0101202408966               +0.137692941327

 PW ALGORITHM --------------- ION=   1  ELEC=  18--------------------------------
Average iterative diagonalization steps: 2.91739130435 ; where current threshold is: 2.53319735827e-07 . 

 Density error is 4.57795691509e-05
                          Error Threshold = 2.53319735827e-07

       Energy                       Rydberg                            eV
       E_KohnSham                -178.170719083                -2424.13699628
         E_Harris                -177.888079828                -2420.29149194
          E_Fermi              +0.0119313576598               +0.162334449049

 PW ALGORITHM --------------- ION=   1  ELEC=  19--------------------------------
Average iterative diagonalization steps: 2.13913043478 ; where current threshold is: 1.76075265965e-07 . 

 Density error is 4.19078101921e-05
                          Error Threshold = 1.76075265965e-07

       Energy                       Rydberg                            eV
       E_KohnSham                -178.170719511                -2424.13700211
         E_Harris                -177.911020008                -2420.60360911
          E_Fermi              +0.0122934191526               +0.167260548377

 PW ALGORITHM --------------- ION=   1  ELEC=  20--------------------------------
Average iterative diagonalization steps: 2.17826086957 ; where current threshold is: 1.61183885354e-07 . 

 Density error is 3.6759181701e-05
                          Error Threshold = 1.61183885354e-07

       Energy                       Rydberg                            eV
       E_KohnSham                -178.170731259                -2424.13716196
         E_Harris                -177.928678824                -2420.84386962
          E_Fermi              +0.0127682266908                +0.17372063635

 PW ALGORITHM --------------- ION=   1  ELEC=  21--------------------------------
Average iterative diagonalization steps: 3.05217391304 ; where current threshold is: 1.41381468081e-07 . 

 Density error is 1.8795862188e-05
                          Error Threshold = 1.41381468081e-07

       Energy                       Rydberg                            eV
       E_KohnSham                -178.170730989                -2424.13715827
         E_Harris                -177.992265158                -2421.70900608
          E_Fermi              +0.0148144587239                +0.20156105143

 PW ALGORITHM --------------- ION=   1  ELEC=  22--------------------------------
Average iterative diagonalization steps: 2.06086956522 ; where current threshold is: 7.22917776463e-08 . 

 Density error is 1.90141424644e-05
                          Error Threshold = 7.22917776463e-08

       Energy                       Rydberg                            eV
       E_KohnSham                -178.170730393                -2424.13715017
         E_Harris                -177.998810347                -2421.79805795
          E_Fermi              +0.0147782779088               +0.201068786188

 PW ALGORITHM --------------- ION=   1  ELEC=  23--------------------------------
Average iterative diagonalization steps: 2.31304347826 ; where current threshold is: 7.22917776463e-08 . 

 Density error is 1.97728677814e-05
                          Error Threshold = 7.22917776463e-08

       Energy                       Rydberg                            eV
       E_KohnSham                -178.170730881                 -2424.1371568
         E_Harris                -178.000774505                -2421.82478169
          E_Fermi              +0.0147380244075               +0.200521109206

 PW ALGORITHM --------------- ION=   1  ELEC=  24--------------------------------
Average iterative diagonalization steps: 2.01304347826 ; where current threshold is: 7.22917776463e-08 . 

 Density error is 1.7826454901e-05
                          Error Threshold = 7.22917776463e-08

       Energy                       Rydberg                            eV
       E_KohnSham                -178.170749106                -2424.13740477
         E_Harris                -178.000657709                -2421.82319258
          E_Fermi              +0.0149866575243               +0.203903936304

 PW ALGORITHM --------------- ION=   1  ELEC=  25--------------------------------
Average iterative diagonalization steps: 3.96956521739 ; where current threshold is: 6.85632880806e-08 . 

 Density error is 1.95192376282e-06
                          Error Threshold = 6.85632880806e-08

       Energy                       Rydberg                            eV
       E_KohnSham                -178.170748128                -2424.13739146
         E_Harris                -178.096376917                -2423.12551922
          E_Fermi              +0.0185324269002               +0.252146603611

 PW ALGORITHM --------------- ION=   1  ELEC=  26--------------------------------
Average iterative diagonalization steps: 3.62608695652 ; where current threshold is: 7.50739908775e-09 . 

 Density error is 2.63338689359e-06
                          Error Threshold = 7.50739908775e-09

       Energy                       Rydberg                            eV
       E_KohnSham                -178.170748709                -2424.13739937
         E_Harris                -178.104716399                 -2423.2389837
          E_Fermi              +0.0182255668088               +0.247971557879

 PW ALGORITHM --------------- ION=   1  ELEC=  27--------------------------------
Average iterative diagonalization steps: 2.74347826087 ; where current threshold is: 7.50739908775e-09 . 

 Density error is 2.34167154383e-06
                          Error Threshold = 7.50739908775e-09

       Energy                       Rydberg                            eV
       E_KohnSham                 -178.17075263                -2424.13745272
         E_Harris                -178.106243802                -2423.25976509
          E_Fermi              +0.0183459030821               +0.249608816873

 PW ALGORITHM --------------- ION=   1  ELEC=  28--------------------------------
Average iterative diagonalization steps: 3.94782608696 ; where current threshold is: 7.50739908775e-09 . 

 Density error is 7.84615802957e-07
                          Error Threshold = 7.50739908775e-09

       Energy                       Rydberg                            eV
       E_KohnSham                -178.170756478                -2424.13750507
         E_Harris                -178.124385479                -2423.50659526
          E_Fermi              +0.0190172981098               +0.258743614857

 PW ALGORITHM --------------- ION=   1  ELEC=  29--------------------------------
Average iterative diagonalization steps: 5.1652173913 ; where current threshold is: 3.0177530883e-09 . 

 Density error is 6.15099021838e-08
                          Error Threshold = 3.0177530883e-09

       Energy                       Rydberg                            eV
       E_KohnSham                -178.170756758                -2424.13750889
         E_Harris                -178.160248226                -2423.99453296
          E_Fermi              +0.0199008803642                +0.27076536817

 PW ALGORITHM --------------- ION=   1  ELEC=  30--------------------------------
Average iterative diagonalization steps: 5.1652173913 ; where current threshold is: 2.36576546861e-10 . 

 Density error is 3.58126841902e-08
                          Error Threshold = 2.36576546861e-10

       Energy                       Rydberg                            eV
       E_KohnSham                -178.170756895                -2424.13751075
         E_Harris                -178.166174571                -2424.07516503
          E_Fermi               +0.019958690096               +0.271551909922

 PW ALGORITHM --------------- ION=   1  ELEC=  31--------------------------------
Average iterative diagonalization steps: 4.30434782609 ; where current threshold is: 1.37741093039e-10 . 

 Density error is 3.33609982489e-08
                          Error Threshold = 1.37741093039e-10

       Energy                       Rydberg                            eV
       E_KohnSham                -178.170756838                -2424.13750997
         E_Harris                -178.168277631                -2424.10377863
          E_Fermi               +0.019986223772               +0.271926524802

 PW ALGORITHM --------------- ION=   1  ELEC=  32--------------------------------
Average iterative diagonalization steps: 4.50869565217 ; where current threshold is: 1.28311531727e-10 . 

 Density error is 6.06011496334e-08
                          Error Threshold = 1.28311531727e-10

       Energy                       Rydberg                            eV
       E_KohnSham                 -178.17075709                -2424.13751339
         E_Harris                -178.165792935                 -2424.0699726
          E_Fermi              +0.0199472503769               +0.271396264558

 PW ALGORITHM --------------- ION=   1  ELEC=  33--------------------------------
Average iterative diagonalization steps: 5.27826086957 ; where current threshold is: 1.28311531727e-10 . 

 Density error is 4.08349742567e-08
                          Error Threshold = 1.28311531727e-10

       Energy                       Rydberg                            eV
       E_KohnSham                -178.170757112                 -2424.1375137
         E_Harris                -178.166624353                -2424.08128463
          E_Fermi              +0.0200544721187               +0.272855091197

 PW ALGORITHM --------------- ION=   1  ELEC=  34--------------------------------
Average iterative diagonalization steps: 4.43913043478 ; where current threshold is: 1.28311531727e-10 . 

 Density error is 3.85935474361e-08
                          Error Threshold = 1.28311531727e-10

       Energy                       Rydberg                            eV
       E_KohnSham                -178.170757083                 -2424.1375133
         E_Harris                -178.168153166                 -2424.1020852
          E_Fermi              +0.0200722754265               +0.273097317625

 PW ALGORITHM --------------- ION=   1  ELEC=  35--------------------------------
Average iterative diagonalization steps: 4.7652173913 ; where current threshold is: 1.28311531727e-10 . 

 Density error is 3.79222581783e-08
                          Error Threshold = 1.28311531727e-10

       Energy                       Rydberg                            eV
       E_KohnSham                -178.170757044                -2424.13751278
         E_Harris                -178.167449848                -2424.09251606
          E_Fermi              +0.0200420289045               +0.272685792582

 PW ALGORITHM --------------- ION=   1  ELEC=  36--------------------------------
Average iterative diagonalization steps: 5.05217391304 ; where current threshold is: 1.28311531727e-10 . 

 Density error is 3.99846427644e-08
                          Error Threshold = 1.28311531727e-10

       Energy                       Rydberg                            eV
       E_KohnSham                -178.170757115                -2424.13751374
         E_Harris                -178.166827716                -2424.08405152
          E_Fermi              +0.0200303787077               +0.272527283522

 PW ALGORITHM --------------- ION=   1  ELEC=  37--------------------------------
Average iterative diagonalization steps: 4.77391304348 ; where current threshold is: 1.28311531727e-10 . 

 Density error is 1.26459974448e-08
                          Error Threshold = 1.28311531727e-10

       Energy                       Rydberg                            eV
       E_KohnSham                -178.170757188                -2424.13751474
         E_Harris                -178.166894235                -2424.08495656
          E_Fermi              +0.0200749600557                +0.27313384388

 PW ALGORITHM --------------- ION=   1  ELEC=  38--------------------------------
Average iterative diagonalization steps: 5.52173913043 ; where current threshold is: 4.86384517107e-11 . 

 Density error is 5.52420267642e-09
                          Error Threshold = 4.86384517107e-11

           Energy                       Rydberg                            eV
       E_KohnSham                -178.170757093                -2424.13751344
   E_KS(sigma->0)                -178.170757093                -2424.13751344
         E_Harris                -178.170273537                -2424.13093432
           E_band                  -30.69806109                -417.668548376
       E_one_elec                -1104.07534787                -15021.7157524
        E_Hartree                +552.548212735                +7517.80411291
             E_xc                -24.3540338535                -331.353629693
          E_Ewald                  +397.7104119                +5411.12775577
   E_entropy(-TS)                            +0                            +0
          E_descf                            +0                            +0
            E_exx                            +0                            +0
          E_Fermi              +0.0201277037928               +0.273851459238

 charge density convergence is achieved
 final etot is -2424.1375134 eV
 EFERMI = 0.27385145924 eV

 STATE ENERGY(eV) AND OCCUPATIONS    NSPIN == 1
 1/10 kpoint (Cartesian) = 0.0000 0.0000 0.0000 (17947 pws)
       1       -61.1581      0.0312500
       2       -35.3033      0.0312500
       3       -34.8447      0.0312500
       4       -34.8447      0.0312500
       5       -13.9266      0.0312500
       6       -13.4549      0.0312500
       7       -5.53041      0.0312500
       8       -3.14715      0.0312500
       9       -1.88571      0.0312500
      10       -1.00487      0.0312500
      11       -1.00487      0.0312500
      12       0.273851      0.0312500
      13       0.273851      0.0312500
      14        2.43049        0.00000
      15        2.43049        0.00000
      16        2.75072        0.00000
      17        2.75072        0.00000
      18        4.50114        0.00000
      19        5.01594        0.00000
      20        5.53337        0.00000
      21        6.61615        0.00000
      22        6.97114        0.00000
      23        8.62626        0.00000

 2/10 kpoint (Cartesian) = -0.12500 0.072169 0.0000 (17935 pws)
       1       -61.1486       0.187500
       2       -35.2901       0.187500
       3       -34.9248       0.187500
       4       -34.8634       0.187500
       5       -13.6703       0.187500
       6       -13.2540       0.187500
       7       -5.17619       0.187500
       8       -3.20142       0.187500
       9       -1.71746       0.187500
      10       -1.55325       0.187500
      11      -0.704847       0.187500
      12      -0.329903       0.187500
      13     -0.0932845       0.187500
      14        1.44663        0.00000
      15        2.18549        0.00000
      16        2.23641        0.00000
      17        2.86356        0.00000
      18        4.87938        0.00000
      19        5.39059        0.00000
      20        5.87501        0.00000
      21        6.92186        0.00000
      22        7.33256        0.00000
      23        9.04789        0.00000

 3/10 kpoint (Cartesian) = -0.25000 0.14434 0.0000 (17988 pws)
       1       -61.1253       0.187500
       2       -35.2580       0.187500
       3       -35.1149       0.187500
       4       -34.9081       0.187500
       5       -12.9617       0.187500
       6       -12.7002       0.187500
       7       -4.38831       0.187500
       8       -3.47451       0.187500
       9       -2.94822       0.187500
      10       -1.90617       0.187500
      11       -1.53351       0.187500
      12      -0.778895       0.187500
      13     -0.0593520       0.187500
      14       0.635972        0.00000
      15        1.89761        0.00000
      16        2.03954        0.00000
      17        2.94474        0.00000
      18        5.48704        0.00000
      19        6.38960        0.00000
      20        6.60814        0.00000
      21        7.41060        0.00000
      22        8.28894        0.00000
      23        8.98829        0.00000

 4/10 kpoint (Cartesian) = -0.37500 0.21651 0.0000 (18012 pws)
       1       -61.1020       0.187500
       2       -35.3004       0.187500
       3       -35.2258       0.187500
       4       -34.9524       0.187500
       5       -12.0382       0.187500
       6       -11.9943       0.187500
       7       -4.81102       0.187500
       8       -4.44952       0.187500
       9       -3.66117       0.187500
      10       -2.78144       0.187500
      11       -1.49586       0.187500
      12       -1.31599       0.187500
      13       0.161507       0.187500
      14        1.42100        0.00000
      15        2.28491        0.00000
      16        2.38024        0.00000
      17        2.90114        0.00000
      18        5.51592        0.00000
      19        7.42658        0.00000
      20        7.47547        0.00000
      21        8.13364        0.00000
      22        8.48267        0.00000
      23        9.00633        0.00000

 5/10 kpoint (Cartesian) = 0.50000 0.86603 0.0000 (18010 pws)
       1       -61.0922      0.0937500
       2       -35.3760      0.0937500
       3       -35.2124      0.0937500
       4       -34.9707      0.0937500
       5       -11.6241      0.0937500
       6       -11.5309      0.0937500
       7       -5.58298      0.0937500
       8       -5.10918      0.0937500
       9       -3.69122      0.0937500
      10       -2.91336      0.0937500
      11       -1.51160      0.0937500
      12       -1.21061      0.0937500
      13       0.110305      0.0937500
      14        2.00722        0.00000
      15        2.44819        0.00000
      16        2.86373        0.00000
      17        2.86451        0.00000
      18        5.53692        0.00000
      19        7.38259        0.00000
      20        7.51838        0.00000
      21        7.90071        0.00000
      22        8.78763        0.00000
      23        9.58509        0.00000

 6/10 kpoint (Cartesian) = -0.25000 0.0000 0.0000 (17965 pws)
       1       -61.1321       0.187500
       2       -35.2674       0.187500
       3       -35.0508       0.187500
       4       -34.9041       0.187500
       5       -13.1863       0.187500
       6       -12.8748       0.187500
       7       -4.57017       0.187500
       8       -3.30852       0.187500
       9       -2.49243       0.187500
      10       -1.54751       0.187500
      11       -1.47828       0.187500
      12      -0.571167       0.187500
      13      -0.350646       0.187500
      14       0.609899        0.00000
      15        1.86978        0.00000
      16        2.01060        0.00000
      17        2.83910        0.00000
      18        5.40573        0.00000
      19        6.08124        0.00000
      20        6.42085        0.00000
      21        7.26123        0.00000
      22        8.00713        0.00000
      23        9.36420        0.00000

 7/10 kpoint (Cartesian) = -0.37500 0.072169 0.0000 (18002 pws)
       1       -61.1088       0.375000
       2       -35.2353       0.375000
       3       -35.2188       0.375000
       4       -34.9684       0.375000
       5       -12.3526       0.375000
       6       -12.2276       0.375000
       7       -4.07967       0.375000
       8       -3.74237       0.375000
       9       -3.57596       0.375000
      10       -2.86749       0.375000
      11       -1.65665       0.375000
      12       -1.32157       0.375000
      13      -0.277455       0.375000
      14       0.520154        0.00000
      15        2.06389        0.00000
      16        2.41787        0.00000
      17        2.75524        0.00000
      18        5.83171        0.00000
      19        7.22735        0.00000
      20        7.27584        0.00000
      21        8.13217        0.00000
      22        8.96946        0.00000
      23        9.34268        0.00000

 8/10 kpoint (Cartesian) = 0.50000 0.72169 0.0000 (18032 pws)
       1       -61.0923       0.375000
       2       -35.3347       0.375000
       3       -35.2125       0.375000
       4       -35.0144       0.375000
       5       -11.6374       0.375000
       6       -11.5674       0.375000
       7       -5.16276       0.375000
       8       -4.79568       0.375000
       9       -3.49797       0.375000
      10       -2.93618       0.375000
      11       -1.97982       0.375000
      12       -1.64530       0.375000
      13      -0.407982       0.375000
      14        1.62026        0.00000
      15        2.07347        0.00000
      16        2.77620        0.00000
      17        2.88653        0.00000
      18        5.99417        0.00000
      19        7.81084        0.00000
      20        7.96506        0.00000
      21        9.07744        0.00000
      22        9.45020        0.00000
      23        9.62185        0.00000

 9/10 kpoint (Cartesian) = 0.50000 0.57735 0.0000 (18011 pws)
       1       -61.0923       0.187500
       2       -35.2770       0.187500
       3       -35.2125       0.187500
       4       -35.0745       0.187500
       5       -11.6506       0.187500
       6       -11.6027       0.187500
       7       -4.53941       0.187500
       8       -4.24993       0.187500
       9       -3.36838       0.187500
      10       -3.24915       0.187500
      11       -2.50124       0.187500
      12       -2.19793       0.187500
      13      -0.552762       0.187500
      14       0.980064        0.00000
      15        1.53834        0.00000
      16        2.91618        0.00000
      17        3.12196        0.00000
      18        6.38850        0.00000
      19        8.13296        0.00000
      20        8.29517        0.00000
      21        9.13110        0.00000
      22        9.52335        0.00000
      23        9.53785        0.00000

 10/10 kpoint (Cartesian) = 0.37500 0.64952 0.0000 (18079 pws)
       1       -61.0854       0.187500
       2       -35.2813       0.187500
       3       -35.2031       0.187500
       4       -35.1381       0.187500
       5       -11.3636       0.187500
       6       -11.2250       0.187500
       7       -4.74537       0.187500
       8       -4.67418       0.187500
       9       -3.35365       0.187500
      10       -3.12902       0.187500
      11       -2.88549       0.187500
      12       -2.82395       0.187500
      13      -0.351819       0.187500
      14        1.24230        0.00000
      15        1.77592        0.00000
      16        2.38750        0.00000
      17        3.42330        0.00000
      18        6.71759        0.00000
      19        7.85697        0.00000
      20        8.63237        0.00000
      21        9.33265        0.00000
      22        9.57712        0.00000
      23        10.1073        0.00000



 --------------------------------------------
 !FINAL_ETOT_IS -2424.137513443777 eV
 --------------------------------------------






  |CLASS_NAME---------|NAME---------------|TIME(Sec)-----|CALLS----|AVG------|PER%-------
                                      total         102.42        17       6.0   1.0e+02%
                 Driver         driver_line         102.40         1   1.0e+02    1.e+02%
                   Ions            opt_ions         102.14         1   1.0e+02    1.e+02%
          ESolver_KS_PW                 Run         102.14         1   1.0e+02    1.e+02%
               PW_Basis          recip2real        0.36892       275    0.0013      0.36%
              Potential  update_from_charge         1.2246        39     0.031       1.2%
              Potential           cal_v_eff         1.2204        39     0.031       1.2%
           H_Hartree_pw           v_hartree        0.18485        39    0.0047      0.18%
               PW_Basis          real2recip        0.47664       390    0.0012      0.47%
                  PotXC           cal_v_eff        0.98693        39     0.025      0.96%
          XC_Functional                v_xc        0.96537        39     0.025      0.94%
               Symmetry       rhog_symmetry        0.39976        40     0.010      0.39%
              HSolverPW               solve         99.645        39       2.6       97.%
               Nonlocal              getvnl        0.33862       390   0.00087      0.33%
            pp_cell_vnl              getvnl        0.33827       390   0.00087      0.33%
        DiagoIterAssist      diagH_subspace         15.861       380     0.042       15.%
             OperatorPW                hPsi         74.737     32734    0.0023       73.%
               Operator          EkineticPW        0.48879     32734   1.5e-05      0.48%
               Operator              VeffPW         70.145     32734    0.0021       68.%
             PW_Basis_K          recip2real         49.702     46164    0.0011       49.%
             PW_Basis_K    gathers_scatterp         8.0203     46164   0.00017       7.8%
             PW_Basis_K          real2recip         24.981     41094   0.00061       24.%
             PW_Basis_K    gatherp_scatters         3.2218     41094   7.8e-05       3.1%
               Operator          NonlocalPW         2.7890     32734   8.5e-05       2.7%
               Nonlocal     add_nonlocal_pp         1.5523     32734   4.7e-05       1.5%
        DiagoIterAssist     LAPACK_subspace        0.14291       380   0.00038      0.14%
                DiagoCG           diag_once         77.034       390      0.20       75.%
            ElecStatePW            psiToRho         5.8074        39      0.15       5.7%
                 Charge             mix_rho        0.30543        37    0.0083      0.30%
                 Charge        Pulay_mixing        0.29944        37    0.0081      0.29%
 ----------------------------------------------------------------------------------------

 NAME---------------|MEMORY(MB)--------
               total          331.0
              Psi_PW          63.45
        ChgMix::Rrho          59.33
       ChgMix::dRrho          56.36
        ChgMix::drho          56.36
           FFT::grid          11.87
       DiagSub::hpsi          6.345
    DiagSub::evctemp          6.345
    Veff<PW>::porter          5.933
   Veff<PW>::porter1          5.933
    Meta<PW>::porter          5.933
       ElecSPW::wfcr          5.933
     ElecSPW::wfcr_a          5.933
            VNL::vkb          4.690
        SF::strucFac          4.395
        PW_B_K::gcar          4.138
            Chg::rho          2.966
       Chg::rho_save          2.966
       Chg::rho_core          2.966
       Pot::veff_fix          2.966
           Pot::veff          2.966
   ChgMix::rho_save2          2.966
           VNL::vkb1          2.483
         PW_B_K::gk2          1.379
            VNL::ylm          1.241
   YlmReal::Ylm_Real          1.241
           Chg::rhog          1.099
      Chg::rhog_save          1.099
      Chg::rhog_core          1.099
 -------------   < 1.0 MB has been ignored ----------------
 ----------------------------------------------------------

 Start  Time  : Sun Dec  3 11:58:06 2023
 Finish Time  : Sun Dec  3 11:59:48 2023
 Total  Time  : 0 h 1 mins 42 secs 
