                                                                                     
                              ABACUS v3.3.2

               Atomic-orbital Based Ab-initio Computation at UStc                    

                     Website: http://abacus.ustc.edu.cn/                             
               Documentation: https://abacus.deepmodeling.com/                       
                  Repository: https://github.com/abacusmodeling/abacus-develop       
                              https://github.com/deepmodeling/abacus-develop         
                      Commit: e39b50e (Fri Aug 18 16:14:25 2023 +0800)

    Start Time is Sun Dec  3 13:59:45 2023
                                                                                     
 ------------------------------------------------------------------------------------

 READING GENERAL INFORMATION
                           global_out_dir = OUT.ABACUS/
                           global_in_card = INPUT
                               pseudo_dir = 
                              orbital_dir = 
                                    DRANK = 1
                                    DSIZE = 1
                                   DCOLOR = 1
                                    GRANK = 1
                                    GSIZE = 1
 The esolver type has been set to : ksdft_pw




 >>>>>>>>>>>>>>>>>>>>>>>>>>>>>>>>>>>>>>>>>>>>>>>>>>>>>>>>>>>>>>>>>>>>>>
 |                                                                    |
 | Reading atom information in unitcell:                              |
 | From the input file and the structure file we know the number of   |
 | different elments in this unitcell, then we list the detail        |
 | information for each element, especially the zeta and polar atomic |
 | orbital number for each element. The total atom number is counted. |
 | We calculate the nearest atom distance for each atom and show the  |
 | Cartesian and Direct coordinates for each atom. We list the file   |
 | address for atomic orbitals. The volume and the lattice vectors    |
 | in real and reciprocal space is also shown.                        |
 |                                                                    |
 <<<<<<<<<<<<<<<<<<<<<<<<<<<<<<<<<<<<<<<<<<<<<<<<<<<<<<<<<<<<<<<<<<<<<<




 READING UNITCELL INFORMATION
                                    ntype = 2
                  lattice constant (Bohr) = 5.74477
              lattice constant (Angstrom) = 3.04

 READING ATOM TYPE 1
                               atom label = Mo
                      L=0, number of zeta = 1
                      L=1, number of zeta = 1
                      L=2, number of zeta = 1
             number of atom for this type = 1

 READING ATOM TYPE 2
                               atom label = S
                      L=0, number of zeta = 1
                      L=1, number of zeta = 1
                      L=2, number of zeta = 1
             number of atom for this type = 2

                        TOTAL ATOM NUMBER = 3

 DIRECT COORDINATES
         atom                   x                   y                   z                 mag                  vx                  vy                  vz
     taud_Mo1            0.666667            0.333333           0.0901639                   0                   0                   0                   0
      taud_S1                   0                   0                   0                   0                   0                   0                   0
      taud_S2                   0                   0            0.180328                   0                   0                   0                   0


                          Volume (Bohr^3) = 988.384
                             Volume (A^3) = 146.463

 Lattice vectors: (Cartesian coordinate: in unit of a_0)
                   +1                  +0                  +0
                 -0.5           +0.866025                  +0
                   +0                  +0            +6.01974
 Reciprocal vectors: (Cartesian coordinate: in unit of 2 pi/a_0)
                   +1            +0.57735                  -0
                   +0             +1.1547                  -0
                   +0                  -0            +0.16612




 >>>>>>>>>>>>>>>>>>>>>>>>>>>>>>>>>>>>>>>>>>>>>>>>>>>>>>>>>>>>>>>>>>>>>>
 |                                                                    |
 | Reading pseudopotentials files:                                    |
 | The pseudopotential file is in UPF format. The 'NC' indicates that |
 | the type of pseudopotential is 'norm conserving'. Functional of    |
 | exchange and correlation is decided by 4 given parameters in UPF   |
 | file.  We also read in the 'core correction' if there exists.      |
 | Also we can read the valence electrons number and the maximal      |
 | angular momentum used in this pseudopotential. We also read in the |
 | trail wave function, trail atomic density and local-pseudopotential|
 | on logrithmic grid. The non-local pseudopotential projector is also|
 | read in if there is any.                                           |
 |                                                                    |
 <<<<<<<<<<<<<<<<<<<<<<<<<<<<<<<<<<<<<<<<<<<<<<<<<<<<<<<<<<<<<<<<<<<<<<




                PAO radial cut off (Bohr) = 15

 Read in pseudopotential file is Mo_ONCV_PBE-1.0.upf
                     pseudopotential type = NC
          exchange-correlation functional = PBE
                 nonlocal core correction = 0
                        valence electrons = 14
                                     lmax = 2
                           number of zeta = 0
                     number of projectors = 6
                           L of projector = 0
                           L of projector = 0
                           L of projector = 1
                           L of projector = 1
                           L of projector = 2
                           L of projector = 2
                PAO radial cut off (Bohr) = 15

 Read in pseudopotential file is S_ONCV_PBE-1.0.upf
                     pseudopotential type = NC
          exchange-correlation functional = PBE
                 nonlocal core correction = 0
                        valence electrons = 6
                                     lmax = 1
                           number of zeta = 0
                     number of projectors = 4
                           L of projector = 0
                           L of projector = 0
                           L of projector = 1
                           L of projector = 1
     initial pseudo atomic orbital number = 0
                                   NLOCAL = 27

%%%%%%%%%%%%%%%%%%%%%%%%%%%%%%%%%%%%%%%%%%%%%%%%%%%%%%%%%%%%%%%%%%%%%%%%%%%%%%%%%%%%%%%%%%%%%%%%%%%%%%%%%%
 Warning: the number of valence electrons in pseudopotential > 6 for Mo: [Kr] 4d5 5s1
 Pseudopotentials with additional electrons can yield (more) accurate outcomes, but may be less efficient.
 If you're confident that your chosen pseudopotential is appropriate, you can safely ignore this warning.
%%%%%%%%%%%%%%%%%%%%%%%%%%%%%%%%%%%%%%%%%%%%%%%%%%%%%%%%%%%%%%%%%%%%%%%%%%%%%%%%%%%%%%%%%%%%%%%%%%%%%%%%%%
                  

 Warning_Memory_Consuming allocated:  FFT::grid 10.9863 MB




 >>>>>>>>>>>>>>>>>>>>>>>>>>>>>>>>>>>>>>>>>>>>>>>>>>>>>>>>>>>>>>>>>>>>>>
 |                                                                    |
 | Setup plane waves of charge/potential:                             |
 | Use the energy cutoff and the lattice vectors to generate the      |
 | dimensions of FFT grid. The number of FFT grid on each processor   |
 | is 'nrxx'. The number of plane wave basis in reciprocal space is   |
 | different for charege/potential and wave functions. We also set    |
 | the 'sticks' for the parallel of FFT. The number of plane waves    |
 | is 'npw' in each processor.                                        |
 <<<<<<<<<<<<<<<<<<<<<<<<<<<<<<<<<<<<<<<<<<<<<<<<<<<<<<<<<<<<<<<<<<<<<<





 SETUP THE PLANE WAVE BASIS
 energy cutoff for charge/potential (unit:Ry) = 400
            fft grid for charge/potential = [ 40, 40, 225 ]
                        fft grid division = [ 1, 1, 1 ]
        big fft grid for charge/potential = [ 40, 40, 225 ]
                                     nbxx = 360000
                                     nrxx = 360000

 SETUP PLANE WAVES FOR CHARGE/POTENTIAL
                    number of plane waves = 133661
                         number of sticks = 913

 PARALLEL PW FOR CHARGE/POTENTIAL
     PROC   COLUMNS(POT)             PW
        1            913         133661
 --------------- sum -------------------
        1            913         133661
                            number of |g| = 6235
                                  max |g| = 334.365
                                  min |g| = 0

 SETUP THE ELECTRONS NUMBER
            electron number of element Mo = 14
      total electron number of element Mo = 14
             electron number of element S = 6
       total electron number of element S = 12
            AUTOSET number of electrons:  = 26
 DONE : SETUP UNITCELL Time : 0.0670757 (SEC)





 >>>>>>>>>>>>>>>>>>>>>>>>>>>>>>>>>>>>>>>>>>>>>>>>>>>>>>>>>>>>>>>>>>>>>>
 |                                                                    |
 | Doing symmetry analysis:                                           |
 | We calculate the norm of 3 vectors and the angles between them,    |
 | the type of Bravais lattice is given. We can judge if the unticell |
 | is a primitive cell. Finally we give the point group operation for |
 | this unitcell. We use the point group operations to do symmetry |
 | analysis on given k-point mesh and the charge density.             |
 |                                                                    |
 <<<<<<<<<<<<<<<<<<<<<<<<<<<<<<<<<<<<<<<<<<<<<<<<<<<<<<<<<<<<<<<<<<<<<<




 LATTICE VECTORS: (CARTESIAN COORDINATE: IN UNIT OF A0)
                   +1                  +0                  +0
                 -0.5           +0.866025                  +0
                   +0                  +0            +6.01974
                       right hand lattice = 1
                                   NORM_A = 1
                                   NORM_B = 1
                                   NORM_C = 6.01974
                           ALPHA (DEGREE) = 90
                           BETA  (DEGREE) = 90
                           GAMMA (DEGREE) = 120

 The lattice vectors have been changed (STRU_SIMPLE.cif)

(for optimal symmetric configuration:)
                             BRAVAIS TYPE = 4
                     BRAVAIS LATTICE NAME = 04. Hexagonal cell
                                    ibrav = 4
                                    IBRAV = 4
                                  BRAVAIS = HEXAGONAL CELL
                       LATTICE CONSTANT A = 1
                                C/A RATIO = 6.01974
Original cell was already a primitive cell.
                        ROTATION MATRICES = 24
              PURE POINT GROUP OPERATIONS = 6
                   SPACE GROUP OPERATIONS = 12
                                       C2 = 0
                                       C3 = 2
                                       C4 = 0
                                       C6 = 0
                                       S1 = 3
                                       S3 = 0
                                       S4 = 0
                                       S6 = 0
                              POINT GROUP = C_3v
                                       C2 = 3
                                       C3 = 2
                                       C4 = 0
                                       C6 = 0
                                       S1 = 4
                                       S3 = 2
                                       S4 = 0
                                       S6 = 0
               POINT GROUP IN SPACE GROUP = D_3h
 DONE : SYMMETRY Time : 0.0900252 (SEC)





 >>>>>>>>>>>>>>>>>>>>>>>>>>>>>>>>>>>>>>>>>>>>>>>>>>>>>>>>>>>>>>>>>>>>>>
 |                                                                    |
 | Setup K-points                                                     |
 | We setup the k-points according to input parameters.               |
 | The reduced k-points are set according to symmetry operations.     |
 | We treat the spin as another set of k-points.                      |
 |                                                                    |
 <<<<<<<<<<<<<<<<<<<<<<<<<<<<<<<<<<<<<<<<<<<<<<<<<<<<<<<<<<<<<<<<<<<<<<





 SETUP K-POINTS
                                    nspin = 1
                   Input type of k points = Monkhorst-Pack(Gamma)
                                   nkstot = 64
                       right hand lattice = 1
(for reciprocal lattice: )
                             BRAVAIS TYPE = 4
                     BRAVAIS LATTICE NAME = 04. Hexagonal cell
                                    ibrav = 4
                       right hand lattice = 1
(for k-lattice: )
                             BRAVAIS TYPE = 4
                     BRAVAIS LATTICE NAME = 04. Hexagonal cell
                                    ibrav = 4
                       right hand lattice = 1
                        ROTATION MATRICES = 24
                               nkstot_ibz = 10
      IBZ             DirectX             DirectY             DirectZ              Weight    ibz2bz
        1                   0                   0                   0            0.015625         0
        2              -0.125               0.125                   0             0.09375         1
        3               -0.25                0.25                   0             0.09375         2
        4              -0.375               0.375                   0             0.09375         3
        5                 0.5                 0.5                   0            0.046875         4
        6               -0.25               0.125                   0             0.09375         9
        7              -0.375                0.25                   0              0.1875        10
        8                 0.5               0.375                   0              0.1875        11
        9                 0.5                0.25                   0             0.09375        18
       10               0.375               0.375                   0             0.09375        19
                               nkstot now = 10

  KPOINTS            DIRECT_X            DIRECT_Y            DIRECT_Z              WEIGHT
        1                   0                   0                   0            0.015625
        2              -0.125               0.125                   0             0.09375
        3               -0.25                0.25                   0             0.09375
        4              -0.375               0.375                   0             0.09375
        5                 0.5                 0.5                   0            0.046875
        6               -0.25               0.125                   0             0.09375
        7              -0.375                0.25                   0              0.1875
        8                 0.5               0.375                   0              0.1875
        9                 0.5                0.25                   0             0.09375
       10               0.375               0.375                   0             0.09375

           k-point number in this process = 10
       minimum distributed K point number = 10

  KPOINTS         CARTESIAN_X         CARTESIAN_Y         CARTESIAN_Z              WEIGHT
        1                   0                   0                   0             0.03125
        2              -0.125           0.0721688                   0              0.1875
        3               -0.25            0.144338                   0              0.1875
        4              -0.375            0.216506                   0              0.1875
        5                 0.5            0.866025                   0             0.09375
        6               -0.25                   0                   0              0.1875
        7              -0.375           0.0721688                   0               0.375
        8                 0.5            0.721688                   0               0.375
        9                 0.5             0.57735                   0              0.1875
       10               0.375            0.649519                   0              0.1875

  KPOINTS            DIRECT_X            DIRECT_Y            DIRECT_Z              WEIGHT
        1                   0                   0                   0             0.03125
        2              -0.125               0.125                   0              0.1875
        3               -0.25                0.25                   0              0.1875
        4              -0.375               0.375                   0              0.1875
        5                 0.5                 0.5                   0             0.09375
        6               -0.25               0.125                   0              0.1875
        7              -0.375                0.25                   0               0.375
        8                 0.5               0.375                   0               0.375
        9                 0.5                0.25                   0              0.1875
       10               0.375               0.375                   0              0.1875
 DONE : INIT K-POINTS Time : 0.155553 (SEC)





 >>>>>>>>>>>>>>>>>>>>>>>>>>>>>>>>>>>>>>>>>>>>>>>>>>>>>>>>>>>>>>>>>>>>>>
 |                                                                    |
 | Setup plane waves of wave functions:                               |
 | Use the energy cutoff and the lattice vectors to generate the      |
 | dimensions of FFT grid. The number of FFT grid on each processor   |
 | is 'nrxx'. The number of plane wave basis in reciprocal space is   |
 | different for charege/potential and wave functions. We also set    |
 | the 'sticks' for the parallel of FFT. The number of plane wave of  |
 | each k-point is 'npwk[ik]' in each processor                       |
 <<<<<<<<<<<<<<<<<<<<<<<<<<<<<<<<<<<<<<<<<<<<<<<<<<<<<<<<<<<<<<<<<<<<<<





 SETUP PLANE WAVES FOR WAVE FUNCTIONS
     energy cutoff for wavefunc (unit:Ry) = 100
              fft grid for wave functions = [ 40, 40, 225 ]
                    number of plane waves = 22821
                         number of sticks = 283

 PARALLEL PW FOR WAVE FUNCTIONS
     PROC   COLUMNS(POT)             PW
        1            283          22821
 --------------- sum -------------------
        1            283          22821
 DONE : INIT PLANEWAVE Time : 0.167662 (SEC)

                           occupied bands = 13
                                   NBANDS = 23
                                     npwx = 16742

 Warning_Memory_Consuming allocated:  Psi_PW 58.7564 MB

 SETUP NONLOCAL PSEUDOPOTENTIALS IN PLANE WAVE BASIS
 Mo non-local projectors:
 projector 1 L=0
 projector 2 L=0
 projector 3 L=1
 projector 4 L=1
 projector 5 L=2
 projector 6 L=2
 S non-local projectors:
 projector 1 L=0
 projector 2 L=0
 projector 3 L=1
 projector 4 L=1
      TOTAL NUMBER OF NONLOCAL PROJECTORS = 34
 DONE : LOCAL POTENTIAL Time : 0.194264 (SEC)


 Init Non-Local PseudoPotential table : 
 Init Non-Local-Pseudopotential done.
 DONE : NON-LOCAL POTENTIAL Time : 0.220746 (SEC)


 Make real space PAO into reciprocal space.
       max mesh points in Pseudopotential = 601
     dq(describe PAO in reciprocal space) = 0.01
                                    max q = 1206

 number of pseudo atomic orbitals for Mo is 0

 number of pseudo atomic orbitals for S is 0
 DONE : INIT BASIS Time : 0.220784 (SEC)


 -------------------------------------------
 SELF-CONSISTENT
 -------------------------------------------

 Warning_Memory_Consuming allocated:  Veff<PW>::porter 5.49316 MB

 Warning_Memory_Consuming allocated:  Veff<PW>::porter1 5.49316 MB

 Warning_Memory_Consuming allocated:  Meta<PW>::porter 5.49316 MB
                                 init_chg = atomic
 DONE : INIT SCF Time : 0.291324 (SEC)


 PW ALGORITHM --------------- ION=   1  ELEC=   1--------------------------------

 Warning_Memory_Consuming allocated:  DiagSub::hpsi 5.87564 MB

 Warning_Memory_Consuming allocated:  DiagSub::evctemp 5.8065 MB

 Warning_Memory_Consuming allocated:  DiagSub::evctemp 5.84055 MB

 Warning_Memory_Consuming allocated:  DiagSub::evctemp 5.85739 MB

 Warning_Memory_Consuming allocated:  DiagSub::evctemp 5.86511 MB

 Warning_Memory_Consuming allocated:  DiagSub::evctemp 5.87564 MB
Average iterative diagonalization steps: 10.5522 ; where current threshold is: 0.01 . 

 Warning_Memory_Consuming allocated:  ElecSPW::wfcr 5.49316 MB

 Warning_Memory_Consuming allocated:  ElecSPW::wfcr_a 5.49316 MB
 Notice: Threshold on eigenvalues was too large.
 hsover_error=0.26 > DRHO=0.114227
 Origin diag_ethr = 0.01
 New    diag_ethr = 0.000439336
Average iterative diagonalization steps: 8.16957 ; where current threshold is: 0.000439336 . 

 Warning_Memory_Consuming allocated:  ChgMix::Rrho 54.9316 MB

 Warning_Memory_Consuming allocated:  ChgMix::dRrho 52.1851 MB

 Warning_Memory_Consuming allocated:  ChgMix::drho 52.1851 MB

 Density error is 0.105101521729
                          Error Threshold = 0.000439335782571

       Energy                       Rydberg                            eV
       E_KohnSham                -178.330905827                -2426.31644874
         E_Harris                -178.342209718                -2426.47024608
          E_Fermi              -0.0442518722897               -0.602077610309

 PW ALGORITHM --------------- ION=   1  ELEC=   2--------------------------------
Average iterative diagonalization steps: 2.01739130435 ; where current threshold is: 0.000404236622035 . 

 Density error is 0.0757855076601
                          Error Threshold = 0.000404236622035

       Energy                       Rydberg                            eV
       E_KohnSham                -178.304551965                -2425.95788606
         E_Harris                -176.392632916                -2399.94489289
          E_Fermi              -0.0463131482573               -0.630122708618

 PW ALGORITHM --------------- ION=   1  ELEC=   3--------------------------------
Average iterative diagonalization steps: 2.89130434783 ; where current threshold is: 0.00029148272177 . 

 Density error is 0.0244473825436
                          Error Threshold = 0.00029148272177

       Energy                       Rydberg                            eV
       E_KohnSham                -178.313417938                -2426.07851381
         E_Harris                -175.415516576                -2386.65054305
          E_Fermi              -0.0487502320836               -0.663280935159

 PW ALGORITHM --------------- ION=   1  ELEC=   4--------------------------------
Average iterative diagonalization steps: 2.23043478261 ; where current threshold is: 9.40283943985e-05 . 

 Density error is 0.00685731893476
                          Error Threshold = 9.40283943985e-05

       Energy                       Rydberg                            eV
       E_KohnSham                -178.312866373                -2426.07100939
         E_Harris                -174.251396858                -2370.81188173
          E_Fermi              -0.0354946798892               -0.482929895179

 PW ALGORITHM --------------- ION=   1  ELEC=   5--------------------------------
Average iterative diagonalization steps: 3.56956521739 ; where current threshold is: 2.63743035952e-05 . 

 Density error is 0.00611609056022
                          Error Threshold = 2.63743035952e-05

       Energy                       Rydberg                            eV
       E_KohnSham                -178.312465021                -2426.06554871
         E_Harris                -176.231051491                -2397.74646481
          E_Fermi              -0.0182024891394               -0.247657570079

 PW ALGORITHM --------------- ION=   1  ELEC=   6--------------------------------
Average iterative diagonalization steps: 3.26956521739 ; where current threshold is: 2.35234252316e-05 . 

 Density error is 0.0177988293376
                          Error Threshold = 2.35234252316e-05

       Energy                       Rydberg                            eV
       E_KohnSham                -178.312231625                -2426.06237319
         E_Harris                -178.599879332                -2429.97602103
          E_Fermi              -0.0337900832011                -0.45973766743

 PW ALGORITHM --------------- ION=   1  ELEC=   7--------------------------------
Average iterative diagonalization steps: 2.48260869565 ; where current threshold is: 2.35234252316e-05 . 

 Density error is 0.000924746498516
                          Error Threshold = 2.35234252316e-05

       Energy                       Rydberg                            eV
       E_KohnSham                   -178.313944                -2426.08567125
         E_Harris                -175.202238422                -2383.74874489
          E_Fermi               -0.020876811084               -0.284043586813

 PW ALGORITHM --------------- ION=   1  ELEC=   8--------------------------------
Average iterative diagonalization steps: 2.97826086957 ; where current threshold is: 3.55671730198e-06 . 

 Density error is 0.000775718324362
                          Error Threshold = 3.55671730198e-06

       Energy                       Rydberg                            eV
       E_KohnSham                -178.313916152                -2426.08529235
         E_Harris                -177.050282185                -2408.89267023
          E_Fermi              -0.0207676090267               -0.282557816599

 PW ALGORITHM --------------- ION=   1  ELEC=   9--------------------------------
Average iterative diagonalization steps: 2.14782608696 ; where current threshold is: 2.98353201678e-06 . 

 Density error is 0.000435425516881
                          Error Threshold = 2.98353201678e-06

       Energy                       Rydberg                            eV
       E_KohnSham                -178.313857399                -2426.08449299
         E_Harris                -177.171719816                -2410.54491396
          E_Fermi              -0.0188648351581                -0.25666924998

 PW ALGORITHM --------------- ION=   1  ELEC=  10--------------------------------
Average iterative diagonalization steps: 3.09130434783 ; where current threshold is: 1.67471352647e-06 . 

 Density error is 0.000258754669076
                          Error Threshold = 1.67471352647e-06

       Energy                       Rydberg                            eV
       E_KohnSham                -178.313859257                -2426.08451827
         E_Harris                -177.564088299                -2415.88336104
          E_Fermi              -0.0143226011406               -0.194868985693

 PW ALGORITHM --------------- ION=   1  ELEC=  11--------------------------------
Average iterative diagonalization steps: 2.08260869565 ; where current threshold is: 9.95210265677e-07 . 

 Density error is 0.000274565835866
                          Error Threshold = 9.95210265677e-07

       Energy                       Rydberg                            eV
       E_KohnSham                -178.313860646                -2426.08453716
         E_Harris                -177.742475752                -2418.31044686
          E_Fermi              -0.0147625093049               -0.200854243325

 PW ALGORITHM --------------- ION=   1  ELEC=  12--------------------------------
Average iterative diagonalization steps: 2.1347826087 ; where current threshold is: 9.95210265677e-07 . 

 Density error is 0.000247465633259
                          Error Threshold = 9.95210265677e-07

       Energy                       Rydberg                            eV
       E_KohnSham                 -178.31381725                -2426.08394673
         E_Harris                -177.637739608                 -2416.8854385
          E_Fermi              -0.0137662284467               -0.187299146845

 PW ALGORITHM --------------- ION=   1  ELEC=  13--------------------------------
Average iterative diagonalization steps: 3.50434782609 ; where current threshold is: 9.5179089715e-07 . 

 Density error is 0.000173834187038
                          Error Threshold = 9.5179089715e-07

       Energy                       Rydberg                            eV
       E_KohnSham                -178.313820341                -2426.08398879
         E_Harris                -177.811628969                -2419.25132464
          E_Fermi             -0.00957589577174                -0.13028674595

 PW ALGORITHM --------------- ION=   1  ELEC=  14--------------------------------
Average iterative diagonalization steps: 2.17826086957 ; where current threshold is: 6.68593027069e-07 . 

 Density error is 0.000155191542285
                          Error Threshold = 6.68593027069e-07

       Energy                       Rydberg                            eV
       E_KohnSham                -178.313818877                -2426.08396887
         E_Harris                -177.976403429                -2421.49319618
          E_Fermi             -0.00947098147167               -0.128859313667

 PW ALGORITHM --------------- ION=   1  ELEC=  15--------------------------------
Average iterative diagonalization steps: 2.00869565217 ; where current threshold is: 5.96890547249e-07 . 

 Density error is 0.00014310671643
                          Error Threshold = 5.96890547249e-07

       Energy                       Rydberg                            eV
       E_KohnSham                -178.313800932                -2426.08372472
         E_Harris                -177.956204047                -2421.21836948
          E_Fermi             -0.00931937646416                -0.12679662172

 PW ALGORITHM --------------- ION=   1  ELEC=  16--------------------------------
Average iterative diagonalization steps: 3.01739130435 ; where current threshold is: 5.50410447807e-07 . 

 Density error is 8.60544093801e-05
                          Error Threshold = 5.50410447807e-07

       Energy                       Rydberg                            eV
       E_KohnSham                -178.313804768                 -2426.0837769
         E_Harris                -178.013060647                -2421.99194322
          E_Fermi             -0.00633917576284              -0.0862489109981

 PW ALGORITHM --------------- ION=   1  ELEC=  17--------------------------------
Average iterative diagonalization steps: 2.10434782609 ; where current threshold is: 3.30978497616e-07 . 

 Density error is 8.18157747513e-05
                          Error Threshold = 3.30978497616e-07

       Energy                       Rydberg                            eV
       E_KohnSham                -178.313805344                -2426.08378474
         E_Harris                -178.007124903                -2421.91118328
          E_Fermi             -0.00630110412851              -0.0857309198391

 PW ALGORITHM --------------- ION=   1  ELEC=  18--------------------------------
Average iterative diagonalization steps: 2.17391304348 ; where current threshold is: 3.14676056736e-07 . 

 Density error is 7.19710918985e-05
                          Error Threshold = 3.14676056736e-07

       Energy                       Rydberg                            eV
       E_KohnSham                 -178.31380978                 -2426.0838451
         E_Harris                -177.990226003                -2421.68126195
          E_Fermi             -0.00557491030179              -0.0758505459433

 PW ALGORITHM --------------- ION=   1  ELEC=  19--------------------------------
Average iterative diagonalization steps: 2.82608695652 ; where current threshold is: 2.76811891917e-07 . 

 Density error is 4.85787281619e-05
                          Error Threshold = 2.76811891917e-07

       Energy                       Rydberg                            eV
       E_KohnSham                -178.313810394                -2426.08385345
         E_Harris                -178.051300257                 -2422.5122198
          E_Fermi             -0.00362978517925              -0.0493857609537

 PW ALGORITHM --------------- ION=   1  ELEC=  20--------------------------------
Average iterative diagonalization steps: 2 ; where current threshold is: 1.86841262161e-07 . 

 Density error is 4.88333736539e-05
                          Error Threshold = 1.86841262161e-07

       Energy                       Rydberg                            eV
       E_KohnSham                -178.313810371                -2426.08385313
         E_Harris                -178.033040446                -2422.26378233
          E_Fermi             -0.00360055319102              -0.0489880393499

 PW ALGORITHM --------------- ION=   1  ELEC=  21--------------------------------
Average iterative diagonalization steps: 2 ; where current threshold is: 1.86841262161e-07 . 

 Density error is 4.94503945409e-05
                          Error Threshold = 1.86841262161e-07

       Energy                       Rydberg                            eV
       E_KohnSham                -178.313822816                -2426.08402246
         E_Harris                 -178.02968645                -2422.21814888
          E_Fermi             -0.00362449639514              -0.0493138033543

 PW ALGORITHM --------------- ION=   1  ELEC=  22--------------------------------
Average iterative diagonalization steps: 2.91304347826 ; where current threshold is: 1.86841262161e-07 . 

 Density error is 1.89634443621e-05
                          Error Threshold = 1.86841262161e-07

       Energy                       Rydberg                            eV
       E_KohnSham                -178.313829862                -2426.08411832
         E_Harris                -178.104113393                -2423.23077938
          E_Fermi             -0.00060380339202             -0.00821516660319

 PW ALGORITHM --------------- ION=   1  ELEC=  23--------------------------------
Average iterative diagonalization steps: 3.17826086957 ; where current threshold is: 7.29363244696e-08 . 

 Density error is 1.27398993851e-05
                          Error Threshold = 7.29363244696e-08

       Energy                       Rydberg                            eV
       E_KohnSham                -178.313833153                 -2426.0841631
         E_Harris                -178.207757254                -2424.64092646
          E_Fermi             +0.00075983372277              +0.0103380681622

 PW ALGORITHM --------------- ION=   1  ELEC=  24--------------------------------
Average iterative diagonalization steps: 2.79565217391 ; where current threshold is: 4.89996130197e-08 . 

 Density error is 1.02808240745e-05
                          Error Threshold = 4.89996130197e-08

       Energy                       Rydberg                            eV
       E_KohnSham                -178.313837316                -2426.08421975
         E_Harris                -178.243455575                -2425.12662703
          E_Fermi              +0.0012293579591              +0.0167262731254

 PW ALGORITHM --------------- ION=   1  ELEC=  25--------------------------------
Average iterative diagonalization steps: 3.30869565217 ; where current threshold is: 3.95416310559e-08 . 

 Density error is 5.24985061119e-06
                          Error Threshold = 3.95416310559e-08

       Energy                       Rydberg                            eV
       E_KohnSham                -178.313847634                -2426.08436013
         E_Harris                 -178.25942553                -2425.34390942
          E_Fermi             +0.00175299945014              +0.0238507811128

 PW ALGORITHM --------------- ION=   1  ELEC=  26--------------------------------
Average iterative diagonalization steps: 4.4347826087 ; where current threshold is: 2.019173312e-08 . 

 Density error is 1.13027395642e-06
                          Error Threshold = 2.019173312e-08

       Energy                       Rydberg                            eV
       E_KohnSham                -178.313847882                 -2426.0843635
         E_Harris                -178.284647194                -2425.68706776
          E_Fermi             +0.00347421451233               +0.047269113442

 PW ALGORITHM --------------- ION=   1  ELEC=  27--------------------------------
Average iterative diagonalization steps: 4.31304347826 ; where current threshold is: 4.34720752469e-09 . 

 Density error is 8.93423965828e-07
                          Error Threshold = 4.34720752469e-09

       Energy                       Rydberg                            eV
       E_KohnSham                -178.313850025                -2426.08439266
         E_Harris                -178.291352449                -2425.77829743
          E_Fermi              +0.0033056118897              +0.0449751570765

 PW ALGORITHM --------------- ION=   1  ELEC=  28--------------------------------
Average iterative diagonalization steps: 4.33043478261 ; where current threshold is: 3.43624602241e-09 . 

 Density error is 4.93695369562e-07
                          Error Threshold = 3.43624602241e-09

       Energy                       Rydberg                            eV
       E_KohnSham                -178.313852361                -2426.08442444
         E_Harris                -178.288096071                -2425.73399214
          E_Fermi             +0.00361625963323              +0.0492017364593

 PW ALGORITHM --------------- ION=   1  ELEC=  29--------------------------------
Average iterative diagonalization steps: 5.4347826087 ; where current threshold is: 1.89882834447e-09 . 

 Density error is 5.95838083286e-08
                          Error Threshold = 1.89882834447e-09

       Energy                       Rydberg                            eV
       E_KohnSham                -178.313852344                -2426.08442421
         E_Harris                -178.298113233                -2425.87028262
          E_Fermi             +0.00413297966164              +0.0562320731164

 PW ALGORITHM --------------- ION=   1  ELEC=  30--------------------------------
Average iterative diagonalization steps: 5.32173913043 ; where current threshold is: 2.29168493572e-10 . 

 Density error is 6.38845956861e-08
                          Error Threshold = 2.29168493572e-10

       Energy                       Rydberg                            eV
       E_KohnSham                -178.313852824                -2426.08443074
         E_Harris                -178.303547851                 -2425.9442244
          E_Fermi             +0.00409520094837              +0.0557180673528

 PW ALGORITHM --------------- ION=   1  ELEC=  31--------------------------------
Average iterative diagonalization steps: 5.41304347826 ; where current threshold is: 2.29168493572e-10 . 

 Density error is 2.17703191734e-08
                          Error Threshold = 2.29168493572e-10

       Energy                       Rydberg                            eV
       E_KohnSham                -178.313853005                 -2426.0844332
         E_Harris                -178.306937281                -2425.99033996
          E_Fermi             +0.00420170741371              +0.0571671621553

 PW ALGORITHM --------------- ION=   1  ELEC=  32--------------------------------
Average iterative diagonalization steps: 5.55652173913 ; where current threshold is: 8.37319968207e-11 . 

 Density error is 9.44428896583e-09
                          Error Threshold = 8.37319968207e-11

           Energy                       Rydberg                            eV
       E_KohnSham                -178.313853176                -2426.08443552
   E_KS(sigma->0)                -178.313853176                -2426.08443552
         E_Harris                -178.309101281                -2426.01978268
           E_band                -30.7933712593                -418.965309755
       E_one_elec                -1041.22149345                -14166.5451909
        E_Hartree                +521.347986737                +7093.30326045
             E_xc                -24.7583730823                -336.854947128
          E_Ewald                +366.318026616                 +4984.0124421
   E_entropy(-TS)                            +0                            +0
          E_descf                            +0                            +0
            E_exx                            +0                            +0
          E_Fermi             +0.00425205464791               +0.057852171419

 charge density convergence is achieved
 final etot is -2426.0844355 eV
 EFERMI = 0.057852171419 eV

 STATE ENERGY(eV) AND OCCUPATIONS    NSPIN == 1
 1/10 kpoint (Cartesian) = 0.0000 0.0000 0.0000 (16545 pws)
       1       -60.6393      0.0312500
       2       -34.8760      0.0312500
       3       -34.4676      0.0312500
       4       -34.4676      0.0312500
       5       -14.3021      0.0312500
       6       -13.1642      0.0312500
       7       -5.76581      0.0312500
       8       -2.27624      0.0312500
       9       -1.99147      0.0312500
      10       -1.99147      0.0312500
      11      -0.801126      0.0312500
      12      -0.801126      0.0312500
      13      -0.586358      0.0312500
      14        3.26399        0.00000
      15        3.26399        0.00000
      16        3.28058        0.00000
      17        3.28058        0.00000
      18        5.28777        0.00000
      19        5.53624        0.00000
      20        6.31995        0.00000
      21        7.17536        0.00000
      22        7.80607        0.00000
      23        9.17189        0.00000

 2/10 kpoint (Cartesian) = -0.12500 0.072169 0.0000 (16642 pws)
       1       -60.6295       0.187500
       2       -34.8584       0.187500
       3       -34.5535       0.187500
       4       -34.4869       0.187500
       5       -14.0317       0.187500
       6       -13.0269       0.187500
       7       -5.45192       0.187500
       8       -2.74088       0.187500
       9       -2.57187       0.187500
      10       -1.71243       0.187500
      11       -1.20474       0.187500
      12      -0.868245       0.187500
      13      -0.587963       0.187500
      14        2.52553        0.00000
      15        2.95699        0.00000
      16        3.01913        0.00000
      17        3.61368        0.00000
      18        5.66057        0.00000
      19        5.88104        0.00000
      20        6.71094        0.00000
      21        8.08976        0.00000
      22        8.12922        0.00000
      23        9.53435        0.00000

 3/10 kpoint (Cartesian) = -0.25000 0.14434 0.0000 (16690 pws)
       1       -60.6056       0.187500
       2       -34.8156       0.187500
       3       -34.7565       0.187500
       4       -34.5332       0.187500
       5       -13.3038       0.187500
       6       -12.6594       0.187500
       7       -4.93274       0.187500
       8       -3.68998       0.187500
       9       -3.56755       0.187500
      10       -1.94822       0.187500
      11       -1.50737       0.187500
      12       -1.04874       0.187500
      13      -0.924926       0.187500
      14        1.97756        0.00000
      15        2.64140        0.00000
      16        3.18046        0.00000
      17        4.14282        0.00000
      18        6.57874        0.00000
      19        6.82545        0.00000
      20        7.60155        0.00000
      21        8.71421        0.00000
      22        8.87426        0.00000
      23        9.60013        0.00000

 4/10 kpoint (Cartesian) = -0.37500 0.21651 0.0000 (16712 pws)
       1       -60.5816       0.187500
       2       -34.9539       0.187500
       3       -34.7725       0.187500
       4       -34.5790       0.187500
       5       -12.3996       0.187500
       6       -12.2206       0.187500
       7       -5.50010       0.187500
       8       -4.70284       0.187500
       9       -3.90574       0.187500
      10       -2.52070       0.187500
      11       -2.08484       0.187500
      12      -0.979391       0.187500
      13      -0.502638       0.187500
      14        2.55241        0.00000
      15        2.72561        0.00000
      16        3.76367        0.00000
      17        4.40784        0.00000
      18        7.60831        0.00000
      19        7.74956        0.00000
      20        7.80846        0.00000
      21        8.74372        0.00000
      22        8.93559        0.00000
      23        9.82986        0.00000

 5/10 kpoint (Cartesian) = 0.50000 0.86603 0.0000 (16742 pws)
       1       -60.5717      0.0937500
       2       -35.0341      0.0937500
       3       -34.7546      0.0937500
       4       -34.5979      0.0937500
       5       -12.0079      0.0937500
       6       -11.9286      0.0937500
       7       -6.01716      0.0937500
       8       -5.16335      0.0937500
       9       -4.09295      0.0937500
      10       -2.72725      0.0937500
      11       -2.26047      0.0937500
      12      -0.635695      0.0937500
      13      -0.355826      0.0937500
      14        2.97118        0.00000
      15        3.14482        0.00000
      16        3.96804        0.00000
      17        4.46791        0.00000
      18        6.63826        0.00000
      19        8.06808        0.00000
      20        8.26473        0.00000
      21        9.08821        0.00000
      22        9.81317        0.00000
      23        10.2497        0.00000

 6/10 kpoint (Cartesian) = -0.25000 0.0000 0.0000 (16663 pws)
       1       -60.6126       0.187500
       2       -34.8282       0.187500
       3       -34.6882       0.187500
       4       -34.5294       0.187500
       5       -13.5310       0.187500
       6       -12.7726       0.187500
       7       -4.98087       0.187500
       8       -3.31668       0.187500
       9       -3.26494       0.187500
      10       -2.29674       0.187500
      11       -1.37937       0.187500
      12      -0.836617       0.187500
      13      -0.717612       0.187500
      14        1.91171        0.00000
      15        2.70267        0.00000
      16        2.82319        0.00000
      17        4.10838        0.00000
      18        6.30999        0.00000
      19        6.54030        0.00000
      20        7.36107        0.00000
      21        8.73286        0.00000
      22        9.00836        0.00000
      23        10.0923        0.00000

 7/10 kpoint (Cartesian) = -0.37500 0.072169 0.0000 (16701 pws)
       1       -60.5887       0.375000
       2       -34.8672       0.375000
       3       -34.7852       0.375000
       4       -34.5965       0.375000
       5       -12.6984       0.375000
       6       -12.3546       0.375000
       7       -5.00334       0.375000
       8       -4.16732       0.375000
       9       -3.67830       0.375000
      10       -3.11722       0.375000
      11       -1.69800       0.375000
      12       -1.36291       0.375000
      13      -0.547714       0.375000
      14        1.85827        0.00000
      15        2.96389        0.00000
      16        3.19363        0.00000
      17        4.45341        0.00000
      18        7.46323        0.00000
      19        7.68489        0.00000
      20        8.42517        0.00000
      21        8.66857        0.00000
      22        9.37607        0.00000
      23        10.0009        0.00000

 8/10 kpoint (Cartesian) = 0.50000 0.72169 0.0000 (16679 pws)
       1       -60.5717       0.375000
       2       -34.9904       0.375000
       3       -34.7547       0.375000
       4       -34.6444       0.375000
       5       -11.9972       0.375000
       6       -11.9549       0.375000
       7       -5.65724       0.375000
       8       -5.08451       0.375000
       9       -3.90488       0.375000
      10       -3.08536       0.375000
      11       -2.04284       0.375000
      12       -1.70437       0.375000
      13      -0.221452       0.375000
      14        2.58279        0.00000
      15        3.38740        0.00000
      16        3.64001        0.00000
      17        4.45663        0.00000
      18        7.09087        0.00000
      19        8.70470        0.00000
      20        8.78246        0.00000
      21        9.58220        0.00000
      22        10.0242        0.00000
      23        10.3054        0.00000

 9/10 kpoint (Cartesian) = 0.50000 0.57735 0.0000 (16697 pws)
       1       -60.5717       0.187500
       2       -34.9295       0.187500
       3       -34.7548       0.187500
       4       -34.7081       0.187500
       5       -11.9864       0.187500
       6       -11.9804       0.187500
       7       -5.18693       0.187500
       8       -4.97315       0.187500
       9       -3.47602       0.187500
      10       -3.43641       0.187500
      11       -2.85366       0.187500
      12       -1.82084       0.187500
      13      -0.288298       0.187500
      14        2.26769        0.00000
      15        3.02624        0.00000
      16        3.54328        0.00000
      17        4.88041        0.00000
      18        7.83394        0.00000
      19        8.65403        0.00000
      20        8.90662        0.00000
      21        9.66861        0.00000
      22        10.1330        0.00000
      23        10.2686        0.00000

 10/10 kpoint (Cartesian) = 0.37500 0.64952 0.0000 (16741 pws)
       1       -60.5646       0.187500
       2       -34.9352       0.187500
       3       -34.7744       0.187500
       4       -34.7421       0.187500
       5       -11.8061       0.187500
       6       -11.6344       0.187500
       7       -5.43520       0.187500
       8       -5.14267       0.187500
       9       -3.86895       0.187500
      10       -3.16678       0.187500
      11       -3.11353       0.187500
      12       -2.32508       0.187500
      13      0.0578522       0.187500
      14        2.54785        0.00000
      15        2.89574        0.00000
      16        3.65852        0.00000
      17        5.17743        0.00000
      18        7.30177        0.00000
      19        8.61917        0.00000
      20        9.69183        0.00000
      21        10.0249        0.00000
      22        10.2808        0.00000
      23        10.8346        0.00000



 --------------------------------------------
 !FINAL_ETOT_IS -2426.084435523137 eV
 --------------------------------------------






  |CLASS_NAME---------|NAME---------------|TIME(Sec)-----|CALLS----|AVG------|PER%-------
                                      total         76.815        17       4.5   1.0e+02%
                 Driver         driver_line         76.801         1       77.    1.e+02%
                   Ions            opt_ions         76.585         1       77.    1.e+02%
          ESolver_KS_PW                 Run         76.585         1       77.    1.e+02%
               PW_Basis          recip2real        0.28222       233    0.0012      0.37%
              Potential  update_from_charge        0.94779        33     0.029       1.2%
              Potential           cal_v_eff        0.94382        33     0.029       1.2%
           H_Hartree_pw           v_hartree        0.14164        33    0.0043      0.18%
               PW_Basis          real2recip        0.36020       330    0.0011      0.47%
                  PotXC           cal_v_eff        0.76538        33     0.023       1.0%
          XC_Functional                v_xc        0.74892        33     0.023      0.97%
               Symmetry       rhog_symmetry        0.31112        34    0.0092      0.41%
              HSolverPW               solve         74.650        33       2.3       97.%
               Nonlocal              getvnl        0.27843       330   0.00084      0.36%
            pp_cell_vnl              getvnl        0.27816       330   0.00084      0.36%
        DiagoIterAssist      diagH_subspace         11.955       320     0.037       16.%
             OperatorPW                hPsi         55.275     27088    0.0020       72.%
               Operator          EkineticPW        0.37407     27088   1.4e-05      0.49%
               Operator              VeffPW         51.835     27088    0.0019       67.%
             PW_Basis_K          recip2real         36.447     38418   0.00095       47.%
             PW_Basis_K    gathers_scatterp         6.3179     38418   0.00016       8.2%
             PW_Basis_K          real2recip         18.812     34128   0.00055       24.%
             PW_Basis_K    gatherp_scatters         2.4961     34128   7.3e-05       3.2%
               Operator          NonlocalPW         2.0499     27088   7.6e-05       2.7%
               Nonlocal     add_nonlocal_pp         1.1627     27088   4.3e-05       1.5%
        DiagoIterAssist     LAPACK_subspace        0.11429       320   0.00036      0.15%
                DiagoCG           diag_once         57.452       330      0.17       75.%
            ElecStatePW            psiToRho         4.4038        33      0.13       5.7%
                 Charge             mix_rho        0.23291        31    0.0075      0.30%
                 Charge        Pulay_mixing        0.22824        31    0.0074      0.30%
 ----------------------------------------------------------------------------------------

 NAME---------------|MEMORY(MB)--------
               total          306.5
              Psi_PW          58.76
        ChgMix::Rrho          54.93
       ChgMix::dRrho          52.19
        ChgMix::drho          52.19
           FFT::grid          10.99
       DiagSub::hpsi          5.876
    DiagSub::evctemp          5.876
    Veff<PW>::porter          5.493
   Veff<PW>::porter1          5.493
    Meta<PW>::porter          5.493
       ElecSPW::wfcr          5.493
     ElecSPW::wfcr_a          5.493
            VNL::vkb          4.343
        SF::strucFac          4.079
        PW_B_K::gcar          3.832
            Chg::rho          2.747
       Chg::rho_save          2.747
       Chg::rho_core          2.747
       Pot::veff_fix          2.747
           Pot::veff          2.747
   ChgMix::rho_save2          2.747
           VNL::vkb1          2.299
         PW_B_K::gk2          1.277
            VNL::ylm          1.150
   YlmReal::Ylm_Real          1.150
           Chg::rhog          1.020
      Chg::rhog_save          1.020
      Chg::rhog_core          1.020
 -------------   < 1.0 MB has been ignored ----------------
 ----------------------------------------------------------

 Start  Time  : Sun Dec  3 13:59:45 2023
 Finish Time  : Sun Dec  3 14:01:02 2023
 Total  Time  : 0 h 1 mins 17 secs 
