                                                                                     
                              ABACUS v3.3.2

               Atomic-orbital Based Ab-initio Computation at UStc                    

                     Website: http://abacus.ustc.edu.cn/                             
               Documentation: https://abacus.deepmodeling.com/                       
                  Repository: https://github.com/abacusmodeling/abacus-develop       
                              https://github.com/deepmodeling/abacus-develop         
                      Commit: e39b50e (Fri Aug 18 16:14:25 2023 +0800)

 Sat Dec  2 14:42:55 2023
 MAKE THE DIR         : OUT.ABACUS/

%%%%%%%%%%%%%%%%%%%%%%%%%%%%%%%%%%%%%%%%%%%%%%%%%%%%%%%%%%%%%%%%%%%%%%%%%%%%%%%%%%%%%%%%%%%%%%%%%%%%%%%%%
 Warning: the number of valence electrons in pseudopotential > 6 for Mo: [Kr] 4d5 5s1
 Pseudopotentials with additional electrons can yield (more) accurate outcomes, but may be less efficient.
 If you're confident that your chosen pseudopotential is appropriate, you can safely ignore this warning.
%%%%%%%%%%%%%%%%%%%%%%%%%%%%%%%%%%%%%%%%%%%%%%%%%%%%%%%%%%%%%%%%%%%%%%%%%%%%%%%%%%%%%%%%%%%%%%%%%%%%%%%%%

 UNIFORM GRID DIM     : 60 * 60 * 320
 UNIFORM GRID DIM(BIG): 60 * 60 * 320
 DONE(0.125534   SEC) : SETUP UNITCELL
 DONE(0.147929   SEC) : SYMMETRY
 DONE(0.213403   SEC) : INIT K-POINTS
 ---------------------------------------------------------
 Self-consistent calculations for electrons
 ---------------------------------------------------------
 SPIN    KPOINTS         PROCESSORS  
 1       10              1           
 ---------------------------------------------------------
 Use plane wave basis
 ---------------------------------------------------------
 ELEMENT NATOM       XC          
 Mo      1           
 S       2           
 ---------------------------------------------------------
 Initial plane wave basis and FFT box
 ---------------------------------------------------------
 DONE(0.247679   SEC) : INIT PLANEWAVE
 MEMORY FOR PSI (MB)  : 183.137
 DONE(0.305522   SEC) : LOCAL POTENTIAL
 DONE(0.342705   SEC) : NON-LOCAL POTENTIAL
 DONE(0.34281    SEC) : INIT BASIS
 -------------------------------------------
 SELF-CONSISTENT : 
 -------------------------------------------
 START CHARGE      : atomic
 DONE(0.532009   SEC) : INIT SCF
 ITER   ETOT(eV)       EDIFF(eV)      DRHO       TIME(s)    
 CG1    -2.425276e+03  0.000000e+00   1.859e-01  1.640e+01  
 CG2    -2.425139e+03  1.365374e-01   7.399e-02  2.729e+00  
 CG3    -2.425172e+03  -3.313218e-02  3.782e-02  3.224e+00  
 CG4    -2.425199e+03  -2.626557e-02  4.860e-03  3.076e+00  
 CG5    -2.425239e+03  -4.006550e-02  3.401e-03  4.405e+00  
 CG6    -2.425207e+03  3.118383e-02   4.711e-03  2.720e+00  
 CG7    -2.425204e+03  3.056429e-03   6.546e-03  3.875e+00  
 CG8    -2.425215e+03  -1.084661e-02  4.623e-04  2.861e+00  
 CG9    -2.425215e+03  -1.093061e-04  4.985e-04  3.597e+00  
 CG10   -2.425215e+03  4.388313e-06   4.525e-04  2.709e+00  
 CG11   -2.425214e+03  1.323046e-03   4.326e-04  2.715e+00  
 CG12   -2.425215e+03  -6.864330e-04  2.599e-04  3.614e+00  
 CG13   -2.425215e+03  -2.907729e-04  3.324e-04  2.721e+00  
 CG14   -2.425216e+03  -8.260153e-04  4.223e-04  2.950e+00  
 CG15   -2.425216e+03  -4.059123e-04  9.490e-04  3.515e+00  
 CG16   -2.425216e+03  -2.229685e-04  1.179e-03  2.709e+00  
 CG17   -2.425215e+03  1.341882e-03   1.260e-03  2.714e+00  
 CG18   -2.425215e+03  -4.131347e-04  8.204e-04  2.926e+00  
 CG19   -2.425217e+03  -1.872853e-03  9.108e-04  2.721e+00  
 CG20   -2.425216e+03  1.447268e-03   1.764e-03  2.949e+00  
 CG21   -2.425212e+03  4.183883e-03   1.379e-03  3.091e+00  
 CG22   -2.425214e+03  -2.111259e-03  1.919e-04  4.000e+00  
 CG23   -2.425214e+03  -5.636130e-04  3.376e-04  3.769e+00  
 CG24   -2.425212e+03  1.907414e-03   2.825e-04  2.723e+00  
 CG25   -2.425213e+03  -5.044949e-04  1.801e-04  3.777e+00  
 CG26   -2.425214e+03  -1.160341e-03  2.621e-04  3.882e+00  
 CG27   -2.425213e+03  1.260755e-03   3.852e-04  2.725e+00  
 CG28   -2.425214e+03  -6.024219e-04  6.875e-05  3.345e+00  
 CG29   -2.425213e+03  2.219988e-05   1.376e-04  3.239e+00  
 CG30   -2.425213e+03  -9.094404e-06  1.127e-04  2.843e+00  
 CG31   -2.425213e+03  9.171569e-05   1.077e-04  2.810e+00  
 CG32   -2.425213e+03  -6.422542e-05  4.682e-05  3.376e+00  
 CG33   -2.425213e+03  -5.445200e-06  4.291e-05  3.153e+00  
 CG34   -2.425213e+03  -1.512296e-05  4.223e-05  2.748e+00  
 CG35   -2.425214e+03  -1.807524e-05  4.044e-05  2.951e+00  
 CG36   -2.425213e+03  1.081367e-05   5.389e-05  2.979e+00  
 CG37   -2.425213e+03  -1.610689e-06  4.645e-05  2.727e+00  
 CG38   -2.425213e+03  7.978778e-06   4.436e-05  2.728e+00  
 CG39   -2.425214e+03  -1.997384e-05  3.771e-05  3.056e+00  
 CG40   -2.425214e+03  -4.689024e-05  3.135e-05  3.095e+00  
 CG41   -2.425214e+03  -2.261810e-04  2.805e-05  3.352e+00  
 CG42   -2.425213e+03  2.868463e-04   6.010e-05  3.912e+00  
 CG43   -2.425214e+03  -4.501950e-05  2.451e-05  3.934e+00  
 CG44   -2.425214e+03  -4.873272e-06  2.671e-05  2.879e+00  
 CG45   -2.425214e+03  3.605548e-06   2.862e-05  2.898e+00  
 CG46   -2.425214e+03  3.229601e-06   2.819e-05  2.744e+00  
 CG47   -2.425214e+03  -9.452691e-05  4.275e-05  3.115e+00  
 CG48   -2.425214e+03  -3.651014e-05  2.528e-05  3.215e+00  
 CG49   -2.425214e+03  -2.974564e-05  2.277e-05  2.875e+00  
 CG50   -2.425214e+03  1.349365e-06   1.929e-05  3.101e+00  
 CG51   -2.425214e+03  -1.041240e-06  1.949e-05  2.814e+00  
 CG52   -2.425214e+03  -1.031077e-05  1.794e-05  2.727e+00  
 CG53   -2.425214e+03  -3.395988e-05  1.671e-05  2.846e+00  
 CG54   -2.425214e+03  -3.440688e-05  1.361e-05  3.146e+00  
 CG55   -2.425214e+03  -5.731990e-06  9.911e-06  3.180e+00  
 CG56   -2.425214e+03  -9.248031e-05  9.468e-06  3.024e+00  
 CG57   -2.425214e+03  2.418700e-06   4.067e-06  3.984e+00  
 CG58   -2.425214e+03  3.830651e-06   4.055e-06  3.014e+00  
 CG59   -2.425214e+03  -1.410612e-05  4.256e-06  2.788e+00  
 CG60   -2.425214e+03  -1.684067e-05  3.530e-06  3.118e+00  
 CG61   -2.425214e+03  -4.163623e-05  2.791e-06  3.514e+00  
 CG62   -2.425214e+03  1.292456e-05   2.103e-06  4.087e+00  
 CG63   -2.425214e+03  -1.015787e-05  2.583e-06  3.445e+00  
 CG64   -2.425214e+03  -3.544898e-05  2.274e-06  3.180e+00  
 CG65   -2.425214e+03  -2.550645e-05  1.353e-06  4.086e+00  
 CG66   -2.425214e+03  -1.383446e-05  7.751e-07  4.256e+00  
 CG67   -2.425214e+03  -1.844907e-05  4.805e-07  4.156e+00  
 CG68   -2.425214e+03  -2.421451e-05  2.511e-07  4.464e+00  
 CG69   -2.425214e+03  -4.311439e-06  3.978e-08  5.166e+00  
 CG70   -2.425214e+03  -7.091017e-07  1.486e-08  5.300e+00  
 CG71   -2.425214e+03  -1.684399e-06  1.230e-08  4.548e+00  
 CG72   -2.425214e+03  -3.154243e-06  5.654e-09  5.163e+00  

  |CLASS_NAME---------|NAME---------------|TIME(Sec)-----|CALLS----|AVG------|PER%-------
                       total               252.75         17        15        1e+02     %
   Driver              driver_line         252.73         1         2.5e+02   1e+02     %
   Ions                opt_ions            252.39         1         2.5e+02   1e+02     %
   ESolver_KS_PW       Run                 252.39         1         2.5e+02   1e+02     %
   PW_Basis            recip2real          1.1542         439       0.0026    0.46      %
   PW_Basis            gathers_scatterp    0.13871        439       0.00032   0.055     %
   Potential           update_from_charge  5.1247         73        0.07      2         %
   Potential           cal_v_eff           5.1137         73        0.07      2         %
   H_Hartree_pw        v_hartree           0.7761         73        0.011     0.31      %
   PW_Basis            real2recip          1.2818         656       0.002     0.51      %
   PW_Basis            gatherp_scatters    0.18071        656       0.00028   0.072     %
   PotXC               cal_v_eff           4.1121         73        0.056     1.6       %
   XC_Functional       v_xc                3.9909         73        0.055     1.6       %
   Symmetry            rho_symmetry        2.1854         74        0.03      0.86      %
   HSolverPW           solve               240.53         73        3.3       95        %
   Nonlocal            getvnl              1.1759         730       0.0016    0.47      %
   pp_cell_vnl         getvnl              1.1749         730       0.0016    0.46      %
   DiagoIterAssist     diagH_subspace      50.901         720       0.071     20        %
   OperatorPW          hPsi                198.69         48512     0.0041    79        %
   Operator            EkineticPW          2.0484         48512     4.2e-05   0.81      %
   Operator            VeffPW              185.21         48512     0.0038    73        %
   PW_Basis_K          recip2real          137.77         73842     0.0019    55        %
   PW_Basis_K          gathers_scatterp    18.289         73842     0.00025   7.2       %
   PW_Basis_K          real2recip          57.572         64352     0.00089   23        %
   PW_Basis_K          gatherp_scatters    6.7795         64352     0.00011   2.7       %
   Operator            NonlocalPW          10.62          48512     0.00022   4.2       %
   Nonlocal            add_nonlocal_pp     4.8315         48512     0.0001    1.9       %
   DiagoIterAssist     LAPACK_subspace     0.27909        720       0.00039   0.11      %
   DiagoCG             diag_once           167.68         730       0.23      66        %
   ElecStatePW         psiToRho            19.04          73        0.26      7.5       %
   Charge              mix_rho             1.5435         71        0.022     0.61      %
   Charge              Pulay_mixing        1.5004         71        0.021     0.59      %
 ----------------------------------------------------------------------------------------

 START  Time  : Sat Dec  2 14:42:55 2023
 FINISH Time  : Sat Dec  2 14:47:09 2023
 TOTAL  Time  : 254
 SEE INFORMATION IN : OUT.ABACUS/
