                                                                                     
                              ABACUS v3.3.2

               Atomic-orbital Based Ab-initio Computation at UStc                    

                     Website: http://abacus.ustc.edu.cn/                             
               Documentation: https://abacus.deepmodeling.com/                       
                  Repository: https://github.com/abacusmodeling/abacus-develop       
                              https://github.com/deepmodeling/abacus-develop         
                      Commit: e39b50e (Fri Aug 18 16:14:25 2023 +0800)

    Start Time is Sun Dec  3 13:59:45 2023
                                                                                     
 ------------------------------------------------------------------------------------

 READING GENERAL INFORMATION
                           global_out_dir = OUT.ABACUS/
                           global_in_card = INPUT
                               pseudo_dir = 
                              orbital_dir = 
                                    DRANK = 1
                                    DSIZE = 1
                                   DCOLOR = 1
                                    GRANK = 1
                                    GSIZE = 1
 The esolver type has been set to : ksdft_pw




 >>>>>>>>>>>>>>>>>>>>>>>>>>>>>>>>>>>>>>>>>>>>>>>>>>>>>>>>>>>>>>>>>>>>>>
 |                                                                    |
 | Reading atom information in unitcell:                              |
 | From the input file and the structure file we know the number of   |
 | different elments in this unitcell, then we list the detail        |
 | information for each element, especially the zeta and polar atomic |
 | orbital number for each element. The total atom number is counted. |
 | We calculate the nearest atom distance for each atom and show the  |
 | Cartesian and Direct coordinates for each atom. We list the file   |
 | address for atomic orbitals. The volume and the lattice vectors    |
 | in real and reciprocal space is also shown.                        |
 |                                                                    |
 <<<<<<<<<<<<<<<<<<<<<<<<<<<<<<<<<<<<<<<<<<<<<<<<<<<<<<<<<<<<<<<<<<<<<<




 READING UNITCELL INFORMATION
                                    ntype = 2
                  lattice constant (Bohr) = 5.74477
              lattice constant (Angstrom) = 3.04

 READING ATOM TYPE 1
                               atom label = Mo
                      L=0, number of zeta = 1
                      L=1, number of zeta = 1
                      L=2, number of zeta = 1
             number of atom for this type = 1

 READING ATOM TYPE 2
                               atom label = S
                      L=0, number of zeta = 1
                      L=1, number of zeta = 1
                      L=2, number of zeta = 1
             number of atom for this type = 2

                        TOTAL ATOM NUMBER = 3

 DIRECT COORDINATES
         atom                   x                   y                   z                 mag                  vx                  vy                  vz
     taud_Mo1            0.666667            0.333333            0.101064                   0                   0                   0                   0
      taud_S1                   0                   0                   0                   0                   0                   0                   0
      taud_S2                   0                   0            0.202128                   0                   0                   0                   0


                          Volume (Bohr^3) = 1015.39
                             Volume (A^3) = 150.465

 Lattice vectors: (Cartesian coordinate: in unit of a_0)
                   +1                  +0                  +0
                 -0.5           +0.866025                  +0
                   +0                  +0            +6.18421
 Reciprocal vectors: (Cartesian coordinate: in unit of 2 pi/a_0)
                   +1            +0.57735                  -0
                   +0             +1.1547                  -0
                   +0                  -0           +0.161702




 >>>>>>>>>>>>>>>>>>>>>>>>>>>>>>>>>>>>>>>>>>>>>>>>>>>>>>>>>>>>>>>>>>>>>>
 |                                                                    |
 | Reading pseudopotentials files:                                    |
 | The pseudopotential file is in UPF format. The 'NC' indicates that |
 | the type of pseudopotential is 'norm conserving'. Functional of    |
 | exchange and correlation is decided by 4 given parameters in UPF   |
 | file.  We also read in the 'core correction' if there exists.      |
 | Also we can read the valence electrons number and the maximal      |
 | angular momentum used in this pseudopotential. We also read in the |
 | trail wave function, trail atomic density and local-pseudopotential|
 | on logrithmic grid. The non-local pseudopotential projector is also|
 | read in if there is any.                                           |
 |                                                                    |
 <<<<<<<<<<<<<<<<<<<<<<<<<<<<<<<<<<<<<<<<<<<<<<<<<<<<<<<<<<<<<<<<<<<<<<




                PAO radial cut off (Bohr) = 15

 Read in pseudopotential file is Mo_ONCV_PBE-1.0.upf
                     pseudopotential type = NC
          exchange-correlation functional = PBE
                 nonlocal core correction = 0
                        valence electrons = 14
                                     lmax = 2
                           number of zeta = 0
                     number of projectors = 6
                           L of projector = 0
                           L of projector = 0
                           L of projector = 1
                           L of projector = 1
                           L of projector = 2
                           L of projector = 2
                PAO radial cut off (Bohr) = 15

 Read in pseudopotential file is S_ONCV_PBE-1.0.upf
                     pseudopotential type = NC
          exchange-correlation functional = PBE
                 nonlocal core correction = 0
                        valence electrons = 6
                                     lmax = 1
                           number of zeta = 0
                     number of projectors = 4
                           L of projector = 0
                           L of projector = 0
                           L of projector = 1
                           L of projector = 1
     initial pseudo atomic orbital number = 0
                                   NLOCAL = 27

%%%%%%%%%%%%%%%%%%%%%%%%%%%%%%%%%%%%%%%%%%%%%%%%%%%%%%%%%%%%%%%%%%%%%%%%%%%%%%%%%%%%%%%%%%%%%%%%%%%%%%%%%%
 Warning: the number of valence electrons in pseudopotential > 6 for Mo: [Kr] 4d5 5s1
 Pseudopotentials with additional electrons can yield (more) accurate outcomes, but may be less efficient.
 If you're confident that your chosen pseudopotential is appropriate, you can safely ignore this warning.
%%%%%%%%%%%%%%%%%%%%%%%%%%%%%%%%%%%%%%%%%%%%%%%%%%%%%%%%%%%%%%%%%%%%%%%%%%%%%%%%%%%%%%%%%%%%%%%%%%%%%%%%%%
                  

 Warning_Memory_Consuming allocated:  FFT::grid 11.7188 MB




 >>>>>>>>>>>>>>>>>>>>>>>>>>>>>>>>>>>>>>>>>>>>>>>>>>>>>>>>>>>>>>>>>>>>>>
 |                                                                    |
 | Setup plane waves of charge/potential:                             |
 | Use the energy cutoff and the lattice vectors to generate the      |
 | dimensions of FFT grid. The number of FFT grid on each processor   |
 | is 'nrxx'. The number of plane wave basis in reciprocal space is   |
 | different for charege/potential and wave functions. We also set    |
 | the 'sticks' for the parallel of FFT. The number of plane waves    |
 | is 'npw' in each processor.                                        |
 <<<<<<<<<<<<<<<<<<<<<<<<<<<<<<<<<<<<<<<<<<<<<<<<<<<<<<<<<<<<<<<<<<<<<<





 SETUP THE PLANE WAVE BASIS
 energy cutoff for charge/potential (unit:Ry) = 400
            fft grid for charge/potential = [ 40, 40, 240 ]
                        fft grid division = [ 1, 1, 1 ]
        big fft grid for charge/potential = [ 40, 40, 240 ]
                                     nbxx = 384000
                                     nrxx = 384000

 SETUP PLANE WAVES FOR CHARGE/POTENTIAL
                    number of plane waves = 137267
                         number of sticks = 913

 PARALLEL PW FOR CHARGE/POTENTIAL
     PROC   COLUMNS(POT)             PW
        1            913         137267
 --------------- sum -------------------
        1            913         137267
                            number of |g| = 6402
                                  max |g| = 334.282
                                  min |g| = 0

 SETUP THE ELECTRONS NUMBER
            electron number of element Mo = 14
      total electron number of element Mo = 14
             electron number of element S = 6
       total electron number of element S = 12
            AUTOSET number of electrons:  = 26
 DONE : SETUP UNITCELL Time : 0.0686071 (SEC)





 >>>>>>>>>>>>>>>>>>>>>>>>>>>>>>>>>>>>>>>>>>>>>>>>>>>>>>>>>>>>>>>>>>>>>>
 |                                                                    |
 | Doing symmetry analysis:                                           |
 | We calculate the norm of 3 vectors and the angles between them,    |
 | the type of Bravais lattice is given. We can judge if the unticell |
 | is a primitive cell. Finally we give the point group operation for |
 | this unitcell. We use the point group operations to do symmetry |
 | analysis on given k-point mesh and the charge density.             |
 |                                                                    |
 <<<<<<<<<<<<<<<<<<<<<<<<<<<<<<<<<<<<<<<<<<<<<<<<<<<<<<<<<<<<<<<<<<<<<<




 LATTICE VECTORS: (CARTESIAN COORDINATE: IN UNIT OF A0)
                   +1                  +0                  +0
                 -0.5           +0.866025                  +0
                   +0                  +0            +6.18421
                       right hand lattice = 1
                                   NORM_A = 1
                                   NORM_B = 1
                                   NORM_C = 6.18421
                           ALPHA (DEGREE) = 90
                           BETA  (DEGREE) = 90
                           GAMMA (DEGREE) = 120

 The lattice vectors have been changed (STRU_SIMPLE.cif)

(for optimal symmetric configuration:)
                             BRAVAIS TYPE = 4
                     BRAVAIS LATTICE NAME = 04. Hexagonal cell
                                    ibrav = 4
                                    IBRAV = 4
                                  BRAVAIS = HEXAGONAL CELL
                       LATTICE CONSTANT A = 1
                                C/A RATIO = 6.18421
Original cell was already a primitive cell.
                        ROTATION MATRICES = 24
              PURE POINT GROUP OPERATIONS = 6
                   SPACE GROUP OPERATIONS = 12
                                       C2 = 0
                                       C3 = 2
                                       C4 = 0
                                       C6 = 0
                                       S1 = 3
                                       S3 = 0
                                       S4 = 0
                                       S6 = 0
                              POINT GROUP = C_3v
                                       C2 = 3
                                       C3 = 2
                                       C4 = 0
                                       C6 = 0
                                       S1 = 4
                                       S3 = 2
                                       S4 = 0
                                       S6 = 0
               POINT GROUP IN SPACE GROUP = D_3h
 DONE : SYMMETRY Time : 0.0910813 (SEC)





 >>>>>>>>>>>>>>>>>>>>>>>>>>>>>>>>>>>>>>>>>>>>>>>>>>>>>>>>>>>>>>>>>>>>>>
 |                                                                    |
 | Setup K-points                                                     |
 | We setup the k-points according to input parameters.               |
 | The reduced k-points are set according to symmetry operations.     |
 | We treat the spin as another set of k-points.                      |
 |                                                                    |
 <<<<<<<<<<<<<<<<<<<<<<<<<<<<<<<<<<<<<<<<<<<<<<<<<<<<<<<<<<<<<<<<<<<<<<





 SETUP K-POINTS
                                    nspin = 1
                   Input type of k points = Monkhorst-Pack(Gamma)
                                   nkstot = 64
                       right hand lattice = 1
(for reciprocal lattice: )
                             BRAVAIS TYPE = 4
                     BRAVAIS LATTICE NAME = 04. Hexagonal cell
                                    ibrav = 4
                       right hand lattice = 1
(for k-lattice: )
                             BRAVAIS TYPE = 4
                     BRAVAIS LATTICE NAME = 04. Hexagonal cell
                                    ibrav = 4
                       right hand lattice = 1
                        ROTATION MATRICES = 24
                               nkstot_ibz = 10
      IBZ             DirectX             DirectY             DirectZ              Weight    ibz2bz
        1                   0                   0                   0            0.015625         0
        2              -0.125               0.125                   0             0.09375         1
        3               -0.25                0.25                   0             0.09375         2
        4              -0.375               0.375                   0             0.09375         3
        5                 0.5                 0.5                   0            0.046875         4
        6               -0.25               0.125                   0             0.09375         9
        7              -0.375                0.25                   0              0.1875        10
        8                 0.5               0.375                   0              0.1875        11
        9                 0.5                0.25                   0             0.09375        18
       10               0.375               0.375                   0             0.09375        19
                               nkstot now = 10

  KPOINTS            DIRECT_X            DIRECT_Y            DIRECT_Z              WEIGHT
        1                   0                   0                   0            0.015625
        2              -0.125               0.125                   0             0.09375
        3               -0.25                0.25                   0             0.09375
        4              -0.375               0.375                   0             0.09375
        5                 0.5                 0.5                   0            0.046875
        6               -0.25               0.125                   0             0.09375
        7              -0.375                0.25                   0              0.1875
        8                 0.5               0.375                   0              0.1875
        9                 0.5                0.25                   0             0.09375
       10               0.375               0.375                   0             0.09375

           k-point number in this process = 10
       minimum distributed K point number = 10

  KPOINTS         CARTESIAN_X         CARTESIAN_Y         CARTESIAN_Z              WEIGHT
        1                   0                   0                   0             0.03125
        2              -0.125           0.0721688                   0              0.1875
        3               -0.25            0.144338                   0              0.1875
        4              -0.375            0.216506                   0              0.1875
        5                 0.5            0.866025                   0             0.09375
        6               -0.25                   0                   0              0.1875
        7              -0.375           0.0721688                   0               0.375
        8                 0.5            0.721688                   0               0.375
        9                 0.5             0.57735                   0              0.1875
       10               0.375            0.649519                   0              0.1875

  KPOINTS            DIRECT_X            DIRECT_Y            DIRECT_Z              WEIGHT
        1                   0                   0                   0             0.03125
        2              -0.125               0.125                   0              0.1875
        3               -0.25                0.25                   0              0.1875
        4              -0.375               0.375                   0              0.1875
        5                 0.5                 0.5                   0             0.09375
        6               -0.25               0.125                   0              0.1875
        7              -0.375                0.25                   0               0.375
        8                 0.5               0.375                   0               0.375
        9                 0.5                0.25                   0              0.1875
       10               0.375               0.375                   0              0.1875
 DONE : INIT K-POINTS Time : 0.155799 (SEC)





 >>>>>>>>>>>>>>>>>>>>>>>>>>>>>>>>>>>>>>>>>>>>>>>>>>>>>>>>>>>>>>>>>>>>>>
 |                                                                    |
 | Setup plane waves of wave functions:                               |
 | Use the energy cutoff and the lattice vectors to generate the      |
 | dimensions of FFT grid. The number of FFT grid on each processor   |
 | is 'nrxx'. The number of plane wave basis in reciprocal space is   |
 | different for charege/potential and wave functions. We also set    |
 | the 'sticks' for the parallel of FFT. The number of plane wave of  |
 | each k-point is 'npwk[ik]' in each processor                       |
 <<<<<<<<<<<<<<<<<<<<<<<<<<<<<<<<<<<<<<<<<<<<<<<<<<<<<<<<<<<<<<<<<<<<<<





 SETUP PLANE WAVES FOR WAVE FUNCTIONS
     energy cutoff for wavefunc (unit:Ry) = 100
              fft grid for wave functions = [ 40, 40, 240 ]
                    number of plane waves = 23375
                         number of sticks = 283

 PARALLEL PW FOR WAVE FUNCTIONS
     PROC   COLUMNS(POT)             PW
        1            283          23375
 --------------- sum -------------------
        1            283          23375
 DONE : INIT PLANEWAVE Time : 0.168373 (SEC)

                           occupied bands = 13
                                   NBANDS = 23
                                     npwx = 17194

 Warning_Memory_Consuming allocated:  Psi_PW 60.3427 MB

 SETUP NONLOCAL PSEUDOPOTENTIALS IN PLANE WAVE BASIS
 Mo non-local projectors:
 projector 1 L=0
 projector 2 L=0
 projector 3 L=1
 projector 4 L=1
 projector 5 L=2
 projector 6 L=2
 S non-local projectors:
 projector 1 L=0
 projector 2 L=0
 projector 3 L=1
 projector 4 L=1
      TOTAL NUMBER OF NONLOCAL PROJECTORS = 34
 DONE : LOCAL POTENTIAL Time : 0.203065 (SEC)


 Init Non-Local PseudoPotential table : 
 Init Non-Local-Pseudopotential done.
 DONE : NON-LOCAL POTENTIAL Time : 0.229705 (SEC)


 Make real space PAO into reciprocal space.
       max mesh points in Pseudopotential = 601
     dq(describe PAO in reciprocal space) = 0.01
                                    max q = 1206

 number of pseudo atomic orbitals for Mo is 0

 number of pseudo atomic orbitals for S is 0
 DONE : INIT BASIS Time : 0.229811 (SEC)


 -------------------------------------------
 SELF-CONSISTENT
 -------------------------------------------

 Warning_Memory_Consuming allocated:  Veff<PW>::porter 5.85938 MB

 Warning_Memory_Consuming allocated:  Veff<PW>::porter1 5.85938 MB

 Warning_Memory_Consuming allocated:  Meta<PW>::porter 5.85938 MB
                                 init_chg = atomic
 DONE : INIT SCF Time : 0.330646 (SEC)


 PW ALGORITHM --------------- ION=   1  ELEC=   1--------------------------------

 Warning_Memory_Consuming allocated:  DiagSub::hpsi 6.03427 MB

 Warning_Memory_Consuming allocated:  DiagSub::evctemp 6.00093 MB

 Warning_Memory_Consuming allocated:  DiagSub::evctemp 6.01743 MB

 Warning_Memory_Consuming allocated:  DiagSub::evctemp 6.02164 MB

 Warning_Memory_Consuming allocated:  DiagSub::evctemp 6.03427 MB
Average iterative diagonalization steps: 10.3609 ; where current threshold is: 0.01 . 

 Warning_Memory_Consuming allocated:  ElecSPW::wfcr 5.85938 MB

 Warning_Memory_Consuming allocated:  ElecSPW::wfcr_a 5.85938 MB
 Notice: Threshold on eigenvalues was too large.
 hsover_error=0.26 > DRHO=0.12606
 Origin diag_ethr = 0.01
 New    diag_ethr = 0.000484846
Average iterative diagonalization steps: 7.43043 ; where current threshold is: 0.000484846 . 

 Warning_Memory_Consuming allocated:  ChgMix::Rrho 58.5938 MB

 Warning_Memory_Consuming allocated:  ChgMix::dRrho 55.6641 MB

 Warning_Memory_Consuming allocated:  ChgMix::drho 55.6641 MB

 Density error is 0.117188882857
                          Error Threshold = 0.000484846349039

       Energy                       Rydberg                            eV
       E_KohnSham                -178.241097827                -2425.09454823
         E_Harris                -178.255424129                -2425.28946756
          E_Fermi              -0.0241735202887               -0.328897616645

 PW ALGORITHM --------------- ION=   1  ELEC=   2--------------------------------
Average iterative diagonalization steps: 2 ; where current threshold is: 0.000450726472529 . 

 Density error is 0.0673561332522
                          Error Threshold = 0.000450726472529

       Energy                       Rydberg                            eV
       E_KohnSham                -178.225134649                -2424.87735805
         E_Harris                -179.230223546                -2438.55229404
          E_Fermi              -0.0287610779962               -0.391314541371

 PW ALGORITHM --------------- ION=   1  ELEC=   3--------------------------------
Average iterative diagonalization steps: 2.40869565217 ; where current threshold is: 0.00025906205097 . 

 Density error is 0.0399859820614
                          Error Threshold = 0.00025906205097

       Energy                       Rydberg                            eV
       E_KohnSham                -178.225676647                 -2424.8847323
         E_Harris                -176.507968941                -2401.51412001
          E_Fermi              -0.0263131910691               -0.358009331103

 PW ALGORITHM --------------- ION=   1  ELEC=   4--------------------------------
Average iterative diagonalization steps: 2.2652173913 ; where current threshold is: 0.000153792238698 . 

 Density error is 0.00438122635986
                          Error Threshold = 0.000153792238698

       Energy                       Rydberg                            eV
       E_KohnSham                -178.227960145                -2424.91580088
         E_Harris                -173.389538362                -2359.08569532
          E_Fermi              -0.0246109923233               -0.334849729032

 PW ALGORITHM --------------- ION=   1  ELEC=   5--------------------------------
Average iterative diagonalization steps: 3.89130434783 ; where current threshold is: 1.68508706149e-05 . 

 Density error is 0.00321124851125
                          Error Threshold = 1.68508706149e-05

       Energy                       Rydberg                            eV
       E_KohnSham                -178.228922343                -2424.92889226
         E_Harris                -176.824379602                 -2405.8191079
          E_Fermi              -0.0197170889252               -0.268264757355

 PW ALGORITHM --------------- ION=   1  ELEC=   6--------------------------------
Average iterative diagonalization steps: 2.1 ; where current threshold is: 1.23509558125e-05 . 

 Density error is 0.00247634009211
                          Error Threshold = 1.23509558125e-05

       Energy                       Rydberg                            eV
       E_KohnSham                -178.228163273                -2424.91856459
         E_Harris                -177.162393571                -2410.41802388
          E_Fermi              -0.0184327853023               -0.250790910122

 PW ALGORITHM --------------- ION=   1  ELEC=   7--------------------------------
Average iterative diagonalization steps: 3.23913043478 ; where current threshold is: 9.52438496966e-06 . 

 Density error is 0.00140453420301
                          Error Threshold = 9.52438496966e-06

       Energy                       Rydberg                            eV
       E_KohnSham                -178.228662897                -2424.92536232
         E_Harris                -176.871698031                -2406.46290815
          E_Fermi              -0.0115666523077               -0.157372378169

 PW ALGORITHM --------------- ION=   1  ELEC=   8--------------------------------
Average iterative diagonalization steps: 2 ; where current threshold is: 5.40205462696e-06 . 

 Density error is 0.000894254749176
                          Error Threshold = 5.40205462696e-06

       Energy                       Rydberg                            eV
       E_KohnSham                -178.228599032                -2424.92449339
         E_Harris                -178.048795005                -2422.47813411
          E_Fermi              -0.0121951383849               -0.165923369933

 PW ALGORITHM --------------- ION=   1  ELEC=   9--------------------------------
Average iterative diagonalization steps: 2.24782608696 ; where current threshold is: 3.43944134299e-06 . 

 Density error is 0.00047966713556
                          Error Threshold = 3.43944134299e-06

       Energy                       Rydberg                            eV
       E_KohnSham                -178.228539113                -2424.92367816
         E_Harris                 -177.84450289                -2419.69859728
          E_Fermi              -0.0124494113192               -0.169382930687

 PW ALGORITHM --------------- ION=   1  ELEC=  10--------------------------------
Average iterative diagonalization steps: 3.31304347826 ; where current threshold is: 1.84487359831e-06 . 

 Density error is 0.000511349083308
                          Error Threshold = 1.84487359831e-06

       Energy                       Rydberg                            eV
       E_KohnSham                -178.228495415                -2424.92308362
         E_Harris                -177.618734033                -2416.62685439
          E_Fermi             -0.00812638779408               -0.110565178157

 PW ALGORITHM --------------- ION=   1  ELEC=  11--------------------------------
Average iterative diagonalization steps: 2.09565217391 ; where current threshold is: 1.84487359831e-06 . 

 Density error is 0.000256927148697
                          Error Threshold = 1.84487359831e-06

       Energy                       Rydberg                            eV
       E_KohnSham                -178.228513195                -2424.92332552
         E_Harris                -177.924727663                -2420.79011132
          E_Fermi             -0.00814814189637               -0.110861157903

 PW ALGORITHM --------------- ION=   1  ELEC=  12--------------------------------
Average iterative diagonalization steps: 2.21304347826 ; where current threshold is: 9.88181341143e-07 . 

 Density error is 0.000247391286652
                          Error Threshold = 9.88181341143e-07

       Energy                       Rydberg                            eV
       E_KohnSham                -178.228469724                -2424.92273406
         E_Harris                -177.649551804                -2417.04615168
          E_Fermi             -0.00777006665809                -0.10571718039

 PW ALGORITHM --------------- ION=   1  ELEC=  13--------------------------------
Average iterative diagonalization steps: 3.05217391304 ; where current threshold is: 9.51504948661e-07 . 

 Density error is 0.000158472902162
                          Error Threshold = 9.51504948661e-07

       Energy                       Rydberg                            eV
       E_KohnSham                -178.228470972                -2424.92275105
         E_Harris                -177.723655062                -2418.05437823
          E_Fermi             -0.00426602239405              -0.0580422123547

 PW ALGORITHM --------------- ION=   1  ELEC=  14--------------------------------
Average iterative diagonalization steps: 2.01304347826 ; where current threshold is: 6.09511162163e-07 . 

 Density error is 0.000159413234995
                          Error Threshold = 6.09511162163e-07

       Energy                       Rydberg                            eV
       E_KohnSham                -178.228462126                -2424.92263069
         E_Harris                -177.733417564                -2418.18720388
          E_Fermi             -0.00415035886352              -0.0564685292887

 PW ALGORITHM --------------- ION=   1  ELEC=  15--------------------------------
Average iterative diagonalization steps: 2.3347826087 ; where current threshold is: 6.09511162163e-07 . 

 Density error is 0.000125668471166
                          Error Threshold = 6.09511162163e-07

       Energy                       Rydberg                            eV
       E_KohnSham                -178.228453528                -2424.92251371
         E_Harris                -177.741664085                -2418.29940356
          E_Fermi             -0.00269400831844              -0.0366538635902

 PW ALGORITHM --------------- ION=   1  ELEC=  16--------------------------------
Average iterative diagonalization steps: 2.77391304348 ; where current threshold is: 4.83340273717e-07 . 

 Density error is 8.8476772479e-05
                          Error Threshold = 4.83340273717e-07

       Energy                       Rydberg                            eV
       E_KohnSham                -178.228454704                -2424.92252971
         E_Harris                -177.891044821                -2420.33183274
          E_Fermi            -0.000520102379826             -0.00707635590899

 PW ALGORITHM --------------- ION=   1  ELEC=  17--------------------------------
Average iterative diagonalization steps: 2.22173913043 ; where current threshold is: 3.40295278765e-07 . 

 Density error is 7.87822277805e-05
                          Error Threshold = 3.40295278765e-07

       Energy                       Rydberg                            eV
       E_KohnSham                -178.228457551                -2424.92256844
         E_Harris                -177.907357877                -2420.55378325
          E_Fermi            +0.000117474805913             +0.00159832673187

 PW ALGORITHM --------------- ION=   1  ELEC=  18--------------------------------
Average iterative diagonalization steps: 2.62608695652 ; where current threshold is: 3.03008568387e-07 . 

 Density error is 5.75241545913e-05
                          Error Threshold = 3.03008568387e-07

       Energy                       Rydberg                            eV
       E_KohnSham                -178.228460961                -2424.92261484
         E_Harris                -177.943618441                -2421.04713354
          E_Fermi             +0.00177009103523              +0.0240833240578

 PW ALGORITHM --------------- ION=   1  ELEC=  19--------------------------------
Average iterative diagonalization steps: 2.36086956522 ; where current threshold is: 2.21246748428e-07 . 

 Density error is 4.73661167173e-05
                          Error Threshold = 2.21246748428e-07

       Energy                       Rydberg                            eV
       E_KohnSham                 -178.22846428                -2424.92265999
         E_Harris                -177.953965689                -2421.18791507
          E_Fermi              +0.0025407836158                +0.03456913456

 PW ALGORITHM --------------- ION=   1  ELEC=  20--------------------------------
Average iterative diagonalization steps: 2.27826086957 ; where current threshold is: 1.8217737199e-07 . 

 Density error is 3.40151150739e-05
                          Error Threshold = 1.8217737199e-07

       Energy                       Rydberg                            eV
       E_KohnSham                 -178.22847792                -2424.92284557
         E_Harris                -177.992780399                -2421.71601629
          E_Fermi             +0.00369526148874              +0.0502766118468

 PW ALGORITHM --------------- ION=   1  ELEC=  21--------------------------------
Average iterative diagonalization steps: 3.16956521739 ; where current threshold is: 1.30827365669e-07 . 

 Density error is 1.30995577384e-05
                          Error Threshold = 1.30827365669e-07

       Energy                       Rydberg                            eV
       E_KohnSham                -178.228479473                -2424.92286672
         E_Harris                -178.085641943                -2422.97946241
          E_Fermi             +0.00628546538843              +0.0855181438644

 PW ALGORITHM --------------- ION=   1  ELEC=  22--------------------------------
Average iterative diagonalization steps: 2.86956521739 ; where current threshold is: 5.03829143786e-08 . 

 Density error is 1.34894527525e-05
                          Error Threshold = 5.03829143786e-08

       Energy                       Rydberg                            eV
       E_KohnSham                -178.228495603                -2424.92308617
         E_Harris                -178.089883289                -2423.03716888
          E_Fermi              +0.0062427520544               +0.084936999141

 PW ALGORITHM --------------- ION=   1  ELEC=  23--------------------------------
Average iterative diagonalization steps: 3.83913043478 ; where current threshold is: 5.03829143786e-08 . 

 Density error is 1.66844787048e-06
                          Error Threshold = 5.03829143786e-08

       Energy                       Rydberg                            eV
       E_KohnSham                -178.228500039                -2424.92314652
         E_Harris                -178.151860334                -2423.88040985
          E_Fermi             +0.00890172875834               +0.121114233164

 PW ALGORITHM --------------- ION=   1  ELEC=  24--------------------------------
Average iterative diagonalization steps: 4.57826086957 ; where current threshold is: 6.41710719414e-09 . 

 Density error is 5.39124517582e-07
                          Error Threshold = 6.41710719414e-09

       Energy                       Rydberg                            eV
       E_KohnSham                 -178.22849996                -2424.92314544
         E_Harris                -178.205695987                -2424.61288148
          E_Fermi             +0.00963980622577               +0.131156292286

 PW ALGORITHM --------------- ION=   1  ELEC=  25--------------------------------
Average iterative diagonalization steps: 2.82173913043 ; where current threshold is: 2.07355583685e-09 . 

 Density error is 5.75126682301e-07
                          Error Threshold = 2.07355583685e-09

       Energy                       Rydberg                            eV
       E_KohnSham                -178.228501806                -2424.92317056
         E_Harris                -178.211873026                -2424.69692441
          E_Fermi             +0.00960909052048               +0.130738383676

 PW ALGORITHM --------------- ION=   1  ELEC=  26--------------------------------
Average iterative diagonalization steps: 4.7347826087 ; where current threshold is: 2.07355583685e-09 . 

 Density error is 1.87512345719e-07
                          Error Threshold = 2.07355583685e-09

       Energy                       Rydberg                            eV
       E_KohnSham                -178.228502801                 -2424.9231841
         E_Harris                -178.221294245                -2424.82510666
          E_Fermi              +0.0100117904923               +0.136217397877

 PW ALGORITHM --------------- ION=   1  ELEC=  27--------------------------------
Average iterative diagonalization steps: 5.40434782609 ; where current threshold is: 7.2120132969e-10 . 

 Density error is 2.68669066491e-08
                          Error Threshold = 7.2120132969e-10

       Energy                       Rydberg                            eV
       E_KohnSham                -178.228502935                -2424.92318593
         E_Harris                -178.227101823                -2424.90412282
          E_Fermi              +0.0102158709244               +0.138994054604

 PW ALGORITHM --------------- ION=   1  ELEC=  28--------------------------------
Average iterative diagonalization steps: 4.61739130435 ; where current threshold is: 1.03334256343e-10 . 

 Density error is 3.32060759487e-08
                          Error Threshold = 1.03334256343e-10

       Energy                       Rydberg                            eV
       E_KohnSham                -178.228503004                -2424.92318687
         E_Harris                -178.223250534                -2424.85172334
          E_Fermi              +0.0102408355518               +0.139333715785

 PW ALGORITHM --------------- ION=   1  ELEC=  29--------------------------------
Average iterative diagonalization steps: 4.52173913043 ; where current threshold is: 1.03334256343e-10 . 

 Density error is 1.08174943376e-08
                          Error Threshold = 1.03334256343e-10

       Energy                       Rydberg                            eV
       E_KohnSham                -178.228503004                -2424.92318686
         E_Harris                -178.223281181                -2424.85214032
          E_Fermi               +0.010276976002               +0.139825431837

 PW ALGORITHM --------------- ION=   1  ELEC=  30--------------------------------
Average iterative diagonalization steps: 5.44782608696 ; where current threshold is: 4.16057474524e-11 . 

 Density error is 5.58891583555e-09
                          Error Threshold = 4.16057474524e-11

           Energy                       Rydberg                            eV
       E_KohnSham                 -178.22850317                -2424.92318913
   E_KS(sigma->0)                 -178.22850317                -2424.92318913
         E_Harris                -178.225016945                -2424.87575659
           E_band                -30.3949068998                -413.543924017
       E_one_elec                 -1013.9884671                -13796.0208588
        E_Hartree                +507.710650566                +6907.75778298
             E_xc                -24.4312105934                -332.403673108
          E_Ewald                +352.480523956                +4795.74355983
   E_entropy(-TS)                            +0                            +0
          E_descf                            +0                            +0
            E_exx                            +0                            +0
          E_Fermi              +0.0102825063956               +0.139900676702

 charge density convergence is achieved
 final etot is -2424.9231891 eV
 EFERMI = 0.1399006767 eV

 STATE ENERGY(eV) AND OCCUPATIONS    NSPIN == 1
 1/10 kpoint (Cartesian) = 0.0000 0.0000 0.0000 (17099 pws)
       1       -60.8838      0.0312500
       2       -35.0305      0.0312500
       3       -34.6124      0.0312500
       4       -34.6124      0.0312500
       5       -13.7865      0.0312500
       6       -13.1831      0.0312500
       7       -5.35074      0.0312500
       8       -2.74203      0.0312500
       9       -1.35770      0.0312500
      10       -1.03823      0.0312500
      11       -1.03823      0.0312500
      12       0.139900      0.0312500
      13       0.139901      0.0312500
      14        2.71114        0.00000
      15        2.71114        0.00000
      16        3.00360        0.00000
      17        3.00360        0.00000
      18        4.92562        0.00000
      19        5.34380        0.00000
      20        5.94540        0.00000
      21        7.08127        0.00000
      22        7.60369        0.00000
      23        9.03065        0.00000

 2/10 kpoint (Cartesian) = -0.12500 0.072169 0.0000 (17074 pws)
       1       -60.8748       0.187500
       2       -35.0171       0.187500
       3       -34.6891       0.187500
       4       -34.6301       0.187500
       5       -13.5321       0.187500
       6       -12.9997       0.187500
       7       -5.00964       0.187500
       8       -2.86448       0.187500
       9       -1.63265       0.187500
      10       -1.21839       0.187500
      11      -0.759002       0.187500
      12      -0.367923       0.187500
      13      -0.236761       0.187500
      14        1.82819        0.00000
      15        2.47938        0.00000
      16        2.57005        0.00000
      17        3.17876        0.00000
      18        5.31030        0.00000
      19        5.70560        0.00000
      20        6.31531        0.00000
      21        7.50837        0.00000
      22        7.94998        0.00000
      23        9.49787        0.00000

 3/10 kpoint (Cartesian) = -0.25000 0.14434 0.0000 (17146 pws)
       1       -60.8531       0.187500
       2       -34.9846       0.187500
       3       -34.8711       0.187500
       4       -34.6728       0.187500
       5       -12.8336       0.187500
       6       -12.4978       0.187500
       7       -4.27683       0.187500
       8       -3.31511       0.187500
       9       -2.96094       0.187500
      10       -1.69380       0.187500
      11       -1.18513       0.187500
      12      -0.934403       0.187500
      13      -0.151435       0.187500
      14        1.13830        0.00000
      15        2.20613        0.00000
      16        2.50948        0.00000
      17        3.37138        0.00000
      18        6.08292        0.00000
      19        6.67710        0.00000
      20        7.02813        0.00000
      21        7.87291        0.00000
      22        8.80438        0.00000
      23        9.28000        0.00000

 4/10 kpoint (Cartesian) = -0.37500 0.21651 0.0000 (17158 pws)
       1       -60.8312       0.187500
       2       -35.0488       0.187500
       3       -34.9520       0.187500
       4       -34.7151       0.187500
       5       -11.9347       0.187500
       6       -11.8690       0.187500
       7       -4.77537       0.187500
       8       -4.33059       0.187500
       9       -3.54113       0.187500
      10       -2.44967       0.187500
      11       -1.47667       0.187500
      12       -1.15663       0.187500
      13       0.138329       0.187500
      14        1.86338        0.00000
      15        2.58382        0.00000
      16        2.85664        0.00000
      17        3.40272        0.00000
      18        6.24205        0.00000
      19        7.64557        0.00000
      20        7.72284        0.00000
      21        8.40863        0.00000
      22        8.73627        0.00000
      23        9.39054        0.00000

 5/10 kpoint (Cartesian) = 0.50000 0.86603 0.0000 (17194 pws)
       1       -60.8221      0.0937500
       2       -35.1212      0.0937500
       3       -34.9384      0.0937500
       4       -34.7325      0.0937500
       5       -11.5467      0.0937500
       6       -11.4486      0.0937500
       7       -5.48602      0.0937500
       8       -4.92584      0.0937500
       9       -3.58860      0.0937500
      10       -2.59692      0.0937500
      11       -1.67342      0.0937500
      12      -0.875589      0.0937500
      13       0.133172      0.0937500
      14        2.47136        0.00000
      15        2.99876        0.00000
      16        3.03983        0.00000
      17        3.38989        0.00000
      18        6.03703        0.00000
      19        7.66374        0.00000
      20        7.81381        0.00000
      21        8.33290        0.00000
      22        9.20276        0.00000
      23        9.91813        0.00000

 6/10 kpoint (Cartesian) = -0.25000 0.0000 0.0000 (17115 pws)
       1       -60.8595       0.187500
       2       -34.9941       0.187500
       3       -34.8097       0.187500
       4       -34.6691       0.187500
       5       -13.0542       0.187500
       6       -12.6552       0.187500
       7       -4.43419       0.187500
       8       -3.07179       0.187500
       9       -2.53695       0.187500
      10       -1.56345       0.187500
      11       -1.13100       0.187500
      12      -0.572439       0.187500
      13      -0.401870       0.187500
      14        1.08269        0.00000
      15        2.20429        0.00000
      16        2.37787        0.00000
      17        3.29896        0.00000
      18        5.91318        0.00000
      19        6.37854        0.00000
      20        6.88496        0.00000
      21        7.82861        0.00000
      22        8.58895        0.00000
      23        9.77243        0.00000

 7/10 kpoint (Cartesian) = -0.37500 0.072169 0.0000 (17169 pws)
       1       -60.8376       0.375000
       2       -34.9706       0.375000
       3       -34.9616       0.375000
       4       -34.7304       0.375000
       5       -12.2385       0.375000
       6       -12.0737       0.375000
       7       -4.10202       0.375000
       8       -3.65662       0.375000
       9       -3.43728       0.375000
      10       -2.70226       0.375000
      11       -1.45079       0.375000
      12       -1.27347       0.375000
      13      -0.195827       0.375000
      14        1.02957        0.00000
      15        2.51925        0.00000
      16        2.68365        0.00000
      17        3.33676        0.00000
      18        6.59612        0.00000
      19        7.50862        0.00000
      20        7.54147        0.00000
      21        8.46071        0.00000
      22        9.33631        0.00000
      23        9.71087        0.00000

 8/10 kpoint (Cartesian) = 0.50000 0.72169 0.0000 (17161 pws)
       1       -60.8221       0.375000
       2       -35.0816       0.375000
       3       -34.9384       0.375000
       4       -34.7743       0.375000
       5       -11.5537       0.375000
       6       -11.4820       0.375000
       7       -5.08375       0.375000
       8       -4.66056       0.375000
       9       -3.41450       0.375000
      10       -2.70541       0.375000
      11       -1.97350       0.375000
      12       -1.47810       0.375000
      13      -0.175786       0.375000
      14        2.03111        0.00000
      15        2.63385        0.00000
      16        3.08271        0.00000
      17        3.45829        0.00000
      18        6.44321        0.00000
      19        8.13568        0.00000
      20        8.37744        0.00000
      21        9.29484        0.00000
      22        9.73708        0.00000
      23        9.92577        0.00000

 9/10 kpoint (Cartesian) = 0.50000 0.57735 0.0000 (17159 pws)
       1       -60.8221       0.187500
       2       -35.0263       0.187500
       3       -34.9385       0.187500
       4       -34.8318       0.187500
       5       -11.5607       0.187500
       6       -11.5142       0.187500
       7       -4.50282       0.187500
       8       -4.21679       0.187500
       9       -3.21709       0.187500
      10       -3.15226       0.187500
      11       -2.41912       0.187500
      12       -1.98847       0.187500
      13      -0.262079       0.187500
      14        1.48100        0.00000
      15        2.08911        0.00000
      16        3.25376        0.00000
      17        3.73471        0.00000
      18        6.89163        0.00000
      19        8.37973        0.00000
      20        8.62000        0.00000
      21        9.37839        0.00000
      22        9.84359        0.00000
      23        9.89484        0.00000

 10/10 kpoint (Cartesian) = 0.37500 0.64952 0.0000 (17179 pws)
       1       -60.8157       0.187500
       2       -35.0306       0.187500
       3       -34.9289       0.187500
       4       -34.8926       0.187500
       5       -11.3085       0.187500
       6       -11.1543       0.187500
       7       -4.65439       0.187500
       8       -4.64317       0.187500
       9       -3.30531       0.187500
      10       -2.99170       0.187500
      11       -2.78398       0.187500
      12       -2.55945       0.187500
      13     -0.0350315       0.187500
      14        1.83746        0.00000
      15        2.21529        0.00000
      16        2.84427        0.00000
      17        4.04099        0.00000
      18        6.96435        0.00000
      19        8.16360        0.00000
      20        9.09642        0.00000
      21        9.65816        0.00000
      22        9.92782        0.00000
      23        10.4421        0.00000



 --------------------------------------------
 !FINAL_ETOT_IS -2424.923189125305 eV
 --------------------------------------------






  |CLASS_NAME---------|NAME---------------|TIME(Sec)-----|CALLS----|AVG------|PER%-------
                                      total         61.450        17       3.6   1.0e+02%
                 Driver         driver_line         61.434         1       61.    1.e+02%
                   Ions            opt_ions         61.205         1       61.    1.e+02%
          ESolver_KS_PW                 Run         61.205         1       61.    1.e+02%
               PW_Basis          recip2real        0.22865       219    0.0010      0.37%
              Potential  update_from_charge        0.85979        31     0.028       1.4%
              Potential           cal_v_eff        0.85509        31     0.028       1.4%
           H_Hartree_pw           v_hartree        0.12098        31    0.0039      0.20%
               PW_Basis          real2recip        0.26416       310   0.00085      0.43%
                  PotXC           cal_v_eff        0.69672        31     0.022       1.1%
          XC_Functional                v_xc        0.68020        31     0.022       1.1%
               Symmetry       rhog_symmetry        0.30851        32    0.0096      0.50%
              HSolverPW               solve         59.353        31       1.9       97.%
               Nonlocal              getvnl        0.28747       310   0.00093      0.47%
            pp_cell_vnl              getvnl        0.28714       310   0.00093      0.47%
        DiagoIterAssist      diagH_subspace         9.2291       300     0.031       15.%
             OperatorPW                hPsi         41.991     24961    0.0017       68.%
               Operator          EkineticPW        0.37668     24961   1.5e-05      0.61%
               Operator              VeffPW         38.633     24961    0.0015       63.%
             PW_Basis_K          recip2real         28.249     35591   0.00079       46.%
             PW_Basis_K    gathers_scatterp         3.3042     35591   9.3e-05       5.4%
             PW_Basis_K          real2recip         12.939     31561   0.00041       21.%
             PW_Basis_K    gatherp_scatters         2.2949     31561   7.3e-05       3.7%
               Operator          NonlocalPW         2.0814     24961   8.3e-05       3.4%
               Nonlocal     add_nonlocal_pp         1.2128     24961   4.9e-05       2.0%
        DiagoIterAssist     LAPACK_subspace        0.10872       300   0.00036      0.18%
                DiagoCG           diag_once         45.753       310      0.15       74.%
            ElecStatePW            psiToRho         3.4342        31      0.11       5.6%
                 Charge             mix_rho        0.25373        29    0.0087      0.41%
                 Charge        Pulay_mixing        0.24958        29    0.0086      0.41%
 ----------------------------------------------------------------------------------------

 NAME---------------|MEMORY(MB)--------
               total          323.3
              Psi_PW          60.34
        ChgMix::Rrho          58.59
       ChgMix::dRrho          55.66
        ChgMix::drho          55.66
           FFT::grid          11.72
       DiagSub::hpsi          6.034
    DiagSub::evctemp          6.034
    Veff<PW>::porter          5.859
   Veff<PW>::porter1          5.859
    Meta<PW>::porter          5.859
       ElecSPW::wfcr          5.859
     ElecSPW::wfcr_a          5.859
            VNL::vkb          4.460
        SF::strucFac          4.189
        PW_B_K::gcar          3.935
            Chg::rho          2.930
       Chg::rho_save          2.930
       Chg::rho_core          2.930
       Pot::veff_fix          2.930
           Pot::veff          2.930
   ChgMix::rho_save2          2.930
           VNL::vkb1          2.361
         PW_B_K::gk2          1.312
            VNL::ylm          1.181
   YlmReal::Ylm_Real          1.181
           Chg::rhog          1.047
      Chg::rhog_save          1.047
      Chg::rhog_core          1.047
 -------------   < 1.0 MB has been ignored ----------------
 ----------------------------------------------------------

 Start  Time  : Sun Dec  3 13:59:45 2023
 Finish Time  : Sun Dec  3 14:00:46 2023
 Total  Time  : 0 h 1 mins 1 secs 
