                                                                                     
                              ABACUS v3.3.2

               Atomic-orbital Based Ab-initio Computation at UStc                    

                     Website: http://abacus.ustc.edu.cn/                             
               Documentation: https://abacus.deepmodeling.com/                       
                  Repository: https://github.com/abacusmodeling/abacus-develop       
                              https://github.com/deepmodeling/abacus-develop         
                      Commit: e39b50e (Fri Aug 18 16:14:25 2023 +0800)

 Sun Dec  3 14:00:47 2023
 MAKE THE DIR         : OUT.ABACUS/

%%%%%%%%%%%%%%%%%%%%%%%%%%%%%%%%%%%%%%%%%%%%%%%%%%%%%%%%%%%%%%%%%%%%%%%%%%%%%%%%%%%%%%%%%%%%%%%%%%%%%%%%%
 Warning: the number of valence electrons in pseudopotential > 6 for Mo: [Kr] 4d5 5s1
 Pseudopotentials with additional electrons can yield (more) accurate outcomes, but may be less efficient.
 If you're confident that your chosen pseudopotential is appropriate, you can safely ignore this warning.
%%%%%%%%%%%%%%%%%%%%%%%%%%%%%%%%%%%%%%%%%%%%%%%%%%%%%%%%%%%%%%%%%%%%%%%%%%%%%%%%%%%%%%%%%%%%%%%%%%%%%%%%%

 UNIFORM GRID DIM     : 40 * 40 * 240
 UNIFORM GRID DIM(BIG): 40 * 40 * 240
 DONE(0.0680833  SEC) : SETUP UNITCELL
 DONE(0.0908911  SEC) : SYMMETRY
 DONE(0.163888   SEC) : INIT K-POINTS
 ---------------------------------------------------------
 Self-consistent calculations for electrons
 ---------------------------------------------------------
 SPIN    KPOINTS         PROCESSORS  
 1       10              1           
 ---------------------------------------------------------
 Use plane wave basis
 ---------------------------------------------------------
 ELEMENT NATOM       XC          
 Mo      1           
 S       2           
 ---------------------------------------------------------
 Initial plane wave basis and FFT box
 ---------------------------------------------------------
 DONE(0.176297   SEC) : INIT PLANEWAVE
 MEMORY FOR PSI (MB)  : 60.5849
 DONE(0.223094   SEC) : LOCAL POTENTIAL
 DONE(0.249048   SEC) : NON-LOCAL POTENTIAL
 DONE(0.249084   SEC) : INIT BASIS
 -------------------------------------------
 SELF-CONSISTENT : 
 -------------------------------------------
 START CHARGE      : atomic
 DONE(0.319545   SEC) : INIT SCF
 ITER   ETOT(eV)       EDIFF(eV)      DRHO       TIME(s)    
 CG1    -2.424687e+03  0.000000e+00   1.272e-01  9.464e+00  
 CG2    -2.424523e+03  1.640157e-01   6.549e-02  1.276e+00  
 CG3    -2.424500e+03  2.262196e-02   4.049e-02  1.453e+00  
 CG4    -2.424541e+03  -4.060645e-02  3.720e-03  1.404e+00  
 CG5    -2.424564e+03  -2.372963e-02  2.732e-03  2.242e+00  
 CG6    -2.424547e+03  1.759399e-02   3.771e-03  1.236e+00  
 CG7    -2.424539e+03  7.457818e-03   8.481e-03  1.852e+00  
 CG8    -2.424548e+03  -8.444525e-03  5.035e-04  1.281e+00  
 CG9    -2.424548e+03  -1.308929e-04  4.811e-04  1.596e+00  
 CG10   -2.424548e+03  2.279164e-04   4.872e-04  1.247e+00  
 CG11   -2.424548e+03  8.957082e-06   5.870e-04  1.473e+00  
 CG12   -2.424548e+03  -2.751235e-04  1.093e-03  1.555e+00  
 CG13   -2.424546e+03  1.786266e-03   1.229e-03  1.432e+00  
 CG14   -2.424546e+03  -1.864767e-04  4.939e-04  1.429e+00  
 CG15   -2.424546e+03  -1.129429e-05  4.305e-04  1.232e+00  
 CG16   -2.424546e+03  1.364049e-04   4.232e-04  1.236e+00  
 CG17   -2.424545e+03  1.153907e-03   3.646e-04  1.234e+00  
 CG18   -2.424548e+03  -3.451861e-03  4.700e-04  1.769e+00  
 CG19   -2.424547e+03  1.551941e-03   1.732e-03  1.564e+00  
 CG20   -2.424545e+03  1.450739e-03   9.157e-04  1.233e+00  
 CG21   -2.424546e+03  -2.524055e-04  2.565e-04  1.334e+00  
 CG22   -2.424546e+03  2.788260e-05   1.771e-04  1.389e+00  
 CG23   -2.424546e+03  8.605418e-05   1.596e-04  1.241e+00  
 CG24   -2.424546e+03  -1.799964e-06  1.411e-04  1.260e+00  
 CG25   -2.424545e+03  1.578641e-04   1.378e-04  1.236e+00  
 CG26   -2.424545e+03  2.335435e-05   7.776e-05  1.354e+00  
 CG27   -2.424545e+03  1.326779e-05   6.102e-05  1.299e+00  
 CG28   -2.424545e+03  1.168735e-05   7.311e-05  1.516e+00  
 CG29   -2.424546e+03  -1.678087e-04  7.787e-05  1.354e+00  
 CG30   -2.424546e+03  -7.613658e-05  6.973e-05  1.359e+00  
 CG31   -2.424546e+03  -3.652478e-05  3.808e-05  1.461e+00  
 CG32   -2.424546e+03  -3.274994e-05  3.425e-05  1.404e+00  
 CG33   -2.424546e+03  -2.644952e-05  3.021e-05  1.408e+00  
 CG34   -2.424546e+03  -6.694752e-06  4.052e-05  1.272e+00  
 CG35   -2.424546e+03  -4.076879e-04  5.656e-05  1.326e+00  
 CG36   -2.424546e+03  4.310341e-05   1.090e-04  2.339e+00  
 CG37   -2.424546e+03  3.348664e-04   1.659e-04  2.166e+00  
 CG38   -2.424546e+03  4.223006e-05   1.167e-04  1.939e+00  
 CG39   -2.424545e+03  2.385984e-04   9.475e-05  1.535e+00  
 CG40   -2.424545e+03  1.605116e-05   8.166e-05  1.739e+00  
 CG41   -2.424545e+03  1.443980e-05   8.528e-05  1.292e+00  
 CG42   -2.424545e+03  5.965581e-06   1.128e-04  1.534e+00  
 CG43   -2.424546e+03  -1.393954e-04  1.001e-04  1.267e+00  
 CG44   -2.424546e+03  1.392090e-05   6.663e-05  1.684e+00  
 CG45   -2.424546e+03  -1.334123e-04  7.321e-05  1.258e+00  
 CG46   -2.424546e+03  1.694743e-04   6.431e-05  1.537e+00  
 CG47   -2.424545e+03  1.104374e-04   9.105e-05  1.769e+00  
 CG48   -2.424545e+03  8.415858e-05   1.404e-04  1.807e+00  
 CG49   -2.424545e+03  -3.788898e-05  1.281e-04  1.658e+00  
 CG50   -2.424545e+03  -1.008737e-04  9.556e-05  1.547e+00  
 CG51   -2.424545e+03  -5.442532e-06  5.725e-05  1.782e+00  
 CG52   -2.424545e+03  5.529421e-05   5.585e-05  1.360e+00  
 CG53   -2.424545e+03  -1.366627e-05  1.381e-04  1.726e+00  
 CG54   -2.424546e+03  -3.695574e-04  7.801e-05  1.695e+00  
 CG55   -2.424546e+03  -1.408734e-04  4.401e-06  2.134e+00  
 CG56   -2.424546e+03  5.861684e-05   2.462e-06  2.210e+00  
 CG57   -2.424546e+03  1.842623e-04   4.010e-06  2.197e+00  
 CG58   -2.424546e+03  -1.812492e-05  1.202e-05  2.314e+00  
 CG59   -2.424546e+03  -2.909362e-05  1.080e-05  1.536e+00  
 CG60   -2.424546e+03  -1.503308e-04  9.692e-06  1.705e+00  
 CG61   -2.424546e+03  4.211839e-06   4.994e-06  2.248e+00  
 CG62   -2.424546e+03  -5.755147e-05  4.427e-06  1.785e+00  
 CG63   -2.424546e+03  6.760465e-07   2.279e-06  2.277e+00  
 CG64   -2.424546e+03  -1.916701e-06  2.135e-06  1.799e+00  
 CG65   -2.424546e+03  4.120110e-05   2.240e-06  1.668e+00  
 CG66   -2.424546e+03  -3.543445e-06  1.660e-06  2.192e+00  
 CG67   -2.424546e+03  -5.602572e-06  1.558e-06  1.268e+00  
 CG68   -2.424546e+03  -4.101113e-07  1.499e-06  1.799e+00  
 CG69   -2.424546e+03  1.533142e-06   1.532e-06  1.360e+00  
 CG70   -2.424546e+03  3.855417e-06   1.527e-06  1.539e+00  
 CG71   -2.424546e+03  1.967281e-05   1.410e-06  1.891e+00  
 CG72   -2.424546e+03  -2.676793e-05  1.843e-06  1.827e+00  
 CG73   -2.424546e+03  -4.844545e-06  1.644e-06  2.222e+00  
 CG74   -2.424546e+03  -1.590148e-05  1.462e-06  1.730e+00  
 CG75   -2.424546e+03  -3.886779e-05  1.014e-06  1.881e+00  
 CG76   -2.424546e+03  -3.758871e-05  2.108e-07  2.348e+00  
 CG77   -2.424546e+03  -1.641592e-05  5.960e-08  2.934e+00  
 CG78   -2.424546e+03  -4.917467e-06  1.606e-07  2.959e+00  
 CG79   -2.424546e+03  1.428580e-05   1.722e-07  2.486e+00  
 CG80   -2.424546e+03  5.618907e-06   1.930e-08  3.024e+00  
 CG81   -2.424546e+03  -2.022390e-06  7.467e-09  2.947e+00  

  |CLASS_NAME---------|NAME---------------|TIME(Sec)-----|CALLS----|AVG------|PER%-------
                       total               145.68         17        8.6       1e+02     %
   Driver              driver_line         145.66         1         1.5e+02   1e+02     %
   Ions                opt_ions            145.42         1         1.5e+02   1e+02     %
   ESolver_KS_PW       Run                 145.42         1         1.5e+02   1e+02     %
   PW_Basis            recip2real          0.55031        576       0.00096   0.38      %
   Potential           update_from_charge  2.0992         82        0.026     1.4       %
   Potential           cal_v_eff           2.0951         82        0.026     1.4       %
   H_Hartree_pw        v_hartree           0.31526        82        0.0038    0.22      %
   PW_Basis            real2recip          0.63044        820       0.00077   0.43      %
   PW_Basis            gatherp_scatters    0.10914        820       0.00013   0.075     %
   PotXC               cal_v_eff           1.6911         82        0.021     1.2       %
   XC_Functional       v_xc                1.6481         82        0.02      1.1       %
   Symmetry            rhog_symmetry       0.77894        83        0.0094    0.53      %
   HSolverPW           solve               140.98         82        1.7       97        %
   Nonlocal            getvnl              0.69754        820       0.00085   0.48      %
   pp_cell_vnl         getvnl              0.69682        820       0.00085   0.48      %
   DiagoIterAssist     diagH_subspace      23.993         810       0.03      16        %
   OperatorPW          hPsi                98.708         59235     0.0017    68        %
   Operator            EkineticPW          0.87124        59235     1.5e-05   0.6       %
   Operator            VeffPW              90.819         59235     0.0015    62        %
   PW_Basis_K          recip2real          67.816         87715     0.00077   47        %
   PW_Basis_K          gathers_scatterp    7.4261         87715     8.5e-05   5.1       %
   PW_Basis_K          real2recip          29.863         77055     0.00039   20        %
   PW_Basis_K          gatherp_scatters    5.9621         77055     7.7e-05   4.1       %
   Operator            NonlocalPW          5.0802         59235     8.6e-05   3.5       %
   Nonlocal            add_nonlocal_pp     3.0131         59235     5.1e-05   2.1       %
   DiagoIterAssist     LAPACK_subspace     0.28937        810       0.00036   0.2       %
   DiagoCG             diag_once           106.41         820       0.13      73        %
   ElecStatePW         psiToRho            9.2477         82        0.11      6.3       %
   Charge              mix_rho             0.56687        80        0.0071    0.39      %
   Charge              Pulay_mixing        0.55355        80        0.0069    0.38      %
 ----------------------------------------------------------------------------------------

 START  Time  : Sun Dec  3 14:00:47 2023
 FINISH Time  : Sun Dec  3 14:03:13 2023
 TOTAL  Time  : 146
 SEE INFORMATION IN : OUT.ABACUS/
