                                                                                     
                              ABACUS v3.3.2

               Atomic-orbital Based Ab-initio Computation at UStc                    

                     Website: http://abacus.ustc.edu.cn/                             
               Documentation: https://abacus.deepmodeling.com/                       
                  Repository: https://github.com/abacusmodeling/abacus-develop       
                              https://github.com/deepmodeling/abacus-develop         
                      Commit: e39b50e (Fri Aug 18 16:14:25 2023 +0800)

    Start Time is Sun Dec  3 11:46:21 2023
                                                                                     
 ------------------------------------------------------------------------------------

 READING GENERAL INFORMATION
                           global_out_dir = OUT.ABACUS/
                           global_in_card = INPUT
                               pseudo_dir = 
                              orbital_dir = 
                                    DRANK = 1
                                    DSIZE = 1
                                   DCOLOR = 1
                                    GRANK = 1
                                    GSIZE = 1
 The esolver type has been set to : ksdft_pw




 >>>>>>>>>>>>>>>>>>>>>>>>>>>>>>>>>>>>>>>>>>>>>>>>>>>>>>>>>>>>>>>>>>>>>>
 |                                                                    |
 | Reading atom information in unitcell:                              |
 | From the input file and the structure file we know the number of   |
 | different elments in this unitcell, then we list the detail        |
 | information for each element, especially the zeta and polar atomic |
 | orbital number for each element. The total atom number is counted. |
 | We calculate the nearest atom distance for each atom and show the  |
 | Cartesian and Direct coordinates for each atom. We list the file   |
 | address for atomic orbitals. The volume and the lattice vectors    |
 | in real and reciprocal space is also shown.                        |
 |                                                                    |
 <<<<<<<<<<<<<<<<<<<<<<<<<<<<<<<<<<<<<<<<<<<<<<<<<<<<<<<<<<<<<<<<<<<<<<




 READING UNITCELL INFORMATION
                                    ntype = 2
                  lattice constant (Bohr) = 6.04712
              lattice constant (Angstrom) = 3.2

 READING ATOM TYPE 1
                               atom label = Mo
                      L=0, number of zeta = 1
                      L=1, number of zeta = 1
                      L=2, number of zeta = 1
             number of atom for this type = 1

 READING ATOM TYPE 2
                               atom label = S
                      L=0, number of zeta = 1
                      L=1, number of zeta = 1
                      L=2, number of zeta = 1
             number of atom for this type = 2

                        TOTAL ATOM NUMBER = 3

 DIRECT COORDINATES
         atom                   x                   y                   z                 mag                  vx                  vy                  vz
     taud_Mo1            0.666667            0.333333                 0.1                   0                   0                   0                   0
      taud_S1                   0                   0                   0                   0                   0                   0                   0
      taud_S2                   0                   0                 0.2                   0                   0                   0                   0


                          Volume (Bohr^3) = 1196.9
                             Volume (A^3) = 177.362

 Lattice vectors: (Cartesian coordinate: in unit of a_0)
                   +1                  +0                  +0
                 -0.5           +0.866025                  +0
                   +0                  +0               +6.25
 Reciprocal vectors: (Cartesian coordinate: in unit of 2 pi/a_0)
                   +1            +0.57735                  -0
                   +0             +1.1547                  -0
                   +0                  -0               +0.16




 >>>>>>>>>>>>>>>>>>>>>>>>>>>>>>>>>>>>>>>>>>>>>>>>>>>>>>>>>>>>>>>>>>>>>>
 |                                                                    |
 | Reading pseudopotentials files:                                    |
 | The pseudopotential file is in UPF format. The 'NC' indicates that |
 | the type of pseudopotential is 'norm conserving'. Functional of    |
 | exchange and correlation is decided by 4 given parameters in UPF   |
 | file.  We also read in the 'core correction' if there exists.      |
 | Also we can read the valence electrons number and the maximal      |
 | angular momentum used in this pseudopotential. We also read in the |
 | trail wave function, trail atomic density and local-pseudopotential|
 | on logrithmic grid. The non-local pseudopotential projector is also|
 | read in if there is any.                                           |
 |                                                                    |
 <<<<<<<<<<<<<<<<<<<<<<<<<<<<<<<<<<<<<<<<<<<<<<<<<<<<<<<<<<<<<<<<<<<<<<




                PAO radial cut off (Bohr) = 15

 Read in pseudopotential file is Mo_ONCV_PBE-1.0.upf
                     pseudopotential type = NC
          exchange-correlation functional = PBE
                 nonlocal core correction = 0
                        valence electrons = 14
                                     lmax = 2
                           number of zeta = 0
                     number of projectors = 6
                           L of projector = 0
                           L of projector = 0
                           L of projector = 1
                           L of projector = 1
                           L of projector = 2
                           L of projector = 2
                PAO radial cut off (Bohr) = 15

 Read in pseudopotential file is S_ONCV_PBE-1.0.upf
                     pseudopotential type = NC
          exchange-correlation functional = PBE
                 nonlocal core correction = 0
                        valence electrons = 6
                                     lmax = 1
                           number of zeta = 0
                     number of projectors = 4
                           L of projector = 0
                           L of projector = 0
                           L of projector = 1
                           L of projector = 1
     initial pseudo atomic orbital number = 0
                                   NLOCAL = 27

%%%%%%%%%%%%%%%%%%%%%%%%%%%%%%%%%%%%%%%%%%%%%%%%%%%%%%%%%%%%%%%%%%%%%%%%%%%%%%%%%%%%%%%%%%%%%%%%%%%%%%%%%%
 Warning: the number of valence electrons in pseudopotential > 6 for Mo: [Kr] 4d5 5s1
 Pseudopotentials with additional electrons can yield (more) accurate outcomes, but may be less efficient.
 If you're confident that your chosen pseudopotential is appropriate, you can safely ignore this warning.
%%%%%%%%%%%%%%%%%%%%%%%%%%%%%%%%%%%%%%%%%%%%%%%%%%%%%%%%%%%%%%%%%%%%%%%%%%%%%%%%%%%%%%%%%%%%%%%%%%%%%%%%%%
                  

 Warning_Memory_Consuming allocated:  FFT::grid 11.8652 MB




 >>>>>>>>>>>>>>>>>>>>>>>>>>>>>>>>>>>>>>>>>>>>>>>>>>>>>>>>>>>>>>>>>>>>>>
 |                                                                    |
 | Setup plane waves of charge/potential:                             |
 | Use the energy cutoff and the lattice vectors to generate the      |
 | dimensions of FFT grid. The number of FFT grid on each processor   |
 | is 'nrxx'. The number of plane wave basis in reciprocal space is   |
 | different for charege/potential and wave functions. We also set    |
 | the 'sticks' for the parallel of FFT. The number of plane waves    |
 | is 'npw' in each processor.                                        |
 <<<<<<<<<<<<<<<<<<<<<<<<<<<<<<<<<<<<<<<<<<<<<<<<<<<<<<<<<<<<<<<<<<<<<<





 SETUP THE PLANE WAVE BASIS
 energy cutoff for charge/potential (unit:Ry) = 400
            fft grid for charge/potential = [ 40, 40, 243 ]
                        fft grid division = [ 1, 1, 1 ]
        big fft grid for charge/potential = [ 40, 40, 243 ]
                                     nbxx = 388800
                                     nrxx = 388800

 SETUP PLANE WAVES FOR CHARGE/POTENTIAL
                    number of plane waves = 161851
                         number of sticks = 1015

 PARALLEL PW FOR CHARGE/POTENTIAL
     PROC   COLUMNS(POT)             PW
        1           1015         161851
 --------------- sum -------------------
        1           1015         161851
                            number of |g| = 6998
                                  max |g| = 370.492
                                  min |g| = 0

 SETUP THE ELECTRONS NUMBER
            electron number of element Mo = 14
      total electron number of element Mo = 14
             electron number of element S = 6
       total electron number of element S = 12
            AUTOSET number of electrons:  = 26
 DONE : SETUP UNITCELL Time : 0.0769787 (SEC)





 >>>>>>>>>>>>>>>>>>>>>>>>>>>>>>>>>>>>>>>>>>>>>>>>>>>>>>>>>>>>>>>>>>>>>>
 |                                                                    |
 | Doing symmetry analysis:                                           |
 | We calculate the norm of 3 vectors and the angles between them,    |
 | the type of Bravais lattice is given. We can judge if the unticell |
 | is a primitive cell. Finally we give the point group operation for |
 | this unitcell. We use the point group operations to do symmetry |
 | analysis on given k-point mesh and the charge density.             |
 |                                                                    |
 <<<<<<<<<<<<<<<<<<<<<<<<<<<<<<<<<<<<<<<<<<<<<<<<<<<<<<<<<<<<<<<<<<<<<<




 LATTICE VECTORS: (CARTESIAN COORDINATE: IN UNIT OF A0)
                   +1                  +0                  +0
                 -0.5           +0.866025                  +0
                   +0                  +0               +6.25
                       right hand lattice = 1
                                   NORM_A = 1
                                   NORM_B = 1
                                   NORM_C = 6.25
                           ALPHA (DEGREE) = 90
                           BETA  (DEGREE) = 90
                           GAMMA (DEGREE) = 120

 The lattice vectors have been changed (STRU_SIMPLE.cif)

(for optimal symmetric configuration:)
                             BRAVAIS TYPE = 4
                     BRAVAIS LATTICE NAME = 04. Hexagonal cell
                                    ibrav = 4
                                    IBRAV = 4
                                  BRAVAIS = HEXAGONAL CELL
                       LATTICE CONSTANT A = 1
                                C/A RATIO = 6.25
Original cell was already a primitive cell.
                        ROTATION MATRICES = 24
              PURE POINT GROUP OPERATIONS = 6
                   SPACE GROUP OPERATIONS = 12
                                       C2 = 0
                                       C3 = 2
                                       C4 = 0
                                       C6 = 0
                                       S1 = 3
                                       S3 = 0
                                       S4 = 0
                                       S6 = 0
                              POINT GROUP = C_3v
                                       C2 = 3
                                       C3 = 2
                                       C4 = 0
                                       C6 = 0
                                       S1 = 4
                                       S3 = 2
                                       S4 = 0
                                       S6 = 0
               POINT GROUP IN SPACE GROUP = D_3h
 DONE : SYMMETRY Time : 0.0994358 (SEC)





 >>>>>>>>>>>>>>>>>>>>>>>>>>>>>>>>>>>>>>>>>>>>>>>>>>>>>>>>>>>>>>>>>>>>>>
 |                                                                    |
 | Setup K-points                                                     |
 | We setup the k-points according to input parameters.               |
 | The reduced k-points are set according to symmetry operations.     |
 | We treat the spin as another set of k-points.                      |
 |                                                                    |
 <<<<<<<<<<<<<<<<<<<<<<<<<<<<<<<<<<<<<<<<<<<<<<<<<<<<<<<<<<<<<<<<<<<<<<





 SETUP K-POINTS
                                    nspin = 1
                   Input type of k points = Monkhorst-Pack(Gamma)
                                   nkstot = 64
                       right hand lattice = 1
(for reciprocal lattice: )
                             BRAVAIS TYPE = 4
                     BRAVAIS LATTICE NAME = 04. Hexagonal cell
                                    ibrav = 4
                       right hand lattice = 1
(for k-lattice: )
                             BRAVAIS TYPE = 4
                     BRAVAIS LATTICE NAME = 04. Hexagonal cell
                                    ibrav = 4
                       right hand lattice = 1
                        ROTATION MATRICES = 24
                               nkstot_ibz = 10
      IBZ             DirectX             DirectY             DirectZ              Weight    ibz2bz
        1                   0                   0                   0            0.015625         0
        2              -0.125               0.125                   0             0.09375         1
        3               -0.25                0.25                   0             0.09375         2
        4              -0.375               0.375                   0             0.09375         3
        5                 0.5                 0.5                   0            0.046875         4
        6               -0.25               0.125                   0             0.09375         9
        7              -0.375                0.25                   0              0.1875        10
        8                 0.5               0.375                   0              0.1875        11
        9                 0.5                0.25                   0             0.09375        18
       10               0.375               0.375                   0             0.09375        19
                               nkstot now = 10

  KPOINTS            DIRECT_X            DIRECT_Y            DIRECT_Z              WEIGHT
        1                   0                   0                   0            0.015625
        2              -0.125               0.125                   0             0.09375
        3               -0.25                0.25                   0             0.09375
        4              -0.375               0.375                   0             0.09375
        5                 0.5                 0.5                   0            0.046875
        6               -0.25               0.125                   0             0.09375
        7              -0.375                0.25                   0              0.1875
        8                 0.5               0.375                   0              0.1875
        9                 0.5                0.25                   0             0.09375
       10               0.375               0.375                   0             0.09375

           k-point number in this process = 10
       minimum distributed K point number = 10

  KPOINTS         CARTESIAN_X         CARTESIAN_Y         CARTESIAN_Z              WEIGHT
        1                   0                   0                   0             0.03125
        2              -0.125           0.0721688                   0              0.1875
        3               -0.25            0.144338                   0              0.1875
        4              -0.375            0.216506                   0              0.1875
        5                 0.5            0.866025                   0             0.09375
        6               -0.25                   0                   0              0.1875
        7              -0.375           0.0721688                   0               0.375
        8                 0.5            0.721688                   0               0.375
        9                 0.5             0.57735                   0              0.1875
       10               0.375            0.649519                   0              0.1875

  KPOINTS            DIRECT_X            DIRECT_Y            DIRECT_Z              WEIGHT
        1                   0                   0                   0             0.03125
        2              -0.125               0.125                   0              0.1875
        3               -0.25                0.25                   0              0.1875
        4              -0.375               0.375                   0              0.1875
        5                 0.5                 0.5                   0             0.09375
        6               -0.25               0.125                   0              0.1875
        7              -0.375                0.25                   0               0.375
        8                 0.5               0.375                   0               0.375
        9                 0.5                0.25                   0              0.1875
       10               0.375               0.375                   0              0.1875
 DONE : INIT K-POINTS Time : 0.164314 (SEC)





 >>>>>>>>>>>>>>>>>>>>>>>>>>>>>>>>>>>>>>>>>>>>>>>>>>>>>>>>>>>>>>>>>>>>>>
 |                                                                    |
 | Setup plane waves of wave functions:                               |
 | Use the energy cutoff and the lattice vectors to generate the      |
 | dimensions of FFT grid. The number of FFT grid on each processor   |
 | is 'nrxx'. The number of plane wave basis in reciprocal space is   |
 | different for charege/potential and wave functions. We also set    |
 | the 'sticks' for the parallel of FFT. The number of plane wave of  |
 | each k-point is 'npwk[ik]' in each processor                       |
 <<<<<<<<<<<<<<<<<<<<<<<<<<<<<<<<<<<<<<<<<<<<<<<<<<<<<<<<<<<<<<<<<<<<<<





 SETUP PLANE WAVES FOR WAVE FUNCTIONS
     energy cutoff for wavefunc (unit:Ry) = 100
              fft grid for wave functions = [ 40, 40, 243 ]
                    number of plane waves = 27289
                         number of sticks = 313

 PARALLEL PW FOR WAVE FUNCTIONS
     PROC   COLUMNS(POT)             PW
        1            313          27289
 --------------- sum -------------------
        1            313          27289
 DONE : INIT PLANEWAVE Time : 0.178375 (SEC)

                           occupied bands = 13
                                   NBANDS = 23
                                     npwx = 20365

 Warning_Memory_Consuming allocated:  Psi_PW 71.4714 MB

 SETUP NONLOCAL PSEUDOPOTENTIALS IN PLANE WAVE BASIS
 Mo non-local projectors:
 projector 1 L=0
 projector 2 L=0
 projector 3 L=1
 projector 4 L=1
 projector 5 L=2
 projector 6 L=2
 S non-local projectors:
 projector 1 L=0
 projector 2 L=0
 projector 3 L=1
 projector 4 L=1
      TOTAL NUMBER OF NONLOCAL PROJECTORS = 34

 Warning_Memory_Consuming allocated:  VNL::vkb 5.28267 MB
 DONE : LOCAL POTENTIAL Time : 0.226035 (SEC)


 Init Non-Local PseudoPotential table : 
 Init Non-Local-Pseudopotential done.
 DONE : NON-LOCAL POTENTIAL Time : 0.252587 (SEC)


 Make real space PAO into reciprocal space.
       max mesh points in Pseudopotential = 601
     dq(describe PAO in reciprocal space) = 0.01
                                    max q = 1206

 number of pseudo atomic orbitals for Mo is 0

 number of pseudo atomic orbitals for S is 0
 DONE : INIT BASIS Time : 0.252683 (SEC)


 -------------------------------------------
 SELF-CONSISTENT
 -------------------------------------------

 Warning_Memory_Consuming allocated:  Veff<PW>::porter 5.93262 MB

 Warning_Memory_Consuming allocated:  Veff<PW>::porter1 5.93262 MB

 Warning_Memory_Consuming allocated:  Meta<PW>::porter 5.93262 MB
                                 init_chg = atomic
 DONE : INIT SCF Time : 0.350684 (SEC)


 PW ALGORITHM --------------- ION=   1  ELEC=   1--------------------------------

 Warning_Memory_Consuming allocated:  DiagSub::hpsi 7.14714 MB

 Warning_Memory_Consuming allocated:  DiagSub::evctemp 7.14714 MB
Average iterative diagonalization steps: 10.5565 ; where current threshold is: 0.01 . 

 Warning_Memory_Consuming allocated:  ElecSPW::wfcr 5.93262 MB

 Warning_Memory_Consuming allocated:  ElecSPW::wfcr_a 5.93262 MB

 Warning_Memory_Consuming allocated:  ChgMix::Rrho 59.3262 MB

 Warning_Memory_Consuming allocated:  ChgMix::dRrho 56.3599 MB

 Warning_Memory_Consuming allocated:  ChgMix::drho 56.3599 MB

 Density error is 0.415052672017
                          Error Threshold = 0.01

       Energy                       Rydberg                            eV
       E_KohnSham                -178.062090432                -2422.65902767
         E_Harris                -178.110525863                -2423.31802551
          E_Fermi               -0.074022505037                -1.00712784874

 PW ALGORITHM --------------- ION=   1  ELEC=   2--------------------------------
Average iterative diagonalization steps: 2.87391304348 ; where current threshold is: 0.00159635643083 . 

 Density error is 0.0584008471117
                          Error Threshold = 0.00159635643083

       Energy                       Rydberg                            eV
       E_KohnSham                -178.151567472                -2423.87642525
         E_Harris                -188.735958687                -2567.88445563
          E_Fermi              -0.0890783465755                -1.21197308185

 PW ALGORITHM --------------- ION=   1  ELEC=   3--------------------------------
Average iterative diagonalization steps: 3.40869565217 ; where current threshold is: 0.000224618642737 . 

 Density error is 0.0352178522709
                          Error Threshold = 0.000224618642737

       Energy                       Rydberg                            eV
       E_KohnSham                -178.150668761                -2423.86419766
         E_Harris                -177.918075078                -2420.69959826
          E_Fermi               -0.094521521029                -1.28603126962

 PW ALGORITHM --------------- ION=   1  ELEC=   4--------------------------------
Average iterative diagonalization steps: 2.62173913043 ; where current threshold is: 0.000135453277965 . 

 Density error is 0.0120193156967
                          Error Threshold = 0.000135453277965

       Energy                       Rydberg                            eV
       E_KohnSham                -178.151166873                -2423.87097483
         E_Harris                -175.210746352                -2383.86450123
          E_Fermi              -0.0935320283546                -1.27256853112

 PW ALGORITHM --------------- ION=   1  ELEC=   5--------------------------------
Average iterative diagonalization steps: 3.50434782609 ; where current threshold is: 4.62281372951e-05 . 

 Density error is 0.00273466723013
                          Error Threshold = 4.62281372951e-05

       Energy                       Rydberg                            eV
       E_KohnSham                -178.153880073                -2423.90788981
         E_Harris                 -175.58237936                -2388.92082769
          E_Fermi              -0.0910488165666                -1.23878270146

 PW ALGORITHM --------------- ION=   1  ELEC=   6--------------------------------
Average iterative diagonalization steps: 2.59130434783 ; where current threshold is: 1.05179508851e-05 . 

 Density error is 0.00190770798336
                          Error Threshold = 1.05179508851e-05

       Energy                       Rydberg                            eV
       E_KohnSham                -178.153517781                -2423.90296056
         E_Harris                -177.767008221                -2418.64422821
          E_Fermi              -0.0890550155695                -1.21165564722

 PW ALGORITHM --------------- ION=   1  ELEC=   7--------------------------------
Average iterative diagonalization steps: 3.03043478261 ; where current threshold is: 7.33733839754e-06 . 

 Density error is 0.00284425634556
                          Error Threshold = 7.33733839754e-06

       Energy                       Rydberg                            eV
       E_KohnSham                -178.153462525                -2423.90220877
         E_Harris                -177.895149841                -2420.38768441
          E_Fermi              -0.0825391933647                -1.12300333808

 PW ALGORITHM --------------- ION=   1  ELEC=   8--------------------------------
Average iterative diagonalization steps: 2.00434782609 ; where current threshold is: 7.33733839754e-06 . 

 Density error is 0.000429914809003
                          Error Threshold = 7.33733839754e-06

       Energy                       Rydberg                            eV
       E_KohnSham                -178.153513521                -2423.90290261
         E_Harris                -178.587403692                -2429.80628124
          E_Fermi              -0.0838258756177                -1.14050954824

 PW ALGORITHM --------------- ION=   1  ELEC=   9--------------------------------
Average iterative diagonalization steps: 3.32173913043 ; where current threshold is: 1.65351849616e-06 . 

 Density error is 0.000367152895833
                          Error Threshold = 1.65351849616e-06

       Energy                       Rydberg                            eV
       E_KohnSham                -178.153522373                -2423.90302304
         E_Harris                -177.801970023                -2419.11990794
          E_Fermi              -0.0832277297351                  -1.132371356

 PW ALGORITHM --------------- ION=   1  ELEC=  10--------------------------------
Average iterative diagonalization steps: 2.87826086957 ; where current threshold is: 1.41212652243e-06 . 

 Density error is 0.000237356226189
                          Error Threshold = 1.41212652243e-06

       Energy                       Rydberg                            eV
       E_KohnSham                -178.153511823                -2423.90287951
         E_Harris                 -177.42356334                -2413.97142088
          E_Fermi              -0.0808452101122                -1.09995551353

 PW ALGORITHM --------------- ION=   1  ELEC=  11--------------------------------
Average iterative diagonalization steps: 3.36956521739 ; where current threshold is: 9.12908562264e-07 . 

 Density error is 0.00014440183614
                          Error Threshold = 9.12908562264e-07

       Energy                       Rydberg                            eV
       E_KohnSham                -178.153520602                -2423.90299894
         E_Harris                -177.821569877                -2419.38657763
          E_Fermi              -0.0789835324817                -1.07462608992

 PW ALGORITHM --------------- ION=   1  ELEC=  12--------------------------------
Average iterative diagonalization steps: 2.08260869565 ; where current threshold is: 5.5539167746e-07 . 

 Density error is 0.00013788570335
                          Error Threshold = 5.5539167746e-07

       Energy                       Rydberg                            eV
       E_KohnSham                 -178.15352471                -2423.90305484
         E_Harris                -177.773338403                -2418.73035477
          E_Fermi              -0.0787954932723                -1.07206768522

 PW ALGORITHM --------------- ION=   1  ELEC=  13--------------------------------
Average iterative diagonalization steps: 2.04782608696 ; where current threshold is: 5.3032962827e-07 . 

 Density error is 0.000146142304206
                          Error Threshold = 5.3032962827e-07

       Energy                       Rydberg                            eV
       E_KohnSham                -178.153504944                -2423.90278591
         E_Harris                -177.758946499                -2418.53454287
          E_Fermi              -0.0791976268992                -1.07753899391

 PW ALGORITHM --------------- ION=   1  ELEC=  14--------------------------------
Average iterative diagonalization steps: 3.22608695652 ; where current threshold is: 5.3032962827e-07 . 

 Density error is 8.66517906172e-05
                          Error Threshold = 5.3032962827e-07

       Energy                       Rydberg                            eV
       E_KohnSham                -178.153507124                -2423.90281557
         E_Harris                -177.780623305                -2418.82947095
          E_Fermi              -0.0769339779379                -1.04674046976

 PW ALGORITHM --------------- ION=   1  ELEC=  15--------------------------------
Average iterative diagonalization steps: 2.34347826087 ; where current threshold is: 3.33276117759e-07 . 

 Density error is 7.99839095455e-05
                          Error Threshold = 3.33276117759e-07

       Energy                       Rydberg                            eV
       E_KohnSham                 -178.15350784                -2423.90282531
         E_Harris                -177.792070808                -2418.98522221
          E_Fermi              -0.0765477877254                -1.04148608236

 PW ALGORITHM --------------- ION=   1  ELEC=  16--------------------------------
Average iterative diagonalization steps: 2 ; where current threshold is: 3.07630421329e-07 . 

 Density error is 7.8334753233e-05
                          Error Threshold = 3.07630421329e-07

       Energy                       Rydberg                            eV
       E_KohnSham                -178.153508533                -2423.90283474
         E_Harris                -177.806631016                -2419.18332399
          E_Fermi               -0.076455282672                -1.04022748654

 PW ALGORITHM --------------- ION=   1  ELEC=  17--------------------------------
Average iterative diagonalization steps: 2 ; where current threshold is: 3.01287512435e-07 . 

 Density error is 8.05451479572e-05
                          Error Threshold = 3.01287512435e-07

       Energy                       Rydberg                            eV
       E_KohnSham                -178.153503165                 -2423.9027617
         E_Harris                -177.802619427                -2419.12874353
          E_Fermi              -0.0766204745938                -1.04247503794

 PW ALGORITHM --------------- ION=   1  ELEC=  18--------------------------------
Average iterative diagonalization steps: 3.4347826087 ; where current threshold is: 3.01287512435e-07 . 

 Density error is 4.60980447157e-05
                          Error Threshold = 3.01287512435e-07

       Energy                       Rydberg                            eV
       E_KohnSham                -178.153505462                -2423.90279296
         E_Harris                -177.895633625                -2420.39426662
          E_Fermi              -0.0738474644078                 -1.0047462988

 PW ALGORITHM --------------- ION=   1  ELEC=  19--------------------------------
Average iterative diagonalization steps: 2.31739130435 ; where current threshold is: 1.77300171983e-07 . 

 Density error is 4.61686619807e-05
                          Error Threshold = 1.77300171983e-07

       Energy                       Rydberg                            eV
       E_KohnSham                -178.153506324                -2423.90280469
         E_Harris                -177.911723309                -2420.61317801
          E_Fermi              -0.0735017913212                -1.00004317518

 PW ALGORITHM --------------- ION=   1  ELEC=  20--------------------------------
Average iterative diagonalization steps: 2.03913043478 ; where current threshold is: 1.77300171983e-07 . 

 Density error is 4.52290063962e-05
                          Error Threshold = 1.77300171983e-07

       Energy                       Rydberg                            eV
       E_KohnSham                -178.153509517                -2423.90284813
         E_Harris                -177.886655534                -2420.27211343
          E_Fermi              -0.0733330020953               -0.997746679942

 PW ALGORITHM --------------- ION=   1  ELEC=  21--------------------------------
Average iterative diagonalization steps: 2.48260869565 ; where current threshold is: 1.73957716908e-07 . 

 Density error is 3.89623194463e-05
                          Error Threshold = 1.73957716908e-07

       Energy                       Rydberg                            eV
       E_KohnSham                -178.153512854                -2423.90289352
         E_Harris                -177.890767669                 -2420.3280619
          E_Fermi              -0.0730637608054               -0.994083464262

 PW ALGORITHM --------------- ION=   1  ELEC=  22--------------------------------
Average iterative diagonalization steps: 3.0347826087 ; where current threshold is: 1.49855074793e-07 . 

 Density error is 2.65086758793e-05
                          Error Threshold = 1.49855074793e-07

       Energy                       Rydberg                            eV
       E_KohnSham                -178.153515691                -2423.90293213
         E_Harris                -177.938730735                -2420.98063289
          E_Fermi              -0.0716532385294               -0.974892324153

 PW ALGORITHM --------------- ION=   1  ELEC=  23--------------------------------
Average iterative diagonalization steps: 2.63043478261 ; where current threshold is: 1.0195644569e-07 . 

 Density error is 2.29507605579e-05
                          Error Threshold = 1.0195644569e-07

       Energy                       Rydberg                            eV
       E_KohnSham                -178.153518104                -2423.90296496
         E_Harris                -177.959092669                -2421.25767121
          E_Fermi              -0.0713182091363               -0.970334015409

 PW ALGORITHM --------------- ION=   1  ELEC=  24--------------------------------
Average iterative diagonalization steps: 2.3347826087 ; where current threshold is: 8.82721559918e-08 . 

 Density error is 1.77624235375e-05
                          Error Threshold = 8.82721559918e-08

       Energy                       Rydberg                            eV
       E_KohnSham                -178.153521793                -2423.90301515
         E_Harris                -177.979610962                -2421.53683691
          E_Fermi              -0.0708153919414               -0.963492836506

 PW ALGORITHM --------------- ION=   1  ELEC=  25--------------------------------
Average iterative diagonalization steps: 2.71304347826 ; where current threshold is: 6.83170136057e-08 . 

 Density error is 1.3389390025e-05
                          Error Threshold = 6.83170136057e-08

       Energy                       Rydberg                            eV
       E_KohnSham                -178.153522296                -2423.90302199
         E_Harris                -178.020271084                -2422.09004625
          E_Fermi              -0.0701306341435               -0.954176228704

 PW ALGORITHM --------------- ION=   1  ELEC=  26--------------------------------
Average iterative diagonalization steps: 2.59565217391 ; where current threshold is: 5.14976539421e-08 . 

 Density error is 1.20633997732e-05
                          Error Threshold = 5.14976539421e-08

       Energy                       Rydberg                            eV
       E_KohnSham                 -178.15352517                -2423.90306109
         E_Harris                -178.030367746                -2422.22741838
          E_Fermi              -0.0698754825327               -0.950704712944

 PW ALGORITHM --------------- ION=   1  ELEC=  27--------------------------------
Average iterative diagonalization steps: 2.97391304348 ; where current threshold is: 4.63976914354e-08 . 

 Density error is 8.61389711199e-06
                          Error Threshold = 4.63976914354e-08

       Energy                       Rydberg                            eV
       E_KohnSham                -178.153528014                -2423.90309979
         E_Harris                 -178.03947426                -2422.35131886
          E_Fermi              -0.0692594691203               -0.942323420491

 PW ALGORITHM --------------- ION=   1  ELEC=  28--------------------------------
Average iterative diagonalization steps: 2.87391304348 ; where current threshold is: 3.31303735076e-08 . 

 Density error is 6.24170271752e-06
                          Error Threshold = 3.31303735076e-08

       Energy                       Rydberg                            eV
       E_KohnSham                -178.153542436                -2423.90329602
         E_Harris                -178.058350322                -2422.60814086
          E_Fermi              -0.0687482143102               -0.935367441944

 PW ALGORITHM --------------- ION=   1  ELEC=  29--------------------------------
Average iterative diagonalization steps: 4.58260869565 ; where current threshold is: 2.40065489136e-08 . 

 Density error is 1.96740762303e-07
                          Error Threshold = 2.40065489136e-08

       Energy                       Rydberg                            eV
       E_KohnSham                -178.153543015                 -2423.9033039
         E_Harris                -178.122007744                -2423.47424452
          E_Fermi              -0.0663549239815               -0.902805056505

 PW ALGORITHM --------------- ION=   1  ELEC=  30--------------------------------
Average iterative diagonalization steps: 5.18695652174 ; where current threshold is: 7.56695239626e-10 . 

 Density error is 2.27283329031e-07
                          Error Threshold = 7.56695239626e-10

       Energy                       Rydberg                            eV
       E_KohnSham                -178.153543318                -2423.90330802
         E_Harris                -178.137582094                -2423.68614442
          E_Fermi              -0.0664537362663               -0.904149466612

 PW ALGORITHM --------------- ION=   1  ELEC=  31--------------------------------
Average iterative diagonalization steps: 3.50434782609 ; where current threshold is: 7.56695239626e-10 . 

 Density error is 1.73041306721e-07
                          Error Threshold = 7.56695239626e-10

       Energy                       Rydberg                            eV
       E_KohnSham                -178.153543985                -2423.90331709
         E_Harris                -178.138767266                -2423.70226951
          E_Fermi              -0.0664003860057               -0.903423599077

 PW ALGORITHM --------------- ION=   1  ELEC=  32--------------------------------
Average iterative diagonalization steps: 4.38695652174 ; where current threshold is: 6.65543487389e-10 . 

 Density error is 1.15111774471e-07
                          Error Threshold = 6.65543487389e-10

       Energy                       Rydberg                            eV
       E_KohnSham                -178.153544474                -2423.90332374
         E_Harris                -178.141712144                -2423.74233664
          E_Fermi              -0.0663202217064                -0.90233290783

 PW ALGORITHM --------------- ION=   1  ELEC=  33--------------------------------
Average iterative diagonalization steps: 4.25217391304 ; where current threshold is: 4.42737594121e-10 . 

 Density error is 6.27831574062e-08
                          Error Threshold = 4.42737594121e-10

       Energy                       Rydberg                            eV
       E_KohnSham                 -178.15354451                -2423.90332424
         E_Harris                -178.143130865                -2423.76163932
          E_Fermi              -0.0662182676164               -0.900945751272

 PW ALGORITHM --------------- ION=   1  ELEC=  34--------------------------------
Average iterative diagonalization steps: 4.22608695652 ; where current threshold is: 2.41473682332e-10 . 

 Density error is 6.45428231611e-08
                          Error Threshold = 2.41473682332e-10

       Energy                       Rydberg                            eV
       E_KohnSham                -178.153545061                -2423.90333173
         E_Harris                 -178.14382052                -2423.77102256
          E_Fermi              -0.0662283331188               -0.901082699458

 PW ALGORITHM --------------- ION=   1  ELEC=  35--------------------------------
Average iterative diagonalization steps: 4.89130434783 ; where current threshold is: 2.41473682332e-10 . 

 Density error is 1.67325603407e-08
                          Error Threshold = 2.41473682332e-10

       Energy                       Rydberg                            eV
       E_KohnSham                -178.153545458                -2423.90333714
         E_Harris                -178.147585543                -2423.82224832
          E_Fermi              -0.0660928984847               -0.899240016727

 PW ALGORITHM --------------- ION=   1  ELEC=  36--------------------------------
Average iterative diagonalization steps: 5.9652173913 ; where current threshold is: 6.43560013103e-11 . 

 Density error is 1.20080601041e-09
                          Error Threshold = 6.43560013103e-11

           Energy                       Rydberg                            eV
       E_KohnSham                -178.153545451                -2423.90333704
   E_KS(sigma->0)                -178.153545451                -2423.90333704
         E_Harris                -178.153182241                 -2423.8983953
           E_band                -31.8786845044                -433.731754004
       E_one_elec                -994.081265017                -13525.1694793
        E_Hartree                 +496.81437896                +6759.50640219
             E_xc                -24.1384466809                -328.420415729
          E_Ewald                +343.251787287                +4670.18015578
   E_entropy(-TS)                            +0                            +0
          E_descf                            +0                            +0
            E_exx                            +0                            +0
          E_Fermi                -0.06592213595                -0.89691667325

 charge density convergence is achieved
 final etot is -2423.903337 eV
 EFERMI = -0.89691667325 eV

 STATE ENERGY(eV) AND OCCUPATIONS    NSPIN == 1
 1/10 kpoint (Cartesian) = 0.0000 0.0000 0.0000 (20365 pws)
       1       -62.0944      0.0312500
       2       -36.1517      0.0312500
       3       -35.8801      0.0312500
       4       -35.8801      0.0312500
       5       -13.9167      0.0312500
       6       -13.5047      0.0312500
       7       -5.68147      0.0312500
       8       -3.32490      0.0312500
       9       -2.03229      0.0312500
      10       -1.81260      0.0312500
      11       -1.81260      0.0312500
      12      -0.896917      0.0312500
      13      -0.896917      0.0312500
      14        1.14926        0.00000
      15        1.14926        0.00000
      16        1.44590        0.00000
      17        1.44590        0.00000
      18        3.59459        0.00000
      19        4.52176        0.00000
      20        4.84225        0.00000
      21        5.76619        0.00000
      22        6.45995        0.00000
      23        7.58131        0.00000

 2/10 kpoint (Cartesian) = -0.12500 0.072169 0.0000 (20277 pws)
       1       -62.0899       0.187500
       2       -36.1449       0.187500
       3       -35.9232       0.187500
       4       -35.8904       0.187500
       5       -13.7173       0.187500
       6       -13.3522       0.187500
       7       -5.39034       0.187500
       8       -3.40850       0.187500
       9       -2.32535       0.187500
      10       -1.92773       0.187500
      11       -1.59533       0.187500
      12       -1.33386       0.187500
      13       -1.19331       0.187500
      14       0.455649        0.00000
      15       0.984711        0.00000
      16        1.08787        0.00000
      17        1.57230        0.00000
      18        4.02452        0.00000
      19        4.85142        0.00000
      20        5.15483        0.00000
      21        6.05565        0.00000
      22        6.80116        0.00000
      23        8.14960        0.00000

 3/10 kpoint (Cartesian) = -0.25000 0.14434 0.0000 (20221 pws)
       1       -62.0793       0.187500
       2       -36.1284       0.187500
       3       -36.0260       0.187500
       4       -35.9152       0.187500
       5       -13.1783       0.187500
       6       -12.9418       0.187500
       7       -4.72526       0.187500
       8       -3.73472       0.187500
       9       -3.54055       0.187500
      10       -2.51570       0.187500
      11       -1.91266       0.187500
      12       -1.75637       0.187500
      13       -1.13246       0.187500
      14    -0.00928607        0.00000
      15       0.794541        0.00000
      16        1.07057        0.00000
      17        1.72255        0.00000
      18        4.49852        0.00000
      19        5.72794        0.00000
      20        5.82589        0.00000
      21        6.67682        0.00000
      22        7.64929        0.00000
      23        8.07749        0.00000

 4/10 kpoint (Cartesian) = -0.37500 0.21651 0.0000 (20180 pws)
       1       -62.0686       0.187500
       2       -36.1274       0.187500
       3       -36.1119       0.187500
       4       -35.9398       0.187500
       5       -12.5154       0.187500
       6       -12.4464       0.187500
       7       -5.02238       0.187500
       8       -4.59520       0.187500
       9       -4.05917       0.187500
      10       -3.14026       0.187500
      11       -2.20285       0.187500
      12       -1.91530       0.187500
      13      -0.920528       0.187500
      14       0.603565        0.00000
      15        1.08207        0.00000
      16        1.39676        0.00000
      17        1.76049        0.00000
      18        4.48106        0.00000
      19        6.33028        0.00000
      20        6.75849        0.00000
      21        7.27646        0.00000
      22        7.55190        0.00000
      23        8.21296        0.00000

 5/10 kpoint (Cartesian) = 0.50000 0.86603 0.0000 (20202 pws)
       1       -62.0641      0.0937500
       2       -36.1689      0.0937500
       3       -36.1050      0.0937500
       4       -35.9499      0.0937500
       5       -12.2037      0.0937500
       6       -12.1806      0.0937500
       7       -5.58853      0.0937500
       8       -5.09881      0.0937500
       9       -4.01569      0.0937500
      10       -3.24407      0.0937500
      11       -2.36633      0.0937500
      12       -1.72759      0.0937500
      13      -0.927224      0.0937500
      14        1.10874        0.00000
      15        1.38290        0.00000
      16        1.57345        0.00000
      17        1.75743        0.00000
      18        4.43371        0.00000
      19        5.90821        0.00000
      20        6.74501        0.00000
      21        7.26912        0.00000
      22        8.09438        0.00000
      23        8.81168        0.00000

 6/10 kpoint (Cartesian) = -0.25000 0.0000 0.0000 (20231 pws)
       1       -62.0824       0.187500
       2       -36.1332       0.187500
       3       -35.9913       0.187500
       4       -35.9127       0.187500
       5       -13.3468       0.187500
       6       -13.0694       0.187500
       7       -4.88784       0.187500
       8       -3.54980       0.187500
       9       -3.14294       0.187500
      10       -2.34058       0.187500
      11       -1.87514       0.187500
      12       -1.49560       0.187500
      13       -1.31886       0.187500
      14     -0.0894180        0.00000
      15       0.807857        0.00000
      16       0.946729        0.00000
      17        1.67722        0.00000
      18        4.47544        0.00000
      19        5.45284        0.00000
      20        5.63703        0.00000
      21        6.48405        0.00000
      22        7.39518        0.00000
      23        8.55460        0.00000

 7/10 kpoint (Cartesian) = -0.37500 0.072169 0.0000 (20213 pws)
       1       -62.0717       0.375000
       2       -36.1167       0.375000
       3       -36.0829       0.375000
       4       -35.9479       0.375000
       5       -12.7334       0.375000
       6       -12.6051       0.375000
       7       -4.43611       0.375000
       8       -4.08149       0.375000
       9       -4.01579       0.375000
      10       -3.30775       0.375000
      11       -2.13178       0.375000
      12       -2.08496       0.375000
      13       -1.15949       0.375000
      14     -0.0698186        0.00000
      15        1.10735        0.00000
      16        1.17364        0.00000
      17        1.72467        0.00000
      18        4.73511        0.00000
      19        6.37587        0.00000
      20        6.49994        0.00000
      21        7.33717        0.00000
      22        8.18082        0.00000
      23        8.46415        0.00000

 8/10 kpoint (Cartesian) = 0.50000 0.72169 0.0000 (20198 pws)
       1       -62.0641       0.375000
       2       -36.1464       0.375000
       3       -36.1050       0.375000
       4       -35.9732       0.375000
       5       -12.2092       0.375000
       6       -12.1987       0.375000
       7       -5.25548       0.375000
       8       -4.86396       0.375000
       9       -3.91232       0.375000
      10       -3.30893       0.375000
      11       -2.63399       0.375000
      12       -2.22533       0.375000
      13       -1.12903       0.375000
      14       0.715018        0.00000
      15        1.23703        0.00000
      16        1.48031        0.00000
      17        1.83187        0.00000
      18        4.75977        0.00000
      19        6.45769        0.00000
      20        7.22226        0.00000
      21        8.06314        0.00000
      22        8.37092        0.00000
      23        8.73643        0.00000

 9/10 kpoint (Cartesian) = 0.50000 0.57735 0.0000 (20230 pws)
       1       -62.0641       0.187500
       2       -36.1149       0.187500
       3       -36.1051       0.187500
       4       -36.0054       0.187500
       5       -12.2165       0.187500
       6       -12.2147       0.187500
       7       -4.76027       0.187500
       8       -4.47205       0.187500
       9       -3.80121       0.187500
      10       -3.67907       0.187500
      11       -2.95333       0.187500
      12       -2.71744       0.187500
      13       -1.16115       0.187500
      14       0.278447        0.00000
      15       0.832180        0.00000
      16        1.59960        0.00000
      17        2.00953        0.00000
      18        5.09985        0.00000
      19        6.98068        0.00000
      20        7.44135        0.00000
      21        7.82367        0.00000
      22        8.64681        0.00000
      23        8.74974        0.00000

 10/10 kpoint (Cartesian) = 0.37500 0.64952 0.0000 (20166 pws)
       1       -62.0610       0.187500
       2       -36.1175       0.187500
       3       -36.1002       0.187500
       4       -36.0399       0.187500
       5       -12.0314       0.187500
       6       -11.9729       0.187500
       7       -4.86429       0.187500
       8       -4.78859       0.187500
       9       -3.75716       0.187500
      10       -3.47500       0.187500
      11       -3.40425       0.187500
      12       -3.22547       0.187500
      13      -0.973076       0.187500
      14       0.658088        0.00000
      15       0.830553        0.00000
      16        1.31241        0.00000
      17        2.22170        0.00000
      18        5.41822        0.00000
      19        6.45407        0.00000
      20        7.89030        0.00000
      21        8.18343        0.00000
      22        8.82958        0.00000
      23        9.08314        0.00000



 --------------------------------------------
 !FINAL_ETOT_IS -2423.903337035940 eV
 --------------------------------------------






  |CLASS_NAME---------|NAME---------------|TIME(Sec)-----|CALLS----|AVG------|PER%-------
                                      total         85.323        17       5.0   1.0e+02%
                 Driver         driver_line         85.307         1       85.    1.e+02%
                   Ions            opt_ions         85.055         1       85.    1.e+02%
          ESolver_KS_PW                 Run         85.055         1       85.    1.e+02%
               PW_Basis          recip2real        0.35473       260    0.0014      0.42%
              Potential  update_from_charge         1.1515        37     0.031       1.3%
              Potential           cal_v_eff         1.1463        37     0.031       1.3%
           H_Hartree_pw           v_hartree        0.17142        37    0.0046      0.20%
               PW_Basis          real2recip        0.45564       367    0.0012      0.53%
                  PotXC           cal_v_eff        0.92611        37     0.025       1.1%
          XC_Functional                v_xc        0.90390        37     0.024       1.1%
               Symmetry       rhog_symmetry        0.40643        37     0.011      0.48%
              HSolverPW               solve         82.603        36       2.3       97.%
               Nonlocal              getvnl        0.33448       360   0.00093      0.39%
            pp_cell_vnl              getvnl        0.33416       360   0.00093      0.39%
        DiagoIterAssist      diagH_subspace         14.567       360     0.040       17.%
             OperatorPW                hPsi         62.586     28024    0.0022       73.%
               Operator          EkineticPW        0.42045     28024   1.5e-05      0.49%
               Operator              VeffPW         58.828     28024    0.0021       69.%
             PW_Basis_K          recip2real         41.711     40624    0.0010       49.%
             PW_Basis_K    gathers_scatterp         6.5101     40624   0.00016       7.6%
             PW_Basis_K          real2recip         21.204     35944   0.00059       25.%
             PW_Basis_K    gatherp_scatters         2.6762     35944   7.4e-05       3.1%
               Operator          NonlocalPW         2.3897     28024   8.5e-05       2.8%
               Nonlocal     add_nonlocal_pp         1.4176     28024   5.1e-05       1.7%
        DiagoIterAssist     LAPACK_subspace        0.13227       360   0.00037      0.16%
                DiagoCG           diag_once         61.811       360      0.17       72.%
            ElecStatePW            psiToRho         5.2251        36      0.15       6.1%
                 Charge             mix_rho        0.33126        35    0.0095      0.39%
                 Charge        Pulay_mixing        0.32583        35    0.0093      0.38%
 ----------------------------------------------------------------------------------------

 NAME---------------|MEMORY(MB)--------
               total          343.5
              Psi_PW          71.47
        ChgMix::Rrho          59.33
       ChgMix::dRrho          56.36
        ChgMix::drho          56.36
           FFT::grid          11.87
       DiagSub::hpsi          7.147
    DiagSub::evctemp          7.147
    Veff<PW>::porter          5.933
   Veff<PW>::porter1          5.933
    Meta<PW>::porter          5.933
       ElecSPW::wfcr          5.933
     ElecSPW::wfcr_a          5.933
            VNL::vkb          5.283
        SF::strucFac          4.939
        PW_B_K::gcar          4.661
            Chg::rho          2.966
       Chg::rho_save          2.966
       Chg::rho_core          2.966
       Pot::veff_fix          2.966
           Pot::veff          2.966
   ChgMix::rho_save2          2.966
           VNL::vkb1          2.797
         PW_B_K::gk2          1.554
            VNL::ylm          1.398
   YlmReal::Ylm_Real          1.398
           Chg::rhog          1.235
      Chg::rhog_save          1.235
      Chg::rhog_core          1.235
 -------------   < 1.0 MB has been ignored ----------------
 ----------------------------------------------------------

 Start  Time  : Sun Dec  3 11:46:21 2023
 Finish Time  : Sun Dec  3 11:47:46 2023
 Total  Time  : 0 h 1 mins 25 secs 
