                                                                                     
                              ABACUS v3.3.2

               Atomic-orbital Based Ab-initio Computation at UStc                    

                     Website: http://abacus.ustc.edu.cn/                             
               Documentation: https://abacus.deepmodeling.com/                       
                  Repository: https://github.com/abacusmodeling/abacus-develop       
                              https://github.com/deepmodeling/abacus-develop         
                      Commit: e39b50e (Fri Aug 18 16:14:25 2023 +0800)

    Start Time is Sat Dec  2 15:28:17 2023
                                                                                     
 ------------------------------------------------------------------------------------

 READING GENERAL INFORMATION
                           global_out_dir = OUT.ABACUS/
                           global_in_card = INPUT
                               pseudo_dir = 
                              orbital_dir = 
                                    DRANK = 1
                                    DSIZE = 1
                                   DCOLOR = 1
                                    GRANK = 1
                                    GSIZE = 1
 The esolver type has been set to : ksdft_pw




 >>>>>>>>>>>>>>>>>>>>>>>>>>>>>>>>>>>>>>>>>>>>>>>>>>>>>>>>>>>>>>>>>>>>>>
 |                                                                    |
 | Reading atom information in unitcell:                              |
 | From the input file and the structure file we know the number of   |
 | different elments in this unitcell, then we list the detail        |
 | information for each element, especially the zeta and polar atomic |
 | orbital number for each element. The total atom number is counted. |
 | We calculate the nearest atom distance for each atom and show the  |
 | Cartesian and Direct coordinates for each atom. We list the file   |
 | address for atomic orbitals. The volume and the lattice vectors    |
 | in real and reciprocal space is also shown.                        |
 |                                                                    |
 <<<<<<<<<<<<<<<<<<<<<<<<<<<<<<<<<<<<<<<<<<<<<<<<<<<<<<<<<<<<<<<<<<<<<<




 READING UNITCELL INFORMATION
                                    ntype = 2
                  lattice constant (Bohr) = 6.01361
              lattice constant (Angstrom) = 3.18226

 READING ATOM TYPE 1
                               atom label = Mo
                      L=0, number of zeta = 1
                      L=1, number of zeta = 1
                      L=2, number of zeta = 1
             number of atom for this type = 1

 READING ATOM TYPE 2
                               atom label = S
                      L=0, number of zeta = 1
                      L=1, number of zeta = 1
                      L=2, number of zeta = 1
             number of atom for this type = 2

                        TOTAL ATOM NUMBER = 3

 CARTESIAN COORDINATES ( UNIT = 6.01361 Bohr ).
         atom                   x                   y                   z                 mag                  vx                  vy                  vz
     tauc_Mo1      0.499999563584      0.288675091973       2.89260288735                   0                   0                   0                   0
      tauc_S1                   0                   0       3.47112346482                   0                   0                   0                   0
      tauc_S2                   0                   0       2.31408230988                   0                   0                   0                   0


                          Volume (Bohr^3) = 1089.56844204
                             Volume (A^3) = 161.457192167

 Lattice vectors: (Cartesian coordinate: in unit of a_0)
                   +1                  +0                  +0
                 -0.5     +0.866025403784                  +0
                   +0                  +0      +5.78520358955
 Reciprocal vectors: (Cartesian coordinate: in unit of 2 pi/a_0)
                   +1      +0.57735026919                  -0
                   +0      +1.15470053838                  -0
                   +0                  -0     +0.172854763799




 >>>>>>>>>>>>>>>>>>>>>>>>>>>>>>>>>>>>>>>>>>>>>>>>>>>>>>>>>>>>>>>>>>>>>>
 |                                                                    |
 | Reading pseudopotentials files:                                    |
 | The pseudopotential file is in UPF format. The 'NC' indicates that |
 | the type of pseudopotential is 'norm conserving'. Functional of    |
 | exchange and correlation is decided by 4 given parameters in UPF   |
 | file.  We also read in the 'core correction' if there exists.      |
 | Also we can read the valence electrons number and the maximal      |
 | angular momentum used in this pseudopotential. We also read in the |
 | trail wave function, trail atomic density and local-pseudopotential|
 | on logrithmic grid. The non-local pseudopotential projector is also|
 | read in if there is any.                                           |
 |                                                                    |
 <<<<<<<<<<<<<<<<<<<<<<<<<<<<<<<<<<<<<<<<<<<<<<<<<<<<<<<<<<<<<<<<<<<<<<




                PAO radial cut off (Bohr) = 15

 Read in pseudopotential file is Mo_ONCV_PBE-1.0.upf
                     pseudopotential type = NC
          exchange-correlation functional = PBE
                 nonlocal core correction = 0
                        valence electrons = 14
                                     lmax = 2
                           number of zeta = 0
                     number of projectors = 6
                           L of projector = 0
                           L of projector = 0
                           L of projector = 1
                           L of projector = 1
                           L of projector = 2
                           L of projector = 2
                PAO radial cut off (Bohr) = 15

 Read in pseudopotential file is S_ONCV_PBE-1.0.upf
                     pseudopotential type = NC
          exchange-correlation functional = PBE
                 nonlocal core correction = 0
                        valence electrons = 6
                                     lmax = 1
                           number of zeta = 0
                     number of projectors = 4
                           L of projector = 0
                           L of projector = 0
                           L of projector = 1
                           L of projector = 1
     initial pseudo atomic orbital number = 0
                                   NLOCAL = 27

%%%%%%%%%%%%%%%%%%%%%%%%%%%%%%%%%%%%%%%%%%%%%%%%%%%%%%%%%%%%%%%%%%%%%%%%%%%%%%%%%%%%%%%%%%%%%%%%%%%%%%%%%%
 Warning: the number of valence electrons in pseudopotential > 6 for Mo: [Kr] 4d5 5s1
 Pseudopotentials with additional electrons can yield (more) accurate outcomes, but may be less efficient.
 If you're confident that your chosen pseudopotential is appropriate, you can safely ignore this warning.
%%%%%%%%%%%%%%%%%%%%%%%%%%%%%%%%%%%%%%%%%%%%%%%%%%%%%%%%%%%%%%%%%%%%%%%%%%%%%%%%%%%%%%%%%%%%%%%%%%%%%%%%%%
                  

 Warning_Memory_Consuming allocated:  FFT::grid 10.986328125 MB




 >>>>>>>>>>>>>>>>>>>>>>>>>>>>>>>>>>>>>>>>>>>>>>>>>>>>>>>>>>>>>>>>>>>>>>
 |                                                                    |
 | Setup plane waves of charge/potential:                             |
 | Use the energy cutoff and the lattice vectors to generate the      |
 | dimensions of FFT grid. The number of FFT grid on each processor   |
 | is 'nrxx'. The number of plane wave basis in reciprocal space is   |
 | different for charege/potential and wave functions. We also set    |
 | the 'sticks' for the parallel of FFT. The number of plane waves    |
 | is 'npw' in each processor.                                        |
 <<<<<<<<<<<<<<<<<<<<<<<<<<<<<<<<<<<<<<<<<<<<<<<<<<<<<<<<<<<<<<<<<<<<<<





 SETUP THE PLANE WAVE BASIS
 energy cutoff for charge/potential (unit:Ry) = 400
            fft grid for charge/potential = [ 40, 40, 225 ]
                        fft grid division = [ 1, 1, 1 ]
        big fft grid for charge/potential = [ 40, 40, 225 ]
                                     nbxx = 360000
                                     nrxx = 360000

 SETUP PLANE WAVES FOR CHARGE/POTENTIAL
                    number of plane waves = 147179
                         number of sticks = 1003

 PARALLEL PW FOR CHARGE/POTENTIAL
     PROC   COLUMNS(POT)             PW
        1           1003         147179
 --------------- sum -------------------
        1           1003         147179
                            number of |g| = 6765
                                  max |g| = 366.383439331
                                  min |g| = 0

 SETUP THE ELECTRONS NUMBER
            electron number of element Mo = 14
      total electron number of element Mo = 14
             electron number of element S = 6
       total electron number of element S = 12
            AUTOSET number of electrons:  = 26
 DONE : SETUP UNITCELL Time : 0.0731564145535 (SEC)





 >>>>>>>>>>>>>>>>>>>>>>>>>>>>>>>>>>>>>>>>>>>>>>>>>>>>>>>>>>>>>>>>>>>>>>
 |                                                                    |
 | Doing symmetry analysis:                                           |
 | We calculate the norm of 3 vectors and the angles between them,    |
 | the type of Bravais lattice is given. We can judge if the unticell |
 | is a primitive cell. Finally we give the point group operation for |
 | this unitcell. We use the point group operations to do symmetry |
 | analysis on given k-point mesh and the charge density.             |
 |                                                                    |
 <<<<<<<<<<<<<<<<<<<<<<<<<<<<<<<<<<<<<<<<<<<<<<<<<<<<<<<<<<<<<<<<<<<<<<




 LATTICE VECTORS: (CARTESIAN COORDINATE: IN UNIT OF A0)
                   +1                  +0                  +0
                 -0.5     +0.866025403784                  +0
                   +0                  +0      +5.78520358955
                       right hand lattice = 1
                                   NORM_A = 1
                                   NORM_B = 1
                                   NORM_C = 5.78520358955
                           ALPHA (DEGREE) = 90
                           BETA  (DEGREE) = 90
                           GAMMA (DEGREE) = 120

 The lattice vectors have been changed (STRU_SIMPLE.cif)

(for optimal symmetric configuration:)
                             BRAVAIS TYPE = 4
                     BRAVAIS LATTICE NAME = 04. Hexagonal cell
                                    ibrav = 4
                                    IBRAV = 4
                                  BRAVAIS = HEXAGONAL CELL
                       LATTICE CONSTANT A = 1
                                C/A RATIO = 5.78520358955
Original cell was already a primitive cell.
                        ROTATION MATRICES = 24
              PURE POINT GROUP OPERATIONS = 12
                   SPACE GROUP OPERATIONS = 12
                                       C2 = 3
                                       C3 = 2
                                       C4 = 0
                                       C6 = 0
                                       S1 = 4
                                       S3 = 2
                                       S4 = 0
                                       S6 = 0
                              POINT GROUP = D_3h
                                       C2 = 3
                                       C3 = 2
                                       C4 = 0
                                       C6 = 0
                                       S1 = 4
                                       S3 = 2
                                       S4 = 0
                                       S6 = 0
               POINT GROUP IN SPACE GROUP = D_3h
 DONE : SYMMETRY Time : 0.0956430658698 (SEC)





 >>>>>>>>>>>>>>>>>>>>>>>>>>>>>>>>>>>>>>>>>>>>>>>>>>>>>>>>>>>>>>>>>>>>>>
 |                                                                    |
 | Setup K-points                                                     |
 | We setup the k-points according to input parameters.               |
 | The reduced k-points are set according to symmetry operations.     |
 | We treat the spin as another set of k-points.                      |
 |                                                                    |
 <<<<<<<<<<<<<<<<<<<<<<<<<<<<<<<<<<<<<<<<<<<<<<<<<<<<<<<<<<<<<<<<<<<<<<





 SETUP K-POINTS
                                    nspin = 1
                   Input type of k points = Monkhorst-Pack(Gamma)
                                   nkstot = 64
                       right hand lattice = 1
(for reciprocal lattice: )
                             BRAVAIS TYPE = 4
                     BRAVAIS LATTICE NAME = 04. Hexagonal cell
                                    ibrav = 4
                       right hand lattice = 1
(for k-lattice: )
                             BRAVAIS TYPE = 4
                     BRAVAIS LATTICE NAME = 04. Hexagonal cell
                                    ibrav = 4
                       right hand lattice = 1
                        ROTATION MATRICES = 24
                               nkstot_ibz = 10
      IBZ             DirectX             DirectY             DirectZ              Weight    ibz2bz
        1                   0                   0                   0            0.015625         0
        2              -0.125               0.125                   0             0.09375         1
        3               -0.25                0.25                   0             0.09375         2
        4              -0.375               0.375                   0             0.09375         3
        5                 0.5                 0.5                   0            0.046875         4
        6               -0.25               0.125                   0             0.09375         9
        7              -0.375                0.25                   0              0.1875        10
        8                 0.5               0.375                   0              0.1875        11
        9                 0.5                0.25                   0             0.09375        18
       10               0.375               0.375                   0             0.09375        19
                               nkstot now = 10

  KPOINTS            DIRECT_X            DIRECT_Y            DIRECT_Z              WEIGHT
        1                   0                   0                   0            0.015625
        2              -0.125               0.125                   0             0.09375
        3               -0.25                0.25                   0             0.09375
        4              -0.375               0.375                   0             0.09375
        5                 0.5                 0.5                   0            0.046875
        6               -0.25               0.125                   0             0.09375
        7              -0.375                0.25                   0              0.1875
        8                 0.5               0.375                   0              0.1875
        9                 0.5                0.25                   0             0.09375
       10               0.375               0.375                   0             0.09375

           k-point number in this process = 10
       minimum distributed K point number = 10

  KPOINTS         CARTESIAN_X         CARTESIAN_Y         CARTESIAN_Z              WEIGHT
        1                   0                   0                   0             0.03125
        2              -0.125     0.0721687836487                   0              0.1875
        3               -0.25      0.144337567297                   0              0.1875
        4              -0.375      0.216506350946                   0              0.1875
        5                 0.5      0.866025403784                   0             0.09375
        6               -0.25                   0                   0              0.1875
        7              -0.375     0.0721687836487                   0               0.375
        8                 0.5      0.721687836487                   0               0.375
        9                 0.5       0.57735026919                   0              0.1875
       10               0.375      0.649519052838                   0              0.1875

  KPOINTS            DIRECT_X            DIRECT_Y            DIRECT_Z              WEIGHT
        1                   0                   0                   0             0.03125
        2              -0.125               0.125                   0              0.1875
        3               -0.25                0.25                   0              0.1875
        4              -0.375               0.375                   0              0.1875
        5                 0.5                 0.5                   0             0.09375
        6               -0.25               0.125                   0              0.1875
        7              -0.375                0.25                   0               0.375
        8                 0.5               0.375                   0               0.375
        9                 0.5                0.25                   0              0.1875
       10               0.375               0.375                   0              0.1875
 DONE : INIT K-POINTS Time : 0.160625500605 (SEC)





 >>>>>>>>>>>>>>>>>>>>>>>>>>>>>>>>>>>>>>>>>>>>>>>>>>>>>>>>>>>>>>>>>>>>>>
 |                                                                    |
 | Setup plane waves of wave functions:                               |
 | Use the energy cutoff and the lattice vectors to generate the      |
 | dimensions of FFT grid. The number of FFT grid on each processor   |
 | is 'nrxx'. The number of plane wave basis in reciprocal space is   |
 | different for charege/potential and wave functions. We also set    |
 | the 'sticks' for the parallel of FFT. The number of plane wave of  |
 | each k-point is 'npwk[ik]' in each processor                       |
 <<<<<<<<<<<<<<<<<<<<<<<<<<<<<<<<<<<<<<<<<<<<<<<<<<<<<<<<<<<<<<<<<<<<<<





 SETUP PLANE WAVES FOR WAVE FUNCTIONS
     energy cutoff for wavefunc (unit:Ry) = 100
              fft grid for wave functions = [ 40, 40, 225 ]
                    number of plane waves = 24747
                         number of sticks = 301

 PARALLEL PW FOR WAVE FUNCTIONS
     PROC   COLUMNS(POT)             PW
        1            301          24747
 --------------- sum -------------------
        1            301          24747
 DONE : INIT PLANEWAVE Time : 0.173616429791 (SEC)

                           occupied bands = 13
                                   NBANDS = 23
                                     npwx = 18507

 Warning_Memory_Consuming allocated:  Psi_PW 64.9507141113 MB

 SETUP NONLOCAL PSEUDOPOTENTIALS IN PLANE WAVE BASIS
 Mo non-local projectors:
 projector 1 L=0
 projector 2 L=0
 projector 3 L=1
 projector 4 L=1
 projector 5 L=2
 projector 6 L=2
 S non-local projectors:
 projector 1 L=0
 projector 2 L=0
 projector 3 L=1
 projector 4 L=1
      TOTAL NUMBER OF NONLOCAL PROJECTORS = 34
 DONE : LOCAL POTENTIAL Time : 0.224265268072 (SEC)


 Init Non-Local PseudoPotential table : 
 Init Non-Local-Pseudopotential done.
 DONE : NON-LOCAL POTENTIAL Time : 0.249949045479 (SEC)


 Make real space PAO into reciprocal space.
       max mesh points in Pseudopotential = 601
     dq(describe PAO in reciprocal space) = 0.01
                                    max q = 1206

 number of pseudo atomic orbitals for Mo is 0

 number of pseudo atomic orbitals for S is 0
 DONE : INIT BASIS Time : 0.249986506999 (SEC)


 -------------------------------------------
 SELF-CONSISTENT
 -------------------------------------------

 Warning_Memory_Consuming allocated:  Veff<PW>::porter 5.4931640625 MB

 Warning_Memory_Consuming allocated:  Veff<PW>::porter1 5.4931640625 MB

 Warning_Memory_Consuming allocated:  Meta<PW>::porter 5.4931640625 MB
                                 init_chg = atomic
 DONE : INIT SCF Time : 0.344279 (SEC)


 PW ALGORITHM --------------- ION=   1  ELEC=   1--------------------------------

 Warning_Memory_Consuming allocated:  DiagSub::hpsi 6.49507 MB

 Warning_Memory_Consuming allocated:  DiagSub::evctemp 6.49507 MB
Average iterative diagonalization steps: 10.4 ; where current threshold is: 0.01 . 

 Warning_Memory_Consuming allocated:  ElecSPW::wfcr 5.49316 MB

 Warning_Memory_Consuming allocated:  ElecSPW::wfcr_a 5.49316 MB
 Notice: Threshold on eigenvalues was too large.
 hsover_error=0.26 > DRHO=0.249834
 Origin diag_ethr = 0.01
 New    diag_ethr = 0.000960901
Average iterative diagonalization steps: 5.8087 ; where current threshold is: 0.000960901 . 

 Warning_Memory_Consuming allocated:  ChgMix::Rrho 54.9316 MB

 Warning_Memory_Consuming allocated:  ChgMix::dRrho 52.1851 MB

 Warning_Memory_Consuming allocated:  ChgMix::drho 52.1851 MB

 Density error is 0.172681677089
                          Error Threshold = 0.000960901230087

       Energy                       Rydberg                            eV
       E_KohnSham                -178.254909913                -2425.28247129
         E_Harris                -178.276609218                -2425.57770549
          E_Fermi               -0.044417727546               -0.604334186837

 PW ALGORITHM --------------- ION=   1  ELEC=   2--------------------------------
Average iterative diagonalization steps: 2 ; where current threshold is: 0.000664160296495 . 

 Density error is 0.0760385836671
                          Error Threshold = 0.000664160296495

       Energy                       Rydberg                            eV
       E_KohnSham                -178.241889675                -2425.10532187
         E_Harris                 -182.12674428                -2477.96148039
          E_Fermi              -0.0576537510955               -0.784419525972

 PW ALGORITHM --------------- ION=   1  ELEC=   3--------------------------------
Average iterative diagonalization steps: 2.6 ; where current threshold is: 0.000292456091027 . 

 Density error is 0.0436839682813
                          Error Threshold = 0.000292456091027

       Energy                       Rydberg                            eV
       E_KohnSham                -178.245481216                -2425.15418729
         E_Harris                -178.564046106                -2429.48848498
          E_Fermi              -0.0763867174865                -1.03929460933

 PW ALGORITHM --------------- ION=   1  ELEC=   4--------------------------------
Average iterative diagonalization steps: 2.50434782609 ; where current threshold is: 0.000168015262621 . 

 Density error is 0.0118948743457
                          Error Threshold = 0.000168015262621

       Energy                       Rydberg                            eV
       E_KohnSham                -178.247666798                -2425.18392366
         E_Harris                -173.812225527                -2364.83664923
          E_Fermi              -0.0556924485436               -0.757734635764

 PW ALGORITHM --------------- ION=   1  ELEC=   5--------------------------------
Average iterative diagonalization steps: 3.33043478261 ; where current threshold is: 4.57495167144e-05 . 

 Density error is 0.00238192865363
                          Error Threshold = 4.57495167144e-05

       Energy                       Rydberg                            eV
       E_KohnSham                -178.250074944                -2425.21668817
         E_Harris                -178.313006479                -2426.07291563
          E_Fermi               -0.057763969071               -0.785919118461

 PW ALGORITHM --------------- ION=   1  ELEC=   6--------------------------------
Average iterative diagonalization steps: 2.81739130435 ; where current threshold is: 9.16126405242e-06 . 

 Density error is 0.00335403138959
                          Error Threshold = 9.16126405242e-06

       Energy                       Rydberg                            eV
       E_KohnSham                -178.248979111                -2425.20177859
         E_Harris                -177.588696372                -2416.21817105
          E_Fermi              -0.0593181418025               -0.807064723286

 PW ALGORITHM --------------- ION=   1  ELEC=   7--------------------------------
Average iterative diagonalization steps: 3.4 ; where current threshold is: 9.16126405242e-06 . 

 Density error is 0.00737051568551
                          Error Threshold = 9.16126405242e-06

       Energy                       Rydberg                            eV
       E_KohnSham                -178.249053161                -2425.20278609
         E_Harris                -176.905351688                -2406.92078966
          E_Fermi              -0.0449588340091               -0.611696317959

 PW ALGORITHM --------------- ION=   1  ELEC=   8--------------------------------
Average iterative diagonalization steps: 2.59130434783 ; where current threshold is: 9.16126405242e-06 . 

 Density error is 0.000560916365152
                          Error Threshold = 9.16126405242e-06

       Energy                       Rydberg                            eV
       E_KohnSham                -178.249923107                -2425.21462231
         E_Harris                -179.134387363                -2437.24837588
          E_Fermi              -0.0524263117766               -0.713296565286

 PW ALGORITHM --------------- ION=   1  ELEC=   9--------------------------------
Average iterative diagonalization steps: 2.66086956522 ; where current threshold is: 2.1573706352e-06 . 

 Density error is 0.000395774981422
                          Error Threshold = 2.1573706352e-06

       Energy                       Rydberg                            eV
       E_KohnSham                -178.249861985                -2425.21379071
         E_Harris                -177.350584443                -2412.97849205
          E_Fermi              -0.0512510959142               -0.697306933177

 PW ALGORITHM --------------- ION=   1  ELEC=  10--------------------------------
Average iterative diagonalization steps: 3.06086956522 ; where current threshold is: 1.52221146701e-06 . 

 Density error is 0.000202994858057
                          Error Threshold = 1.52221146701e-06

       Energy                       Rydberg                            eV
       E_KohnSham                -178.249859968                -2425.21376326
         E_Harris                -177.536695488                -2415.51066273
          E_Fermi              -0.0476033035013               -0.647676171241

 PW ALGORITHM --------------- ION=   1  ELEC=  11--------------------------------
Average iterative diagonalization steps: 2.29565217391 ; where current threshold is: 7.80749454067e-07 . 

 Density error is 0.000177040542048
                          Error Threshold = 7.80749454067e-07

       Energy                       Rydberg                            eV
       E_KohnSham                -178.249855466                -2425.21370201
         E_Harris                -177.736927754                -2418.23496247
          E_Fermi              -0.0465169376601               -0.632895405688

 PW ALGORITHM --------------- ION=   1  ELEC=  12--------------------------------
Average iterative diagonalization steps: 2.54347826087 ; where current threshold is: 6.80925161724e-07 . 

 Density error is 0.000170345368261
                          Error Threshold = 6.80925161724e-07

       Energy                       Rydberg                            eV
       E_KohnSham                -178.249817903                -2425.21319094
         E_Harris                -177.878393714                 -2420.1597056
          E_Fermi               -0.045462851122               -0.618553822585

 PW ALGORITHM --------------- ION=   1  ELEC=  13--------------------------------
Average iterative diagonalization steps: 3.18695652174 ; where current threshold is: 6.55174493311e-07 . 

 Density error is 9.77867984324e-05
                          Error Threshold = 6.55174493311e-07

       Energy                       Rydberg                            eV
       E_KohnSham                -178.249832328                 -2425.2133872
         E_Harris                -177.986278989                -2421.62756007
          E_Fermi              -0.0435071436714               -0.591945057636

 PW ALGORITHM --------------- ION=   1  ELEC=  14--------------------------------
Average iterative diagonalization steps: 2.15652173913 ; where current threshold is: 3.76103070894e-07 . 

 Density error is 9.45361490864e-05
                          Error Threshold = 3.76103070894e-07

       Energy                       Rydberg                            eV
       E_KohnSham                 -178.24983086                -2425.21336724
         E_Harris                -177.865507303                -2419.98437697
          E_Fermi              -0.0434701728988               -0.591442044469

 PW ALGORITHM --------------- ION=   1  ELEC=  15--------------------------------
Average iterative diagonalization steps: 2.15217391304 ; where current threshold is: 3.63600573409e-07 . 

 Density error is 8.72664127307e-05
                          Error Threshold = 3.63600573409e-07

       Energy                       Rydberg                            eV
       E_KohnSham                -178.249828176                -2425.21333072
         E_Harris                -177.888750285                -2420.30061398
          E_Fermi              -0.0429267073757               -0.584047816688

 PW ALGORITHM --------------- ION=   1  ELEC=  16--------------------------------
Average iterative diagonalization steps: 2.73043478261 ; where current threshold is: 3.35640048964e-07 . 

 Density error is 6.16486024505e-05
                          Error Threshold = 3.35640048964e-07

       Energy                       Rydberg                            eV
       E_KohnSham                -178.249832324                -2425.21338715
         E_Harris                -177.926787216                -2420.81813297
          E_Fermi              -0.0413228735475                -0.56222653798

 PW ALGORITHM --------------- ION=   1  ELEC=  17--------------------------------
Average iterative diagonalization steps: 2.12608695652 ; where current threshold is: 2.37110009425e-07 . 

 Density error is 5.74451344998e-05
                          Error Threshold = 2.37110009425e-07

       Energy                       Rydberg                            eV
       E_KohnSham                -178.249835245                -2425.21342689
         E_Harris                -177.958273059                -2421.24651985
          E_Fermi               -0.041146774697               -0.559830590202

 PW ALGORITHM --------------- ION=   1  ELEC=  18--------------------------------
Average iterative diagonalization steps: 2.55217391304 ; where current threshold is: 2.20942824999e-07 . 

 Density error is 4.05115537547e-05
                          Error Threshold = 2.20942824999e-07

       Energy                       Rydberg                            eV
       E_KohnSham                 -178.24983798                 -2425.2134641
         E_Harris                -178.019020888                -2422.07303645
          E_Fermi               -0.039685749097               -0.539952317117

 PW ALGORITHM --------------- ION=   1  ELEC=  19--------------------------------
Average iterative diagonalization steps: 2.65652173913 ; where current threshold is: 1.55813668287e-07 . 

 Density error is 3.2139508496e-05
                          Error Threshold = 1.55813668287e-07

       Energy                       Rydberg                            eV
       E_KohnSham                -178.249838179                -2425.21346682
         E_Harris                -178.066933569                -2422.72492192
          E_Fermi              -0.0389851487773               -0.530420160748

 PW ALGORITHM --------------- ION=   1  ELEC=  20--------------------------------
Average iterative diagonalization steps: 2 ; where current threshold is: 1.23613494216e-07 . 

 Density error is 3.21860927881e-05
                          Error Threshold = 1.23613494216e-07

       Energy                       Rydberg                            eV
       E_KohnSham                -178.249838236                -2425.21346759
         E_Harris                -178.057034061                -2422.59023221
          E_Fermi              -0.0389813996012               -0.530369150591

 PW ALGORITHM --------------- ION=   1  ELEC=  21--------------------------------
Average iterative diagonalization steps: 2 ; where current threshold is: 1.23613494216e-07 . 

 Density error is 3.22852488633e-05
                          Error Threshold = 1.23613494216e-07

       Energy                       Rydberg                            eV
       E_KohnSham                -178.249839174                -2425.21348035
         E_Harris                -178.055792861                -2422.57334482
          E_Fermi              -0.0389897874191               -0.530483272708

 PW ALGORITHM --------------- ION=   1  ELEC=  22--------------------------------
Average iterative diagonalization steps: 2 ; where current threshold is: 1.23613494216e-07 . 

 Density error is 3.11085753267e-05
                          Error Threshold = 1.23613494216e-07

       Energy                       Rydberg                            eV
       E_KohnSham                -178.249845282                -2425.21356345
         E_Harris                -178.058330885                -2422.60787641
          E_Fermi              -0.0389015635683               -0.529282925638

 PW ALGORITHM --------------- ION=   1  ELEC=  23--------------------------------
Average iterative diagonalization steps: 2.9347826087 ; where current threshold is: 1.19648366641e-07 . 

 Density error is 2.0682942885e-05
                          Error Threshold = 1.19648366641e-07

       Energy                       Rydberg                            eV
       E_KohnSham                -178.249846692                -2425.21358264
         E_Harris                -178.081590094                -2422.92433417
          E_Fermi              -0.0377772426359               -0.513985754577

 PW ALGORITHM --------------- ION=   1  ELEC=  24--------------------------------
Average iterative diagonalization steps: 2.04347826087 ; where current threshold is: 7.95497803269e-08 . 

 Density error is 1.98170397671e-05
                          Error Threshold = 7.95497803269e-08

       Energy                       Rydberg                            eV
       E_KohnSham                -178.249849204                -2425.21361682
         E_Harris                 -178.09131735                -2423.05668029
          E_Fermi              -0.0376702626821               -0.512530217634

 PW ALGORITHM --------------- ION=   1  ELEC=  25--------------------------------
Average iterative diagonalization steps: 2.53043478261 ; where current threshold is: 7.62193837196e-08 . 

 Density error is 1.56234742727e-05
                          Error Threshold = 7.62193837196e-08

       Energy                       Rydberg                            eV
       E_KohnSham                -178.249868133                -2425.21387435
         E_Harris                -178.106925316                -2423.26903755
          E_Fermi              -0.0371177934053               -0.505013487499

 PW ALGORITHM --------------- ION=   1  ELEC=  26--------------------------------
Average iterative diagonalization steps: 4.05217391304 ; where current threshold is: 6.00902856643e-08 . 

 Density error is 3.1920044584e-06
                          Error Threshold = 6.00902856643e-08

       Energy                       Rydberg                            eV
       E_KohnSham                -178.249869426                -2425.21389195
         E_Harris                -178.187278456                -2424.36229812
          E_Fermi              -0.0341959257949               -0.465259439195

 PW ALGORITHM --------------- ION=   1  ELEC=  27--------------------------------
Average iterative diagonalization steps: 3.21304347826 ; where current threshold is: 1.22769402246e-08 . 

 Density error is 3.17451462187e-06
                          Error Threshold = 1.22769402246e-08

       Energy                       Rydberg                            eV
       E_KohnSham                -178.249870917                -2425.21391224
         E_Harris                -178.232091524                -2424.97201118
          E_Fermi              -0.0340652081719               -0.463480934694

 PW ALGORITHM --------------- ION=   1  ELEC=  28--------------------------------
Average iterative diagonalization steps: 3.30434782609 ; where current threshold is: 1.22096716226e-08 . 

 Density error is 3.36316743373e-06
                          Error Threshold = 1.22096716226e-08

       Energy                       Rydberg                            eV
       E_KohnSham                -178.249874767                -2425.21396461
         E_Harris                -178.240751195                -2425.08983205
          E_Fermi              -0.0338022484504               -0.459903184137

 PW ALGORITHM --------------- ION=   1  ELEC=  29--------------------------------
Average iterative diagonalization steps: 4.61304347826 ; where current threshold is: 1.22096716226e-08 . 

 Density error is 3.14556860699e-06
                          Error Threshold = 1.22096716226e-08

       Energy                       Rydberg                            eV
       E_KohnSham                -178.249876799                -2425.21399227
         E_Harris                -178.265976346                -2425.43303784
          E_Fermi              -0.0330295735628               -0.449390402965

 PW ALGORITHM --------------- ION=   1  ELEC=  30--------------------------------
Average iterative diagonalization steps: 3.98695652174 ; where current threshold is: 1.20983407961e-08 . 

 Density error is 2.94067721327e-06
                          Error Threshold = 1.20983407961e-08

       Energy                       Rydberg                            eV
       E_KohnSham                -178.249877095                 -2425.2139963
         E_Harris                 -178.27730593                -2425.58718473
          E_Fermi              -0.0328692851845               -0.447209567696

 PW ALGORITHM --------------- ION=   1  ELEC=  31--------------------------------
Average iterative diagonalization steps: 2.82608695652 ; where current threshold is: 1.13102969741e-08 . 

 Density error is 2.90145429805e-06
                          Error Threshold = 1.13102969741e-08

       Energy                       Rydberg                            eV
       E_KohnSham                -178.249877304                -2425.21399913
         E_Harris                -178.278964242                -2425.60974722
          E_Fermi              -0.0328338680223               -0.446727692483

 PW ALGORITHM --------------- ION=   1  ELEC=  32--------------------------------
Average iterative diagonalization steps: 2.78260869565 ; where current threshold is: 1.11594396079e-08 . 

 Density error is 2.94253546504e-06
                          Error Threshold = 1.11594396079e-08

       Energy                       Rydberg                            eV
       E_KohnSham                -178.249877438                -2425.21400096
         E_Harris                -178.280243586                 -2425.6271536
          E_Fermi              -0.0327993322641               -0.446257809387

 PW ALGORITHM --------------- ION=   1  ELEC=  33--------------------------------
Average iterative diagonalization steps: 2.76086956522 ; where current threshold is: 1.11594396079e-08 . 

 Density error is 2.93128146115e-06
                          Error Threshold = 1.11594396079e-08

       Energy                       Rydberg                            eV
       E_KohnSham                -178.249877185                -2425.21399752
         E_Harris                -178.281471623                 -2425.6438619
          E_Fermi              -0.0327608161879               -0.445733771286

 PW ALGORITHM --------------- ION=   1  ELEC=  34--------------------------------
Average iterative diagonalization steps: 3.2347826087 ; where current threshold is: 1.11594396079e-08 . 

 Density error is 2.80892026038e-06
                          Error Threshold = 1.11594396079e-08

       Energy                       Rydberg                            eV
       E_KohnSham                -178.249877846                -2425.21400651
         E_Harris                -178.279767595                 -2425.6206774
          E_Fermi              -0.0328393591026               -0.446802402463

 PW ALGORITHM --------------- ION=   1  ELEC=  35--------------------------------
Average iterative diagonalization steps: 3.61304347826 ; where current threshold is: 1.0803539463e-08 . 

 Density error is 2.29296606308e-06
                          Error Threshold = 1.0803539463e-08

       Energy                       Rydberg                            eV
       E_KohnSham                -178.249877912                -2425.21400741
         E_Harris                 -178.28100178                -2425.63746936
          E_Fermi              -0.0327549233421               -0.445653595005

 PW ALGORITHM --------------- ION=   1  ELEC=  36--------------------------------
Average iterative diagonalization steps: 2.92608695652 ; where current threshold is: 8.8191002426e-09 . 

 Density error is 2.17044401544e-06
                          Error Threshold = 8.8191002426e-09

       Energy                       Rydberg                            eV
       E_KohnSham                -178.249878019                -2425.21400886
         E_Harris                 -178.27904406                -2425.61083321
          E_Fermi              -0.0327288669269               -0.445299079289

 PW ALGORITHM --------------- ION=   1  ELEC=  37--------------------------------
Average iterative diagonalization steps: 2.82173913043 ; where current threshold is: 8.34786159785e-09 . 

 Density error is 2.12511744073e-06
                          Error Threshold = 8.34786159785e-09

       Energy                       Rydberg                            eV
       E_KohnSham                -178.249878048                -2425.21400926
         E_Harris                -178.279357238                -2425.61509422
          E_Fermi               -0.032702855597               -0.444945176991

 PW ALGORITHM --------------- ION=   1  ELEC=  38--------------------------------
Average iterative diagonalization steps: 3.53913043478 ; where current threshold is: 8.17352861819e-09 . 

 Density error is 2.41826018066e-06
                          Error Threshold = 8.17352861819e-09

       Energy                       Rydberg                            eV
       E_KohnSham                -178.249878249                -2425.21401199
         E_Harris                -178.280609628                -2425.63213386
          E_Fermi              -0.0326500468273               -0.444226676818

 PW ALGORITHM --------------- ION=   1  ELEC=  39--------------------------------
Average iterative diagonalization steps: 3.2652173913 ; where current threshold is: 8.17352861819e-09 . 

 Density error is 2.20045493277e-06
                          Error Threshold = 8.17352861819e-09

       Energy                       Rydberg                            eV
       E_KohnSham                -178.249877937                -2425.21400775
         E_Harris                 -178.28286341                -2425.66279813
          E_Fermi              -0.0326264028942               -0.443904984604

 PW ALGORITHM --------------- ION=   1  ELEC=  40--------------------------------
Average iterative diagonalization steps: 4.98260869565 ; where current threshold is: 8.17352861819e-09 . 

 Density error is 3.5808794224e-08
                          Error Threshold = 8.17352861819e-09

       Energy                       Rydberg                            eV
       E_KohnSham                -178.249878767                -2425.21401904
         E_Harris                -178.277542484                -2425.59040321
          E_Fermi              -0.0328380388047               -0.446784438888

 PW ALGORITHM --------------- ION=   1  ELEC=  41--------------------------------
Average iterative diagonalization steps: 6.45652173913 ; where current threshold is: 1.37726131631e-10 . 

 Density error is 3.74818910513e-08
                          Error Threshold = 1.37726131631e-10

       Energy                       Rydberg                            eV
       E_KohnSham                -178.249878407                -2425.21401415
         E_Harris                -178.249514424                 -2425.2090619
          E_Fermi              -0.0329932623993                -0.44889636424

 PW ALGORITHM --------------- ION=   1  ELEC=  42--------------------------------
Average iterative diagonalization steps: 5.01304347826 ; where current threshold is: 1.37726131631e-10 . 

 Density error is 7.29106389828e-08
                          Error Threshold = 1.37726131631e-10

       Energy                       Rydberg                            eV
       E_KohnSham                -178.249879355                -2425.21402704
         E_Harris                -178.241551631                -2425.10072254
          E_Fermi              -0.0331207246932               -0.450630577717

 PW ALGORITHM --------------- ION=   1  ELEC=  43--------------------------------
Average iterative diagonalization steps: 5.93043478261 ; where current threshold is: 1.37726131631e-10 . 

 Density error is 9.71829467701e-09
                          Error Threshold = 1.37726131631e-10

           Energy                       Rydberg                            eV
       E_KohnSham                -178.249879499                  -2425.214029
   E_KS(sigma->0)                -178.249879499                  -2425.214029
         E_Harris                -178.247325966                 -2425.1792864
           E_band                -31.2609039313                -425.326418097
       E_one_elec                -917.752527824                -12486.6637323
        E_Hartree                +459.078072944                 +6246.0776189
             E_xc                -24.3145549261                 -330.81649133
          E_Ewald                +304.739130307                +4146.18857574
   E_entropy(-TS)                            +0                            +0
          E_descf                            +0                            +0
            E_exx                            +0                            +0
          E_Fermi              -0.0328505644724               -0.446954859342

 charge density convergence is achieved
 final etot is -2425.214029 eV
 EFERMI = -0.44695485934 eV

 STATE ENERGY(eV) AND OCCUPATIONS    NSPIN == 1
 1/10 kpoint (Cartesian) = 0.0000 0.0000 0.0000 (18507 pws)
       1       -61.5028      0.0312500
       2       -35.5770      0.0312500
       3       -35.3237      0.0312500
       4       -35.3237      0.0312500
       5       -13.8118      0.0312500
       6       -13.1773      0.0312500
       7       -5.46555      0.0312500
       8       -2.73805      0.0312500
       9       -1.78496      0.0312500
      10       -1.78496      0.0312500
      11       -1.25905      0.0312500
      12      -0.862230      0.0312500
      13      -0.862210      0.0312500
      14        1.89713        0.00000
      15        1.89714        0.00000
      16        2.11896        0.00000
      17        2.11898        0.00000
      18        4.46625        0.00000
      19        5.05852        0.00000
      20        5.42286        0.00000
      21        6.41350        0.00000
      22        7.34929        0.00000
      23        8.13029        0.00000

 2/10 kpoint (Cartesian) = -0.12500 0.072169 0.0000 (18451 pws)
       1       -61.4978       0.187500
       2       -35.5686       0.187500
       3       -35.3717       0.187500
       4       -35.3350       0.187500
       5       -13.6001       0.187500
       6       -13.0366       0.187500
       7       -5.17867       0.187500
       8       -2.93416       0.187500
       9       -2.32836       0.187500
      10       -1.56911       0.187500
      11       -1.22078       0.187500
      12       -1.18574       0.187500
      13       -1.17392       0.187500
      14        1.26818        0.00000
      15        1.72135        0.00000
      16        1.81161        0.00000
      17        2.32344        0.00000
      18        4.90101        0.00000
      19        5.38033        0.00000
      20        5.83841        0.00000
      21        6.83906        0.00000
      22        7.67986        0.00000
      23        8.76529        0.00000

 3/10 kpoint (Cartesian) = -0.25000 0.14434 0.0000 (18423 pws)
       1       -61.4858       0.187500
       2       -35.5481       0.187500
       3       -35.4862       0.187500
       4       -35.3621       0.187500
       5       -13.0299       0.187500
       6       -12.6595       0.187500
       7       -4.56187       0.187500
       8       -3.51845       0.187500
       9       -3.49716       0.187500
      10       -2.06917       0.187500
      11       -1.79380       0.187500
      12       -1.36698       0.187500
      13       -1.08725       0.187500
      14       0.865991        0.00000
      15        1.49467        0.00000
      16        1.91395        0.00000
      17        2.61486        0.00000
      18        5.64795        0.00000
      19        6.24872        0.00000
      20        6.52617        0.00000
      21        7.37771        0.00000
      22        8.40791        0.00000
      23        8.71328        0.00000

 4/10 kpoint (Cartesian) = -0.37500 0.21651 0.0000 (18370 pws)
       1       -61.4738       0.187500
       2       -35.5987       0.187500
       3       -35.5277       0.187500
       4       -35.3891       0.187500
       5       -12.3310       0.187500
       6       -12.2086       0.187500
       7       -4.99633       0.187500
       8       -4.44608       0.187500
       9       -3.87524       0.187500
      10       -2.60915       0.187500
      11       -2.27049       0.187500
      12       -1.39217       0.187500
      13      -0.772450       0.187500
      14        1.41913        0.00000
      15        1.67381        0.00000
      16        2.36665        0.00000
      17        2.74848        0.00000
      18        5.80212        0.00000
      19        6.84934        0.00000
      20        7.26866        0.00000
      21        7.83672        0.00000
      22        8.06555        0.00000
      23        8.89301        0.00000

 5/10 kpoint (Cartesian) = 0.50000 0.86603 0.0000 (18378 pws)
       1       -61.4689      0.0937500
       2       -35.6448      0.0937500
       3       -35.5192      0.0937500
       4       -35.4002      0.0937500
       5       -11.9900      0.0937500
       6       -11.9781      0.0937500
       7       -5.53529      0.0937500
       8       -4.91418      0.0937500
       9       -3.87437      0.0937500
      10       -2.73474      0.0937500
      11       -2.44400      0.0937500
      12       -1.17368      0.0937500
      13      -0.720564      0.0937500
      14        1.91649        0.00000
      15        1.92281        0.00000
      16        2.58248        0.00000
      17        2.77563        0.00000
      18        5.36698        0.00000
      19        6.77547        0.00000
      20        7.31701        0.00000
      21        7.98932        0.00000
      22        8.83205        0.00000
      23        9.42072        0.00000

 6/10 kpoint (Cartesian) = -0.25000 0.0000 0.0000 (18445 pws)
       1       -61.4893       0.187500
       2       -35.5541       0.187500
       3       -35.4475       0.187500
       4       -35.3596       0.187500
       5       -13.2079       0.187500
       6       -12.7763       0.187500
       7       -4.69531       0.187500
       8       -3.22126       0.187500
       9       -3.13566       0.187500
      10       -2.23034       0.187500
      11       -1.43902       0.187500
      12       -1.28645       0.187500
      13       -1.14131       0.187500
      14       0.777515        0.00000
      15        1.53692        0.00000
      16        1.69157        0.00000
      17        2.58551        0.00000
      18        5.49374        0.00000
      19        5.97676        0.00000
      20        6.40260        0.00000
      21        7.29392        0.00000
      22        8.23999        0.00000
      23        9.22429        0.00000

 7/10 kpoint (Cartesian) = -0.37500 0.072169 0.0000 (18388 pws)
       1       -61.4774       0.375000
       2       -35.5493       0.375000
       3       -35.5337       0.375000
       4       -35.3984       0.375000
       5       -12.5606       0.375000
       6       -12.3510       0.375000
       7       -4.45072       0.375000
       8       -3.89302       0.375000
       9       -3.84558       0.375000
      10       -3.04169       0.375000
      11       -1.83045       0.375000
      12       -1.82577       0.375000
      13      -0.874001       0.375000
      14       0.793004        0.00000
      15        1.83194        0.00000
      16        1.95074        0.00000
      17        2.76683        0.00000
      18        6.14974        0.00000
      19        6.90875        0.00000
      20        7.02281        0.00000
      21        7.87450        0.00000
      22        8.78352        0.00000
      23        9.13488        0.00000

 8/10 kpoint (Cartesian) = 0.50000 0.72169 0.0000 (18377 pws)
       1       -61.4689       0.375000
       2       -35.6198       0.375000
       3       -35.5192       0.375000
       4       -35.4262       0.375000
       5       -11.9975       0.375000
       6       -11.9913       0.375000
       7       -5.20203       0.375000
       8       -4.73289       0.375000
       9       -3.76823       0.375000
      10       -2.99774       0.375000
      11       -2.43431       0.375000
      12       -1.93932       0.375000
      13      -0.684633       0.375000
      14        1.47322        0.00000
      15        2.16532        0.00000
      16        2.22317        0.00000
      17        2.85943        0.00000
      18        5.73532        0.00000
      19        7.31326        0.00000
      20        7.92855        0.00000
      21        8.57266        0.00000
      22        8.98219        0.00000
      23        9.35337        0.00000

 9/10 kpoint (Cartesian) = 0.50000 0.57735 0.0000 (18394 pws)
       1       -61.4689       0.187500
       2       -35.5849       0.187500
       3       -35.5192       0.187500
       4       -35.4620       0.187500
       5       -12.0163       0.187500
       6       -11.9927       0.187500
       7       -4.72799       0.187500
       8       -4.45551       0.187500
       9       -3.60110       0.187500
      10       -3.42659       0.187500
      11       -2.79155       0.187500
      12       -2.32305       0.187500
      13      -0.691799       0.187500
      14        1.13598        0.00000
      15        1.77886        0.00000
      16        2.29044        0.00000
      17        3.08426        0.00000
      18        6.22970        0.00000
      19        7.59982        0.00000
      20        8.05784        0.00000
      21        8.51983        0.00000
      22        9.20853        0.00000
      23        9.44760        0.00000

 10/10 kpoint (Cartesian) = 0.37500 0.64952 0.0000 (18382 pws)
       1       -61.4653       0.187500
       2       -35.5878       0.187500
       3       -35.5132       0.187500
       4       -35.5002       0.187500
       5       -11.8242       0.187500
       6       -11.7603       0.187500
       7       -4.80791       0.187500
       8       -4.78171       0.187500
       9       -3.65761       0.187500
      10       -3.23442       0.187500
      11       -3.20536       0.187500
      12       -2.78060       0.187500
      13      -0.446955       0.187500
      14        1.54301        0.00000
      15        1.65171        0.00000
      16        2.19261        0.00000
      17        3.30770        0.00000
      18        6.15060        0.00000
      19        7.30775        0.00000
      20        8.67991        0.00000
      21        8.93277        0.00000
      22        9.46774        0.00000
      23        9.77617        0.00000



 --------------------------------------------
 !FINAL_ETOT_IS -2425.214029003064 eV
 --------------------------------------------






  |CLASS_NAME---------|NAME---------------|TIME(Sec)-----|CALLS----|AVG------|PER%-------
                                      total         102.29        17       6.0   1.0e+02%
                 Driver         driver_line         102.28         1   1.0e+02    1.e+02%
                   Ions            opt_ions         102.03         1   1.0e+02    1.e+02%
          ESolver_KS_PW                 Run         102.03         1   1.0e+02    1.e+02%
               PW_Basis          recip2real        0.36434       265    0.0014      0.36%
              Potential  update_from_charge         1.2697        44     0.029       1.2%
              Potential           cal_v_eff         1.2644        44     0.029       1.2%
           H_Hartree_pw           v_hartree        0.20123        44    0.0046      0.20%
               PW_Basis          real2recip        0.46928       395    0.0012      0.46%
                  PotXC           cal_v_eff         1.0175        44     0.023      0.99%
          XC_Functional                v_xc        0.99473        44     0.023      0.97%
               Symmetry        rho_symmetry        0.42331        45    0.0094      0.41%
              HSolverPW               solve         99.418        44       2.3       97.%
               Nonlocal              getvnl        0.42114       440   0.00096      0.41%
            pp_cell_vnl              getvnl        0.42072       440   0.00096      0.41%
        DiagoIterAssist      diagH_subspace         16.924       430     0.039       17.%
             OperatorPW                hPsi         74.209     34102    0.0022       73.%
               Operator          EkineticPW        0.51223     34102   1.5e-05      0.50%
               Operator              VeffPW         69.532     34102    0.0020       68.%
             PW_Basis_K          recip2real         48.680     49282   0.00099       48.%
             PW_Basis_K    gathers_scatterp         7.9165     49282   0.00016       7.7%
             PW_Basis_K          real2recip         25.661     43562   0.00059       25.%
             PW_Basis_K    gatherp_scatters         3.3859     43562   7.8e-05       3.3%
               Operator          NonlocalPW         2.9455     34102   8.6e-05       2.9%
               Nonlocal     add_nonlocal_pp         1.7680     34102   5.2e-05       1.7%
        DiagoIterAssist     LAPACK_subspace        0.15609       430   0.00036      0.15%
                DiagoCG           diag_once         75.253       440      0.17       74.%
            ElecStatePW            psiToRho         6.2137        44      0.14       6.1%
                 Charge             mix_rho        0.34878        42    0.0083      0.34%
                 Charge        Pulay_mixing        0.34242        42    0.0082      0.33%
 ----------------------------------------------------------------------------------------

 NAME---------------|MEMORY(MB)--------
               total          316.2
              Psi_PW          64.95
        ChgMix::Rrho          54.93
       ChgMix::dRrho          52.19
        ChgMix::drho          52.19
           FFT::grid          10.99
       DiagSub::hpsi          6.495
    DiagSub::evctemp          6.495
    Veff<PW>::porter          5.493
   Veff<PW>::porter1          5.493
    Meta<PW>::porter          5.493
       ElecSPW::wfcr          5.493
     ElecSPW::wfcr_a          5.493
            VNL::vkb          4.801
        SF::strucFac          4.492
        PW_B_K::gcar          4.236
            Chg::rho          2.747
       Chg::rho_save          2.747
       Chg::rho_core          2.747
       Pot::veff_fix          2.747
           Pot::veff          2.747
   ChgMix::rho_save2          2.747
           VNL::vkb1          2.542
         PW_B_K::gk2          1.412
            VNL::ylm          1.271
   YlmReal::Ylm_Real          1.271
           Chg::rhog          1.123
      Chg::rhog_save          1.123
      Chg::rhog_core          1.123
 -------------   < 1.0 MB has been ignored ----------------
 ----------------------------------------------------------

 Start  Time  : Sat Dec  2 15:28:17 2023
 Finish Time  : Sat Dec  2 15:30:00 2023
 Total  Time  : 0 h 1 mins 43 secs 
