                                                                                     
                              ABACUS v3.3.2

               Atomic-orbital Based Ab-initio Computation at UStc                    

                     Website: http://abacus.ustc.edu.cn/                             
               Documentation: https://abacus.deepmodeling.com/                       
                  Repository: https://github.com/abacusmodeling/abacus-develop       
                              https://github.com/deepmodeling/abacus-develop         
                      Commit: e39b50e (Fri Aug 18 16:14:25 2023 +0800)

    Start Time is Sun Dec  3 11:52:03 2023
                                                                                     
 ------------------------------------------------------------------------------------

 READING GENERAL INFORMATION
                           global_out_dir = OUT.ABACUS/
                           global_in_card = INPUT
                               pseudo_dir = 
                              orbital_dir = 
                                    DRANK = 1
                                    DSIZE = 1
                                   DCOLOR = 1
                                    GRANK = 1
                                    GSIZE = 1
 The esolver type has been set to : ksdft_pw




 >>>>>>>>>>>>>>>>>>>>>>>>>>>>>>>>>>>>>>>>>>>>>>>>>>>>>>>>>>>>>>>>>>>>>>
 |                                                                    |
 | Reading atom information in unitcell:                              |
 | From the input file and the structure file we know the number of   |
 | different elments in this unitcell, then we list the detail        |
 | information for each element, especially the zeta and polar atomic |
 | orbital number for each element. The total atom number is counted. |
 | We calculate the nearest atom distance for each atom and show the  |
 | Cartesian and Direct coordinates for each atom. We list the file   |
 | address for atomic orbitals. The volume and the lattice vectors    |
 | in real and reciprocal space is also shown.                        |
 |                                                                    |
 <<<<<<<<<<<<<<<<<<<<<<<<<<<<<<<<<<<<<<<<<<<<<<<<<<<<<<<<<<<<<<<<<<<<<<




 READING UNITCELL INFORMATION
                                    ntype = 2
                  lattice constant (Bohr) = 5.76366
              lattice constant (Angstrom) = 3.05

 READING ATOM TYPE 1
                               atom label = Mo
                      L=0, number of zeta = 1
                      L=1, number of zeta = 1
                      L=2, number of zeta = 1
             number of atom for this type = 1

 READING ATOM TYPE 2
                               atom label = S
                      L=0, number of zeta = 1
                      L=1, number of zeta = 1
                      L=2, number of zeta = 1
             number of atom for this type = 2

                        TOTAL ATOM NUMBER = 3

 DIRECT COORDINATES
         atom                   x                   y                   z                 mag                  vx                  vy                  vz
     taud_Mo1            0.666667            0.333333                 0.1                   0                   0                   0                   0
      taud_S1                   0                   0                   0                   0                   0                   0                   0
      taud_S2                   0                   0                 0.2                   0                   0                   0                   0


                          Volume (Bohr^3) = 1087.32
                             Volume (A^3) = 161.124

 Lattice vectors: (Cartesian coordinate: in unit of a_0)
                   +1                  +0                  +0
                 -0.5           +0.866025                  +0
                   +0                  +0            +6.55738
 Reciprocal vectors: (Cartesian coordinate: in unit of 2 pi/a_0)
                   +1            +0.57735                  -0
                   +0             +1.1547                  -0
                   +0                  -0             +0.1525




 >>>>>>>>>>>>>>>>>>>>>>>>>>>>>>>>>>>>>>>>>>>>>>>>>>>>>>>>>>>>>>>>>>>>>>
 |                                                                    |
 | Reading pseudopotentials files:                                    |
 | The pseudopotential file is in UPF format. The 'NC' indicates that |
 | the type of pseudopotential is 'norm conserving'. Functional of    |
 | exchange and correlation is decided by 4 given parameters in UPF   |
 | file.  We also read in the 'core correction' if there exists.      |
 | Also we can read the valence electrons number and the maximal      |
 | angular momentum used in this pseudopotential. We also read in the |
 | trail wave function, trail atomic density and local-pseudopotential|
 | on logrithmic grid. The non-local pseudopotential projector is also|
 | read in if there is any.                                           |
 |                                                                    |
 <<<<<<<<<<<<<<<<<<<<<<<<<<<<<<<<<<<<<<<<<<<<<<<<<<<<<<<<<<<<<<<<<<<<<<




                PAO radial cut off (Bohr) = 15

 Read in pseudopotential file is Mo_ONCV_PBE-1.0.upf
                     pseudopotential type = NC
          exchange-correlation functional = PBE
                 nonlocal core correction = 0
                        valence electrons = 14
                                     lmax = 2
                           number of zeta = 0
                     number of projectors = 6
                           L of projector = 0
                           L of projector = 0
                           L of projector = 1
                           L of projector = 1
                           L of projector = 2
                           L of projector = 2
                PAO radial cut off (Bohr) = 15

 Read in pseudopotential file is S_ONCV_PBE-1.0.upf
                     pseudopotential type = NC
          exchange-correlation functional = PBE
                 nonlocal core correction = 0
                        valence electrons = 6
                                     lmax = 1
                           number of zeta = 0
                     number of projectors = 4
                           L of projector = 0
                           L of projector = 0
                           L of projector = 1
                           L of projector = 1
     initial pseudo atomic orbital number = 0
                                   NLOCAL = 27

%%%%%%%%%%%%%%%%%%%%%%%%%%%%%%%%%%%%%%%%%%%%%%%%%%%%%%%%%%%%%%%%%%%%%%%%%%%%%%%%%%%%%%%%%%%%%%%%%%%%%%%%%%
 Warning: the number of valence electrons in pseudopotential > 6 for Mo: [Kr] 4d5 5s1
 Pseudopotentials with additional electrons can yield (more) accurate outcomes, but may be less efficient.
 If you're confident that your chosen pseudopotential is appropriate, you can safely ignore this warning.
%%%%%%%%%%%%%%%%%%%%%%%%%%%%%%%%%%%%%%%%%%%%%%%%%%%%%%%%%%%%%%%%%%%%%%%%%%%%%%%%%%%%%%%%%%%%%%%%%%%%%%%%%%
                  

 Warning_Memory_Consuming allocated:  FFT::grid 11.8652 MB




 >>>>>>>>>>>>>>>>>>>>>>>>>>>>>>>>>>>>>>>>>>>>>>>>>>>>>>>>>>>>>>>>>>>>>>
 |                                                                    |
 | Setup plane waves of charge/potential:                             |
 | Use the energy cutoff and the lattice vectors to generate the      |
 | dimensions of FFT grid. The number of FFT grid on each processor   |
 | is 'nrxx'. The number of plane wave basis in reciprocal space is   |
 | different for charege/potential and wave functions. We also set    |
 | the 'sticks' for the parallel of FFT. The number of plane waves    |
 | is 'npw' in each processor.                                        |
 <<<<<<<<<<<<<<<<<<<<<<<<<<<<<<<<<<<<<<<<<<<<<<<<<<<<<<<<<<<<<<<<<<<<<<





 SETUP THE PLANE WAVE BASIS
 energy cutoff for charge/potential (unit:Ry) = 400
            fft grid for charge/potential = [ 40, 40, 243 ]
                        fft grid division = [ 1, 1, 1 ]
        big fft grid for charge/potential = [ 40, 40, 243 ]
                                     nbxx = 388800
                                     nrxx = 388800

 SETUP PLANE WAVES FOR CHARGE/POTENTIAL
                    number of plane waves = 147037
                         number of sticks = 925

 PARALLEL PW FOR CHARGE/POTENTIAL
     PROC   COLUMNS(POT)             PW
        1            925         147037
 --------------- sum -------------------
        1            925         147037
                            number of |g| = 6848
                                  max |g| = 336.585
                                  min |g| = 0

 SETUP THE ELECTRONS NUMBER
            electron number of element Mo = 14
      total electron number of element Mo = 14
             electron number of element S = 6
       total electron number of element S = 12
            AUTOSET number of electrons:  = 26
 DONE : SETUP UNITCELL Time : 0.0734507 (SEC)





 >>>>>>>>>>>>>>>>>>>>>>>>>>>>>>>>>>>>>>>>>>>>>>>>>>>>>>>>>>>>>>>>>>>>>>
 |                                                                    |
 | Doing symmetry analysis:                                           |
 | We calculate the norm of 3 vectors and the angles between them,    |
 | the type of Bravais lattice is given. We can judge if the unticell |
 | is a primitive cell. Finally we give the point group operation for |
 | this unitcell. We use the point group operations to do symmetry |
 | analysis on given k-point mesh and the charge density.             |
 |                                                                    |
 <<<<<<<<<<<<<<<<<<<<<<<<<<<<<<<<<<<<<<<<<<<<<<<<<<<<<<<<<<<<<<<<<<<<<<




 LATTICE VECTORS: (CARTESIAN COORDINATE: IN UNIT OF A0)
                   +1                  +0                  +0
                 -0.5           +0.866025                  +0
                   +0                  +0            +6.55738
                       right hand lattice = 1
                                   NORM_A = 1
                                   NORM_B = 1
                                   NORM_C = 6.55738
                           ALPHA (DEGREE) = 90
                           BETA  (DEGREE) = 90
                           GAMMA (DEGREE) = 120

 The lattice vectors have been changed (STRU_SIMPLE.cif)

(for optimal symmetric configuration:)
                             BRAVAIS TYPE = 4
                     BRAVAIS LATTICE NAME = 04. Hexagonal cell
                                    ibrav = 4
                                    IBRAV = 4
                                  BRAVAIS = HEXAGONAL CELL
                       LATTICE CONSTANT A = 1
                                C/A RATIO = 6.55738
Original cell was already a primitive cell.
                        ROTATION MATRICES = 24
              PURE POINT GROUP OPERATIONS = 6
                   SPACE GROUP OPERATIONS = 12
                                       C2 = 0
                                       C3 = 2
                                       C4 = 0
                                       C6 = 0
                                       S1 = 3
                                       S3 = 0
                                       S4 = 0
                                       S6 = 0
                              POINT GROUP = C_3v
                                       C2 = 3
                                       C3 = 2
                                       C4 = 0
                                       C6 = 0
                                       S1 = 4
                                       S3 = 2
                                       S4 = 0
                                       S6 = 0
               POINT GROUP IN SPACE GROUP = D_3h
 DONE : SYMMETRY Time : 0.0957172 (SEC)





 >>>>>>>>>>>>>>>>>>>>>>>>>>>>>>>>>>>>>>>>>>>>>>>>>>>>>>>>>>>>>>>>>>>>>>
 |                                                                    |
 | Setup K-points                                                     |
 | We setup the k-points according to input parameters.               |
 | The reduced k-points are set according to symmetry operations.     |
 | We treat the spin as another set of k-points.                      |
 |                                                                    |
 <<<<<<<<<<<<<<<<<<<<<<<<<<<<<<<<<<<<<<<<<<<<<<<<<<<<<<<<<<<<<<<<<<<<<<





 SETUP K-POINTS
                                    nspin = 1
                   Input type of k points = Monkhorst-Pack(Gamma)
                                   nkstot = 64
                       right hand lattice = 1
(for reciprocal lattice: )
                             BRAVAIS TYPE = 4
                     BRAVAIS LATTICE NAME = 04. Hexagonal cell
                                    ibrav = 4
                       right hand lattice = 1
(for k-lattice: )
                             BRAVAIS TYPE = 4
                     BRAVAIS LATTICE NAME = 04. Hexagonal cell
                                    ibrav = 4
                       right hand lattice = 1
                        ROTATION MATRICES = 24
                               nkstot_ibz = 10
      IBZ             DirectX             DirectY             DirectZ              Weight    ibz2bz
        1                   0                   0                   0            0.015625         0
        2              -0.125               0.125                   0             0.09375         1
        3               -0.25                0.25                   0             0.09375         2
        4              -0.375               0.375                   0             0.09375         3
        5                 0.5                 0.5                   0            0.046875         4
        6               -0.25               0.125                   0             0.09375         9
        7              -0.375                0.25                   0              0.1875        10
        8                 0.5               0.375                   0              0.1875        11
        9                 0.5                0.25                   0             0.09375        18
       10               0.375               0.375                   0             0.09375        19
                               nkstot now = 10

  KPOINTS            DIRECT_X            DIRECT_Y            DIRECT_Z              WEIGHT
        1                   0                   0                   0            0.015625
        2              -0.125               0.125                   0             0.09375
        3               -0.25                0.25                   0             0.09375
        4              -0.375               0.375                   0             0.09375
        5                 0.5                 0.5                   0            0.046875
        6               -0.25               0.125                   0             0.09375
        7              -0.375                0.25                   0              0.1875
        8                 0.5               0.375                   0              0.1875
        9                 0.5                0.25                   0             0.09375
       10               0.375               0.375                   0             0.09375

           k-point number in this process = 10
       minimum distributed K point number = 10

  KPOINTS         CARTESIAN_X         CARTESIAN_Y         CARTESIAN_Z              WEIGHT
        1                   0                   0                   0             0.03125
        2              -0.125           0.0721688                   0              0.1875
        3               -0.25            0.144338                   0              0.1875
        4              -0.375            0.216506                   0              0.1875
        5                 0.5            0.866025                   0             0.09375
        6               -0.25                   0                   0              0.1875
        7              -0.375           0.0721688                   0               0.375
        8                 0.5            0.721688                   0               0.375
        9                 0.5             0.57735                   0              0.1875
       10               0.375            0.649519                   0              0.1875

  KPOINTS            DIRECT_X            DIRECT_Y            DIRECT_Z              WEIGHT
        1                   0                   0                   0             0.03125
        2              -0.125               0.125                   0              0.1875
        3               -0.25                0.25                   0              0.1875
        4              -0.375               0.375                   0              0.1875
        5                 0.5                 0.5                   0             0.09375
        6               -0.25               0.125                   0              0.1875
        7              -0.375                0.25                   0               0.375
        8                 0.5               0.375                   0               0.375
        9                 0.5                0.25                   0              0.1875
       10               0.375               0.375                   0              0.1875
 DONE : INIT K-POINTS Time : 0.160962 (SEC)





 >>>>>>>>>>>>>>>>>>>>>>>>>>>>>>>>>>>>>>>>>>>>>>>>>>>>>>>>>>>>>>>>>>>>>>
 |                                                                    |
 | Setup plane waves of wave functions:                               |
 | Use the energy cutoff and the lattice vectors to generate the      |
 | dimensions of FFT grid. The number of FFT grid on each processor   |
 | is 'nrxx'. The number of plane wave basis in reciprocal space is   |
 | different for charege/potential and wave functions. We also set    |
 | the 'sticks' for the parallel of FFT. The number of plane wave of  |
 | each k-point is 'npwk[ik]' in each processor                       |
 <<<<<<<<<<<<<<<<<<<<<<<<<<<<<<<<<<<<<<<<<<<<<<<<<<<<<<<<<<<<<<<<<<<<<<





 SETUP PLANE WAVES FOR WAVE FUNCTIONS
     energy cutoff for wavefunc (unit:Ry) = 100
              fft grid for wave functions = [ 40, 40, 243 ]
                    number of plane waves = 24991
                         number of sticks = 283

 PARALLEL PW FOR WAVE FUNCTIONS
     PROC   COLUMNS(POT)             PW
        1            283          24991
 --------------- sum -------------------
        1            283          24991
 DONE : INIT PLANEWAVE Time : 0.174163 (SEC)

                           occupied bands = 13
                                   NBANDS = 23
                                     npwx = 18406

 Warning_Memory_Consuming allocated:  Psi_PW 64.5963 MB

 SETUP NONLOCAL PSEUDOPOTENTIALS IN PLANE WAVE BASIS
 Mo non-local projectors:
 projector 1 L=0
 projector 2 L=0
 projector 3 L=1
 projector 4 L=1
 projector 5 L=2
 projector 6 L=2
 S non-local projectors:
 projector 1 L=0
 projector 2 L=0
 projector 3 L=1
 projector 4 L=1
      TOTAL NUMBER OF NONLOCAL PROJECTORS = 34
 DONE : LOCAL POTENTIAL Time : 0.222928 (SEC)


 Init Non-Local PseudoPotential table : 
 Init Non-Local-Pseudopotential done.
 DONE : NON-LOCAL POTENTIAL Time : 0.248674 (SEC)


 Make real space PAO into reciprocal space.
       max mesh points in Pseudopotential = 601
     dq(describe PAO in reciprocal space) = 0.01
                                    max q = 1206

 number of pseudo atomic orbitals for Mo is 0

 number of pseudo atomic orbitals for S is 0
 DONE : INIT BASIS Time : 0.248711 (SEC)


 -------------------------------------------
 SELF-CONSISTENT
 -------------------------------------------

 Warning_Memory_Consuming allocated:  Veff<PW>::porter 5.93262 MB

 Warning_Memory_Consuming allocated:  Veff<PW>::porter1 5.93262 MB

 Warning_Memory_Consuming allocated:  Meta<PW>::porter 5.93262 MB
                                 init_chg = atomic
 DONE : INIT SCF Time : 0.355064 (SEC)


 PW ALGORITHM --------------- ION=   1  ELEC=   1--------------------------------

 Warning_Memory_Consuming allocated:  DiagSub::hpsi 6.45963 MB

 Warning_Memory_Consuming allocated:  DiagSub::evctemp 6.40804 MB

 Warning_Memory_Consuming allocated:  DiagSub::evctemp 6.42944 MB

 Warning_Memory_Consuming allocated:  DiagSub::evctemp 6.44348 MB

 Warning_Memory_Consuming allocated:  DiagSub::evctemp 6.45471 MB

 Warning_Memory_Consuming allocated:  DiagSub::evctemp 6.45963 MB
Average iterative diagonalization steps: 10.5174 ; where current threshold is: 0.01 . 

 Warning_Memory_Consuming allocated:  ElecSPW::wfcr 5.93262 MB

 Warning_Memory_Consuming allocated:  ElecSPW::wfcr_a 5.93262 MB
 Notice: Threshold on eigenvalues was too large.
 hsover_error=0.26 > DRHO=0.195155
 Origin diag_ethr = 0.01
 New    diag_ethr = 0.000750595
Average iterative diagonalization steps: 6.44783 ; where current threshold is: 0.000750595 . 

 Warning_Memory_Consuming allocated:  ChgMix::Rrho 59.3262 MB

 Warning_Memory_Consuming allocated:  ChgMix::dRrho 56.3599 MB

 Warning_Memory_Consuming allocated:  ChgMix::drho 56.3599 MB

 Density error is 0.134131373567
                          Error Threshold = 0.00075059487711

       Energy                       Rydberg                            eV
       E_KohnSham                -178.178266543                -2424.23968475
         E_Harris                -178.195004473                -2424.46741597
          E_Fermi              -0.0212269003607               -0.288806795783

 PW ALGORITHM --------------- ION=   1  ELEC=   2--------------------------------
Average iterative diagonalization steps: 2.01304347826 ; where current threshold is: 0.000515889898334 . 

 Density error is 0.0653999501853
                          Error Threshold = 0.000515889898334

       Energy                       Rydberg                            eV
       E_KohnSham                -178.167478724                -2424.09290894
         E_Harris                -180.728760432                -2458.94093435
          E_Fermi              -0.0280191948933               -0.381220703921

 PW ALGORITHM --------------- ION=   1  ELEC=   3--------------------------------
Average iterative diagonalization steps: 2.60434782609 ; where current threshold is: 0.000251538269944 . 

 Density error is 0.0493879343293
                          Error Threshold = 0.000251538269944

       Energy                       Rydberg                            eV
       E_KohnSham                -178.166543677                -2424.08018697
         E_Harris                -177.177460795                -2410.62302398
          E_Fermi              -0.0379828437492               -0.516783101233

 PW ALGORITHM --------------- ION=   1  ELEC=   4--------------------------------
Average iterative diagonalization steps: 2.25217391304 ; where current threshold is: 0.000189953593574 . 

 Density error is 0.0117792499872
                          Error Threshold = 0.000189953593574

       Energy                       Rydberg                            eV
       E_KohnSham                -178.169000164                 -2424.1136092
         E_Harris                -172.859045278                -2351.86796662
          E_Fermi              -0.0254743290931               -0.346596028393

 PW ALGORITHM --------------- ION=   1  ELEC=   5--------------------------------
Average iterative diagonalization steps: 3.17391304348 ; where current threshold is: 4.5304807643e-05 . 

 Density error is 0.00228253146836
                          Error Threshold = 4.5304807643e-05

       Energy                       Rydberg                            eV
       E_KohnSham                -178.172275969                -2424.15817881
         E_Harris                -178.272870553                -2425.52683833
          E_Fermi              -0.0277681165389               -0.377804607656

 PW ALGORITHM --------------- ION=   1  ELEC=   6--------------------------------
Average iterative diagonalization steps: 3.19565217391 ; where current threshold is: 8.77896718601e-06 . 

 Density error is 0.0042914108966
                          Error Threshold = 8.77896718601e-06

       Energy                       Rydberg                            eV
       E_KohnSham                -178.170447474                -2424.13330086
         E_Harris                -177.048707409                -2408.87124429
          E_Fermi              -0.0289528432107               -0.393923640967

 PW ALGORITHM --------------- ION=   1  ELEC=   7--------------------------------
Average iterative diagonalization steps: 3.51739130435 ; where current threshold is: 8.77896718601e-06 . 

 Density error is 0.00460577917364
                          Error Threshold = 8.77896718601e-06

       Energy                       Rydberg                            eV
       E_KohnSham                -178.170628618                -2424.13576545
         E_Harris                -177.298056745                -2412.26381606
          E_Fermi               -0.021767436018               -0.296161160696

 PW ALGORITHM --------------- ION=   1  ELEC=   8--------------------------------
Average iterative diagonalization steps: 2.0347826087 ; where current threshold is: 8.77896718601e-06 . 

 Density error is 0.000467214004025
                          Error Threshold = 8.77896718601e-06

       Energy                       Rydberg                            eV
       E_KohnSham                -178.170914042                -2424.13964884
         E_Harris                -176.025055794                -2394.94374957
          E_Fermi              -0.0181454767703               -0.246881877003

 PW ALGORITHM --------------- ION=   1  ELEC=   9--------------------------------
Average iterative diagonalization steps: 3.4652173913 ; where current threshold is: 1.79697693856e-06 . 

 Density error is 0.00111107407421
                          Error Threshold = 1.79697693856e-06

       Energy                       Rydberg                            eV
       E_KohnSham                -178.170842062                 -2424.1386695
         E_Harris                -177.481025911                -2414.75323928
          E_Fermi               -0.017151261999               -0.233354891078

 PW ALGORITHM --------------- ION=   1  ELEC=  10--------------------------------
Average iterative diagonalization steps: 2.33913043478 ; where current threshold is: 1.79697693856e-06 . 

 Density error is 0.000292298357082
                          Error Threshold = 1.79697693856e-06

       Energy                       Rydberg                            eV
       E_KohnSham                -178.170907882                -2424.13956503
         E_Harris                -176.926403804                -2407.20721839
          E_Fermi              -0.0148451595236                -0.20197875724

 PW ALGORITHM --------------- ION=   1  ELEC=  11--------------------------------
Average iterative diagonalization steps: 2 ; where current threshold is: 1.12422445032e-06 . 

 Density error is 0.000290802272331
                          Error Threshold = 1.12422445032e-06

       Energy                       Rydberg                            eV
       E_KohnSham                -178.170916562                -2424.13968312
         E_Harris                -177.605564394                -2416.44767226
          E_Fermi              -0.0146065437264               -0.198732222765

 PW ALGORITHM --------------- ION=   1  ELEC=  12--------------------------------
Average iterative diagonalization steps: 2.01739130435 ; where current threshold is: 1.1184702782e-06 . 

 Density error is 0.000313246363077
                          Error Threshold = 1.1184702782e-06

       Energy                       Rydberg                            eV
       E_KohnSham                -178.170843001                -2424.13868228
         E_Harris                -177.627546009                -2416.74674748
          E_Fermi              -0.0150724194107               -0.205070786631

 PW ALGORITHM --------------- ION=   1  ELEC=  13--------------------------------
Average iterative diagonalization steps: 3.3347826087 ; where current threshold is: 1.1184702782e-06 . 

 Density error is 0.000153029066275
                          Error Threshold = 1.1184702782e-06

       Energy                       Rydberg                            eV
       E_KohnSham                -178.170841925                -2424.13866763
         E_Harris                -177.749707581                -2418.40884094
          E_Fermi              -0.0106785935626               -0.145289719077

 PW ALGORITHM --------------- ION=   1  ELEC=  14--------------------------------
Average iterative diagonalization steps: 2.4347826087 ; where current threshold is: 5.88573331826e-07 . 

 Density error is 0.00013545242761
                          Error Threshold = 5.88573331826e-07

       Energy                       Rydberg                            eV
       E_KohnSham                -178.170840989                 -2424.1386549
         E_Harris                -177.763569421                -2418.59744094
          E_Fermi             -0.00999410964117               -0.135976837557

 PW ALGORITHM --------------- ION=   1  ELEC=  15--------------------------------
Average iterative diagonalization steps: 2.15652173913 ; where current threshold is: 5.20970875423e-07 . 

 Density error is 0.000136342359475
                          Error Threshold = 5.20970875423e-07

       Energy                       Rydberg                            eV
       E_KohnSham                -178.170831609                -2424.13852729
         E_Harris                 -177.74507983                -2418.34587715
          E_Fermi             -0.00926863150222               -0.126106201093

 PW ALGORITHM --------------- ION=   1  ELEC=  16--------------------------------
Average iterative diagonalization steps: 2.88695652174 ; where current threshold is: 5.20970875423e-07 . 

 Density error is 8.90425818473e-05
                          Error Threshold = 5.20970875423e-07

       Energy                       Rydberg                            eV
       E_KohnSham                -178.170826646                -2424.13845976
         E_Harris                 -177.87368329                -2420.09561699
          E_Fermi             -0.00705915867816              -0.0960447811091

 PW ALGORITHM --------------- ION=   1  ELEC=  17--------------------------------
Average iterative diagonalization steps: 2.60434782609 ; where current threshold is: 3.42471468643e-07 . 

 Density error is 7.40801383989e-05
                          Error Threshold = 3.42471468643e-07

       Energy                       Rydberg                            eV
       E_KohnSham                -178.170826587                -2424.13845896
         E_Harris                 -177.87684937                -2420.13869372
          E_Fermi             -0.00612842813221              -0.0833815423816

 PW ALGORITHM --------------- ION=   1  ELEC=  18--------------------------------
Average iterative diagonalization steps: 2.51739130435 ; where current threshold is: 2.84923609227e-07 . 

 Density error is 5.91680429214e-05
                          Error Threshold = 2.84923609227e-07

       Energy                       Rydberg                            eV
       E_KohnSham                -178.170829495                -2424.13849852
         E_Harris                -177.847880331                -2419.74454973
          E_Fermi              -0.0050313634466              -0.0684552115827

 PW ALGORITHM --------------- ION=   1  ELEC=  19--------------------------------
Average iterative diagonalization steps: 2.89130434783 ; where current threshold is: 2.27569395851e-07 . 

 Density error is 3.96695604919e-05
                          Error Threshold = 2.27569395851e-07

       Energy                       Rydberg                            eV
       E_KohnSham                -178.170830311                -2424.13850962
         E_Harris                -177.921039428                 -2420.7399303
          E_Fermi             -0.00324465219513               -0.044145757882

 PW ALGORITHM --------------- ION=   1  ELEC=  20--------------------------------
Average iterative diagonalization steps: 2 ; where current threshold is: 1.52575232661e-07 . 

 Density error is 3.87982989565e-05
                          Error Threshold = 1.52575232661e-07

       Energy                       Rydberg                            eV
       E_KohnSham                 -178.17083301                -2424.13854634
         E_Harris                -177.928353724                 -2420.8394464
          E_Fermi             -0.00310552296632              -0.0422528076119

 PW ALGORITHM --------------- ION=   1  ELEC=  21--------------------------------
Average iterative diagonalization steps: 2.28695652174 ; where current threshold is: 1.49224226756e-07 . 

 Density error is 3.05829461412e-05
                          Error Threshold = 1.49224226756e-07

       Energy                       Rydberg                            eV
       E_KohnSham                -178.170838503                -2424.13862108
         E_Harris                -177.941703297                -2421.02107667
          E_Fermi              -0.0023031023025              -0.0313353143909

 PW ALGORITHM --------------- ION=   1  ELEC=  22--------------------------------
Average iterative diagonalization steps: 2.92173913043 ; where current threshold is: 1.17626715928e-07 . 

 Density error is 2.05885742132e-05
                          Error Threshold = 1.17626715928e-07

       Energy                       Rydberg                            eV
       E_KohnSham                -178.170838385                -2424.13861948
         E_Harris                -177.996875677                -2421.77173541
          E_Fermi            -0.000972024440395              -0.0132250709846

 PW ALGORITHM --------------- ION=   1  ELEC=  23--------------------------------
Average iterative diagonalization steps: 2.40434782609 ; where current threshold is: 7.9186823897e-08 . 

 Density error is 1.76621953309e-05
                          Error Threshold = 7.9186823897e-08

       Energy                       Rydberg                            eV
       E_KohnSham                -178.170849703                -2424.13877347
         E_Harris                -178.000330439                -2421.81873986
          E_Fermi            -0.000608001750218             -0.00827228819694

 PW ALGORITHM --------------- ION=   1  ELEC=  24--------------------------------
Average iterative diagonalization steps: 3.41739130435 ; where current threshold is: 6.79315205034e-08 . 

 Density error is 6.92027489588e-06
                          Error Threshold = 6.79315205034e-08

       Energy                       Rydberg                            eV
       E_KohnSham                -178.170849607                -2424.13877215
         E_Harris                 -178.05488682                 -2422.5610175
          E_Fermi             +0.00117440119127              +0.0159785479392

 PW ALGORITHM --------------- ION=   1  ELEC=  25--------------------------------
Average iterative diagonalization steps: 2.19565217391 ; where current threshold is: 2.66164419072e-08 . 

 Density error is 7.19821674981e-06
                          Error Threshold = 2.66164419072e-08

       Energy                       Rydberg                            eV
       E_KohnSham                -178.170849856                -2424.13877555
         E_Harris                 -178.07471452                -2422.83078719
          E_Fermi             +0.00113250475927              +0.0154085177382

 PW ALGORITHM --------------- ION=   1  ELEC=  26--------------------------------
Average iterative diagonalization steps: 2 ; where current threshold is: 2.66164419072e-08 . 

 Density error is 7.00894328115e-06
                          Error Threshold = 2.66164419072e-08

       Energy                       Rydberg                            eV
       E_KohnSham                -178.170856084                -2424.13886028
         E_Harris                -178.071863546                 -2422.7919977
          E_Fermi             +0.00117753027502              +0.0160211213078

 PW ALGORITHM --------------- ION=   1  ELEC=  27--------------------------------
Average iterative diagonalization steps: 3.52608695652 ; where current threshold is: 2.66164419072e-08 . 

 Density error is 3.3128766416e-06
                          Error Threshold = 2.66164419072e-08

       Energy                       Rydberg                            eV
       E_KohnSham                -178.170863938                -2424.13896714
         E_Harris                -178.098232273                -2423.15076264
          E_Fermi             +0.00216714435855              +0.0294855116648

 PW ALGORITHM --------------- ION=   1  ELEC=  28--------------------------------
Average iterative diagonalization steps: 4.44347826087 ; where current threshold is: 1.27418332369e-08 . 

 Density error is 2.40498729447e-07
                          Error Threshold = 1.27418332369e-08

       Energy                       Rydberg                            eV
       E_KohnSham                -178.170864736                  -2424.138978
         E_Harris                -178.137437868                -2423.68418213
          E_Fermi              +0.0037488603319                +0.05100586152

 PW ALGORITHM --------------- ION=   1  ELEC=  29--------------------------------
Average iterative diagonalization steps: 4.69565217391 ; where current threshold is: 9.24995113257e-10 . 

 Density error is 1.56488900343e-07
                          Error Threshold = 9.24995113257e-10

       Energy                       Rydberg                            eV
       E_KohnSham                -178.170866396                -2424.13900058
         E_Harris                -178.157004837                 -2423.9504044
          E_Fermi             +0.00389062821893              +0.0529347125771

 PW ALGORITHM --------------- ION=   1  ELEC=  30--------------------------------
Average iterative diagonalization steps: 5.46086956522 ; where current threshold is: 6.01880385935e-10 . 

 Density error is 5.87417204263e-09
                          Error Threshold = 6.01880385935e-10

           Energy                       Rydberg                            eV
       E_KohnSham                -178.170866381                -2424.13900038
   E_KS(sigma->0)                -178.170866381                -2424.13900038
         E_Harris                -178.171580357                -2424.14871452
           E_band                -30.9087750718                -420.535459177
       E_one_elec                -1084.30879872                -14752.7780541
        E_Hartree                +542.532915583                +7381.53900448
             E_xc                -24.3141344033                -330.810769822
          E_Ewald                +387.919151158                +5277.91081907
   E_entropy(-TS)                            +0                            +0
          E_descf                            +0                            +0
            E_exx                            +0                            +0
          E_Fermi             +0.00436013475319              +0.0593226766912

 charge density convergence is achieved
 final etot is -2424.1390004 eV
 EFERMI = 0.059322676691 eV

 STATE ENERGY(eV) AND OCCUPATIONS    NSPIN == 1
 1/10 kpoint (Cartesian) = 0.0000 0.0000 0.0000 (18259 pws)
       1       -61.3252      0.0312500
       2       -35.4540      0.0312500
       3       -35.0328      0.0312500
       4       -35.0328      0.0312500
       5       -13.9192      0.0312500
       6       -13.4578      0.0312500
       7       -5.55977      0.0312500
       8       -3.17749      0.0312500
       9       -1.90680      0.0312500
      10       -1.14755      0.0312500
      11       -1.14755      0.0312500
      12      0.0593225      0.0312500
      13      0.0593227      0.0312500
      14        2.19428        0.00000
      15        2.19428        0.00000
      16        2.51201        0.00000
      17        2.51201        0.00000
      18        4.36156        0.00000
      19        4.92379        0.00000
      20        5.38205        0.00000
      21        6.43121        0.00000
      22        6.86073        0.00000
      23        8.48731        0.00000

 2/10 kpoint (Cartesian) = -0.12500 0.072169 0.0000 (18320 pws)
       1       -61.3167       0.187500
       2       -35.4422       0.187500
       3       -35.1051       0.187500
       4       -35.0497       0.187500
       5       -13.6730       0.187500
       6       -13.2656       0.187500
       7       -5.21698       0.187500
       8       -3.23697       0.187500
       9       -1.77056       0.187500
      10       -1.66969       0.187500
      11      -0.863379       0.187500
      12      -0.513184       0.187500
      13      -0.294871       0.187500
      14        1.26375        0.00000
      15        1.96544        0.00000
      16        2.02852        0.00000
      17        2.62852        0.00000
      18        4.74475        0.00000
      19        5.28896        0.00000
      20        5.72099        0.00000
      21        6.73954        0.00000
      22        7.21509        0.00000
      23        8.89554        0.00000

 3/10 kpoint (Cartesian) = -0.25000 0.14434 0.0000 (18360 pws)
       1       -61.2963       0.187500
       2       -35.4135       0.187500
       3       -35.2766       0.187500
       4       -35.0903       0.187500
       5       -12.9950       0.187500
       6       -12.7379       0.187500
       7       -4.45014       0.187500
       8       -3.51951       0.187500
       9       -3.05743       0.187500
      10       -2.01879       0.187500
      11       -1.59845       0.187500
      12      -0.958138       0.187500
      13      -0.254132       0.187500
      14       0.521220        0.00000
      15        1.69859        0.00000
      16        1.87020        0.00000
      17        2.72448        0.00000
      18        5.32144        0.00000
      19        6.26580        0.00000
      20        6.44646        0.00000
      21        7.25233        0.00000
      22        8.15113        0.00000
      23        8.83258        0.00000

 4/10 kpoint (Cartesian) = -0.37500 0.21651 0.0000 (18392 pws)
       1       -61.2758       0.187500
       2       -35.4444       0.187500
       3       -35.3847       0.187500
       4       -35.1305       0.187500
       5       -12.1203       0.187500
       6       -12.0719       0.187500
       7       -4.84992       0.187500
       8       -4.47528       0.187500
       9       -3.73199       0.187500
      10       -2.84613       0.187500
      11       -1.56992       0.187500
      12       -1.47877       0.187500
      13     -0.0348225       0.187500
      14        1.27728        0.00000
      15        2.13350        0.00000
      16        2.14423        0.00000
      17        2.69706        0.00000
      18        5.33021        0.00000
      19        7.23930        0.00000
      20        7.34842        0.00000
      21        7.98093        0.00000
      22        8.29474        0.00000
      23        8.85328        0.00000

 5/10 kpoint (Cartesian) = 0.50000 0.86603 0.0000 (18406 pws)
       1       -61.2673      0.0937500
       2       -35.5129      0.0937500
       3       -35.3728      0.0937500
       4       -35.1470      0.0937500
       5       -11.7270      0.0937500
       6       -11.6475      0.0937500
       7       -5.58204      0.0937500
       8       -5.10517      0.0937500
       9       -3.74571      0.0937500
      10       -2.97222      0.0937500
      11       -1.66855      0.0937500
      12       -1.30553      0.0937500
      13     -0.0775316      0.0937500
      14        1.85569        0.00000
      15        2.29978        0.00000
      16        2.59251        0.00000
      17        2.66690        0.00000
      18        5.33432        0.00000
      19        7.11736        0.00000
      20        7.38162        0.00000
      21        7.79162        0.00000
      22        8.66547        0.00000
      23        9.45101        0.00000

 6/10 kpoint (Cartesian) = -0.25000 0.0000 0.0000 (18345 pws)
       1       -61.3023       0.187500
       2       -35.4220       0.187500
       3       -35.2188       0.187500
       4       -35.0866       0.187500
       5       -13.2094       0.187500
       6       -12.9040       0.187500
       7       -4.62939       0.187500
       8       -3.35030       0.187500
       9       -2.60996       0.187500
      10       -1.69386       0.187500
      11       -1.54514       0.187500
      12      -0.738550       0.187500
      13      -0.524981       0.187500
      14       0.481311        0.00000
      15        1.67939        0.00000
      16        1.81929        0.00000
      17        2.63269        0.00000
      18        5.25458        0.00000
      19        5.96279        0.00000
      20        6.25579        0.00000
      21        7.09475        0.00000
      22        7.87354        0.00000
      23        9.21252        0.00000

 7/10 kpoint (Cartesian) = -0.37500 0.072169 0.0000 (18367 pws)
       1       -61.2818       0.375000
       2       -35.3932       0.375000
       3       -35.3707       0.375000
       4       -35.1447       0.375000
       5       -12.4163       0.375000
       6       -12.2908       0.375000
       7       -4.14470       0.375000
       8       -3.79033       0.375000
       9       -3.67084       0.375000
      10       -2.94892       0.375000
      11       -1.73893       0.375000
      12       -1.46001       0.375000
      13      -0.435955       0.375000
      14       0.417739        0.00000
      15        1.89617        0.00000
      16        2.19341        0.00000
      17        2.57573        0.00000
      18        5.63813        0.00000
      19        7.06827        0.00000
      20        7.13223        0.00000
      21        7.95832        0.00000
      22        8.81362        0.00000
      23        9.18960        0.00000

 8/10 kpoint (Cartesian) = 0.50000 0.72169 0.0000 (18362 pws)
       1       -61.2673       0.375000
       2       -35.4755       0.375000
       3       -35.3728       0.375000
       4       -35.1863       0.375000
       5       -11.7385       0.375000
       6       -11.6799       0.375000
       7       -5.17873       0.375000
       8       -4.80644       0.375000
       9       -3.57081       0.375000
      10       -3.00252       0.375000
      11       -2.09862       0.375000
      12       -1.74992       0.375000
      13      -0.536250       0.375000
      14        1.46323        0.00000
      15        1.92955        0.00000
      16        2.54635        0.00000
      17        2.70228        0.00000
      18        5.76560        0.00000
      19        7.57559        0.00000
      20        7.83406        0.00000
      21        8.90050        0.00000
      22        9.27315        0.00000
      23        9.43681        0.00000

 9/10 kpoint (Cartesian) = 0.50000 0.57735 0.0000 (18369 pws)
       1       -61.2673       0.187500
       2       -35.4233       0.187500
       3       -35.3729       0.187500
       4       -35.2405       0.187500
       5       -11.7499       0.187500
       6       -11.7113       0.187500
       7       -4.58043       0.187500
       8       -4.28986       0.187500
       9       -3.42358       0.187500
      10       -3.35032       0.187500
      11       -2.58290       0.187500
      12       -2.29090       0.187500
      13      -0.657337       0.187500
      14       0.859197        0.00000
      15        1.41776        0.00000
      16        2.68555        0.00000
      17        2.92912        0.00000
      18        6.15160        0.00000
      19        7.93368        0.00000
      20        8.14034        0.00000
      21        8.89468        0.00000
      22        9.37139        0.00000
      23        9.38871        0.00000

 10/10 kpoint (Cartesian) = 0.37500 0.64952 0.0000 (18371 pws)
       1       -61.2613       0.187500
       2       -35.4273       0.187500
       3       -35.3644       0.187500
       4       -35.2980       0.187500
       5       -11.4840       0.187500
       6       -11.3609       0.187500
       7       -4.76484       0.187500
       8       -4.69253       0.187500
       9       -3.42127       0.187500
      10       -3.18885       0.187500
      11       -2.98583       0.187500
      12       -2.89746       0.187500
      13      -0.460159       0.187500
      14        1.14443        0.00000
      15        1.61540        0.00000
      16        2.19953        0.00000
      17        3.21361        0.00000
      18        6.48500        0.00000
      19        7.60764        0.00000
      20        8.50176        0.00000
      21        9.15306        0.00000
      22        9.44677        0.00000
      23        9.89872        0.00000



 --------------------------------------------
 !FINAL_ETOT_IS -2424.139000376279 eV
 --------------------------------------------






  |CLASS_NAME---------|NAME---------------|TIME(Sec)-----|CALLS----|AVG------|PER%-------
                                      total         72.183        17       4.2   1.0e+02%
                 Driver         driver_line         72.167         1       72.    1.e+02%
                   Ions            opt_ions         71.915         1       72.    1.e+02%
          ESolver_KS_PW                 Run         71.915         1       72.    1.e+02%
               PW_Basis          recip2real        0.30535       219    0.0014      0.42%
              Potential  update_from_charge        0.98107        31     0.032       1.4%
              Potential           cal_v_eff        0.97503        31     0.031       1.4%
           H_Hartree_pw           v_hartree        0.14839        31    0.0048      0.21%
               PW_Basis          real2recip        0.37783       310    0.0012      0.52%
                  PotXC           cal_v_eff        0.78549        31     0.025       1.1%
          XC_Functional                v_xc        0.76740        31     0.025       1.1%
               Symmetry       rhog_symmetry        0.32247        32     0.010      0.45%
              HSolverPW               solve         69.903        31       2.3       97.%
               Nonlocal              getvnl        0.27955       310   0.00090      0.39%
            pp_cell_vnl              getvnl        0.27923       310   0.00090      0.39%
        DiagoIterAssist      diagH_subspace         12.327       300     0.041       17.%
             OperatorPW                hPsi         52.933     23240    0.0023       73.%
               Operator          EkineticPW        0.34456     23240   1.5e-05      0.48%
               Operator              VeffPW         49.833     23240    0.0021       69.%
             PW_Basis_K          recip2real         35.172     33870    0.0010       49.%
             PW_Basis_K    gathers_scatterp         5.6335     33870   0.00017       7.8%
             PW_Basis_K          real2recip         18.235     29840   0.00061       25.%
             PW_Basis_K    gatherp_scatters         2.1442     29840   7.2e-05       3.0%
               Operator          NonlocalPW         1.9808     23240   8.5e-05       2.7%
               Nonlocal     add_nonlocal_pp         1.1281     23240   4.9e-05       1.6%
        DiagoIterAssist     LAPACK_subspace        0.10616       300   0.00035      0.15%
                DiagoCG           diag_once         52.179       310      0.17       72.%
            ElecStatePW            psiToRho         4.5128        31      0.15       6.3%
                 Charge             mix_rho        0.25590        29    0.0088      0.35%
                 Charge        Pulay_mixing        0.25131        29    0.0087      0.35%
 ----------------------------------------------------------------------------------------

 NAME---------------|MEMORY(MB)--------
               total          332.8
              Psi_PW          64.60
        ChgMix::Rrho          59.33
       ChgMix::dRrho          56.36
        ChgMix::drho          56.36
           FFT::grid          11.87
       DiagSub::hpsi          6.460
    DiagSub::evctemp          6.460
    Veff<PW>::porter          5.933
   Veff<PW>::porter1          5.933
    Meta<PW>::porter          5.933
       ElecSPW::wfcr          5.933
     ElecSPW::wfcr_a          5.933
            VNL::vkb          4.775
        SF::strucFac          4.487
        PW_B_K::gcar          4.213
            Chg::rho          2.966
       Chg::rho_save          2.966
       Chg::rho_core          2.966
       Pot::veff_fix          2.966
           Pot::veff          2.966
   ChgMix::rho_save2          2.966
           VNL::vkb1          2.528
         PW_B_K::gk2          1.404
            VNL::ylm          1.264
   YlmReal::Ylm_Real          1.264
           Chg::rhog          1.122
      Chg::rhog_save          1.122
      Chg::rhog_core          1.122
 -------------   < 1.0 MB has been ignored ----------------
 ----------------------------------------------------------

 Start  Time  : Sun Dec  3 11:52:03 2023
 Finish Time  : Sun Dec  3 11:53:15 2023
 Total  Time  : 0 h 1 mins 12 secs 
