                                                                                     
                              ABACUS v3.3.2

               Atomic-orbital Based Ab-initio Computation at UStc                    

                     Website: http://abacus.ustc.edu.cn/                             
               Documentation: https://abacus.deepmodeling.com/                       
                  Repository: https://github.com/abacusmodeling/abacus-develop       
                              https://github.com/deepmodeling/abacus-develop         
                      Commit: e39b50e (Fri Aug 18 16:14:25 2023 +0800)

    Start Time is Sun Dec  3 13:59:45 2023
                                                                                     
 ------------------------------------------------------------------------------------

 READING GENERAL INFORMATION
                           global_out_dir = OUT.ABACUS/
                           global_in_card = INPUT
                               pseudo_dir = 
                              orbital_dir = 
                                    DRANK = 1
                                    DSIZE = 1
                                   DCOLOR = 1
                                    GRANK = 1
                                    GSIZE = 1
 The esolver type has been set to : ksdft_pw




 >>>>>>>>>>>>>>>>>>>>>>>>>>>>>>>>>>>>>>>>>>>>>>>>>>>>>>>>>>>>>>>>>>>>>>
 |                                                                    |
 | Reading atom information in unitcell:                              |
 | From the input file and the structure file we know the number of   |
 | different elments in this unitcell, then we list the detail        |
 | information for each element, especially the zeta and polar atomic |
 | orbital number for each element. The total atom number is counted. |
 | We calculate the nearest atom distance for each atom and show the  |
 | Cartesian and Direct coordinates for each atom. We list the file   |
 | address for atomic orbitals. The volume and the lattice vectors    |
 | in real and reciprocal space is also shown.                        |
 |                                                                    |
 <<<<<<<<<<<<<<<<<<<<<<<<<<<<<<<<<<<<<<<<<<<<<<<<<<<<<<<<<<<<<<<<<<<<<<




 READING UNITCELL INFORMATION
                                    ntype = 2
                  lattice constant (Bohr) = 5.74477
              lattice constant (Angstrom) = 3.04

 READING ATOM TYPE 1
                               atom label = Mo
                      L=0, number of zeta = 1
                      L=1, number of zeta = 1
                      L=2, number of zeta = 1
             number of atom for this type = 1

 READING ATOM TYPE 2
                               atom label = S
                      L=0, number of zeta = 1
                      L=1, number of zeta = 1
                      L=2, number of zeta = 1
             number of atom for this type = 2

                        TOTAL ATOM NUMBER = 3

 DIRECT COORDINATES
         atom                   x                   y                   z                 mag                  vx                  vy                  vz
     taud_Mo1            0.666667            0.333333           0.0945946                   0                   0                   0                   0
      taud_S1                   0                   0                   0                   0                   0                   0                   0
      taud_S2                   0                   0            0.189189                   0                   0                   0                   0


                          Volume (Bohr^3) = 999.186
                             Volume (A^3) = 148.064

 Lattice vectors: (Cartesian coordinate: in unit of a_0)
                   +1                  +0                  +0
                 -0.5           +0.866025                  +0
                   +0                  +0            +6.08553
 Reciprocal vectors: (Cartesian coordinate: in unit of 2 pi/a_0)
                   +1            +0.57735                  -0
                   +0             +1.1547                  -0
                   +0                  -0           +0.164324




 >>>>>>>>>>>>>>>>>>>>>>>>>>>>>>>>>>>>>>>>>>>>>>>>>>>>>>>>>>>>>>>>>>>>>>
 |                                                                    |
 | Reading pseudopotentials files:                                    |
 | The pseudopotential file is in UPF format. The 'NC' indicates that |
 | the type of pseudopotential is 'norm conserving'. Functional of    |
 | exchange and correlation is decided by 4 given parameters in UPF   |
 | file.  We also read in the 'core correction' if there exists.      |
 | Also we can read the valence electrons number and the maximal      |
 | angular momentum used in this pseudopotential. We also read in the |
 | trail wave function, trail atomic density and local-pseudopotential|
 | on logrithmic grid. The non-local pseudopotential projector is also|
 | read in if there is any.                                           |
 |                                                                    |
 <<<<<<<<<<<<<<<<<<<<<<<<<<<<<<<<<<<<<<<<<<<<<<<<<<<<<<<<<<<<<<<<<<<<<<




                PAO radial cut off (Bohr) = 15

 Read in pseudopotential file is Mo_ONCV_PBE-1.0.upf
                     pseudopotential type = NC
          exchange-correlation functional = PBE
                 nonlocal core correction = 0
                        valence electrons = 14
                                     lmax = 2
                           number of zeta = 0
                     number of projectors = 6
                           L of projector = 0
                           L of projector = 0
                           L of projector = 1
                           L of projector = 1
                           L of projector = 2
                           L of projector = 2
                PAO radial cut off (Bohr) = 15

 Read in pseudopotential file is S_ONCV_PBE-1.0.upf
                     pseudopotential type = NC
          exchange-correlation functional = PBE
                 nonlocal core correction = 0
                        valence electrons = 6
                                     lmax = 1
                           number of zeta = 0
                     number of projectors = 4
                           L of projector = 0
                           L of projector = 0
                           L of projector = 1
                           L of projector = 1
     initial pseudo atomic orbital number = 0
                                   NLOCAL = 27

%%%%%%%%%%%%%%%%%%%%%%%%%%%%%%%%%%%%%%%%%%%%%%%%%%%%%%%%%%%%%%%%%%%%%%%%%%%%%%%%%%%%%%%%%%%%%%%%%%%%%%%%%%
 Warning: the number of valence electrons in pseudopotential > 6 for Mo: [Kr] 4d5 5s1
 Pseudopotentials with additional electrons can yield (more) accurate outcomes, but may be less efficient.
 If you're confident that your chosen pseudopotential is appropriate, you can safely ignore this warning.
%%%%%%%%%%%%%%%%%%%%%%%%%%%%%%%%%%%%%%%%%%%%%%%%%%%%%%%%%%%%%%%%%%%%%%%%%%%%%%%%%%%%%%%%%%%%%%%%%%%%%%%%%%
                  

 Warning_Memory_Consuming allocated:  FFT::grid 10.9863 MB




 >>>>>>>>>>>>>>>>>>>>>>>>>>>>>>>>>>>>>>>>>>>>>>>>>>>>>>>>>>>>>>>>>>>>>>
 |                                                                    |
 | Setup plane waves of charge/potential:                             |
 | Use the energy cutoff and the lattice vectors to generate the      |
 | dimensions of FFT grid. The number of FFT grid on each processor   |
 | is 'nrxx'. The number of plane wave basis in reciprocal space is   |
 | different for charege/potential and wave functions. We also set    |
 | the 'sticks' for the parallel of FFT. The number of plane waves    |
 | is 'npw' in each processor.                                        |
 <<<<<<<<<<<<<<<<<<<<<<<<<<<<<<<<<<<<<<<<<<<<<<<<<<<<<<<<<<<<<<<<<<<<<<





 SETUP THE PLANE WAVE BASIS
 energy cutoff for charge/potential (unit:Ry) = 400
            fft grid for charge/potential = [ 40, 40, 225 ]
                        fft grid division = [ 1, 1, 1 ]
        big fft grid for charge/potential = [ 40, 40, 225 ]
                                     nbxx = 360000
                                     nrxx = 360000

 SETUP PLANE WAVES FOR CHARGE/POTENTIAL
                    number of plane waves = 135103
                         number of sticks = 913

 PARALLEL PW FOR CHARGE/POTENTIAL
     PROC   COLUMNS(POT)             PW
        1            913         135103
 --------------- sum -------------------
        1            913         135103
                            number of |g| = 6302
                                  max |g| = 334.348
                                  min |g| = 0

 SETUP THE ELECTRONS NUMBER
            electron number of element Mo = 14
      total electron number of element Mo = 14
             electron number of element S = 6
       total electron number of element S = 12
            AUTOSET number of electrons:  = 26
 DONE : SETUP UNITCELL Time : 0.0717356 (SEC)





 >>>>>>>>>>>>>>>>>>>>>>>>>>>>>>>>>>>>>>>>>>>>>>>>>>>>>>>>>>>>>>>>>>>>>>
 |                                                                    |
 | Doing symmetry analysis:                                           |
 | We calculate the norm of 3 vectors and the angles between them,    |
 | the type of Bravais lattice is given. We can judge if the unticell |
 | is a primitive cell. Finally we give the point group operation for |
 | this unitcell. We use the point group operations to do symmetry |
 | analysis on given k-point mesh and the charge density.             |
 |                                                                    |
 <<<<<<<<<<<<<<<<<<<<<<<<<<<<<<<<<<<<<<<<<<<<<<<<<<<<<<<<<<<<<<<<<<<<<<




 LATTICE VECTORS: (CARTESIAN COORDINATE: IN UNIT OF A0)
                   +1                  +0                  +0
                 -0.5           +0.866025                  +0
                   +0                  +0            +6.08553
                       right hand lattice = 1
                                   NORM_A = 1
                                   NORM_B = 1
                                   NORM_C = 6.08553
                           ALPHA (DEGREE) = 90
                           BETA  (DEGREE) = 90
                           GAMMA (DEGREE) = 120

 The lattice vectors have been changed (STRU_SIMPLE.cif)

(for optimal symmetric configuration:)
                             BRAVAIS TYPE = 4
                     BRAVAIS LATTICE NAME = 04. Hexagonal cell
                                    ibrav = 4
                                    IBRAV = 4
                                  BRAVAIS = HEXAGONAL CELL
                       LATTICE CONSTANT A = 1
                                C/A RATIO = 6.08553
Original cell was already a primitive cell.
                        ROTATION MATRICES = 24
              PURE POINT GROUP OPERATIONS = 6
                   SPACE GROUP OPERATIONS = 12
                                       C2 = 0
                                       C3 = 2
                                       C4 = 0
                                       C6 = 0
                                       S1 = 3
                                       S3 = 0
                                       S4 = 0
                                       S6 = 0
                              POINT GROUP = C_3v
                                       C2 = 3
                                       C3 = 2
                                       C4 = 0
                                       C6 = 0
                                       S1 = 4
                                       S3 = 2
                                       S4 = 0
                                       S6 = 0
               POINT GROUP IN SPACE GROUP = D_3h
 DONE : SYMMETRY Time : 0.0942276 (SEC)





 >>>>>>>>>>>>>>>>>>>>>>>>>>>>>>>>>>>>>>>>>>>>>>>>>>>>>>>>>>>>>>>>>>>>>>
 |                                                                    |
 | Setup K-points                                                     |
 | We setup the k-points according to input parameters.               |
 | The reduced k-points are set according to symmetry operations.     |
 | We treat the spin as another set of k-points.                      |
 |                                                                    |
 <<<<<<<<<<<<<<<<<<<<<<<<<<<<<<<<<<<<<<<<<<<<<<<<<<<<<<<<<<<<<<<<<<<<<<





 SETUP K-POINTS
                                    nspin = 1
                   Input type of k points = Monkhorst-Pack(Gamma)
                                   nkstot = 64
                       right hand lattice = 1
(for reciprocal lattice: )
                             BRAVAIS TYPE = 4
                     BRAVAIS LATTICE NAME = 04. Hexagonal cell
                                    ibrav = 4
                       right hand lattice = 1
(for k-lattice: )
                             BRAVAIS TYPE = 4
                     BRAVAIS LATTICE NAME = 04. Hexagonal cell
                                    ibrav = 4
                       right hand lattice = 1
                        ROTATION MATRICES = 24
                               nkstot_ibz = 10
      IBZ             DirectX             DirectY             DirectZ              Weight    ibz2bz
        1                   0                   0                   0            0.015625         0
        2              -0.125               0.125                   0             0.09375         1
        3               -0.25                0.25                   0             0.09375         2
        4              -0.375               0.375                   0             0.09375         3
        5                 0.5                 0.5                   0            0.046875         4
        6               -0.25               0.125                   0             0.09375         9
        7              -0.375                0.25                   0              0.1875        10
        8                 0.5               0.375                   0              0.1875        11
        9                 0.5                0.25                   0             0.09375        18
       10               0.375               0.375                   0             0.09375        19
                               nkstot now = 10

  KPOINTS            DIRECT_X            DIRECT_Y            DIRECT_Z              WEIGHT
        1                   0                   0                   0            0.015625
        2              -0.125               0.125                   0             0.09375
        3               -0.25                0.25                   0             0.09375
        4              -0.375               0.375                   0             0.09375
        5                 0.5                 0.5                   0            0.046875
        6               -0.25               0.125                   0             0.09375
        7              -0.375                0.25                   0              0.1875
        8                 0.5               0.375                   0              0.1875
        9                 0.5                0.25                   0             0.09375
       10               0.375               0.375                   0             0.09375

           k-point number in this process = 10
       minimum distributed K point number = 10

  KPOINTS         CARTESIAN_X         CARTESIAN_Y         CARTESIAN_Z              WEIGHT
        1                   0                   0                   0             0.03125
        2              -0.125           0.0721688                   0              0.1875
        3               -0.25            0.144338                   0              0.1875
        4              -0.375            0.216506                   0              0.1875
        5                 0.5            0.866025                   0             0.09375
        6               -0.25                   0                   0              0.1875
        7              -0.375           0.0721688                   0               0.375
        8                 0.5            0.721688                   0               0.375
        9                 0.5             0.57735                   0              0.1875
       10               0.375            0.649519                   0              0.1875

  KPOINTS            DIRECT_X            DIRECT_Y            DIRECT_Z              WEIGHT
        1                   0                   0                   0             0.03125
        2              -0.125               0.125                   0              0.1875
        3               -0.25                0.25                   0              0.1875
        4              -0.375               0.375                   0              0.1875
        5                 0.5                 0.5                   0             0.09375
        6               -0.25               0.125                   0              0.1875
        7              -0.375                0.25                   0               0.375
        8                 0.5               0.375                   0               0.375
        9                 0.5                0.25                   0              0.1875
       10               0.375               0.375                   0              0.1875
 DONE : INIT K-POINTS Time : 0.159043 (SEC)





 >>>>>>>>>>>>>>>>>>>>>>>>>>>>>>>>>>>>>>>>>>>>>>>>>>>>>>>>>>>>>>>>>>>>>>
 |                                                                    |
 | Setup plane waves of wave functions:                               |
 | Use the energy cutoff and the lattice vectors to generate the      |
 | dimensions of FFT grid. The number of FFT grid on each processor   |
 | is 'nrxx'. The number of plane wave basis in reciprocal space is   |
 | different for charege/potential and wave functions. We also set    |
 | the 'sticks' for the parallel of FFT. The number of plane wave of  |
 | each k-point is 'npwk[ik]' in each processor                       |
 <<<<<<<<<<<<<<<<<<<<<<<<<<<<<<<<<<<<<<<<<<<<<<<<<<<<<<<<<<<<<<<<<<<<<<





 SETUP PLANE WAVES FOR WAVE FUNCTIONS
     energy cutoff for wavefunc (unit:Ry) = 100
              fft grid for wave functions = [ 40, 40, 225 ]
                    number of plane waves = 23061
                         number of sticks = 283

 PARALLEL PW FOR WAVE FUNCTIONS
     PROC   COLUMNS(POT)             PW
        1            283          23061
 --------------- sum -------------------
        1            283          23061
 DONE : INIT PLANEWAVE Time : 0.171523 (SEC)

                           occupied bands = 13
                                   NBANDS = 23
                                     npwx = 16918

 Warning_Memory_Consuming allocated:  Psi_PW 59.3741 MB

 SETUP NONLOCAL PSEUDOPOTENTIALS IN PLANE WAVE BASIS
 Mo non-local projectors:
 projector 1 L=0
 projector 2 L=0
 projector 3 L=1
 projector 4 L=1
 projector 5 L=2
 projector 6 L=2
 S non-local projectors:
 projector 1 L=0
 projector 2 L=0
 projector 3 L=1
 projector 4 L=1
      TOTAL NUMBER OF NONLOCAL PROJECTORS = 34
 DONE : LOCAL POTENTIAL Time : 0.201722 (SEC)


 Init Non-Local PseudoPotential table : 
 Init Non-Local-Pseudopotential done.
 DONE : NON-LOCAL POTENTIAL Time : 0.227378 (SEC)


 Make real space PAO into reciprocal space.
       max mesh points in Pseudopotential = 601
     dq(describe PAO in reciprocal space) = 0.01
                                    max q = 1206

 number of pseudo atomic orbitals for Mo is 0

 number of pseudo atomic orbitals for S is 0
 DONE : INIT BASIS Time : 0.227414 (SEC)


 -------------------------------------------
 SELF-CONSISTENT
 -------------------------------------------

 Warning_Memory_Consuming allocated:  Veff<PW>::porter 5.49316 MB

 Warning_Memory_Consuming allocated:  Veff<PW>::porter1 5.49316 MB

 Warning_Memory_Consuming allocated:  Meta<PW>::porter 5.49316 MB
                                 init_chg = atomic
 DONE : INIT SCF Time : 0.312315 (SEC)


 PW ALGORITHM --------------- ION=   1  ELEC=   1--------------------------------

 Warning_Memory_Consuming allocated:  DiagSub::hpsi 5.93741 MB

 Warning_Memory_Consuming allocated:  DiagSub::evctemp 5.89915 MB

 Warning_Memory_Consuming allocated:  DiagSub::evctemp 5.91635 MB

 Warning_Memory_Consuming allocated:  DiagSub::evctemp 5.92337 MB

 Warning_Memory_Consuming allocated:  DiagSub::evctemp 5.93741 MB
Average iterative diagonalization steps: 10.4609 ; where current threshold is: 0.01 . 

 Warning_Memory_Consuming allocated:  ElecSPW::wfcr 5.49316 MB

 Warning_Memory_Consuming allocated:  ElecSPW::wfcr_a 5.49316 MB
 Notice: Threshold on eigenvalues was too large.
 hsover_error=0.26 > DRHO=0.113455
 Origin diag_ethr = 0.01
 New    diag_ethr = 0.000436365
Average iterative diagonalization steps: 7.68261 ; where current threshold is: 0.000436365 . 

 Warning_Memory_Consuming allocated:  ChgMix::Rrho 54.9316 MB

 Warning_Memory_Consuming allocated:  ChgMix::dRrho 52.1851 MB

 Warning_Memory_Consuming allocated:  ChgMix::drho 52.1851 MB

 Density error is 0.107751953283
                          Error Threshold = 0.000436365146917

       Energy                       Rydberg                            eV
       E_KohnSham                -178.308344778                -2426.00948993
         E_Harris                -178.320727911                -2426.17797109
          E_Fermi              -0.0375307260484               -0.510631724336

 PW ALGORITHM --------------- ION=   1  ELEC=   2--------------------------------
Average iterative diagonalization steps: 2 ; where current threshold is: 0.00041443058955 . 

 Density error is 0.072116976536
                          Error Threshold = 0.00041443058955

       Energy                       Rydberg                            eV
       E_KohnSham                -178.288130754                -2425.73446403
         E_Harris                -177.585851526                -2416.17946494
          E_Fermi              -0.0422473097123               -0.574804137258

 PW ALGORITHM --------------- ION=   1  ELEC=   3--------------------------------
Average iterative diagonalization steps: 2.62173913043 ; where current threshold is: 0.000277372986677 . 

 Density error is 0.0295226603889
                          Error Threshold = 0.000277372986677

       Energy                       Rydberg                            eV
       E_KohnSham                -178.291973585                -2425.78674842
         E_Harris                -175.785901161                -2391.68988385
          E_Fermi              -0.0476438734453               -0.648228153647

 PW ALGORITHM --------------- ION=   1  ELEC=   4--------------------------------
Average iterative diagonalization steps: 2.31304347826 ; where current threshold is: 0.000113548693804 . 

 Density error is 0.00671652105684
                          Error Threshold = 0.000113548693804

       Energy                       Rydberg                            eV
       E_KohnSham                -178.292117314                -2425.78870396
         E_Harris                -173.994954295                -2367.32280166
          E_Fermi              -0.0351629794339               -0.478416878958

 PW ALGORITHM --------------- ION=   1  ELEC=   5--------------------------------
Average iterative diagonalization steps: 3.62608695652 ; where current threshold is: 2.58327732955e-05 . 

 Density error is 0.0106770476248
                          Error Threshold = 2.58327732955e-05

       Energy                       Rydberg                            eV
       E_KohnSham                -178.291114225                -2425.77505623
         E_Harris                 -176.11885921                -2396.22001052
          E_Fermi               -0.015921513502               -0.216623304411

 PW ALGORITHM --------------- ION=   1  ELEC=   6--------------------------------
Average iterative diagonalization steps: 3.03043478261 ; where current threshold is: 2.58327732955e-05 . 

 Density error is 0.00592226066218
                          Error Threshold = 2.58327732955e-05

       Energy                       Rydberg                            eV
       E_KohnSham                -178.292606935                -2425.79536559
         E_Harris                -179.315302214                 -2439.7098487
          E_Fermi              -0.0262083680837                -0.35658314122

 PW ALGORITHM --------------- ION=   1  ELEC=   7--------------------------------
Average iterative diagonalization steps: 2.05652173913 ; where current threshold is: 2.27779256238e-05 . 

 Density error is 0.000509326553396
                          Error Threshold = 2.27779256238e-05

       Energy                       Rydberg                            eV
       E_KohnSham                -178.293264771                -2425.80431591
         E_Harris                -176.117554531                -2396.20225944
          E_Fermi               -0.018794468557               -0.255711863257

 PW ALGORITHM --------------- ION=   1  ELEC=   8--------------------------------
Average iterative diagonalization steps: 3.44347826087 ; where current threshold is: 1.95894828229e-06 . 

 Density error is 0.000487097955797
                          Error Threshold = 1.95894828229e-06

       Energy                       Rydberg                            eV
       E_KohnSham                -178.293227179                -2425.80380445
         E_Harris                -177.420351033                 -2413.9277152
          E_Fermi              -0.0185506627102               -0.252394714534

 PW ALGORITHM --------------- ION=   1  ELEC=   9--------------------------------
Average iterative diagonalization steps: 2.61304347826 ; where current threshold is: 1.87345367614e-06 . 

 Density error is 0.000465351572694
                          Error Threshold = 1.87345367614e-06

       Energy                       Rydberg                            eV
       E_KohnSham                -178.293162681                 -2425.8029269
         E_Harris                -177.526591438                -2415.37319008
          E_Fermi              -0.0181541483934               -0.246999860488

 PW ALGORITHM --------------- ION=   1  ELEC=  10--------------------------------
Average iterative diagonalization steps: 2.96086956522 ; where current threshold is: 1.78981374113e-06 . 

 Density error is 0.000273828588855
                          Error Threshold = 1.78981374113e-06

       Energy                       Rydberg                            eV
       E_KohnSham                -178.293179131                -2425.80315072
         E_Harris                -177.481103533                -2414.75429538
          E_Fermi              -0.0139996320438               -0.190474765699

 PW ALGORITHM --------------- ION=   1  ELEC=  11--------------------------------
Average iterative diagonalization steps: 2.08695652174 ; where current threshold is: 1.05318688021e-06 . 

 Density error is 0.000262255064746
                          Error Threshold = 1.05318688021e-06

       Energy                       Rydberg                            eV
       E_KohnSham                -178.293155319                -2425.80282673
         E_Harris                -177.724063306                -2418.05993267
          E_Fermi               -0.013411657817               -0.182474965937

 PW ALGORITHM --------------- ION=   1  ELEC=  12--------------------------------
Average iterative diagonalization steps: 2.83913043478 ; where current threshold is: 1.00867332595e-06 . 

 Density error is 0.00019753188184
                          Error Threshold = 1.00867332595e-06

       Energy                       Rydberg                            eV
       E_KohnSham                -178.293133419                -2425.80252877
         E_Harris                -177.795585522                -2419.03304234
          E_Fermi              -0.0112363045341               -0.152877766127

 PW ALGORITHM --------------- ION=   1  ELEC=  13--------------------------------
Average iterative diagonalization steps: 2.87391304348 ; where current threshold is: 7.59738007078e-07 . 

 Density error is 0.000148131306877
                          Error Threshold = 7.59738007078e-07

       Energy                       Rydberg                            eV
       E_KohnSham                -178.293136391                -2425.80256922
         E_Harris                -177.862963652                -2419.94976883
          E_Fermi             -0.00983334638854               -0.133789541292

 PW ALGORITHM --------------- ION=   1  ELEC=  14--------------------------------
Average iterative diagonalization steps: 2 ; where current threshold is: 5.6973579568e-07 . 

 Density error is 0.00014931347004
                          Error Threshold = 5.6973579568e-07

       Energy                       Rydberg                            eV
       E_KohnSham                -178.293137081                 -2425.8025786
         E_Harris                -177.836827393                -2419.59416678
          E_Fermi             -0.00987786980176               -0.134395313406

 PW ALGORITHM --------------- ION=   1  ELEC=  15--------------------------------
Average iterative diagonalization steps: 2 ; where current threshold is: 5.6973579568e-07 . 

 Density error is 0.000148722591289
                          Error Threshold = 5.6973579568e-07

       Energy                       Rydberg                            eV
       E_KohnSham                 -178.29313601                -2425.80256402
         E_Harris                -177.829105795                -2419.48910905
          E_Fermi             -0.00986840964506               -0.134266601371

 PW ALGORITHM --------------- ION=   1  ELEC=  16--------------------------------
Average iterative diagonalization steps: 2 ; where current threshold is: 5.6973579568e-07 . 

 Density error is 0.000145385585894
                          Error Threshold = 5.6973579568e-07

       Energy                       Rydberg                            eV
       E_KohnSham                -178.293125999                -2425.80242781
         E_Harris                -177.834331286                -2419.56020552
          E_Fermi             -0.00969847129372               -0.131954471484

 PW ALGORITHM --------------- ION=   1  ELEC=  17--------------------------------
Average iterative diagonalization steps: 2.87826086957 ; where current threshold is: 5.59175330363e-07 . 

 Density error is 0.000103300455719
                          Error Threshold = 5.59175330363e-07

       Energy                       Rydberg                            eV
       E_KohnSham                -178.293124046                -2425.80240125
         E_Harris                -177.899495958                -2420.44681635
          E_Fermi             -0.00728193179157              -0.0990757648128

 PW ALGORITHM --------------- ION=   1  ELEC=  18--------------------------------
Average iterative diagonalization steps: 2.57391304348 ; where current threshold is: 3.97309445071e-07 . 

 Density error is 9.16528092825e-05
                          Error Threshold = 3.97309445071e-07

       Energy                       Rydberg                            eV
       E_KohnSham                -178.293125134                -2425.80241605
         E_Harris                -177.914865684                -2420.65593221
          E_Fermi             -0.00628158525351              -0.0854653519206

 PW ALGORITHM --------------- ION=   1  ELEC=  19--------------------------------
Average iterative diagonalization steps: 2 ; where current threshold is: 3.52510804933e-07 . 

 Density error is 9.64536524332e-05
                          Error Threshold = 3.52510804933e-07

       Energy                       Rydberg                            eV
       E_KohnSham                -178.293124213                -2425.80240353
         E_Harris                -177.895633708                -2420.39426775
          E_Fermi             -0.00642133968673              -0.0873668085331

 PW ALGORITHM --------------- ION=   1  ELEC=  20--------------------------------
Average iterative diagonalization steps: 2.12608695652 ; where current threshold is: 3.52510804933e-07 . 

 Density error is 8.33589995948e-05
                          Error Threshold = 3.52510804933e-07

       Energy                       Rydberg                            eV
       E_KohnSham                -178.293123847                -2425.80239853
         E_Harris                -177.902614583                -2420.48924743
          E_Fermi             -0.00567563970413              -0.0772210397712

 PW ALGORITHM --------------- ION=   1  ELEC=  21--------------------------------
Average iterative diagonalization steps: 2.55217391304 ; where current threshold is: 3.20611536903e-07 . 

 Density error is 5.21626885528e-05
                          Error Threshold = 3.20611536903e-07

       Energy                       Rydberg                            eV
       E_KohnSham                -178.293126813                -2425.80243889
         E_Harris                -177.963866203                -2421.32261847
          E_Fermi             -0.00373269414351               -0.050785909243

 PW ALGORITHM --------------- ION=   1  ELEC=  22--------------------------------
Average iterative diagonalization steps: 2.07391304348 ; where current threshold is: 2.00625725203e-07 . 

 Density error is 4.89177589883e-05
                          Error Threshold = 2.00625725203e-07

       Energy                       Rydberg                            eV
       E_KohnSham                -178.293133085                -2425.80252422
         E_Harris                -178.038510011                -2422.33819959
          E_Fermi             -0.00335551473263              -0.0456541200867

 PW ALGORITHM --------------- ION=   1  ELEC=  23--------------------------------
Average iterative diagonalization steps: 2.62173913043 ; where current threshold is: 1.88145226878e-07 . 

 Density error is 3.57349637463e-05
                          Error Threshold = 1.88145226878e-07

       Energy                       Rydberg                            eV
       E_KohnSham                -178.293137103                 -2425.8025789
         E_Harris                -178.051085056                -2422.50929184
          E_Fermi             -0.00197477891114              -0.0268682454817

 PW ALGORITHM --------------- ION=   1  ELEC=  24--------------------------------
Average iterative diagonalization steps: 2.43913043478 ; where current threshold is: 1.37442168255e-07 . 

 Density error is 2.65982551024e-05
                          Error Threshold = 1.37442168255e-07

       Energy                       Rydberg                            eV
       E_KohnSham                -178.293153718                -2425.80280496
         E_Harris                -178.070583169                -2422.77457728
          E_Fermi             -0.00102025454133              -0.0138812751724

 PW ALGORITHM --------------- ION=   1  ELEC=  25--------------------------------
Average iterative diagonalization steps: 3.66086956522 ; where current threshold is: 1.02300981163e-07 . 

 Density error is 4.83571422071e-06
                          Error Threshold = 1.02300981163e-07

       Energy                       Rydberg                            eV
       E_KohnSham                -178.293156942                -2425.80284882
         E_Harris                -178.171585126                -2424.14877941
          E_Fermi              +0.0025601123475              +0.0348321154462

 PW ALGORITHM --------------- ION=   1  ELEC=  26--------------------------------
Average iterative diagonalization steps: 3.46086956522 ; where current threshold is: 1.85989008489e-08 . 

 Density error is 4.48299711393e-06
                          Error Threshold = 1.85989008489e-08

       Energy                       Rydberg                            eV
       E_KohnSham                -178.293160314                -2425.80289469
         E_Harris                -178.246762002                -2425.17161328
          E_Fermi             +0.00279587219201              +0.0380397926911

 PW ALGORITHM --------------- ION=   1  ELEC=  27--------------------------------
Average iterative diagonalization steps: 3.55652173913 ; where current threshold is: 1.7242296592e-08 . 

 Density error is 3.26867968809e-06
                          Error Threshold = 1.7242296592e-08

       Energy                       Rydberg                            eV
       E_KohnSham                -178.293166306                -2425.80297622
         E_Harris                -178.267742787                -2425.45707151
          E_Fermi             +0.00328936154089              +0.0447540597382

 PW ALGORITHM --------------- ION=   1  ELEC=  28--------------------------------
Average iterative diagonalization steps: 4.38260869565 ; where current threshold is: 1.25718449542e-08 . 

 Density error is 2.52902057685e-07
                          Error Threshold = 1.25718449542e-08

       Energy                       Rydberg                            eV
       E_KohnSham                -178.293166555                 -2425.8029796
         E_Harris                -178.299340097                -2425.88697496
          E_Fermi             +0.00417070859035              +0.0567454015263

 PW ALGORITHM --------------- ION=   1  ELEC=  29--------------------------------
Average iterative diagonalization steps: 3.68260869565 ; where current threshold is: 9.72700221867e-10 . 

 Density error is 2.19428980598e-07
                          Error Threshold = 9.72700221867e-10

       Energy                       Rydberg                            eV
       E_KohnSham                  -178.2931663                -2425.80297615
         E_Harris                -178.282067456                -2425.65196862
          E_Fermi             +0.00418401860117              +0.0569264935139

 PW ALGORITHM --------------- ION=   1  ELEC=  30--------------------------------
Average iterative diagonalization steps: 3.53913043478 ; where current threshold is: 8.43957617685e-10 . 

 Density error is 2.42992503844e-07
                          Error Threshold = 8.43957617685e-10

       Energy                       Rydberg                            eV
       E_KohnSham                -178.293167109                -2425.80298715
         E_Harris                 -178.27924044                -2425.61350509
          E_Fermi             +0.00411253002992              +0.0559538416031

 PW ALGORITHM --------------- ION=   1  ELEC=  31--------------------------------
Average iterative diagonalization steps: 4.07391304348 ; where current threshold is: 8.43957617685e-10 . 

 Density error is 1.39614730896e-07
                          Error Threshold = 8.43957617685e-10

       Energy                       Rydberg                            eV
       E_KohnSham                -178.293168538                -2425.80300659
         E_Harris                -178.280324686                -2425.62825703
          E_Fermi             +0.00423527973967              +0.0576239370835

 PW ALGORITHM --------------- ION=   1  ELEC=  32--------------------------------
Average iterative diagonalization steps: 5.90869565217 ; where current threshold is: 5.36979734215e-10 . 

 Density error is 4.30799958461e-09
                          Error Threshold = 5.36979734215e-10

           Energy                       Rydberg                            eV
       E_KohnSham                -178.293168662                -2425.80300828
   E_KS(sigma->0)                -178.293168662                -2425.80300828
         E_Harris                -178.290194541                -2425.76254329
           E_band                -30.5982056178                -416.309944978
       E_one_elec                -1030.30917833                 -14018.075527
        E_Hartree                +515.891482721                +7019.06371467
             E_xc                -24.6154653728                -334.910587992
          E_Ewald                 +360.73999232                +4908.11939203
   E_entropy(-TS)                            +0                            +0
          E_descf                            +0                            +0
            E_exx                            +0                            +0
          E_Fermi             +0.00465959158794              +0.0633969959488

 charge density convergence is achieved
 final etot is -2425.8030083 eV
 EFERMI = 0.063396995949 eV

 STATE ENERGY(eV) AND OCCUPATIONS    NSPIN == 1
 1/10 kpoint (Cartesian) = 0.0000 0.0000 0.0000 (16809 pws)
       1       -60.7270      0.0312500
       2       -34.9178      0.0312500
       3       -34.5091      0.0312500
       4       -34.5091      0.0312500
       5       -14.0658      0.0312500
       6       -13.1813      0.0312500
       7       -5.55355      0.0312500
       8       -2.48264      0.0312500
       9       -1.53201      0.0312500
      10       -1.53201      0.0312500
      11      -0.917097      0.0312500
      12      -0.377942      0.0312500
      13      -0.377942      0.0312500
      14        3.02345        0.00000
      15        3.02345        0.00000
      16        3.17890        0.00000
      17        3.17890        0.00000
      18        5.17151        0.00000
      19        5.46335        0.00000
      20        6.18728        0.00000
      21        7.22622        0.00000
      22        7.73246        0.00000
      23        9.11730        0.00000

 2/10 kpoint (Cartesian) = -0.12500 0.072169 0.0000 (16792 pws)
       1       -60.7176       0.187500
       2       -34.9021       0.187500
       3       -34.5903       0.187500
       4       -34.5276       0.187500
       5       -13.8027       0.187500
       6       -13.0222       0.187500
       7       -5.22548       0.187500
       8       -2.76294       0.187500
       9       -2.13441       0.187500
      10       -1.25817       0.187500
      11      -0.856937       0.187500
      12      -0.774123       0.187500
      13      -0.681907       0.187500
      14        2.22551        0.00000
      15        2.78151        0.00000
      16        2.82526        0.00000
      17        3.45494        0.00000
      18        5.54808        0.00000
      19        5.81467        0.00000
      20        6.57617        0.00000
      21        7.95116        0.00000
      22        8.06347        0.00000
      23        9.56498        0.00000

 3/10 kpoint (Cartesian) = -0.25000 0.14434 0.0000 (16858 pws)
       1       -60.6948       0.187500
       2       -34.8640       0.187500
       3       -34.7829       0.187500
       4       -34.5721       0.187500
       5       -13.0872       0.187500
       6       -12.5916       0.187500
       7       -4.60007       0.187500
       8       -3.51547       0.187500
       9       -3.31306       0.187500
      10       -1.61392       0.187500
      11       -1.50339       0.187500
      12       -1.02571       0.187500
      13      -0.632985       0.187500
      14        1.62880        0.00000
      15        2.46525        0.00000
      16        2.93454        0.00000
      17        3.83387        0.00000
      18        6.44566        0.00000
      19        6.76997        0.00000
      20        7.43055        0.00000
      21        8.32043        0.00000
      22        8.84430        0.00000
      23        9.46369        0.00000

 4/10 kpoint (Cartesian) = -0.37500 0.21651 0.0000 (16878 pws)
       1       -60.6719       0.187500
       2       -34.9705       0.187500
       3       -34.8258       0.187500
       4       -34.6161       0.187500
       5       -12.1817       0.187500
       6       -12.0652       0.187500
       7       -5.17653       0.187500
       8       -4.55508       0.187500
       9       -3.74283       0.187500
      10       -2.25536       0.187500
      11       -2.06585       0.187500
      12       -1.02755       0.187500
      13      -0.205129       0.187500
      14        2.27505        0.00000
      15        2.68554        0.00000
      16        3.42253        0.00000
      17        3.99011        0.00000
      18        7.08799        0.00000
      19        7.72321        0.00000
      20        7.76931        0.00000
      21        8.59671        0.00000
      22        8.85563        0.00000
      23        9.64011        0.00000

 5/10 kpoint (Cartesian) = 0.50000 0.86603 0.0000 (16918 pws)
       1       -60.6624      0.0937500
       2       -35.0468      0.0937500
       3       -34.8099      0.0937500
       4       -34.6343      0.0937500
       5       -11.8032      0.0937500
       6       -11.7002      0.0937500
       7       -5.79249      0.0937500
       8       -5.07325      0.0937500
       9       -3.86320      0.0937500
      10       -2.42369      0.0937500
      11       -2.26907      0.0937500
      12      -0.714726      0.0937500
      13      -0.129714      0.0937500
      14        2.89487        0.00000
      15        3.01110        0.00000
      16        3.62403        0.00000
      17        4.01582        0.00000
      18        6.46384        0.00000
      19        7.93959        0.00000
      20        7.98917        0.00000
      21        8.77781        0.00000
      22        9.56714        0.00000
      23        10.1255        0.00000

 6/10 kpoint (Cartesian) = -0.25000 0.0000 0.0000 (16855 pws)
       1       -60.7015       0.187500
       2       -34.8752       0.187500
       3       -34.7180       0.187500
       4       -34.5683       0.187500
       5       -13.3118       0.187500
       6       -12.7255       0.187500
       7       -4.69967       0.187500
       8       -3.15374       0.187500
       9       -2.97412       0.187500
      10       -1.95535       0.187500
      11       -1.07948       0.187500
      12      -0.775927       0.187500
      13      -0.735845       0.187500
      14        1.56227        0.00000
      15        2.49892        0.00000
      16        2.66795        0.00000
      17        3.78955        0.00000
      18        6.19230        0.00000
      19        6.47932        0.00000
      20        7.21778        0.00000
      21        8.51337        0.00000
      22        8.68016        0.00000
      23        9.98111        0.00000

 7/10 kpoint (Cartesian) = -0.37500 0.072169 0.0000 (16879 pws)
       1       -60.6786       0.375000
       2       -34.8880       0.375000
       3       -34.8370       0.375000
       4       -34.6326       0.375000
       5       -12.4846       0.375000
       6       -12.2315       0.375000
       7       -4.60033       0.375000
       8       -3.94342       0.375000
       9       -3.56200       0.375000
      10       -2.89840       0.375000
      11       -1.55994       0.375000
      12       -1.38599       0.375000
      13      -0.383791       0.375000
      14        1.51758        0.00000
      15        2.86784        0.00000
      16        2.93907        0.00000
      17        4.00064        0.00000
      18        7.29399        0.00000
      19        7.63185        0.00000
      20        7.92270        0.00000
      21        8.56431        0.00000
      22        9.37019        0.00000
      23        9.90936        0.00000

 8/10 kpoint (Cartesian) = 0.50000 0.72169 0.0000 (16905 pws)
       1       -60.6624       0.375000
       2       -35.0051       0.375000
       3       -34.8099       0.375000
       4       -34.6785       0.375000
       5       -11.8005       0.375000
       6       -11.7307       0.375000
       7       -5.41014       0.375000
       8       -4.89834       0.375000
       9       -3.68631       0.375000
      10       -2.85574       0.375000
      11       -2.11030       0.375000
      12       -1.59334       0.375000
      13      -0.166059       0.375000
      14        2.37903        0.00000
      15        3.23301        0.00000
      16        3.30017        0.00000
      17        4.07085        0.00000
      18        6.86963        0.00000
      19        8.47025        0.00000
      20        8.64349        0.00000
      21        9.43773        0.00000
      22        9.91524        0.00000
      23        10.1644        0.00000

 9/10 kpoint (Cartesian) = 0.50000 0.57735 0.0000 (16897 pws)
       1       -60.6624       0.187500
       2       -34.9469       0.187500
       3       -34.8100       0.187500
       4       -34.7392       0.187500
       5       -11.7977       0.187500
       6       -11.7603       0.187500
       7       -4.88749       0.187500
       8       -4.63377       0.187500
       9       -3.35492       0.187500
      10       -3.33749       0.187500
      11       -2.66640       0.187500
      12       -1.92411       0.187500
      13      -0.227925       0.187500
      14        1.95703        0.00000
      15        2.64764        0.00000
      16        3.48116        0.00000
      17        4.43030        0.00000
      18        7.47730        0.00000
      19        8.53414        0.00000
      20        8.80725        0.00000
      21        9.55842        0.00000
      22        10.0199        0.00000
      23        10.1363        0.00000

 10/10 kpoint (Cartesian) = 0.37500 0.64952 0.0000 (16875 pws)
       1       -60.6557       0.187500
       2       -34.9518       0.187500
       3       -34.8028       0.187500
       4       -34.7988       0.187500
       5       -11.5855       0.187500
       6       -11.4055       0.187500
       7       -5.08314       0.187500
       8       -4.94068       0.187500
       9       -3.62616       0.187500
      10       -3.11484       0.187500
      11       -2.97078       0.187500
      12       -2.44849       0.187500
      13      0.0633970       0.187500
      14        2.45742        0.00000
      15        2.50081        0.00000
      16        3.32526        0.00000
      17        4.74429        0.00000
      18        7.15830        0.00000
      19        8.44241        0.00000
      20        9.47694        0.00000
      21        9.89044        0.00000
      22        10.1521        0.00000
      23        10.7000        0.00000



 --------------------------------------------
 !FINAL_ETOT_IS -2425.803008279323 eV
 --------------------------------------------






  |CLASS_NAME---------|NAME---------------|TIME(Sec)-----|CALLS----|AVG------|PER%-------
                                      total         74.640        17       4.4   1.0e+02%
                 Driver         driver_line         74.623         1       75.    1.e+02%
                   Ions            opt_ions         74.403         1       74.    1.e+02%
          ESolver_KS_PW                 Run         74.403         1       74.    1.e+02%
               PW_Basis          recip2real        0.29402       233    0.0013      0.39%
              Potential  update_from_charge        0.95899        33     0.029       1.3%
              Potential           cal_v_eff        0.95430        33     0.029       1.3%
           H_Hartree_pw           v_hartree        0.14273        33    0.0043      0.19%
               PW_Basis          real2recip        0.36437       330    0.0011      0.49%
                  PotXC           cal_v_eff        0.77436        33     0.023       1.0%
          XC_Functional                v_xc        0.75826        33     0.023       1.0%
               Symmetry       rhog_symmetry        0.31265        34    0.0092      0.42%
              HSolverPW               solve         72.440        33       2.2       97.%
               Nonlocal              getvnl        0.28857       330   0.00087      0.39%
            pp_cell_vnl              getvnl        0.28832       330   0.00087      0.39%
        DiagoIterAssist      diagH_subspace         12.239       320     0.038       16.%
             OperatorPW                hPsi         53.718     25187    0.0021       72.%
               Operator          EkineticPW        0.38306     25187   1.5e-05      0.51%
               Operator              VeffPW         50.309     25187    0.0020       67.%
             PW_Basis_K          recip2real         35.358     36517   0.00097       47.%
             PW_Basis_K    gathers_scatterp         5.7122     36517   0.00016       7.7%
             PW_Basis_K          real2recip         18.420     32227   0.00057       25.%
             PW_Basis_K    gatherp_scatters         2.4274     32227   7.5e-05       3.3%
               Operator          NonlocalPW         2.1288     25187   8.5e-05       2.9%
               Nonlocal     add_nonlocal_pp         1.2308     25187   4.9e-05       1.6%
        DiagoIterAssist     LAPACK_subspace        0.11649       320   0.00036      0.16%
                DiagoCG           diag_once         54.859       330      0.17       73.%
            ElecStatePW            psiToRho         4.4854        33      0.14       6.0%
                 Charge             mix_rho        0.24397        31    0.0079      0.33%
                 Charge        Pulay_mixing        0.23871        31    0.0077      0.32%
 ----------------------------------------------------------------------------------------

 NAME---------------|MEMORY(MB)--------
               total          307.5
              Psi_PW          59.37
        ChgMix::Rrho          54.93
       ChgMix::dRrho          52.19
        ChgMix::drho          52.19
           FFT::grid          10.99
       DiagSub::hpsi          5.937
    DiagSub::evctemp          5.937
    Veff<PW>::porter          5.493
   Veff<PW>::porter1          5.493
    Meta<PW>::porter          5.493
       ElecSPW::wfcr          5.493
     ElecSPW::wfcr_a          5.493
            VNL::vkb          4.389
        SF::strucFac          4.123
        PW_B_K::gcar          3.872
            Chg::rho          2.747
       Chg::rho_save          2.747
       Chg::rho_core          2.747
       Pot::veff_fix          2.747
           Pot::veff          2.747
   ChgMix::rho_save2          2.747
           VNL::vkb1          2.323
         PW_B_K::gk2          1.291
            VNL::ylm          1.162
   YlmReal::Ylm_Real          1.162
           Chg::rhog          1.031
      Chg::rhog_save          1.031
      Chg::rhog_core          1.031
 -------------   < 1.0 MB has been ignored ----------------
 ----------------------------------------------------------

 Start  Time  : Sun Dec  3 13:59:45 2023
 Finish Time  : Sun Dec  3 14:01:00 2023
 Total  Time  : 0 h 1 mins 15 secs 
