                                                                                     
                              ABACUS v3.3.2

               Atomic-orbital Based Ab-initio Computation at UStc                    

                     Website: http://abacus.ustc.edu.cn/                             
               Documentation: https://abacus.deepmodeling.com/                       
                  Repository: https://github.com/abacusmodeling/abacus-develop       
                              https://github.com/deepmodeling/abacus-develop         
                      Commit: e39b50e (Fri Aug 18 16:14:25 2023 +0800)

 Sun Dec  3 11:52:02 2023
 MAKE THE DIR         : OUT.ABACUS/

%%%%%%%%%%%%%%%%%%%%%%%%%%%%%%%%%%%%%%%%%%%%%%%%%%%%%%%%%%%%%%%%%%%%%%%%%%%%%%%%%%%%%%%%%%%%%%%%%%%%%%%%%
 Warning: the number of valence electrons in pseudopotential > 6 for Mo: [Kr] 4d5 5s1
 Pseudopotentials with additional electrons can yield (more) accurate outcomes, but may be less efficient.
 If you're confident that your chosen pseudopotential is appropriate, you can safely ignore this warning.
%%%%%%%%%%%%%%%%%%%%%%%%%%%%%%%%%%%%%%%%%%%%%%%%%%%%%%%%%%%%%%%%%%%%%%%%%%%%%%%%%%%%%%%%%%%%%%%%%%%%%%%%%

 UNIFORM GRID DIM     : 36 * 36 * 243
 UNIFORM GRID DIM(BIG): 36 * 36 * 243
 DONE(0.0672725  SEC) : SETUP UNITCELL
 DONE(0.0896666  SEC) : SYMMETRY
 DONE(0.154558   SEC) : INIT K-POINTS
 ---------------------------------------------------------
 Self-consistent calculations for electrons
 ---------------------------------------------------------
 SPIN    KPOINTS         PROCESSORS  
 1       10              1           
 ---------------------------------------------------------
 Use plane wave basis
 ---------------------------------------------------------
 ELEMENT NATOM       XC          
 Mo      1           
 S       2           
 ---------------------------------------------------------
 Initial plane wave basis and FFT box
 ---------------------------------------------------------
 DONE(0.166559   SEC) : INIT PLANEWAVE
 MEMORY FOR PSI (MB)  : 58.3423
 DONE(0.198341   SEC) : LOCAL POTENTIAL
 DONE(0.224578   SEC) : NON-LOCAL POTENTIAL
 DONE(0.224613   SEC) : INIT BASIS
 -------------------------------------------
 SELF-CONSISTENT : 
 -------------------------------------------
 START CHARGE      : atomic
 DONE(0.295796   SEC) : INIT SCF
 ITER   ETOT(eV)       EDIFF(eV)      DRHO       TIME(s)    
 CG1    -2.424141e+03  0.000000e+00   8.832e-02  1.076e+01  
 CG2    -2.423787e+03  3.543583e-01   6.884e-02  1.437e+00  
 CG3    -2.423931e+03  -1.442551e-01  2.064e-02  1.843e+00  
 CG4    -2.423916e+03  1.487811e-02   9.618e-03  1.533e+00  
 CG5    -2.423923e+03  -6.809219e-03  3.419e-03  1.753e+00  
 CG6    -2.423904e+03  1.936947e-02   2.857e-02  2.148e+00  
 CG7    -2.423920e+03  -1.593056e-02  2.624e-03  1.942e+00  
 CG8    -2.423924e+03  -4.191014e-03  7.663e-04  1.558e+00  
 CG9    -2.423923e+03  1.094035e-03   7.766e-04  1.728e+00  
 CG10   -2.423922e+03  6.164152e-04   6.356e-04  1.736e+00  
 CG11   -2.423921e+03  9.390066e-04   4.344e-04  1.602e+00  
 CG12   -2.423921e+03  7.416523e-05   2.284e-04  1.992e+00  
 CG13   -2.423921e+03  -6.189323e-05  2.385e-04  1.654e+00  
 CG14   -2.423921e+03  9.058343e-05   2.425e-04  1.413e+00  
 CG15   -2.423921e+03  2.505039e-04   1.835e-04  1.571e+00  
 CG16   -2.423921e+03  -6.971293e-05  9.982e-05  1.905e+00  
 CG17   -2.423921e+03  4.808777e-05   1.032e-04  1.578e+00  
 CG18   -2.423921e+03  -3.922395e-05  6.683e-05  1.732e+00  
 CG19   -2.423921e+03  -7.709735e-06  5.428e-05  1.774e+00  
 CG20   -2.423921e+03  -9.745063e-05  4.934e-05  1.412e+00  
 CG21   -2.423921e+03  -4.103899e-05  2.554e-05  1.842e+00  
 CG22   -2.423921e+03  -2.751565e-05  2.113e-05  1.742e+00  
 CG23   -2.423921e+03  -1.382320e-04  1.715e-05  1.589e+00  
 CG24   -2.423921e+03  -8.837544e-06  5.425e-06  2.263e+00  
 CG25   -2.423921e+03  -8.333504e-05  4.820e-06  2.018e+00  
 CG26   -2.423921e+03  -9.759547e-05  1.735e-06  2.309e+00  
 CG27   -2.423921e+03  6.855912e-06   1.320e-08  2.932e+00  
 CG28   -2.423921e+03  -1.284390e-05  8.731e-08  4.235e+00  
 CG29   -2.423921e+03  -2.416174e-06  2.760e-08  3.744e+00  
 CG30   -2.423921e+03  1.513737e-06   2.097e-08  3.233e+00  
 CG31   -2.423921e+03  1.538807e-07   8.604e-09  3.196e+00  

  |CLASS_NAME---------|NAME---------------|TIME(Sec)-----|CALLS----|AVG------|PER%-------
                       total               72.489         17        4.3       1e+02     %
   Driver              driver_line         72.473         1         72        1e+02     %
   Ions                opt_ions            72.255         1         72        1e+02     %
   ESolver_KS_PW       Run                 72.255         1         72        1e+02     %
   PW_Basis            recip2real          0.26395        226       0.0012    0.36      %
   Potential           update_from_charge  0.84145        32        0.026     1.2       %
   Potential           cal_v_eff           0.83752        32        0.026     1.2       %
   H_Hartree_pw        v_hartree           0.12647        32        0.004     0.17      %
   PW_Basis            real2recip          0.34137        320       0.0011    0.47      %
   PotXC               cal_v_eff           0.6786         32        0.021     0.94      %
   XC_Functional       v_xc                0.66426        32        0.021     0.92      %
   Symmetry            rhog_symmetry       0.30168        33        0.0091    0.42      %
   HSolverPW           solve               70.482         32        2.2       97        %
   Nonlocal            getvnl              0.27962        320       0.00087   0.39      %
   pp_cell_vnl         getvnl              0.27934        320       0.00087   0.39      %
   DiagoIterAssist     diagH_subspace      11.07          310       0.036     15        %
   OperatorPW          hPsi                51.645         26498     0.0019    71        %
   Operator            EkineticPW          0.3811         26498     1.4e-05   0.53      %
   Operator            VeffPW              48.136         26498     0.0018    66        %
   PW_Basis_K          recip2real          33.547         37478     0.0009    46        %
   PW_Basis_K          gathers_scatterp    5.72           37478     0.00015   7.9       %
   PW_Basis_K          real2recip          17.815         33318     0.00053   25        %
   PW_Basis_K          gatherp_scatters    2.6227         33318     7.9e-05   3.6       %
   Operator            NonlocalPW          2.1396         26498     8.1e-05   3         %
   Nonlocal            add_nonlocal_pp     1.2421         26498     4.7e-05   1.7       %
   DiagoIterAssist     LAPACK_subspace     0.10718        310       0.00035   0.15      %
   DiagoCG             diag_once           54.519         320       0.17      75        %
   ElecStatePW         psiToRho            4.0699         32        0.13      5.6       %
   Charge              mix_rho             0.21923        30        0.0073    0.3       %
   Charge              Pulay_mixing        0.21494        30        0.0072    0.3       %
 ----------------------------------------------------------------------------------------

 START  Time  : Sun Dec  3 11:52:02 2023
 FINISH Time  : Sun Dec  3 11:53:15 2023
 TOTAL  Time  : 73
 SEE INFORMATION IN : OUT.ABACUS/
