                                                                                     
                              ABACUS v3.3.2

               Atomic-orbital Based Ab-initio Computation at UStc                    

                     Website: http://abacus.ustc.edu.cn/                             
               Documentation: https://abacus.deepmodeling.com/                       
                  Repository: https://github.com/abacusmodeling/abacus-develop       
                              https://github.com/deepmodeling/abacus-develop         
                      Commit: e39b50e (Fri Aug 18 16:14:25 2023 +0800)

    Start Time is Sun Dec  3 13:59:45 2023
                                                                                     
 ------------------------------------------------------------------------------------

 READING GENERAL INFORMATION
                           global_out_dir = OUT.ABACUS/
                           global_in_card = INPUT
                               pseudo_dir = 
                              orbital_dir = 
                                    DRANK = 1
                                    DSIZE = 1
                                   DCOLOR = 1
                                    GRANK = 1
                                    GSIZE = 1
 The esolver type has been set to : ksdft_pw




 >>>>>>>>>>>>>>>>>>>>>>>>>>>>>>>>>>>>>>>>>>>>>>>>>>>>>>>>>>>>>>>>>>>>>>
 |                                                                    |
 | Reading atom information in unitcell:                              |
 | From the input file and the structure file we know the number of   |
 | different elments in this unitcell, then we list the detail        |
 | information for each element, especially the zeta and polar atomic |
 | orbital number for each element. The total atom number is counted. |
 | We calculate the nearest atom distance for each atom and show the  |
 | Cartesian and Direct coordinates for each atom. We list the file   |
 | address for atomic orbitals. The volume and the lattice vectors    |
 | in real and reciprocal space is also shown.                        |
 |                                                                    |
 <<<<<<<<<<<<<<<<<<<<<<<<<<<<<<<<<<<<<<<<<<<<<<<<<<<<<<<<<<<<<<<<<<<<<<




 READING UNITCELL INFORMATION
                                    ntype = 2
                  lattice constant (Bohr) = 5.74477
              lattice constant (Angstrom) = 3.04

 READING ATOM TYPE 1
                               atom label = Mo
                      L=0, number of zeta = 1
                      L=1, number of zeta = 1
                      L=2, number of zeta = 1
             number of atom for this type = 1

 READING ATOM TYPE 2
                               atom label = S
                      L=0, number of zeta = 1
                      L=1, number of zeta = 1
                      L=2, number of zeta = 1
             number of atom for this type = 2

                        TOTAL ATOM NUMBER = 3

 DIRECT COORDINATES
         atom                   x                   y                   z                 mag                  vx                  vy                  vz
     taud_Mo1            0.666667            0.333333           0.0856354                   0                   0                   0                   0
      taud_S1                   0                   0                   0                   0                   0                   0                   0
      taud_S2                   0                   0            0.171271                   0                   0                   0                   0


                          Volume (Bohr^3) = 977.582
                             Volume (A^3) = 144.862

 Lattice vectors: (Cartesian coordinate: in unit of a_0)
                   +1                  +0                  +0
                 -0.5           +0.866025                  +0
                   +0                  +0            +5.95395
 Reciprocal vectors: (Cartesian coordinate: in unit of 2 pi/a_0)
                   +1            +0.57735                  -0
                   +0             +1.1547                  -0
                   +0                  -0           +0.167956




 >>>>>>>>>>>>>>>>>>>>>>>>>>>>>>>>>>>>>>>>>>>>>>>>>>>>>>>>>>>>>>>>>>>>>>
 |                                                                    |
 | Reading pseudopotentials files:                                    |
 | The pseudopotential file is in UPF format. The 'NC' indicates that |
 | the type of pseudopotential is 'norm conserving'. Functional of    |
 | exchange and correlation is decided by 4 given parameters in UPF   |
 | file.  We also read in the 'core correction' if there exists.      |
 | Also we can read the valence electrons number and the maximal      |
 | angular momentum used in this pseudopotential. We also read in the |
 | trail wave function, trail atomic density and local-pseudopotential|
 | on logrithmic grid. The non-local pseudopotential projector is also|
 | read in if there is any.                                           |
 |                                                                    |
 <<<<<<<<<<<<<<<<<<<<<<<<<<<<<<<<<<<<<<<<<<<<<<<<<<<<<<<<<<<<<<<<<<<<<<




                PAO radial cut off (Bohr) = 15

 Read in pseudopotential file is Mo_ONCV_PBE-1.0.upf
                     pseudopotential type = NC
          exchange-correlation functional = PBE
                 nonlocal core correction = 0
                        valence electrons = 14
                                     lmax = 2
                           number of zeta = 0
                     number of projectors = 6
                           L of projector = 0
                           L of projector = 0
                           L of projector = 1
                           L of projector = 1
                           L of projector = 2
                           L of projector = 2
                PAO radial cut off (Bohr) = 15

 Read in pseudopotential file is S_ONCV_PBE-1.0.upf
                     pseudopotential type = NC
          exchange-correlation functional = PBE
                 nonlocal core correction = 0
                        valence electrons = 6
                                     lmax = 1
                           number of zeta = 0
                     number of projectors = 4
                           L of projector = 0
                           L of projector = 0
                           L of projector = 1
                           L of projector = 1
     initial pseudo atomic orbital number = 0
                                   NLOCAL = 27

%%%%%%%%%%%%%%%%%%%%%%%%%%%%%%%%%%%%%%%%%%%%%%%%%%%%%%%%%%%%%%%%%%%%%%%%%%%%%%%%%%%%%%%%%%%%%%%%%%%%%%%%%%
 Warning: the number of valence electrons in pseudopotential > 6 for Mo: [Kr] 4d5 5s1
 Pseudopotentials with additional electrons can yield (more) accurate outcomes, but may be less efficient.
 If you're confident that your chosen pseudopotential is appropriate, you can safely ignore this warning.
%%%%%%%%%%%%%%%%%%%%%%%%%%%%%%%%%%%%%%%%%%%%%%%%%%%%%%%%%%%%%%%%%%%%%%%%%%%%%%%%%%%%%%%%%%%%%%%%%%%%%%%%%%
                  

 Warning_Memory_Consuming allocated:  FFT::grid 10.9863 MB




 >>>>>>>>>>>>>>>>>>>>>>>>>>>>>>>>>>>>>>>>>>>>>>>>>>>>>>>>>>>>>>>>>>>>>>
 |                                                                    |
 | Setup plane waves of charge/potential:                             |
 | Use the energy cutoff and the lattice vectors to generate the      |
 | dimensions of FFT grid. The number of FFT grid on each processor   |
 | is 'nrxx'. The number of plane wave basis in reciprocal space is   |
 | different for charege/potential and wave functions. We also set    |
 | the 'sticks' for the parallel of FFT. The number of plane waves    |
 | is 'npw' in each processor.                                        |
 <<<<<<<<<<<<<<<<<<<<<<<<<<<<<<<<<<<<<<<<<<<<<<<<<<<<<<<<<<<<<<<<<<<<<<





 SETUP THE PLANE WAVE BASIS
 energy cutoff for charge/potential (unit:Ry) = 400
            fft grid for charge/potential = [ 40, 40, 225 ]
                        fft grid division = [ 1, 1, 1 ]
        big fft grid for charge/potential = [ 40, 40, 225 ]
                                     nbxx = 360000
                                     nrxx = 360000

 SETUP PLANE WAVES FOR CHARGE/POTENTIAL
                    number of plane waves = 132109
                         number of sticks = 913

 PARALLEL PW FOR CHARGE/POTENTIAL
     PROC   COLUMNS(POT)             PW
        1            913         132109
 --------------- sum -------------------
        1            913         132109
                            number of |g| = 6163
                                  max |g| = 334.365
                                  min |g| = 0

 SETUP THE ELECTRONS NUMBER
            electron number of element Mo = 14
      total electron number of element Mo = 14
             electron number of element S = 6
       total electron number of element S = 12
            AUTOSET number of electrons:  = 26
 DONE : SETUP UNITCELL Time : 0.0671674 (SEC)





 >>>>>>>>>>>>>>>>>>>>>>>>>>>>>>>>>>>>>>>>>>>>>>>>>>>>>>>>>>>>>>>>>>>>>>
 |                                                                    |
 | Doing symmetry analysis:                                           |
 | We calculate the norm of 3 vectors and the angles between them,    |
 | the type of Bravais lattice is given. We can judge if the unticell |
 | is a primitive cell. Finally we give the point group operation for |
 | this unitcell. We use the point group operations to do symmetry |
 | analysis on given k-point mesh and the charge density.             |
 |                                                                    |
 <<<<<<<<<<<<<<<<<<<<<<<<<<<<<<<<<<<<<<<<<<<<<<<<<<<<<<<<<<<<<<<<<<<<<<




 LATTICE VECTORS: (CARTESIAN COORDINATE: IN UNIT OF A0)
                   +1                  +0                  +0
                 -0.5           +0.866025                  +0
                   +0                  +0            +5.95395
                       right hand lattice = 1
                                   NORM_A = 1
                                   NORM_B = 1
                                   NORM_C = 5.95395
                           ALPHA (DEGREE) = 90
                           BETA  (DEGREE) = 90
                           GAMMA (DEGREE) = 120

 The lattice vectors have been changed (STRU_SIMPLE.cif)

(for optimal symmetric configuration:)
                             BRAVAIS TYPE = 4
                     BRAVAIS LATTICE NAME = 04. Hexagonal cell
                                    ibrav = 4
                                    IBRAV = 4
                                  BRAVAIS = HEXAGONAL CELL
                       LATTICE CONSTANT A = 1
                                C/A RATIO = 5.95395
Original cell was already a primitive cell.
                        ROTATION MATRICES = 24
              PURE POINT GROUP OPERATIONS = 6
                   SPACE GROUP OPERATIONS = 12
                                       C2 = 0
                                       C3 = 2
                                       C4 = 0
                                       C6 = 0
                                       S1 = 3
                                       S3 = 0
                                       S4 = 0
                                       S6 = 0
                              POINT GROUP = C_3v
                                       C2 = 3
                                       C3 = 2
                                       C4 = 0
                                       C6 = 0
                                       S1 = 4
                                       S3 = 2
                                       S4 = 0
                                       S6 = 0
               POINT GROUP IN SPACE GROUP = D_3h
 DONE : SYMMETRY Time : 0.0892007 (SEC)





 >>>>>>>>>>>>>>>>>>>>>>>>>>>>>>>>>>>>>>>>>>>>>>>>>>>>>>>>>>>>>>>>>>>>>>
 |                                                                    |
 | Setup K-points                                                     |
 | We setup the k-points according to input parameters.               |
 | The reduced k-points are set according to symmetry operations.     |
 | We treat the spin as another set of k-points.                      |
 |                                                                    |
 <<<<<<<<<<<<<<<<<<<<<<<<<<<<<<<<<<<<<<<<<<<<<<<<<<<<<<<<<<<<<<<<<<<<<<





 SETUP K-POINTS
                                    nspin = 1
                   Input type of k points = Monkhorst-Pack(Gamma)
                                   nkstot = 64
                       right hand lattice = 1
(for reciprocal lattice: )
                             BRAVAIS TYPE = 4
                     BRAVAIS LATTICE NAME = 04. Hexagonal cell
                                    ibrav = 4
                       right hand lattice = 1
(for k-lattice: )
                             BRAVAIS TYPE = 4
                     BRAVAIS LATTICE NAME = 04. Hexagonal cell
                                    ibrav = 4
                       right hand lattice = 1
                        ROTATION MATRICES = 24
                               nkstot_ibz = 10
      IBZ             DirectX             DirectY             DirectZ              Weight    ibz2bz
        1                   0                   0                   0            0.015625         0
        2              -0.125               0.125                   0             0.09375         1
        3               -0.25                0.25                   0             0.09375         2
        4              -0.375               0.375                   0             0.09375         3
        5                 0.5                 0.5                   0            0.046875         4
        6               -0.25               0.125                   0             0.09375         9
        7              -0.375                0.25                   0              0.1875        10
        8                 0.5               0.375                   0              0.1875        11
        9                 0.5                0.25                   0             0.09375        18
       10               0.375               0.375                   0             0.09375        19
                               nkstot now = 10

  KPOINTS            DIRECT_X            DIRECT_Y            DIRECT_Z              WEIGHT
        1                   0                   0                   0            0.015625
        2              -0.125               0.125                   0             0.09375
        3               -0.25                0.25                   0             0.09375
        4              -0.375               0.375                   0             0.09375
        5                 0.5                 0.5                   0            0.046875
        6               -0.25               0.125                   0             0.09375
        7              -0.375                0.25                   0              0.1875
        8                 0.5               0.375                   0              0.1875
        9                 0.5                0.25                   0             0.09375
       10               0.375               0.375                   0             0.09375

           k-point number in this process = 10
       minimum distributed K point number = 10

  KPOINTS         CARTESIAN_X         CARTESIAN_Y         CARTESIAN_Z              WEIGHT
        1                   0                   0                   0             0.03125
        2              -0.125           0.0721688                   0              0.1875
        3               -0.25            0.144338                   0              0.1875
        4              -0.375            0.216506                   0              0.1875
        5                 0.5            0.866025                   0             0.09375
        6               -0.25                   0                   0              0.1875
        7              -0.375           0.0721688                   0               0.375
        8                 0.5            0.721688                   0               0.375
        9                 0.5             0.57735                   0              0.1875
       10               0.375            0.649519                   0              0.1875

  KPOINTS            DIRECT_X            DIRECT_Y            DIRECT_Z              WEIGHT
        1                   0                   0                   0             0.03125
        2              -0.125               0.125                   0              0.1875
        3               -0.25                0.25                   0              0.1875
        4              -0.375               0.375                   0              0.1875
        5                 0.5                 0.5                   0             0.09375
        6               -0.25               0.125                   0              0.1875
        7              -0.375                0.25                   0               0.375
        8                 0.5               0.375                   0               0.375
        9                 0.5                0.25                   0              0.1875
       10               0.375               0.375                   0              0.1875
 DONE : INIT K-POINTS Time : 0.153892 (SEC)





 >>>>>>>>>>>>>>>>>>>>>>>>>>>>>>>>>>>>>>>>>>>>>>>>>>>>>>>>>>>>>>>>>>>>>>
 |                                                                    |
 | Setup plane waves of wave functions:                               |
 | Use the energy cutoff and the lattice vectors to generate the      |
 | dimensions of FFT grid. The number of FFT grid on each processor   |
 | is 'nrxx'. The number of plane wave basis in reciprocal space is   |
 | different for charege/potential and wave functions. We also set    |
 | the 'sticks' for the parallel of FFT. The number of plane wave of  |
 | each k-point is 'npwk[ik]' in each processor                       |
 <<<<<<<<<<<<<<<<<<<<<<<<<<<<<<<<<<<<<<<<<<<<<<<<<<<<<<<<<<<<<<<<<<<<<<





 SETUP PLANE WAVES FOR WAVE FUNCTIONS
     energy cutoff for wavefunc (unit:Ry) = 100
              fft grid for wave functions = [ 40, 40, 225 ]
                    number of plane waves = 22531
                         number of sticks = 283

 PARALLEL PW FOR WAVE FUNCTIONS
     PROC   COLUMNS(POT)             PW
        1            283          22531
 --------------- sum -------------------
        1            283          22531
 DONE : INIT PLANEWAVE Time : 0.165904 (SEC)

                           occupied bands = 13
                                   NBANDS = 23
                                     npwx = 16570

 Warning_Memory_Consuming allocated:  Psi_PW 58.1528 MB

 SETUP NONLOCAL PSEUDOPOTENTIALS IN PLANE WAVE BASIS
 Mo non-local projectors:
 projector 1 L=0
 projector 2 L=0
 projector 3 L=1
 projector 4 L=1
 projector 5 L=2
 projector 6 L=2
 S non-local projectors:
 projector 1 L=0
 projector 2 L=0
 projector 3 L=1
 projector 4 L=1
      TOTAL NUMBER OF NONLOCAL PROJECTORS = 34
 DONE : LOCAL POTENTIAL Time : 0.190802 (SEC)


 Init Non-Local PseudoPotential table : 
 Init Non-Local-Pseudopotential done.
 DONE : NON-LOCAL POTENTIAL Time : 0.216492 (SEC)


 Make real space PAO into reciprocal space.
       max mesh points in Pseudopotential = 601
     dq(describe PAO in reciprocal space) = 0.01
                                    max q = 1206

 number of pseudo atomic orbitals for Mo is 0

 number of pseudo atomic orbitals for S is 0
 DONE : INIT BASIS Time : 0.216534 (SEC)


 -------------------------------------------
 SELF-CONSISTENT
 -------------------------------------------

 Warning_Memory_Consuming allocated:  Veff<PW>::porter 5.49316 MB

 Warning_Memory_Consuming allocated:  Veff<PW>::porter1 5.49316 MB

 Warning_Memory_Consuming allocated:  Meta<PW>::porter 5.49316 MB
                                 init_chg = atomic
 DONE : INIT SCF Time : 0.29008 (SEC)


 PW ALGORITHM --------------- ION=   1  ELEC=   1--------------------------------

 Warning_Memory_Consuming allocated:  DiagSub::hpsi 5.81528 MB

 Warning_Memory_Consuming allocated:  DiagSub::evctemp 5.75948 MB

 Warning_Memory_Consuming allocated:  DiagSub::evctemp 5.76685 MB

 Warning_Memory_Consuming allocated:  DiagSub::evctemp 5.78439 MB

 Warning_Memory_Consuming allocated:  DiagSub::evctemp 5.79562 MB

 Warning_Memory_Consuming allocated:  DiagSub::evctemp 5.81528 MB
Average iterative diagonalization steps: 10.6696 ; where current threshold is: 0.01 . 

 Warning_Memory_Consuming allocated:  ElecSPW::wfcr 5.49316 MB

 Warning_Memory_Consuming allocated:  ElecSPW::wfcr_a 5.49316 MB
 Notice: Threshold on eigenvalues was too large.
 hsover_error=0.26 > DRHO=0.106527
 Origin diag_ethr = 0.01
 New    diag_ethr = 0.000409718
Average iterative diagonalization steps: 8.2087 ; where current threshold is: 0.000409718 . 

 Warning_Memory_Consuming allocated:  ChgMix::Rrho 54.9316 MB

 Warning_Memory_Consuming allocated:  ChgMix::dRrho 52.1851 MB

 Warning_Memory_Consuming allocated:  ChgMix::drho 52.1851 MB

 Density error is 0.107373029857
                          Error Threshold = 0.00040971780938

       Energy                       Rydberg                            eV
       E_KohnSham                -178.327362381                 -2426.2682377
         E_Harris                -178.338318804                -2426.41730748
          E_Fermi               -0.056518095465               -0.768968138432

 PW ALGORITHM --------------- ION=   1  ELEC=   2--------------------------------
Average iterative diagonalization steps: 2.01304347826 ; where current threshold is: 0.000412973191758 . 

 Density error is 0.0793838256777
                          Error Threshold = 0.000412973191758

       Energy                       Rydberg                            eV
       E_KohnSham                -178.297780983                -2425.86576212
         E_Harris                -175.546236019                -2388.42907231
          E_Fermi              -0.0568915895844               -0.774049786625

 PW ALGORITHM --------------- ION=   1  ELEC=   3--------------------------------
Average iterative diagonalization steps: 2.96956521739 ; where current threshold is: 0.000305322406453 . 

 Density error is 0.0178778088153
                          Error Threshold = 0.000305322406453

       Energy                       Rydberg                            eV
       E_KohnSham                -178.309088199                -2426.01960469
         E_Harris                 -175.05423951                 -2381.7351164
          E_Fermi              -0.0533821289789               -0.726301125484

 PW ALGORITHM --------------- ION=   1  ELEC=   4--------------------------------
Average iterative diagonalization steps: 2.32608695652 ; where current threshold is: 6.87608031356e-05 . 

 Density error is 0.00747116732254
                          Error Threshold = 6.87608031356e-05

       Energy                       Rydberg                            eV
       E_KohnSham                -178.307403441                -2425.99668238
         E_Harris                -174.820462898                -2378.55442242
          E_Fermi              -0.0428687040369               -0.583258640778

 PW ALGORITHM --------------- ION=   1  ELEC=   5--------------------------------
Average iterative diagonalization steps: 3.46956521739 ; where current threshold is: 2.87352589328e-05 . 

 Density error is 0.00941063525331
                          Error Threshold = 2.87352589328e-05

       Energy                       Rydberg                            eV
       E_KohnSham                -178.308841192                -2426.01624399
         E_Harris                -176.254260203                -2398.06223553
          E_Fermi              -0.0186799986743               -0.254154420603

 PW ALGORITHM --------------- ION=   1  ELEC=   6--------------------------------
Average iterative diagonalization steps: 2.09565217391 ; where current threshold is: 2.87352589328e-05 . 

 Density error is 0.00221719865536
                          Error Threshold = 2.87352589328e-05

       Energy                       Rydberg                            eV
       E_KohnSham                -178.308486855                -2426.01142299
         E_Harris                -179.298513204                 -2439.4814225
          E_Fermi              -0.0262936659379               -0.357743678064

 PW ALGORITHM --------------- ION=   1  ELEC=   7--------------------------------
Average iterative diagonalization steps: 3.9 ; where current threshold is: 8.52768713599e-06 . 

 Density error is 0.0025701429386
                          Error Threshold = 8.52768713599e-06

       Energy                       Rydberg                            eV
       E_KohnSham                -178.308953695                -2426.01777467
         E_Harris                -177.990423663                -2421.68395125
          E_Fermi              -0.0296462406002               -0.403357796442

 PW ALGORITHM --------------- ION=   1  ELEC=   8--------------------------------
Average iterative diagonalization steps: 2 ; where current threshold is: 8.52768713599e-06 . 

 Density error is 0.000964697730567
                          Error Threshold = 8.52768713599e-06

       Energy                       Rydberg                            eV
       E_KohnSham                -178.308989729                -2426.01826493
         E_Harris                -176.624913418                -2403.10523124
          E_Fermi              -0.0270697306793               -0.368302580563

 PW ALGORITHM --------------- ION=   1  ELEC=   9--------------------------------
Average iterative diagonalization steps: 2.74347826087 ; where current threshold is: 3.71037588679e-06 . 

 Density error is 0.000849803842553
                          Error Threshold = 3.71037588679e-06

       Energy                       Rydberg                            eV
       E_KohnSham                -178.308816965                -2426.01591436
         E_Harris                -177.117360049                -2409.80531138
          E_Fermi               -0.024028184492               -0.326920221686

 PW ALGORITHM --------------- ION=   1  ELEC=  10--------------------------------
Average iterative diagonalization steps: 2.5652173913 ; where current threshold is: 3.26847631751e-06 . 

 Density error is 0.000261478500846
                          Error Threshold = 3.26847631751e-06

       Energy                       Rydberg                            eV
       E_KohnSham                -178.308920493                -2426.01732294
         E_Harris                -177.253785696                -2411.66147754
          E_Fermi              -0.0197390127745               -0.268563046628

 PW ALGORITHM --------------- ION=   1  ELEC=  11--------------------------------
Average iterative diagonalization steps: 2.59565217391 ; where current threshold is: 1.00568654172e-06 . 

 Density error is 0.000271529419023
                          Error Threshold = 1.00568654172e-06

       Energy                       Rydberg                            eV
       E_KohnSham                -178.308903676                -2426.01709413
         E_Harris                -177.821646891                -2419.38762546
          E_Fermi               -0.018863987541               -0.256657717559

 PW ALGORITHM --------------- ION=   1  ELEC=  12--------------------------------
Average iterative diagonalization steps: 2.60869565217 ; where current threshold is: 1.00568654172e-06 . 

 Density error is 0.000217589663693
                          Error Threshold = 1.00568654172e-06

       Energy                       Rydberg                            eV
       E_KohnSham                -178.308868231                -2426.01661187
         E_Harris                -177.900702191                  -2420.463228
          E_Fermi              -0.0176850319887               -0.240617204359

 PW ALGORITHM --------------- ION=   1  ELEC=  13--------------------------------
Average iterative diagonalization steps: 2.99565217391 ; where current threshold is: 8.36883321896e-07 . 

 Density error is 0.000132000799419
                          Error Threshold = 8.36883321896e-07

       Energy                       Rydberg                            eV
       E_KohnSham                -178.308872939                -2426.01667593
         E_Harris                -177.942931026                -2421.03778078
          E_Fermi              -0.0159105271872                -0.21647382793

 PW ALGORITHM --------------- ION=   1  ELEC=  14--------------------------------
Average iterative diagonalization steps: 2 ; where current threshold is: 5.07695382381e-07 . 

 Density error is 0.000129818278091
                          Error Threshold = 5.07695382381e-07

       Energy                       Rydberg                            eV
       E_KohnSham                -178.308873405                -2426.01668227
         E_Harris                -177.876074819                -2420.12815542
          E_Fermi              -0.0157579328726               -0.214397675768

 PW ALGORITHM --------------- ION=   1  ELEC=  15--------------------------------
Average iterative diagonalization steps: 2 ; where current threshold is: 4.99301069582e-07 . 

 Density error is 0.000127907361629
                          Error Threshold = 4.99301069582e-07

       Energy                       Rydberg                            eV
       E_KohnSham                  -178.3088702                -2426.01663866
         E_Harris                -177.859005628                -2419.89591715
          E_Fermi              -0.0156516618424               -0.212951784226

 PW ALGORITHM --------------- ION=   1  ELEC=  16--------------------------------
Average iterative diagonalization steps: 2.18260869565 ; where current threshold is: 4.9195139088e-07 . 

 Density error is 0.000117475300542
                          Error Threshold = 4.9195139088e-07

       Energy                       Rydberg                            eV
       E_KohnSham                -178.308862797                -2426.01653795
         E_Harris                -177.874680463                -2420.10918423
          E_Fermi              -0.0150558665753               -0.204845573752

 PW ALGORITHM --------------- ION=   1  ELEC=  17--------------------------------
Average iterative diagonalization steps: 3.39565217391 ; where current threshold is: 4.51828079006e-07 . 

 Density error is 7.55030365897e-05
                          Error Threshold = 4.51828079006e-07

       Energy                       Rydberg                            eV
       E_KohnSham                 -178.30886585                -2426.01657947
         E_Harris                -177.949608588                -2421.12863366
          E_Fermi              -0.0123028632179               -0.167389041478

 PW ALGORITHM --------------- ION=   1  ELEC=  18--------------------------------
Average iterative diagonalization steps: 2.18695652174 ; where current threshold is: 2.90396294576e-07 . 

 Density error is 7.11999391921e-05
                          Error Threshold = 2.90396294576e-07

       Energy                       Rydberg                            eV
       E_KohnSham                -178.308866223                -2426.01658455
         E_Harris                 -177.99232469                -2421.70981605
          E_Fermi              -0.0119417085022               -0.162475279485

 PW ALGORITHM --------------- ION=   1  ELEC=  19--------------------------------
Average iterative diagonalization steps: 2.3 ; where current threshold is: 2.7384591997e-07 . 

 Density error is 5.94814854565e-05
                          Error Threshold = 2.7384591997e-07

       Energy                       Rydberg                            eV
       E_KohnSham                -178.308870395                -2426.01664131
         E_Harris                -178.032287327                -2422.25353562
          E_Fermi              -0.0109001633435               -0.148304330602

 PW ALGORITHM --------------- ION=   1  ELEC=  20--------------------------------
Average iterative diagonalization steps: 2.8652173913 ; where current threshold is: 2.28774944063e-07 . 

 Density error is 3.60686810167e-05
                          Error Threshold = 2.28774944063e-07

       Energy                       Rydberg                            eV
       E_KohnSham                -178.308870866                -2426.01664773
         E_Harris                -178.101772604                -2423.19893131
          E_Fermi             -0.00887221825988               -0.120712722234

 PW ALGORITHM --------------- ION=   1  ELEC=  21--------------------------------
Average iterative diagonalization steps: 2 ; where current threshold is: 1.38725696218e-07 . 

 Density error is 3.52680708388e-05
                          Error Threshold = 1.38725696218e-07

       Energy                       Rydberg                            eV
       E_KohnSham                -178.308877515                -2426.01673819
         E_Harris                -178.104274015                -2423.23296476
          E_Fermi             -0.00879327692272               -0.119638670241

 PW ALGORITHM --------------- ION=   1  ELEC=  22--------------------------------
Average iterative diagonalization steps: 2.67826086957 ; where current threshold is: 1.35646426303e-07 . 

 Density error is 2.11379948513e-05
                          Error Threshold = 1.35646426303e-07

       Energy                       Rydberg                            eV
       E_KohnSham                -178.308895184                -2426.01697859
         E_Harris                -178.143930834                -2423.77252346
          E_Fermi             -0.00726806937934              -0.0988871570184

 PW ALGORITHM --------------- ION=   1  ELEC=  23--------------------------------
Average iterative diagonalization steps: 3.87826086957 ; where current threshold is: 8.12999801975e-08 . 

 Density error is 6.59157095483e-06
                          Error Threshold = 8.12999801975e-08

       Energy                       Rydberg                            eV
       E_KohnSham                -178.308904788                -2426.01710926
         E_Harris                -178.214338873                -2424.73047398
          E_Fermi             -0.00479167662173              -0.0651941050289

 PW ALGORITHM --------------- ION=   1  ELEC=  24--------------------------------
Average iterative diagonalization steps: 4.66086956522 ; where current threshold is: 2.53521959801e-08 . 

 Density error is 2.95640226337e-06
                          Error Threshold = 2.53521959801e-08

       Energy                       Rydberg                            eV
       E_KohnSham                -178.308906616                -2426.01713412
         E_Harris                -178.245618798                -2425.15605918
          E_Fermi             -0.00336872687704              -0.0458338805335

 PW ALGORITHM --------------- ION=   1  ELEC=  25--------------------------------
Average iterative diagonalization steps: 3.77826086957 ; where current threshold is: 1.1370777936e-08 . 

 Density error is 2.38843145222e-06
                          Error Threshold = 1.1370777936e-08

       Energy                       Rydberg                            eV
       E_KohnSham                -178.308907959                 -2426.0171524
         E_Harris                -178.248503342                -2425.19530542
          E_Fermi              -0.0032223647393              -0.0438425214888

 PW ALGORITHM --------------- ION=   1  ELEC=  26--------------------------------
Average iterative diagonalization steps: 3.6 ; where current threshold is: 9.18627481624e-09 . 

 Density error is 1.55689837703e-06
                          Error Threshold = 9.18627481624e-09

       Energy                       Rydberg                            eV
       E_KohnSham                -178.308909504                -2426.01717342
         E_Harris                -178.255130269                -2425.28546939
          E_Fermi             -0.00299877202281              -0.0408003865132

 PW ALGORITHM --------------- ION=   1  ELEC=  27--------------------------------
Average iterative diagonalization steps: 4.78260869565 ; where current threshold is: 5.98807068089e-09 . 

 Density error is 8.84578823118e-07
                          Error Threshold = 5.98807068089e-09

       Energy                       Rydberg                            eV
       E_KohnSham                -178.308909974                -2426.01717981
         E_Harris                -178.270892238                -2425.49992199
          E_Fermi             -0.00253609111662              -0.0345052898332

 PW ALGORITHM --------------- ION=   1  ELEC=  28--------------------------------
Average iterative diagonalization steps: 4.16956521739 ; where current threshold is: 3.40222624276e-09 . 

 Density error is 1.54543983536e-07
                          Error Threshold = 3.40222624276e-09

       Energy                       Rydberg                            eV
       E_KohnSham                -178.308910295                -2426.01718418
         E_Harris                -178.281090683                -2425.63867895
          E_Fermi             -0.00234226186562              -0.0318681075805

 PW ALGORITHM --------------- ION=   1  ELEC=  29--------------------------------
Average iterative diagonalization steps: 5.19565217391 ; where current threshold is: 5.94399936677e-10 . 

 Density error is 9.19812972063e-08
                          Error Threshold = 5.94399936677e-10

       Energy                       Rydberg                            eV
       E_KohnSham                -178.308910351                -2426.01718494
         E_Harris                -178.295226984                -2425.83101318
          E_Fermi             -0.00223251382392              -0.0303749088691

 PW ALGORITHM --------------- ION=   1  ELEC=  30--------------------------------
Average iterative diagonalization steps: 3.04782608696 ; where current threshold is: 3.53774220024e-10 . 

 Density error is 9.05100473959e-08
                          Error Threshold = 3.53774220024e-10

       Energy                       Rydberg                            eV
       E_KohnSham                -178.308909884                -2426.01717859
         E_Harris                 -178.29819861                -2425.87144423
          E_Fermi             -0.00222484574973              -0.0302705793675

 PW ALGORITHM --------------- ION=   1  ELEC=  31--------------------------------
Average iterative diagonalization steps: 5.17826086957 ; where current threshold is: 3.48115566907e-10 . 

 Density error is 1.71000817834e-07
                          Error Threshold = 3.48115566907e-10

       Energy                       Rydberg                            eV
       E_KohnSham                -178.308910733                -2426.01719014
         E_Harris                -178.293926625                -2425.81332089
          E_Fermi             -0.00238326774292              -0.0324260211633

 PW ALGORITHM --------------- ION=   1  ELEC=  32--------------------------------
Average iterative diagonalization steps: 5.54782608696 ; where current threshold is: 3.48115566907e-10 . 

 Density error is 3.58834379002e-08
                          Error Threshold = 3.48115566907e-10

       Energy                       Rydberg                            eV
       E_KohnSham                -178.308911099                -2426.01719513
         E_Harris                -178.296023634                -2425.84185217
          E_Fermi             -0.00219175726153              -0.0298203873897

 PW ALGORITHM --------------- ION=   1  ELEC=  33--------------------------------
Average iterative diagonalization steps: 5.70434782609 ; where current threshold is: 1.38013222693e-10 . 

 Density error is 1.93267311417e-08
                          Error Threshold = 1.38013222693e-10

       Energy                       Rydberg                            eV
       E_KohnSham                -178.308911102                -2426.01719516
         E_Harris                -178.305532633                -2425.97122874
          E_Fermi             -0.00206654557344              -0.0281167949755

 PW ALGORITHM --------------- ION=   1  ELEC=  34--------------------------------
Average iterative diagonalization steps: 3.74347826087 ; where current threshold is: 7.43335813143e-11 . 

 Density error is 1.50469764567e-08
                          Error Threshold = 7.43335813143e-11

       Energy                       Rydberg                            eV
       E_KohnSham                -178.308911119                -2426.01719539
         E_Harris                -178.305514119                -2425.97097684
          E_Fermi             -0.00205686070394              -0.0279850255659

 PW ALGORITHM --------------- ION=   1  ELEC=  35--------------------------------
Average iterative diagonalization steps: 3.97391304348 ; where current threshold is: 5.7872986372e-11 . 

 Density error is 1.26685469952e-08
                          Error Threshold = 5.7872986372e-11

       Energy                       Rydberg                            eV
       E_KohnSham                -178.308911168                -2426.01719607
         E_Harris                -178.305798996                -2425.97485279
          E_Fermi             -0.00204507871884              -0.0278247234348

 PW ALGORITHM --------------- ION=   1  ELEC=  36--------------------------------
Average iterative diagonalization steps: 5.21304347826 ; where current threshold is: 4.87251807507e-11 . 

 Density error is 1.02693469665e-08
                          Error Threshold = 4.87251807507e-11

       Energy                       Rydberg                            eV
       E_KohnSham                -178.308911279                -2426.01719757
         E_Harris                -178.306855764                -2425.98923085
          E_Fermi             -0.00201693463078              -0.0274418034721

 PW ALGORITHM --------------- ION=   1  ELEC=  37--------------------------------
Average iterative diagonalization steps: 6.58260869565 ; where current threshold is: 3.94974883327e-11 . 

 Density error is 2.07826156748e-09
                          Error Threshold = 3.94974883327e-11

           Energy                       Rydberg                            eV
       E_KohnSham                -178.308911275                -2426.01719752
   E_KS(sigma->0)                -178.308911275                -2426.01719752
         E_Harris                -178.308206414                 -2426.0076074
           E_band                -31.0419275475                -422.347091549
       E_one_elec                -1052.07176117                -14314.1706568
        E_Hartree                 +526.75374681                +7166.85239947
             E_xc                 -24.917728527                -339.023089185
          E_Ewald                +371.926831611                  +5060.324149
   E_entropy(-TS)                            +0                            +0
          E_descf                            +0                            +0
            E_exx                            +0                            +0
          E_Fermi             -0.00194986290295               -0.026529245799

 charge density convergence is achieved
 final etot is -2426.0171975 eV
 EFERMI = -0.026529245799 eV

 STATE ENERGY(eV) AND OCCUPATIONS    NSPIN == 1
 1/10 kpoint (Cartesian) = 0.0000 0.0000 0.0000 (16411 pws)
       1       -60.5757      0.0312500
       2       -34.8684      0.0312500
       3       -34.4620      0.0312500
       4       -34.4620      0.0312500
       5       -14.5876      0.0312500
       6       -13.1224      0.0312500
       7       -6.05247      0.0312500
       8       -2.56506      0.0312500
       9       -2.56506      0.0312500
      10       -2.03012      0.0312500
      11       -1.28102      0.0312500
      12       -1.28102      0.0312500
      13      -0.216283      0.0312500
      14        3.31597        0.00000
      15        3.31597        0.00000
      16        3.57805        0.00000
      17        3.57805        0.00000
      18        5.43184        0.00000
      19        5.63425        0.00000
      20        6.53489        0.00000
      21        7.00824        0.00000
      22        7.95610        0.00000
      23        9.24620        0.00000

 2/10 kpoint (Cartesian) = -0.12500 0.072169 0.0000 (16432 pws)
       1       -60.5652       0.187500
       2       -34.8485       0.187500
       3       -34.5540       0.187500
       4       -34.4823       0.187500
       5       -14.3085       0.187500
       6       -13.0122       0.187500
       7       -5.75890       0.187500
       8       -3.09927       0.187500
       9       -2.79616       0.187500
      10       -2.27330       0.187500
      11       -1.68752       0.187500
      12      -0.977179       0.187500
      13      -0.288238       0.187500
      14        2.85171        0.00000
      15        3.05123        0.00000
      16        3.28500        0.00000
      17        3.74200        0.00000
      18        5.80762        0.00000
      19        5.97279        0.00000
      20        6.93823        0.00000
      21        8.02528        0.00000
      22        8.27230        0.00000
      23        9.60320        0.00000

 3/10 kpoint (Cartesian) = -0.25000 0.14434 0.0000 (16482 pws)
       1       -60.5399       0.187500
       2       -34.8002       0.187500
       3       -34.7713       0.187500
       4       -34.5310       0.187500
       5       -13.5671       0.187500
       6       -12.7220       0.187500
       7       -5.36336       0.187500
       8       -3.88527       0.187500
       9       -3.85710       0.187500
      10       -2.43924       0.187500
      11       -1.55065       0.187500
      12       -1.34924       0.187500
      13      -0.820821       0.187500
      14        2.34156        0.00000
      15        2.81809        0.00000
      16        3.38884        0.00000
      17        4.44236        0.00000
      18        6.71774        0.00000
      19        6.90389        0.00000
      20        7.82995        0.00000
      21        8.97563        0.00000
      22        9.04880        0.00000
      23        9.76818        0.00000

 4/10 kpoint (Cartesian) = -0.37500 0.21651 0.0000 (16514 pws)
       1       -60.5144       0.187500
       2       -34.9819       0.187500
       3       -34.7516       0.187500
       4       -34.5792       0.187500
       5       -12.6707       0.187500
       6       -12.3864       0.187500
       7       -5.87019       0.187500
       8       -4.83753       0.187500
       9       -4.09400       0.187500
      10       -3.01853       0.187500
      11       -1.86999       0.187500
      12      -0.969583       0.187500
      13      -0.863184       0.187500
      14        2.73625        0.00000
      15        2.81975        0.00000
      16        4.06814        0.00000
      17        4.84242        0.00000
      18        7.75435        0.00000
      19        7.87669        0.00000
      20        8.06490        0.00000
      21        8.92034        0.00000
      22        9.13079        0.00000
      23        10.0704        0.00000

 5/10 kpoint (Cartesian) = 0.50000 0.86603 0.0000 (16570 pws)
       1       -60.5038      0.0937500
       2       -35.0674      0.0937500
       3       -34.7313      0.0937500
       4       -34.5990      0.0937500
       5       -12.2289      0.0937500
       6       -12.2181      0.0937500
       7       -6.25586      0.0937500
       8       -5.23674      0.0937500
       9       -4.35655      0.0937500
      10       -3.22746      0.0937500
      11       -2.04626      0.0937500
      12      -0.626590      0.0937500
      13      -0.590632      0.0937500
      14        2.87954        0.00000
      15        3.33173        0.00000
      16        4.26781        0.00000
      17        4.94649        0.00000
      18        6.73137        0.00000
      19        8.25534        0.00000
      20        8.58372        0.00000
      21        9.39633        0.00000
      22        10.0497        0.00000
      23        10.3641        0.00000

 6/10 kpoint (Cartesian) = -0.25000 0.0000 0.0000 (16467 pws)
       1       -60.5473       0.187500
       2       -34.8144       0.187500
       3       -34.6983       0.187500
       4       -34.5271       0.187500
       5       -13.7965       0.187500
       6       -12.8099       0.187500
       7       -5.36061       0.187500
       8       -3.71035       0.187500
       9       -3.42500       0.187500
      10       -2.69818       0.187500
      11       -1.85800       0.187500
      12      -0.811470       0.187500
      13      -0.594489       0.187500
      14        2.28012        0.00000
      15        2.91104        0.00000
      16        2.94055        0.00000
      17        4.40869        0.00000
      18        6.45418        0.00000
      19        6.62533        0.00000
      20        7.58750        0.00000
      21        8.86124        0.00000
      22        9.33337        0.00000
      23        10.1463        0.00000

 7/10 kpoint (Cartesian) = -0.37500 0.072169 0.0000 (16513 pws)
       1       -60.5219       0.375000
       2       -34.8896       0.375000
       3       -34.7659       0.375000
       4       -34.5980       0.375000
       5       -12.9610       0.375000
       6       -12.4826       0.375000
       7       -5.46066       0.375000
       8       -4.42284       0.375000
       9       -3.84167       0.375000
      10       -3.38056       0.375000
      11       -1.89849       0.375000
      12       -1.25283       0.375000
      13      -0.735827       0.375000
      14        2.19842        0.00000
      15        3.03408        0.00000
      16        3.41696        0.00000
      17        4.91074        0.00000
      18        7.57640        0.00000
      19        7.75477        0.00000
      20        8.74061        0.00000
      21        9.08836        0.00000
      22        9.41093        0.00000
      23        10.1033        0.00000

 8/10 kpoint (Cartesian) = 0.50000 0.72169 0.0000 (16535 pws)
       1       -60.5038       0.375000
       2       -35.0210       0.375000
       3       -34.7314       0.375000
       4       -34.6486       0.375000
       5       -12.2372       0.375000
       6       -12.2091       0.375000
       7       -5.92765       0.375000
       8       -5.30017       0.375000
       9       -4.14998       0.375000
      10       -3.35100       0.375000
      11       -1.87907       0.375000
      12       -1.84165       0.375000
      13      -0.346927       0.375000
      14        2.73044        0.00000
      15        3.41771        0.00000
      16        4.03371        0.00000
      17        4.83011        0.00000
      18        7.26239        0.00000
      19        8.91999        0.00000
      20        8.93761        0.00000
      21        9.75671        0.00000
      22        10.1767        0.00000
      23        10.4085        0.00000

 9/10 kpoint (Cartesian) = 0.50000 0.57735 0.0000 (16519 pws)
       1       -60.5038       0.187500
       2       -34.9568       0.187500
       3       -34.7315       0.187500
       4       -34.7161       0.187500
       5       -12.2560       0.187500
       6       -12.1890       0.187500
       7       -5.51905       0.187500
       8       -5.35657       0.187500
       9       -3.63086       0.187500
      10       -3.49463       0.187500
      11       -3.05567       0.187500
      12       -1.65923       0.187500
      13      -0.430986       0.187500
      14        2.53884        0.00000
      15        3.39670        0.00000
      16        3.52383        0.00000
      17        5.31654        0.00000
      18        8.11419        0.00000
      19        8.82337        0.00000
      20        8.99431        0.00000
      21        9.83066        0.00000
      22        10.2685        0.00000
      23        10.3621        0.00000

 10/10 kpoint (Cartesian) = 0.37500 0.64952 0.0000 (16529 pws)
       1       -60.4963       0.187500
       2       -34.9640       0.187500
       3       -34.7855       0.187500
       4       -34.7172       0.187500
       5       -12.0438       0.187500
       6       -11.9238       0.187500
       7       -5.82811       0.187500
       8       -5.34778       0.187500
       9       -4.13133       0.187500
      10       -3.27177       0.187500
      11       -3.18371       0.187500
      12       -2.14933       0.187500
      13     -0.0265292       0.187500
      14        2.43880        0.00000
      15        3.34923        0.00000
      16        3.98215        0.00000
      17        5.56664        0.00000
      18        7.46182        0.00000
      19        8.79606        0.00000
      20        9.86202        0.00000
      21        10.1410        0.00000
      22        10.3899        0.00000
      23        10.9403        0.00000



 --------------------------------------------
 !FINAL_ETOT_IS -2426.017197518601 eV
 --------------------------------------------






  |CLASS_NAME---------|NAME---------------|TIME(Sec)-----|CALLS----|AVG------|PER%-------
                                      total         93.812        17       5.5   1.0e+02%
                 Driver         driver_line         93.797         1       94.    1.e+02%
                   Ions            opt_ions         93.586         1       94.    1.e+02%
          ESolver_KS_PW                 Run         93.586         1       94.    1.e+02%
               PW_Basis          recip2real        0.34591       268    0.0013      0.37%
              Potential  update_from_charge         1.0892        38     0.029       1.2%
              Potential           cal_v_eff         1.0856        38     0.029       1.2%
           H_Hartree_pw           v_hartree        0.16264        38    0.0043      0.17%
               PW_Basis          real2recip        0.42599       380    0.0011      0.45%
                  PotXC           cal_v_eff        0.87847        38     0.023      0.94%
          XC_Functional                v_xc        0.85882        38     0.023      0.92%
               Symmetry       rhog_symmetry        0.35132        39    0.0090      0.37%
              HSolverPW               solve         91.351        38       2.4       97.%
               Nonlocal              getvnl        0.31759       380   0.00084      0.34%
            pp_cell_vnl              getvnl        0.31726       380   0.00083      0.34%
        DiagoIterAssist      diagH_subspace         13.992       370     0.038       15.%
             OperatorPW                hPsi         67.468     32986    0.0020       72.%
               Operator          EkineticPW        0.46183     32986   1.4e-05      0.49%
               Operator              VeffPW         63.268     32986    0.0019       67.%
             PW_Basis_K          recip2real         43.708     46066   0.00095       47.%
             PW_Basis_K    gathers_scatterp         7.6910     46066   0.00017       8.2%
             PW_Basis_K          real2recip         23.600     41126   0.00057       25.%
             PW_Basis_K    gatherp_scatters         3.1207     41126   7.6e-05       3.3%
               Operator          NonlocalPW         2.4404     32986   7.4e-05       2.6%
               Nonlocal     add_nonlocal_pp         1.4299     32986   4.3e-05       1.5%
        DiagoIterAssist     LAPACK_subspace        0.12806       370   0.00035      0.14%
                DiagoCG           diag_once         71.294       380      0.19       76.%
            ElecStatePW            psiToRho         5.1883        38      0.14       5.5%
                 Charge             mix_rho        0.28850        36    0.0080      0.31%
                 Charge        Pulay_mixing        0.28335        36    0.0079      0.30%
 ----------------------------------------------------------------------------------------

 NAME---------------|MEMORY(MB)--------
               total          305.6
              Psi_PW          58.15
        ChgMix::Rrho          54.93
       ChgMix::dRrho          52.19
        ChgMix::drho          52.19
           FFT::grid          10.99
       DiagSub::hpsi          5.815
    DiagSub::evctemp          5.815
    Veff<PW>::porter          5.493
   Veff<PW>::porter1          5.493
    Meta<PW>::porter          5.493
       ElecSPW::wfcr          5.493
     ElecSPW::wfcr_a          5.493
            VNL::vkb          4.298
        SF::strucFac          4.032
        PW_B_K::gcar          3.793
            Chg::rho          2.747
       Chg::rho_save          2.747
       Chg::rho_core          2.747
       Pot::veff_fix          2.747
           Pot::veff          2.747
   ChgMix::rho_save2          2.747
           VNL::vkb1          2.276
         PW_B_K::gk2          1.264
            VNL::ylm          1.138
   YlmReal::Ylm_Real          1.138
           Chg::rhog          1.008
      Chg::rhog_save          1.008
      Chg::rhog_core          1.008
 -------------   < 1.0 MB has been ignored ----------------
 ----------------------------------------------------------

 Start  Time  : Sun Dec  3 13:59:45 2023
 Finish Time  : Sun Dec  3 14:01:19 2023
 Total  Time  : 0 h 1 mins 34 secs 
