                                                                                     
                              ABACUS v3.3.2

               Atomic-orbital Based Ab-initio Computation at UStc                    

                     Website: http://abacus.ustc.edu.cn/                             
               Documentation: https://abacus.deepmodeling.com/                       
                  Repository: https://github.com/abacusmodeling/abacus-develop       
                              https://github.com/deepmodeling/abacus-develop         
                      Commit: e39b50e (Fri Aug 18 16:14:25 2023 +0800)

    Start Time is Sun Dec  3 11:52:02 2023
                                                                                     
 ------------------------------------------------------------------------------------

 READING GENERAL INFORMATION
                           global_out_dir = OUT.ABACUS/
                           global_in_card = INPUT
                               pseudo_dir = 
                              orbital_dir = 
                                    DRANK = 1
                                    DSIZE = 1
                                   DCOLOR = 1
                                    GRANK = 1
                                    GSIZE = 1
 The esolver type has been set to : ksdft_pw




 >>>>>>>>>>>>>>>>>>>>>>>>>>>>>>>>>>>>>>>>>>>>>>>>>>>>>>>>>>>>>>>>>>>>>>
 |                                                                    |
 | Reading atom information in unitcell:                              |
 | From the input file and the structure file we know the number of   |
 | different elments in this unitcell, then we list the detail        |
 | information for each element, especially the zeta and polar atomic |
 | orbital number for each element. The total atom number is counted. |
 | We calculate the nearest atom distance for each atom and show the  |
 | Cartesian and Direct coordinates for each atom. We list the file   |
 | address for atomic orbitals. The volume and the lattice vectors    |
 | in real and reciprocal space is also shown.                        |
 |                                                                    |
 <<<<<<<<<<<<<<<<<<<<<<<<<<<<<<<<<<<<<<<<<<<<<<<<<<<<<<<<<<<<<<<<<<<<<<




 READING UNITCELL INFORMATION
                                    ntype = 2
                  lattice constant (Bohr) = 6.2361
              lattice constant (Angstrom) = 3.3

 READING ATOM TYPE 1
                               atom label = Mo
                      L=0, number of zeta = 1
                      L=1, number of zeta = 1
                      L=2, number of zeta = 1
             number of atom for this type = 1

 READING ATOM TYPE 2
                               atom label = S
                      L=0, number of zeta = 1
                      L=1, number of zeta = 1
                      L=2, number of zeta = 1
             number of atom for this type = 2

                        TOTAL ATOM NUMBER = 3

 DIRECT COORDINATES
         atom                   x                   y                   z                 mag                  vx                  vy                  vz
     taud_Mo1            0.666667            0.333333                 0.1                   0                   0                   0                   0
      taud_S1                   0                   0                   0                   0                   0                   0                   0
      taud_S2                   0                   0                 0.2                   0                   0                   0                   0


                          Volume (Bohr^3) = 1272.87
                             Volume (A^3) = 188.62

 Lattice vectors: (Cartesian coordinate: in unit of a_0)
                   +1                  +0                  +0
                 -0.5           +0.866025                  +0
                   +0                  +0            +6.06061
 Reciprocal vectors: (Cartesian coordinate: in unit of 2 pi/a_0)
                   +1            +0.57735                  -0
                   +0             +1.1547                  -0
                   +0                  -0              +0.165




 >>>>>>>>>>>>>>>>>>>>>>>>>>>>>>>>>>>>>>>>>>>>>>>>>>>>>>>>>>>>>>>>>>>>>>
 |                                                                    |
 | Reading pseudopotentials files:                                    |
 | The pseudopotential file is in UPF format. The 'NC' indicates that |
 | the type of pseudopotential is 'norm conserving'. Functional of    |
 | exchange and correlation is decided by 4 given parameters in UPF   |
 | file.  We also read in the 'core correction' if there exists.      |
 | Also we can read the valence electrons number and the maximal      |
 | angular momentum used in this pseudopotential. We also read in the |
 | trail wave function, trail atomic density and local-pseudopotential|
 | on logrithmic grid. The non-local pseudopotential projector is also|
 | read in if there is any.                                           |
 |                                                                    |
 <<<<<<<<<<<<<<<<<<<<<<<<<<<<<<<<<<<<<<<<<<<<<<<<<<<<<<<<<<<<<<<<<<<<<<




                PAO radial cut off (Bohr) = 15

 Read in pseudopotential file is Mo_ONCV_PBE-1.0.upf
                     pseudopotential type = NC
          exchange-correlation functional = PBE
                 nonlocal core correction = 0
                        valence electrons = 14
                                     lmax = 2
                           number of zeta = 0
                     number of projectors = 6
                           L of projector = 0
                           L of projector = 0
                           L of projector = 1
                           L of projector = 1
                           L of projector = 2
                           L of projector = 2
                PAO radial cut off (Bohr) = 15

 Read in pseudopotential file is S_ONCV_PBE-1.0.upf
                     pseudopotential type = NC
          exchange-correlation functional = PBE
                 nonlocal core correction = 0
                        valence electrons = 6
                                     lmax = 1
                           number of zeta = 0
                     number of projectors = 4
                           L of projector = 0
                           L of projector = 0
                           L of projector = 1
                           L of projector = 1
     initial pseudo atomic orbital number = 0
                                   NLOCAL = 27

%%%%%%%%%%%%%%%%%%%%%%%%%%%%%%%%%%%%%%%%%%%%%%%%%%%%%%%%%%%%%%%%%%%%%%%%%%%%%%%%%%%%%%%%%%%%%%%%%%%%%%%%%%
 Warning: the number of valence electrons in pseudopotential > 6 for Mo: [Kr] 4d5 5s1
 Pseudopotentials with additional electrons can yield (more) accurate outcomes, but may be less efficient.
 If you're confident that your chosen pseudopotential is appropriate, you can safely ignore this warning.
%%%%%%%%%%%%%%%%%%%%%%%%%%%%%%%%%%%%%%%%%%%%%%%%%%%%%%%%%%%%%%%%%%%%%%%%%%%%%%%%%%%%%%%%%%%%%%%%%%%%%%%%%%
                  

 Warning_Memory_Consuming allocated:  FFT::grid 11.8652 MB




 >>>>>>>>>>>>>>>>>>>>>>>>>>>>>>>>>>>>>>>>>>>>>>>>>>>>>>>>>>>>>>>>>>>>>>
 |                                                                    |
 | Setup plane waves of charge/potential:                             |
 | Use the energy cutoff and the lattice vectors to generate the      |
 | dimensions of FFT grid. The number of FFT grid on each processor   |
 | is 'nrxx'. The number of plane wave basis in reciprocal space is   |
 | different for charege/potential and wave functions. We also set    |
 | the 'sticks' for the parallel of FFT. The number of plane waves    |
 | is 'npw' in each processor.                                        |
 <<<<<<<<<<<<<<<<<<<<<<<<<<<<<<<<<<<<<<<<<<<<<<<<<<<<<<<<<<<<<<<<<<<<<<





 SETUP THE PLANE WAVE BASIS
 energy cutoff for charge/potential (unit:Ry) = 400
            fft grid for charge/potential = [ 40, 40, 243 ]
                        fft grid division = [ 1, 1, 1 ]
        big fft grid for charge/potential = [ 40, 40, 243 ]
                                     nbxx = 388800
                                     nrxx = 388800

 SETUP PLANE WAVES FOR CHARGE/POTENTIAL
                    number of plane waves = 172021
                         number of sticks = 1069

 PARALLEL PW FOR CHARGE/POTENTIAL
     PROC   COLUMNS(POT)             PW
        1           1069         172021
 --------------- sum -------------------
        1           1069         172021
                            number of |g| = 7822
                                  max |g| = 394.016
                                  min |g| = 0

 SETUP THE ELECTRONS NUMBER
            electron number of element Mo = 14
      total electron number of element Mo = 14
             electron number of element S = 6
       total electron number of element S = 12
            AUTOSET number of electrons:  = 26
 DONE : SETUP UNITCELL Time : 0.0768992 (SEC)





 >>>>>>>>>>>>>>>>>>>>>>>>>>>>>>>>>>>>>>>>>>>>>>>>>>>>>>>>>>>>>>>>>>>>>>
 |                                                                    |
 | Doing symmetry analysis:                                           |
 | We calculate the norm of 3 vectors and the angles between them,    |
 | the type of Bravais lattice is given. We can judge if the unticell |
 | is a primitive cell. Finally we give the point group operation for |
 | this unitcell. We use the point group operations to do symmetry |
 | analysis on given k-point mesh and the charge density.             |
 |                                                                    |
 <<<<<<<<<<<<<<<<<<<<<<<<<<<<<<<<<<<<<<<<<<<<<<<<<<<<<<<<<<<<<<<<<<<<<<




 LATTICE VECTORS: (CARTESIAN COORDINATE: IN UNIT OF A0)
                   +1                  +0                  +0
                 -0.5           +0.866025                  +0
                   +0                  +0            +6.06061
                       right hand lattice = 1
                                   NORM_A = 1
                                   NORM_B = 1
                                   NORM_C = 6.06061
                           ALPHA (DEGREE) = 90
                           BETA  (DEGREE) = 90
                           GAMMA (DEGREE) = 120

 The lattice vectors have been changed (STRU_SIMPLE.cif)

(for optimal symmetric configuration:)
                             BRAVAIS TYPE = 4
                     BRAVAIS LATTICE NAME = 04. Hexagonal cell
                                    ibrav = 4
                                    IBRAV = 4
                                  BRAVAIS = HEXAGONAL CELL
                       LATTICE CONSTANT A = 1
                                C/A RATIO = 6.06061
Original cell was already a primitive cell.
                        ROTATION MATRICES = 24
              PURE POINT GROUP OPERATIONS = 6
                   SPACE GROUP OPERATIONS = 12
                                       C2 = 0
                                       C3 = 2
                                       C4 = 0
                                       C6 = 0
                                       S1 = 3
                                       S3 = 0
                                       S4 = 0
                                       S6 = 0
                              POINT GROUP = C_3v
                                       C2 = 3
                                       C3 = 2
                                       C4 = 0
                                       C6 = 0
                                       S1 = 4
                                       S3 = 2
                                       S4 = 0
                                       S6 = 0
               POINT GROUP IN SPACE GROUP = D_3h
 DONE : SYMMETRY Time : 0.0990428 (SEC)





 >>>>>>>>>>>>>>>>>>>>>>>>>>>>>>>>>>>>>>>>>>>>>>>>>>>>>>>>>>>>>>>>>>>>>>
 |                                                                    |
 | Setup K-points                                                     |
 | We setup the k-points according to input parameters.               |
 | The reduced k-points are set according to symmetry operations.     |
 | We treat the spin as another set of k-points.                      |
 |                                                                    |
 <<<<<<<<<<<<<<<<<<<<<<<<<<<<<<<<<<<<<<<<<<<<<<<<<<<<<<<<<<<<<<<<<<<<<<





 SETUP K-POINTS
                                    nspin = 1
                   Input type of k points = Monkhorst-Pack(Gamma)
                                   nkstot = 64
                       right hand lattice = 1
(for reciprocal lattice: )
                             BRAVAIS TYPE = 4
                     BRAVAIS LATTICE NAME = 04. Hexagonal cell
                                    ibrav = 4
                       right hand lattice = 1
(for k-lattice: )
                             BRAVAIS TYPE = 4
                     BRAVAIS LATTICE NAME = 04. Hexagonal cell
                                    ibrav = 4
                       right hand lattice = 1
                        ROTATION MATRICES = 24
                               nkstot_ibz = 10
      IBZ             DirectX             DirectY             DirectZ              Weight    ibz2bz
        1                   0                   0                   0            0.015625         0
        2              -0.125               0.125                   0             0.09375         1
        3               -0.25                0.25                   0             0.09375         2
        4              -0.375               0.375                   0             0.09375         3
        5                 0.5                 0.5                   0            0.046875         4
        6               -0.25               0.125                   0             0.09375         9
        7              -0.375                0.25                   0              0.1875        10
        8                 0.5               0.375                   0              0.1875        11
        9                 0.5                0.25                   0             0.09375        18
       10               0.375               0.375                   0             0.09375        19
                               nkstot now = 10

  KPOINTS            DIRECT_X            DIRECT_Y            DIRECT_Z              WEIGHT
        1                   0                   0                   0            0.015625
        2              -0.125               0.125                   0             0.09375
        3               -0.25                0.25                   0             0.09375
        4              -0.375               0.375                   0             0.09375
        5                 0.5                 0.5                   0            0.046875
        6               -0.25               0.125                   0             0.09375
        7              -0.375                0.25                   0              0.1875
        8                 0.5               0.375                   0              0.1875
        9                 0.5                0.25                   0             0.09375
       10               0.375               0.375                   0             0.09375

           k-point number in this process = 10
       minimum distributed K point number = 10

  KPOINTS         CARTESIAN_X         CARTESIAN_Y         CARTESIAN_Z              WEIGHT
        1                   0                   0                   0             0.03125
        2              -0.125           0.0721688                   0              0.1875
        3               -0.25            0.144338                   0              0.1875
        4              -0.375            0.216506                   0              0.1875
        5                 0.5            0.866025                   0             0.09375
        6               -0.25                   0                   0              0.1875
        7              -0.375           0.0721688                   0               0.375
        8                 0.5            0.721688                   0               0.375
        9                 0.5             0.57735                   0              0.1875
       10               0.375            0.649519                   0              0.1875

  KPOINTS            DIRECT_X            DIRECT_Y            DIRECT_Z              WEIGHT
        1                   0                   0                   0             0.03125
        2              -0.125               0.125                   0              0.1875
        3               -0.25                0.25                   0              0.1875
        4              -0.375               0.375                   0              0.1875
        5                 0.5                 0.5                   0             0.09375
        6               -0.25               0.125                   0              0.1875
        7              -0.375                0.25                   0               0.375
        8                 0.5               0.375                   0               0.375
        9                 0.5                0.25                   0              0.1875
       10               0.375               0.375                   0              0.1875
 DONE : INIT K-POINTS Time : 0.163717 (SEC)





 >>>>>>>>>>>>>>>>>>>>>>>>>>>>>>>>>>>>>>>>>>>>>>>>>>>>>>>>>>>>>>>>>>>>>>
 |                                                                    |
 | Setup plane waves of wave functions:                               |
 | Use the energy cutoff and the lattice vectors to generate the      |
 | dimensions of FFT grid. The number of FFT grid on each processor   |
 | is 'nrxx'. The number of plane wave basis in reciprocal space is   |
 | different for charege/potential and wave functions. We also set    |
 | the 'sticks' for the parallel of FFT. The number of plane wave of  |
 | each k-point is 'npwk[ik]' in each processor                       |
 <<<<<<<<<<<<<<<<<<<<<<<<<<<<<<<<<<<<<<<<<<<<<<<<<<<<<<<<<<<<<<<<<<<<<<





 SETUP PLANE WAVES FOR WAVE FUNCTIONS
     energy cutoff for wavefunc (unit:Ry) = 100
              fft grid for wave functions = [ 40, 40, 243 ]
                    number of plane waves = 28489
                         number of sticks = 313

 PARALLEL PW FOR WAVE FUNCTIONS
     PROC   COLUMNS(POT)             PW
        1            313          28489
 --------------- sum -------------------
        1            313          28489
 DONE : INIT PLANEWAVE Time : 0.178428 (SEC)


 Warning_Memory_Consuming allocated:  SF::strucFac 5.24966 MB
                           occupied bands = 13
                                   NBANDS = 23
                                     npwx = 21568

 Warning_Memory_Consuming allocated:  Psi_PW 75.6934 MB

 SETUP NONLOCAL PSEUDOPOTENTIALS IN PLANE WAVE BASIS
 Mo non-local projectors:
 projector 1 L=0
 projector 2 L=0
 projector 3 L=1
 projector 4 L=1
 projector 5 L=2
 projector 6 L=2
 S non-local projectors:
 projector 1 L=0
 projector 2 L=0
 projector 3 L=1
 projector 4 L=1
      TOTAL NUMBER OF NONLOCAL PROJECTORS = 34

 Warning_Memory_Consuming allocated:  VNL::vkb 5.59473 MB
 DONE : LOCAL POTENTIAL Time : 0.229478 (SEC)


 Init Non-Local PseudoPotential table : 
 Init Non-Local-Pseudopotential done.
 DONE : NON-LOCAL POTENTIAL Time : 0.255093 (SEC)


 Make real space PAO into reciprocal space.
       max mesh points in Pseudopotential = 601
     dq(describe PAO in reciprocal space) = 0.01
                                    max q = 1206

 number of pseudo atomic orbitals for Mo is 0

 number of pseudo atomic orbitals for S is 0
 DONE : INIT BASIS Time : 0.255132 (SEC)


 -------------------------------------------
 SELF-CONSISTENT
 -------------------------------------------

 Warning_Memory_Consuming allocated:  Veff<PW>::porter 5.93262 MB

 Warning_Memory_Consuming allocated:  Veff<PW>::porter1 5.93262 MB

 Warning_Memory_Consuming allocated:  Meta<PW>::porter 5.93262 MB
                                 init_chg = atomic
 DONE : INIT SCF Time : 0.351871 (SEC)


 PW ALGORITHM --------------- ION=   1  ELEC=   1--------------------------------

 Warning_Memory_Consuming allocated:  DiagSub::hpsi 7.56934 MB

 Warning_Memory_Consuming allocated:  DiagSub::evctemp 7.5009 MB

 Warning_Memory_Consuming allocated:  DiagSub::evctemp 7.51283 MB

 Warning_Memory_Consuming allocated:  DiagSub::evctemp 7.536 MB

 Warning_Memory_Consuming allocated:  DiagSub::evctemp 7.54091 MB

 Warning_Memory_Consuming allocated:  DiagSub::evctemp 7.56934 MB
Average iterative diagonalization steps: 10.5478 ; where current threshold is: 0.01 . 

 Warning_Memory_Consuming allocated:  ElecSPW::wfcr 5.93262 MB

 Warning_Memory_Consuming allocated:  ElecSPW::wfcr_a 5.93262 MB

 Warning_Memory_Consuming allocated:  ChgMix::Rrho 59.3262 MB

 Warning_Memory_Consuming allocated:  ChgMix::dRrho 56.3599 MB

 Warning_Memory_Consuming allocated:  ChgMix::drho 56.3599 MB

 Density error is 0.625609666501
                          Error Threshold = 0.01

       Energy                       Rydberg                            eV
       E_KohnSham                -178.012339087                -2421.98212589
         E_Harris                -178.083102424                -2422.94491048
          E_Fermi              -0.0820432913994                -1.11625624571

 PW ALGORITHM --------------- ION=   1  ELEC=   2--------------------------------
Average iterative diagonalization steps: 2.3347826087 ; where current threshold is: 0.00240619102501 . 

 Density error is 0.0595847385873
                          Error Threshold = 0.00240619102501

       Energy                       Rydberg                            eV
       E_KohnSham                -178.123365382                -2423.49271614
         E_Harris                -191.938214244                -2611.45337766
          E_Fermi               -0.112829817332                -1.53512842001

 PW ALGORITHM --------------- ION=   1  ELEC=   3--------------------------------
Average iterative diagonalization steps: 3.88260869565 ; where current threshold is: 0.00022917207149 . 

 Density error is 0.0312955147651
                          Error Threshold = 0.00022917207149

       Energy                       Rydberg                            eV
       E_KohnSham                -178.127294424                -2423.54617349
         E_Harris                -178.706266612                -2431.42349422
          E_Fermi                 -0.1213838952                -1.65151262016

 PW ALGORITHM --------------- ION=   1  ELEC=   4--------------------------------
Average iterative diagonalization steps: 2.65217391304 ; where current threshold is: 0.000120367364481 . 

 Density error is 0.0130042030295
                          Error Threshold = 0.000120367364481

       Energy                       Rydberg                            eV
       E_KohnSham                -178.125801768                -2423.52586486
         E_Harris                -175.701776652                -2390.54531119
          E_Fermi               -0.120614671169                 -1.6410467903

 PW ALGORITHM --------------- ION=   1  ELEC=   5--------------------------------
Average iterative diagonalization steps: 3.83043478261 ; where current threshold is: 5.00161654979e-05 . 

 Density error is 0.00572262802113
                          Error Threshold = 5.00161654979e-05

       Energy                       Rydberg                            eV
       E_KohnSham                -178.131662967                -2423.60561056
         E_Harris                -175.868842308                -2392.81835606
          E_Fermi               -0.113253255704                -1.54088959462

 PW ALGORITHM --------------- ION=   1  ELEC=   6--------------------------------
Average iterative diagonalization steps: 2.5347826087 ; where current threshold is: 2.20101077736e-05 . 

 Density error is 0.010215607856
                          Error Threshold = 2.20101077736e-05

       Energy                       Rydberg                            eV
       E_KohnSham                -178.127502277                -2423.54900147
         E_Harris                -178.427941783                -2427.63669066
          E_Fermi               -0.112886115072                -1.53589439007

 PW ALGORITHM --------------- ION=   1  ELEC=   7--------------------------------
Average iterative diagonalization steps: 3.40869565217 ; where current threshold is: 2.20101077736e-05 . 

 Density error is 0.00390982757166
                          Error Threshold = 2.20101077736e-05

       Energy                       Rydberg                            eV
       E_KohnSham                -178.128847568                -2423.56730509
         E_Harris                -178.875744655                 -2433.7293613
          E_Fermi               -0.113516569125                -1.54447215751

 PW ALGORITHM --------------- ION=   1  ELEC=   8--------------------------------
Average iterative diagonalization steps: 2.01304347826 ; where current threshold is: 1.50377983525e-05 . 

 Density error is 0.000243257602044
                          Error Threshold = 1.50377983525e-05

       Energy                       Rydberg                            eV
       E_KohnSham                -178.129140504                 -2423.5712907
         E_Harris                -176.461273347                -2400.87879386
          E_Fermi               -0.109983049726                -1.49639615969

 PW ALGORITHM --------------- ION=   1  ELEC=   9--------------------------------
Average iterative diagonalization steps: 3.22608695652 ; where current threshold is: 9.35606161708e-07 . 

 Density error is 0.000224942736313
                          Error Threshold = 9.35606161708e-07

       Energy                       Rydberg                            eV
       E_KohnSham                 -178.12916195                -2423.57158249
         E_Harris                -177.548353936                -2415.66928404
          E_Fermi               -0.109853015449                -1.49462695259

 PW ALGORITHM --------------- ION=   1  ELEC=  10--------------------------------
Average iterative diagonalization steps: 2 ; where current threshold is: 8.65164370433e-07 . 

 Density error is 0.000233300979944
                          Error Threshold = 8.65164370433e-07

       Energy                       Rydberg                            eV
       E_KohnSham                -178.129164262                -2423.57161394
         E_Harris                -177.611305881                -2416.52578921
          E_Fermi               -0.109953566554                -1.49599502056

 PW ALGORITHM --------------- ION=   1  ELEC=  11--------------------------------
Average iterative diagonalization steps: 2.27826086957 ; where current threshold is: 8.65164370433e-07 . 

 Density error is 0.000218976861824
                          Error Threshold = 8.65164370433e-07

       Energy                       Rydberg                            eV
       E_KohnSham                -178.129196831                -2423.57205706
         E_Harris                -177.577705635                 -2416.0686344
          E_Fermi               -0.109335924106                -1.48759156394

 PW ALGORITHM --------------- ION=   1  ELEC=  12--------------------------------
Average iterative diagonalization steps: 4.76086956522 ; where current threshold is: 8.42218699323e-07 . 

 Density error is 0.000788108565313
                          Error Threshold = 8.42218699323e-07

       Energy                       Rydberg                            eV
       E_KohnSham                -178.129109424                -2423.57086784
         E_Harris                -177.756796797                -2418.50529467
          E_Fermi               -0.106218749147                -1.44518022283

 PW ALGORITHM --------------- ION=   1  ELEC=  13--------------------------------
Average iterative diagonalization steps: 3.07826086957 ; where current threshold is: 8.42218699323e-07 . 

 Density error is 0.00022456790265
                          Error Threshold = 8.42218699323e-07

       Energy                       Rydberg                            eV
       E_KohnSham                -178.129134742                -2423.57121229
         E_Harris                -178.187291476                -2424.36247526
          E_Fermi               -0.106734472649                -1.45219700105

 PW ALGORITHM --------------- ION=   1  ELEC=  14--------------------------------
Average iterative diagonalization steps: 2.32173913043 ; where current threshold is: 8.42218699323e-07 . 

 Density error is 0.000186948414076
                          Error Threshold = 8.42218699323e-07

       Energy                       Rydberg                            eV
       E_KohnSham                -178.129145218                -2423.57135483
         E_Harris                -177.640247262                 -2416.9195569
          E_Fermi               -0.106475034504                  -1.448667164

 PW ALGORITHM --------------- ION=   1  ELEC=  15--------------------------------
Average iterative diagonalization steps: 2 ; where current threshold is: 7.19032361832e-07 . 

 Density error is 0.000169113335387
                          Error Threshold = 7.19032361832e-07

       Energy                       Rydberg                            eV
       E_KohnSham                -178.129148128                -2423.57139442
         E_Harris                -177.588171637                -2416.21103166
          E_Fermi               -0.106417324152                -1.44788197438

 PW ALGORITHM --------------- ION=   1  ELEC=  16--------------------------------
Average iterative diagonalization steps: 2.10434782609 ; where current threshold is: 6.50435905333e-07 . 

 Density error is 0.000199765314541
                          Error Threshold = 6.50435905333e-07

       Energy                       Rydberg                            eV
       E_KohnSham                -178.129136095                 -2423.5712307
         E_Harris                -177.602149214                -2416.40120635
          E_Fermi               -0.106661620631                 -1.4512057985

 PW ALGORITHM --------------- ION=   1  ELEC=  17--------------------------------
Average iterative diagonalization steps: 2.6 ; where current threshold is: 6.50435905333e-07 . 

 Density error is 0.000143203636365
                          Error Threshold = 6.50435905333e-07

       Energy                       Rydberg                            eV
       E_KohnSham                -178.129124315                -2423.57107044
         E_Harris                -177.617633979                 -2416.6118874
          E_Fermi               -0.104886575254                -1.42705506716

 PW ALGORITHM --------------- ION=   1  ELEC=  18--------------------------------
Average iterative diagonalization steps: 2.61739130435 ; where current threshold is: 5.50783216787e-07 . 

 Density error is 6.02020251388e-05
                          Error Threshold = 5.50783216787e-07

       Energy                       Rydberg                            eV
       E_KohnSham                -178.129126971                -2423.57110658
         E_Harris                -177.699357941                -2417.72379895
          E_Fermi               -0.103401090392                -1.40684400875

 PW ALGORITHM --------------- ION=   1  ELEC=  19--------------------------------
Average iterative diagonalization steps: 2.0347826087 ; where current threshold is: 2.31546250534e-07 . 

 Density error is 5.84434322063e-05
                          Error Threshold = 2.31546250534e-07

       Energy                       Rydberg                            eV
       E_KohnSham                -178.129125107                -2423.57108121
         E_Harris                -177.829606757                  -2419.495925
          E_Fermi               -0.103386522719                -1.40664580538

 PW ALGORITHM --------------- ION=   1  ELEC=  20--------------------------------
Average iterative diagonalization steps: 2.03913043478 ; where current threshold is: 2.24782431563e-07 . 

 Density error is 5.07169156714e-05
                          Error Threshold = 2.24782431563e-07

       Energy                       Rydberg                            eV
       E_KohnSham                -178.129127261                -2423.57111051
         E_Harris                -177.835241951                -2419.57259575
          E_Fermi               -0.103241578859                  -1.404673743

 PW ALGORITHM --------------- ION=   1  ELEC=  21--------------------------------
Average iterative diagonalization steps: 2.13913043478 ; where current threshold is: 1.95065060275e-07 . 

 Density error is 5.29959756279e-05
                          Error Threshold = 1.95065060275e-07

       Energy                       Rydberg                            eV
       E_KohnSham                -178.129128103                -2423.57112197
         E_Harris                -177.870189189                -2420.04807731
          E_Fermi               -0.103074113132                -1.40239525489

 PW ALGORITHM --------------- ION=   1  ELEC=  22--------------------------------
Average iterative diagonalization steps: 3.19130434783 ; where current threshold is: 1.95065060275e-07 . 

 Density error is 2.57161961723e-05
                          Error Threshold = 1.95065060275e-07

       Energy                       Rydberg                            eV
       E_KohnSham                 -178.12912994                -2423.57114696
         E_Harris                -177.905601353                -2420.52988452
          E_Fermi               -0.100615977335                 -1.3689506016

 PW ALGORITHM --------------- ION=   1  ELEC=  23--------------------------------
Average iterative diagonalization steps: 2.3347826087 ; where current threshold is: 9.89084468164e-08 . 

 Density error is 2.59758007934e-05
                          Error Threshold = 9.89084468164e-08

       Energy                       Rydberg                            eV
       E_KohnSham                -178.129128384                -2423.57112579
         E_Harris                -177.946343612                -2421.08421138
          E_Fermi                -0.10054230694                -1.36794826445

 PW ALGORITHM --------------- ION=   1  ELEC=  24--------------------------------
Average iterative diagonalization steps: 2.40434782609 ; where current threshold is: 9.89084468164e-08 . 

 Density error is 2.80929982139e-05
                          Error Threshold = 9.89084468164e-08

       Energy                       Rydberg                            eV
       E_KohnSham                -178.129130802                 -2423.5711587
         E_Harris                -177.954818455                -2421.19951754
          E_Fermi               -0.100968779951                -1.37375072744

 PW ALGORITHM --------------- ION=   1  ELEC=  25--------------------------------
Average iterative diagonalization steps: 2.76086956522 ; where current threshold is: 9.89084468164e-08 . 

 Density error is 2.29654127878e-05
                          Error Threshold = 9.89084468164e-08

       Energy                       Rydberg                            eV
       E_KohnSham                -178.129131651                -2423.57117024
         E_Harris                -177.957425253                -2421.23498485
          E_Fermi               -0.100107947041                -1.36203849484

 PW ALGORITHM --------------- ION=   1  ELEC=  26--------------------------------
Average iterative diagonalization steps: 2.88260869565 ; where current threshold is: 8.83285107224e-08 . 

 Density error is 1.90148373457e-05
                          Error Threshold = 8.83285107224e-08

       Energy                       Rydberg                            eV
       E_KohnSham                -178.129132275                -2423.57117873
         E_Harris                -178.010463018                -2421.95660066
          E_Fermi              -0.0996457407897                -1.35574985617

 PW ALGORITHM --------------- ION=   1  ELEC=  27--------------------------------
Average iterative diagonalization steps: 2 ; where current threshold is: 7.31339897913e-08 . 

 Density error is 2.02905931376e-05
                          Error Threshold = 7.31339897913e-08

       Energy                       Rydberg                            eV
       E_KohnSham                -178.129131039                -2423.57116192
         E_Harris                -178.011639173                -2421.97260308
          E_Fermi              -0.0996493359723                -1.35579877114

 PW ALGORITHM --------------- ION=   1  ELEC=  28--------------------------------
Average iterative diagonalization steps: 2.40434782609 ; where current threshold is: 7.31339897913e-08 . 

 Density error is 2.06257681578e-05
                          Error Threshold = 7.31339897913e-08

       Energy                       Rydberg                            eV
       E_KohnSham                -178.129133504                -2423.57119545
         E_Harris                -178.012642169                -2421.98624953
          E_Fermi              -0.0998972316153                -1.35917156439

 PW ALGORITHM --------------- ION=   1  ELEC=  29--------------------------------
Average iterative diagonalization steps: 2.64782608696 ; where current threshold is: 7.31339897913e-08 . 

 Density error is 2.17820243022e-05
                          Error Threshold = 7.31339897913e-08

       Energy                       Rydberg                            eV
       E_KohnSham                -178.129134608                -2423.57121048
         E_Harris                -178.019672227                -2422.08189838
          E_Fermi              -0.0993340036407                -1.35150845467

 PW ALGORITHM --------------- ION=   1  ELEC=  30--------------------------------
Average iterative diagonalization steps: 2.32173913043 ; where current threshold is: 7.31339897913e-08 . 

 Density error is 2.40555444085e-05
                          Error Threshold = 7.31339897913e-08

       Energy                       Rydberg                            eV
       E_KohnSham                -178.129133728                 -2423.5711985
         E_Harris                -178.057545503                -2422.59719073
          E_Fermi              -0.0991668853425                -1.34923469357

 PW ALGORITHM --------------- ION=   1  ELEC=  31--------------------------------
Average iterative diagonalization steps: 2.51304347826 ; where current threshold is: 7.31339897913e-08 . 

 Density error is 2.22203522434e-05
                          Error Threshold = 7.31339897913e-08

       Energy                       Rydberg                            eV
       E_KohnSham                 -178.12913506                -2423.57121663
         E_Harris                -178.061482955                -2422.65076252
          E_Fermi               -0.099465442934                  -1.353296778

 PW ALGORITHM --------------- ION=   1  ELEC=  32--------------------------------
Average iterative diagonalization steps: 2.30434782609 ; where current threshold is: 7.31339897913e-08 . 

 Density error is 2.15687720762e-05
                          Error Threshold = 7.31339897913e-08

       Energy                       Rydberg                            eV
       E_KohnSham                -178.129140168                -2423.57128613
         E_Harris                -178.051777014                -2422.51870642
          E_Fermi              -0.0993079546432                -1.35115403987

 PW ALGORITHM --------------- ION=   1  ELEC=  33--------------------------------
Average iterative diagonalization steps: 3.14782608696 ; where current threshold is: 7.31339897913e-08 . 

 Density error is 1.57558079308e-05
                          Error Threshold = 7.31339897913e-08

       Energy                       Rydberg                            eV
       E_KohnSham                -178.129140828                -2423.57129511
         E_Harris                -178.077743229                 -2422.8719949
          E_Fermi              -0.0984460455087                -1.33942716449

 PW ALGORITHM --------------- ION=   1  ELEC=  34--------------------------------
Average iterative diagonalization steps: 2.6 ; where current threshold is: 6.05992612723e-08 . 

 Density error is 1.58455775146e-05
                          Error Threshold = 6.05992612723e-08

       Energy                       Rydberg                            eV
       E_KohnSham                -178.129139255                 -2423.5712737
         E_Harris                -178.085159902                 -2422.9729039
          E_Fermi              -0.0982116902064                -1.33623859702

 PW ALGORITHM --------------- ION=   1  ELEC=  35--------------------------------
Average iterative diagonalization steps: 3.1652173913 ; where current threshold is: 6.05992612723e-08 . 

 Density error is 1.12594749343e-05
                          Error Threshold = 6.05992612723e-08

       Energy                       Rydberg                            eV
       E_KohnSham                -178.129139138                -2423.57127211
         E_Harris                -178.075603366                -2422.84288056
          E_Fermi              -0.0987342914754                -1.34334895206

 PW ALGORITHM --------------- ION=   1  ELEC=  36--------------------------------
Average iterative diagonalization steps: 2.35217391304 ; where current threshold is: 4.33056728242e-08 . 

 Density error is 1.11536603371e-05
                          Error Threshold = 4.33056728242e-08

       Energy                       Rydberg                            eV
       E_KohnSham                -178.129140073                -2423.57128483
         E_Harris                -178.030368264                -2422.22742543
          E_Fermi              -0.0987573934537                 -1.3436632706

 PW ALGORITHM --------------- ION=   1  ELEC=  37--------------------------------
Average iterative diagonalization steps: 2.66956521739 ; where current threshold is: 4.28986936041e-08 . 

 Density error is 9.93969411335e-06
                          Error Threshold = 4.28986936041e-08

       Energy                       Rydberg                            eV
       E_KohnSham                -178.129145359                -2423.57135675
         E_Harris                -178.030518884                -2422.22947472
          E_Fermi              -0.0985403666527                -1.34071046949

 PW ALGORITHM --------------- ION=   1  ELEC=  38--------------------------------
Average iterative diagonalization steps: 3.10869565217 ; where current threshold is: 3.82295927437e-08 . 

 Density error is 6.78730415073e-06
                          Error Threshold = 3.82295927437e-08

       Energy                       Rydberg                            eV
       E_KohnSham                -178.129147409                -2423.57138465
         E_Harris                -178.034131262                -2422.27862364
          E_Fermi              -0.0979852018711                -1.33315706513

 PW ALGORITHM --------------- ION=   1  ELEC=  39--------------------------------
Average iterative diagonalization steps: 2.83913043478 ; where current threshold is: 2.61050159644e-08 . 

 Density error is 5.39712308286e-06
                          Error Threshold = 2.61050159644e-08

       Energy                       Rydberg                            eV
       E_KohnSham                -178.129150909                -2423.57143226
         E_Harris                -178.049061601                -2422.48176132
          E_Fermi              -0.0976897222564                -1.32913685872

 PW ALGORITHM --------------- ION=   1  ELEC=  40--------------------------------
Average iterative diagonalization steps: 3.02608695652 ; where current threshold is: 2.07581657033e-08 . 

 Density error is 3.57836917979e-06
                          Error Threshold = 2.07581657033e-08

       Energy                       Rydberg                            eV
       E_KohnSham                -178.129151558                -2423.57144109
         E_Harris                -178.063157177                -2422.67354148
          E_Fermi               -0.097190128154                -1.32233953224

 PW ALGORITHM --------------- ION=   1  ELEC=  41--------------------------------
Average iterative diagonalization steps: 2.40434782609 ; where current threshold is: 1.37629583838e-08 . 

 Density error is 3.25010092246e-06
                          Error Threshold = 1.37629583838e-08

       Energy                       Rydberg                            eV
       E_KohnSham                -178.129152407                -2423.57145264
         E_Harris                -178.061342501                -2422.64885154
          E_Fermi              -0.0970645761893                -1.32063131013

 PW ALGORITHM --------------- ION=   1  ELEC=  42--------------------------------
Average iterative diagonalization steps: 3.06956521739 ; where current threshold is: 1.25003881633e-08 . 

 Density error is 2.5408450982e-06
                          Error Threshold = 1.25003881633e-08

       Energy                       Rydberg                            eV
       E_KohnSham                -178.129153792                -2423.57147149
         E_Harris                -178.065746764                -2422.70877462
          E_Fermi               -0.096829108738                 -1.3174276111

 PW ALGORITHM --------------- ION=   1  ELEC=  43--------------------------------
Average iterative diagonalization steps: 2.89130434783 ; where current threshold is: 9.77248114694e-09 . 

 Density error is 2.0552859659e-06
                          Error Threshold = 9.77248114694e-09

       Energy                       Rydberg                            eV
       E_KohnSham                -178.129156063                -2423.57150238
         E_Harris                -178.074260234                -2422.82460632
          E_Fermi              -0.0966023001404                -1.31434172182

 PW ALGORITHM --------------- ION=   1  ELEC=  44--------------------------------
Average iterative diagonalization steps: 3.5347826087 ; where current threshold is: 7.90494602268e-09 . 

 Density error is 1.31427052646e-06
                          Error Threshold = 7.90494602268e-09

       Energy                       Rydberg                            eV
       E_KohnSham                -178.129155898                -2423.57150015
         E_Harris                -178.084720052                -2422.96691944
          E_Fermi              -0.0961632744332                -1.30836847063

 PW ALGORITHM --------------- ION=   1  ELEC=  45--------------------------------
Average iterative diagonalization steps: 3.34347826087 ; where current threshold is: 5.05488664024e-09 . 

 Density error is 1.43261781076e-06
                          Error Threshold = 5.05488664024e-09

       Energy                       Rydberg                            eV
       E_KohnSham                -178.129155439                 -2423.5714939
         E_Harris                -178.082618364                -2422.93832451
          E_Fermi              -0.0962877865833                -1.31006254534

 PW ALGORITHM --------------- ION=   1  ELEC=  46--------------------------------
Average iterative diagonalization steps: 3.33043478261 ; where current threshold is: 5.05488664024e-09 . 

 Density error is 1.4181700575e-06
                          Error Threshold = 5.05488664024e-09

       Energy                       Rydberg                            eV
       E_KohnSham                -178.129157165                -2423.57151738
         E_Harris                -178.079633999                -2422.89772014
          E_Fermi              -0.0964028182612                -1.31162763161

 PW ALGORITHM --------------- ION=   1  ELEC=  47--------------------------------
Average iterative diagonalization steps: 3.44782608696 ; where current threshold is: 5.05488664024e-09 . 

 Density error is 8.1061847379e-07
                          Error Threshold = 5.05488664024e-09

       Energy                       Rydberg                            eV
       E_KohnSham                -178.129158546                -2423.57153618
         E_Harris                -178.089901454                -2423.03741604
          E_Fermi              -0.0961343991436                -1.30797560216

 PW ALGORITHM --------------- ION=   1  ELEC=  48--------------------------------
Average iterative diagonalization steps: 3.58260869565 ; where current threshold is: 3.11776336073e-09 . 

 Density error is 4.3437053627e-07
                          Error Threshold = 3.11776336073e-09

       Energy                       Rydberg                            eV
       E_KohnSham                -178.129160333                -2423.57156048
         E_Harris                -178.102388712                 -2423.2073139
          E_Fermi               -0.095865242775                -1.30431354189

 PW ALGORITHM --------------- ION=   1  ELEC=  49--------------------------------
Average iterative diagonalization steps: 4.15652173913 ; where current threshold is: 1.67065590873e-09 . 

 Density error is 1.32862816075e-07
                          Error Threshold = 1.67065590873e-09

       Energy                       Rydberg                            eV
       E_KohnSham                -178.129161839                -2423.57158097
         E_Harris                 -178.11373416                -2423.36167664
          E_Fermi              -0.0955258245173                -1.29969551958

 PW ALGORITHM --------------- ION=   1  ELEC=  50--------------------------------
Average iterative diagonalization steps: 5.3652173913 ; where current threshold is: 5.11010831057e-10 . 

 Density error is 4.07865456664e-09
                          Error Threshold = 5.11010831057e-10

           Energy                       Rydberg                            eV
       E_KohnSham                -178.129162076                 -2423.5715842
   E_KS(sigma->0)                -178.129162076                 -2423.5715842
         E_Harris                -178.125528506                -2423.52214695
           E_band                -32.4564864431                -441.593152685
       E_one_elec                -940.992662868                -12802.8619912
        E_Hartree                +469.914596571                +6393.51608674
             E_xc                 -24.040677975                -327.090204243
          E_Ewald                +316.989582195                 +4312.8645245
   E_entropy(-TS)                            +0                            +0
          E_descf                            +0                            +0
            E_exx                            +0                            +0
          E_Fermi              -0.0951559123319                 -1.2946626061

 charge density convergence is achieved
 final etot is -2423.5715842 eV
 EFERMI = -1.2946626061 eV

 STATE ENERGY(eV) AND OCCUPATIONS    NSPIN == 1
 1/10 kpoint (Cartesian) = 0.0000 0.0000 0.0000 (21373 pws)
       1       -62.5503      0.0312500
       2       -36.5688      0.0312500
       3       -36.3703      0.0312500
       4       -36.3703      0.0312500
       5       -13.9428      0.0312500
       6       -13.5618      0.0312500
       7       -5.74624      0.0312500
       8       -3.42112      0.0312500
       9       -2.21372      0.0312500
      10       -2.21372      0.0312500
      11       -2.13519      0.0312500
      12       -1.44103      0.0312500
      13       -1.44103      0.0312500
      14       0.557740        0.00000
      15       0.557740        0.00000
      16       0.834639        0.00000
      17       0.834639        0.00000
      18        3.02430        0.00000
      19        4.26873        0.00000
      20        4.46659        0.00000
      21        5.36939        0.00000
      22        6.11304        0.00000
      23        6.96320        0.00000

 2/10 kpoint (Cartesian) = -0.12500 0.072169 0.0000 (21407 pws)
       1       -62.5474       0.187500
       2       -36.5641       0.187500
       3       -36.4008       0.187500
       4       -36.3777       0.187500
       5       -13.7709       0.187500
       6       -13.4323       0.187500
       7       -5.48488       0.187500
       8       -3.51943       0.187500
       9       -2.69284       0.187500
      10       -2.07227       0.187500
      11       -2.03112       0.187500
      12       -1.80256       0.187500
      13       -1.70465       0.187500
      14    -0.00374197        0.00000
      15       0.423668        0.00000
      16       0.539876        0.00000
      17       0.962102        0.00000
      18        3.48341        0.00000
      19        4.58351        0.00000
      20        4.75419        0.00000
      21        5.63481        0.00000
      22        6.48214        0.00000
      23        7.54073        0.00000

 3/10 kpoint (Cartesian) = -0.25000 0.14434 0.0000 (21473 pws)
       1       -62.5405       0.187500
       2       -36.5527       0.187500
       3       -36.4740       0.187500
       4       -36.3954       0.187500
       5       -13.3117       0.187500
       6       -13.0878       0.187500
       7       -4.88322       0.187500
       8       -3.87123       0.187500
       9       -3.81167       0.187500
      10       -2.79524       0.187500
      11       -2.21036       0.187500
      12       -2.11468       0.187500
      13       -1.64020       0.187500
      14      -0.334916        0.00000
      15       0.264567        0.00000
      16       0.579892        0.00000
      17        1.13422        0.00000
      18        3.95782        0.00000
      19        5.40541        0.00000
      20        5.42703        0.00000
      21        6.23752        0.00000
      22        7.29836        0.00000
      23        7.59295        0.00000

 4/10 kpoint (Cartesian) = -0.37500 0.21651 0.0000 (21487 pws)
       1       -62.5335       0.187500
       2       -36.5463       0.187500
       3       -36.5413       0.187500
       4       -36.4132       0.187500
       5       -12.7630       0.187500
       6       -12.6829       0.187500
       7       -5.12267       0.187500
       8       -4.66960       0.187500
       9       -4.25329       0.187500
      10       -3.31427       0.187500
      11       -2.61413       0.187500
      12       -2.12665       0.187500
      13       -1.43378       0.187500
      14       0.184295        0.00000
      15       0.468666        0.00000
      16       0.926310        0.00000
      17        1.20345        0.00000
      18        3.97319        0.00000
      19        5.74237        0.00000
      20        6.39740        0.00000
      21        6.84603        0.00000
      22        7.04762        0.00000
      23        7.74671        0.00000

 5/10 kpoint (Cartesian) = 0.50000 0.86603 0.0000 (21568 pws)
       1       -62.5307      0.0937500
       2       -36.5760      0.0937500
       3       -36.5365      0.0937500
       4       -36.4205      0.0937500
       5       -12.4955      0.0937500
       6       -12.4901      0.0937500
       7       -5.60236      0.0937500
       8       -5.10625      0.0937500
       9       -4.18928      0.0937500
      10       -3.40748      0.0937500
      11       -2.76241      0.0937500
      12       -1.97080      0.0937500
      13       -1.42202      0.0937500
      14       0.620173        0.00000
      15       0.693624        0.00000
      16        1.10494        0.00000
      17        1.21411        0.00000
      18        3.91656        0.00000
      19        5.21144        0.00000
      20        6.35679        0.00000
      21        6.94090        0.00000
      22        7.74186        0.00000
      23        8.41163        0.00000

 6/10 kpoint (Cartesian) = -0.25000 0.0000 0.0000 (21464 pws)
       1       -62.5425       0.187500
       2       -36.5560       0.187500
       3       -36.4493       0.187500
       4       -36.3936       0.187500
       5       -13.4542       0.187500
       6       -13.1941       0.187500
       7       -5.03279       0.187500
       8       -3.67662       0.187500
       9       -3.45088       0.187500
      10       -2.70549       0.187500
      11       -2.10036       0.187500
      12       -1.93287       0.187500
      13       -1.77344       0.187500
      14      -0.423607        0.00000
      15       0.292208        0.00000
      16       0.432663        0.00000
      17        1.10526        0.00000
      18        3.93246        0.00000
      19        5.14709        0.00000
      20        5.23066        0.00000
      21        6.05633        0.00000
      22        7.05655        0.00000
      23        8.08441        0.00000

 7/10 kpoint (Cartesian) = -0.37500 0.072169 0.0000 (21512 pws)
       1       -62.5356       0.375000
       2       -36.5446       0.375000
       3       -36.5145       0.375000
       4       -36.4188       0.375000
       5       -12.9405       0.375000
       6       -12.8107       0.375000
       7       -4.60775       0.375000
       8       -4.30392       0.375000
       9       -4.15448       0.375000
      10       -3.51259       0.375000
      11       -2.44576       0.375000
      12       -2.38211       0.375000
      13       -1.58023       0.375000
      14      -0.380603        0.00000
      15       0.576824        0.00000
      16       0.624843        0.00000
      17        1.19860        0.00000
      18        4.18405        0.00000
      19        5.94151        0.00000
      20        6.12617        0.00000
      21        6.84127        0.00000
      22        7.76726        0.00000
      23        7.89015        0.00000

 8/10 kpoint (Cartesian) = 0.50000 0.72169 0.0000 (21528 pws)
       1       -62.5307       0.375000
       2       -36.5599       0.375000
       3       -36.5365       0.375000
       4       -36.4369       0.375000
       5       -12.5080       0.375000
       6       -12.4935       0.375000
       7       -5.30617       0.375000
       8       -4.90652       0.375000
       9       -4.11868       0.375000
      10       -3.49473       0.375000
      11       -2.94188       0.375000
      12       -2.50832       0.375000
      13       -1.48387       0.375000
      14       0.245659        0.00000
      15       0.799743        0.00000
      16       0.844211        0.00000
      17        1.29473        0.00000
      18        4.19057        0.00000
      19        5.77571        0.00000
      20        6.84864        0.00000
      21        7.55233        0.00000
      22        7.80235        0.00000
      23        8.30158        0.00000

 9/10 kpoint (Cartesian) = 0.50000 0.57735 0.0000 (21504 pws)
       1       -62.5307       0.187500
       2       -36.5376       0.187500
       3       -36.5365       0.187500
       4       -36.4597       0.187500
       5       -12.5203       0.187500
       6       -12.4969       0.187500
       7       -4.86421       0.187500
       8       -4.58186       0.187500
       9       -4.05664       0.187500
      10       -3.83332       0.187500
      11       -3.17376       0.187500
      12       -2.97052       0.187500
      13       -1.48047       0.187500
      14     -0.0907882        0.00000
      15       0.456492        0.00000
      16       0.941907        0.00000
      17        1.43953        0.00000
      18        4.49678        0.00000
      19        6.37560        0.00000
      20        7.03076        0.00000
      21        7.18126        0.00000
      22        8.10758        0.00000
      23        8.35198        0.00000

 10/10 kpoint (Cartesian) = 0.37500 0.64952 0.0000 (21548 pws)
       1       -62.5286       0.187500
       2       -36.5395       0.187500
       3       -36.5332       0.187500
       4       -36.4842       0.187500
       5       -12.3529       0.187500
       6       -12.3274       0.187500
       7       -4.93273       0.187500
       8       -4.85621       0.187500
       9       -3.97685       0.187500
      10       -3.65259       0.187500
      11       -3.62137       0.187500
      12       -3.41574       0.187500
      13       -1.29466       0.187500
      14       0.323960        0.00000
      15       0.336910        0.00000
      16       0.771329        0.00000
      17        1.61173        0.00000
      18        4.79010        0.00000
      19        5.76978        0.00000
      20        7.51749        0.00000
      21        7.53768        0.00000
      22        8.45137        0.00000
      23        8.67071        0.00000



 --------------------------------------------
 !FINAL_ETOT_IS -2423.571584201234 eV
 --------------------------------------------






  |CLASS_NAME---------|NAME---------------|TIME(Sec)-----|CALLS----|AVG------|PER%-------
                                      total         202.62        17       12.   1.0e+02%
                 Driver         driver_line         202.61         1   2.0e+02    1.e+02%
                   Ions            opt_ions         202.35         1   2.0e+02    1.e+02%
          ESolver_KS_PW                 Run         202.35         1   2.0e+02    1.e+02%
               PW_Basis          recip2real        0.92140       358    0.0026      0.45%
               PW_Basis    gathers_scatterp        0.11937       358   0.00033     0.059%
              Potential  update_from_charge         2.3081        51     0.045       1.1%
              Potential           cal_v_eff         2.3029        51     0.045       1.1%
           H_Hartree_pw           v_hartree        0.35837        51    0.0070      0.18%
               PW_Basis          real2recip         1.1461       507    0.0023      0.57%
               PW_Basis    gatherp_scatters        0.18380       507   0.00036     0.091%
                  PotXC           cal_v_eff         1.8790        51     0.037      0.93%
          XC_Functional                v_xc         1.8512        51     0.036      0.91%
               Symmetry       rhog_symmetry        0.60542        51     0.012      0.30%
              HSolverPW               solve         197.46        50       3.9       97.%
               Nonlocal              getvnl         1.0647       500    0.0021      0.53%
            pp_cell_vnl              getvnl         1.0640       500    0.0021      0.53%
       Structure_Factor              get_sk        0.10017       500   0.00020     0.049%
        DiagoIterAssist      diagH_subspace         35.760       500     0.072       18.%
             OperatorPW                hPsi         150.47     35046    0.0043       74.%
               Operator          EkineticPW         1.6059     35046   4.6e-05      0.79%
               Operator              VeffPW         136.56     35046    0.0039       67.%
             PW_Basis_K          recip2real         86.890     52546    0.0017       43.%
             PW_Basis_K    gathers_scatterp         12.820     52546   0.00024       6.3%
             PW_Basis_K          real2recip         56.196     46046    0.0012       28.%
             PW_Basis_K    gatherp_scatters         9.8856     46046   0.00021       4.9%
               Operator          NonlocalPW         10.130     35046   0.00029       5.0%
               Nonlocal     add_nonlocal_pp         5.6621     35046   0.00016       2.8%
        DiagoIterAssist     LAPACK_subspace        0.24182       500   0.00048      0.12%
                DiagoCG           diag_once         147.92       500      0.30       73.%
            ElecStatePW            psiToRho         11.897        50      0.24       5.9%
                 Charge             mix_rho        0.99211        49     0.020      0.49%
                 Charge        Pulay_mixing        0.98188        49     0.020      0.48%
 ----------------------------------------------------------------------------------------

 NAME---------------|MEMORY(MB)--------
               total          350.1
              Psi_PW          75.69
        ChgMix::Rrho          59.33
       ChgMix::dRrho          56.36
        ChgMix::drho          56.36
           FFT::grid          11.87
       DiagSub::hpsi          7.569
    DiagSub::evctemp          7.569
    Veff<PW>::porter          5.933
   Veff<PW>::porter1          5.933
    Meta<PW>::porter          5.933
       ElecSPW::wfcr          5.933
     ElecSPW::wfcr_a          5.933
            VNL::vkb          5.595
        SF::strucFac          5.250
        PW_B_K::gcar          4.937
            Chg::rho          2.966
       Chg::rho_save          2.966
       Chg::rho_core          2.966
       Pot::veff_fix          2.966
           Pot::veff          2.966
   ChgMix::rho_save2          2.966
           VNL::vkb1          2.962
         PW_B_K::gk2          1.646
            VNL::ylm          1.481
   YlmReal::Ylm_Real          1.481
           Chg::rhog          1.312
      Chg::rhog_save          1.312
      Chg::rhog_core          1.312
 -------------   < 1.0 MB has been ignored ----------------
 ----------------------------------------------------------

 Start  Time  : Sun Dec  3 11:52:02 2023
 Finish Time  : Sun Dec  3 11:55:25 2023
 Total  Time  : 0 h 3 mins 23 secs 
