                                                                                     
                              ABACUS v3.3.2

               Atomic-orbital Based Ab-initio Computation at UStc                    

                     Website: http://abacus.ustc.edu.cn/                             
               Documentation: https://abacus.deepmodeling.com/                       
                  Repository: https://github.com/abacusmodeling/abacus-develop       
                              https://github.com/deepmodeling/abacus-develop         
                      Commit: e39b50e (Fri Aug 18 16:14:25 2023 +0800)

 Sat Dec  2 15:39:21 2023
 MAKE THE DIR         : OUT.ABACUS/

%%%%%%%%%%%%%%%%%%%%%%%%%%%%%%%%%%%%%%%%%%%%%%%%%%%%%%%%%%%%%%%%%%%%%%%%%%%%%%%%%%%%%%%%%%%%%%%%%%%%%%%%%
 Warning: the number of valence electrons in pseudopotential > 6 for Mo: [Kr] 4d5 5s1
 Pseudopotentials with additional electrons can yield (more) accurate outcomes, but may be less efficient.
 If you're confident that your chosen pseudopotential is appropriate, you can safely ignore this warning.
%%%%%%%%%%%%%%%%%%%%%%%%%%%%%%%%%%%%%%%%%%%%%%%%%%%%%%%%%%%%%%%%%%%%%%%%%%%%%%%%%%%%%%%%%%%%%%%%%%%%%%%%%

 UNIFORM GRID DIM     : 40 * 40 * 240
 UNIFORM GRID DIM(BIG): 40 * 40 * 240
 DONE(0.0763219  SEC) : SETUP UNITCELL
 DONE(0.0985597  SEC) : SYMMETRY
 DONE(0.163467   SEC) : INIT K-POINTS
 ---------------------------------------------------------
 Self-consistent calculations for electrons
 ---------------------------------------------------------
 SPIN    KPOINTS         PROCESSORS  
 1       10              1           
 ---------------------------------------------------------
 Use plane wave basis
 ---------------------------------------------------------
 ELEMENT NATOM       XC          
 Mo      1           
 S       2           
 ---------------------------------------------------------
 Initial plane wave basis and FFT box
 ---------------------------------------------------------
 DONE(0.176914   SEC) : INIT PLANEWAVE
 MEMORY FOR PSI (MB)  : 66.9441
 DONE(0.211536   SEC) : LOCAL POTENTIAL
 DONE(0.23808    SEC) : NON-LOCAL POTENTIAL
 DONE(0.238177   SEC) : INIT BASIS
 -------------------------------------------
 SELF-CONSISTENT : 
 -------------------------------------------
 START CHARGE      : atomic
 DONE(0.320423   SEC) : INIT SCF
 ITER   ETOT(eV)       EDIFF(eV)      DRHO       TIME(s)    
 CG1    -2.424072e+03  0.000000e+00   2.631e-01  6.146e+00  
 CG2    -2.425202e+03  -1.129591e+00  6.255e-02  2.053e+00  
 CG3    -2.425163e+03  3.865139e-02   3.508e-02  1.631e+00  
 CG4    -2.425196e+03  -3.315495e-02  1.549e-02  1.752e+00  
 CG5    -2.425214e+03  -1.724878e-02  2.072e-03  1.524e+00  
 CG6    -2.425199e+03  1.485998e-02   4.017e-03  2.143e+00  
 CG7    -2.425202e+03  -3.719070e-03  6.304e-03  2.285e+00  
 CG8    -2.425215e+03  -1.255374e-02  7.548e-04  1.914e+00  
 CG9    -2.425215e+03  -3.224391e-04  6.788e-04  1.390e+00  
 CG10   -2.425214e+03  1.778654e-03   8.703e-04  1.355e+00  
 CG11   -2.425214e+03  -5.508705e-04  2.518e-04  1.766e+00  
 CG12   -2.425214e+03  -8.440259e-05  3.151e-04  1.342e+00  
 CG13   -2.425214e+03  3.856170e-05   4.196e-04  1.659e+00  
 CG14   -2.425214e+03  6.109695e-05   5.065e-04  1.830e+00  
 CG15   -2.425214e+03  -1.244706e-04  4.146e-04  1.319e+00  
 CG16   -2.425215e+03  -3.397609e-04  4.827e-04  1.328e+00  
 CG17   -2.425215e+03  -5.693607e-05  6.674e-04  1.541e+00  
 CG18   -2.425215e+03  -9.684410e-05  6.729e-04  1.244e+00  
 CG19   -2.425215e+03  -6.856853e-04  7.310e-04  1.244e+00  
 CG20   -2.425216e+03  -1.279088e-04  1.072e-03  1.362e+00  
 CG21   -2.425216e+03  -1.135994e-04  1.121e-03  1.244e+00  
 CG22   -2.425215e+03  1.877913e-04   1.180e-03  1.247e+00  
 CG23   -2.425216e+03  -7.235927e-04  1.093e-03  1.438e+00  
 CG24   -2.425218e+03  -2.240340e-03  1.452e-03  1.257e+00  
 CG25   -2.425219e+03  -3.156576e-04  2.712e-03  1.443e+00  
 CG26   -2.425216e+03  3.016323e-03   2.794e-03  1.246e+00  
 CG27   -2.425216e+03  -2.455706e-04  1.454e-03  1.545e+00  
 CG28   -2.425211e+03  4.536719e-03   1.358e-03  1.246e+00  
 CG29   -2.425213e+03  -1.886086e-03  9.559e-05  1.765e+00  
 CG30   -2.425213e+03  -1.323752e-05  9.714e-05  1.393e+00  
 CG31   -2.425213e+03  -9.275750e-06  9.307e-05  1.223e+00  
 CG32   -2.425213e+03  -2.087421e-05  8.771e-05  1.279e+00  
 CG33   -2.425213e+03  -9.927259e-05  8.034e-05  1.315e+00  
 CG34   -2.425213e+03  -1.095281e-05  5.932e-05  1.572e+00  
 CG35   -2.425213e+03  4.350209e-05   5.691e-05  1.279e+00  
 CG36   -2.425213e+03  5.452187e-06   7.083e-05  1.452e+00  
 CG37   -2.425213e+03  1.183187e-06   6.614e-05  1.224e+00  
 CG38   -2.425213e+03  -6.875843e-05  6.698e-05  1.223e+00  
 CG39   -2.425214e+03  -4.614789e-05  5.357e-05  1.679e+00  
 CG40   -2.425214e+03  -8.580770e-05  5.246e-05  1.426e+00  
 CG41   -2.425214e+03  9.280948e-05   5.052e-05  1.607e+00  
 CG42   -2.425214e+03  -1.804707e-05  5.014e-05  1.779e+00  
 CG43   -2.425213e+03  5.353118e-05   4.580e-05  1.322e+00  
 CG44   -2.425214e+03  -4.951195e-05  5.153e-05  1.414e+00  
 CG45   -2.425214e+03  2.267256e-05   4.400e-05  1.423e+00  
 CG46   -2.425214e+03  -5.528372e-05  4.796e-05  1.458e+00  
 CG47   -2.425214e+03  -8.346043e-06  3.619e-05  1.415e+00  
 CG48   -2.425214e+03  -1.322061e-04  2.977e-05  1.285e+00  
 CG49   -2.425213e+03  2.585556e-04   2.573e-05  1.785e+00  
 CG50   -2.425213e+03  -1.984399e-05  4.204e-05  1.994e+00  
 CG51   -2.425214e+03  -8.015530e-05  4.211e-05  1.257e+00  
 CG52   -2.425214e+03  3.077960e-06   3.056e-05  1.654e+00  
 CG53   -2.425214e+03  -3.099061e-05  3.126e-05  1.266e+00  
 CG54   -2.425214e+03  1.498797e-06   2.452e-05  1.452e+00  
 CG55   -2.425214e+03  1.424092e-05   2.272e-05  1.526e+00  
 CG56   -2.425214e+03  -1.899474e-04  2.527e-05  1.307e+00  
 CG57   -2.425214e+03  2.690609e-05   1.054e-05  1.897e+00  
 CG58   -2.425214e+03  6.600132e-06   1.342e-05  1.557e+00  
 CG59   -2.425214e+03  4.585799e-06   1.435e-05  1.468e+00  
 CG60   -2.425214e+03  -2.620385e-06  1.083e-05  1.817e+00  
 CG61   -2.425214e+03  -4.409001e-05  1.208e-05  1.375e+00  
 CG62   -2.425214e+03  -6.248594e-05  1.021e-05  1.573e+00  
 CG63   -2.425214e+03  -2.951719e-05  1.003e-05  1.906e+00  
 CG64   -2.425214e+03  1.573151e-04   9.403e-06  1.600e+00  
 CG65   -2.425214e+03  -1.468768e-04  1.362e-05  2.070e+00  
 CG66   -2.425214e+03  2.263809e-05   8.116e-06  2.082e+00  
 CG67   -2.425214e+03  2.962937e-05   1.030e-05  1.894e+00  
 CG68   -2.425214e+03  3.160558e-05   1.253e-05  1.714e+00  
 CG69   -2.425214e+03  2.741509e-05   1.357e-05  1.531e+00  
 CG70   -2.425214e+03  4.329993e-05   1.458e-05  1.522e+00  
 CG71   -2.425214e+03  1.068329e-05   1.580e-05  1.698e+00  
 CG72   -2.425214e+03  -7.896044e-05  1.680e-05  1.684e+00  
 CG73   -2.425214e+03  -3.386414e-05  9.942e-06  1.758e+00  
 CG74   -2.425214e+03  -1.857166e-04  7.070e-06  1.605e+00  
 CG75   -2.425214e+03  -2.859592e-06  5.132e-07  2.468e+00  
 CG76   -2.425214e+03  -2.303902e-05  5.127e-07  1.819e+00  
 CG77   -2.425214e+03  8.885965e-07   1.436e-07  2.556e+00  
 CG78   -2.425214e+03  -4.912510e-06  1.616e-07  1.968e+00  
 CG79   -2.425214e+03  1.008493e-05   1.189e-07  2.193e+00  
 CG80   -2.425214e+03  1.882805e-07   2.859e-07  2.658e+00  
 CG81   -2.425214e+03  -9.399487e-06  2.729e-07  1.730e+00  
 CG82   -2.425214e+03  -2.127670e-07  1.793e-07  2.375e+00  
 CG83   -2.425214e+03  -2.342391e-06  1.492e-07  1.968e+00  
 CG84   -2.425214e+03  -5.533621e-06  1.293e-07  2.056e+00  
 CG85   -2.425214e+03  -1.114603e-05  8.328e-08  2.174e+00  
 CG86   -2.425214e+03  -2.217814e-06  1.045e-08  2.690e+00  
 CG87   -2.425214e+03  -6.775240e-07  4.254e-09  3.060e+00  

  |CLASS_NAME---------|NAME---------------|TIME(Sec)-----|CALLS----|AVG------|PER%-------
                       total               149.08         17        8.8       1e+02     %
   Driver              driver_line         149.07         1         1.5e+02   1e+02     %
   Ions                opt_ions            148.84         1         1.5e+02   1e+02     %
   ESolver_KS_PW       Run                 148.84         1         1.5e+02   1e+02     %
   PW_Basis            recip2real          0.66825        617       0.0011    0.45      %
   Potential           update_from_charge  2.4155         88        0.027     1.6       %
   Potential           cal_v_eff           2.4103         88        0.027     1.6       %
   H_Hartree_pw        v_hartree           0.35809        88        0.0041    0.24      %
   PW_Basis            real2recip          0.73939        877       0.00084   0.5       %
   PW_Basis            gatherp_scatters    0.12241        877       0.00014   0.082     %
   PotXC               cal_v_eff           1.9408         88        0.022     1.3       %
   XC_Functional       v_xc                1.8911         88        0.021     1.3       %
   Symmetry            rhog_symmetry       0.91285        88        0.01      0.61      %
   HSolverPW           solve               143.68         87        1.7       96        %
   Nonlocal            getvnl              0.79166        870       0.00091   0.53      %
   pp_cell_vnl         getvnl              0.79076        870       0.00091   0.53      %
   DiagoIterAssist     diagH_subspace      26.334         870       0.03      18        %
   OperatorPW          hPsi                102.46         59445     0.0017    69        %
   Operator            EkineticPW          0.9221         59445     1.6e-05   0.62      %
   Operator            VeffPW              94.53          59445     0.0016    63        %
   PW_Basis_K          recip2real          70.653         89895     0.00079   47        %
   PW_Basis_K          gathers_scatterp    8.2614         89895     9.2e-05   5.5       %
   PW_Basis_K          real2recip          31.377         78585     0.0004    21        %
   PW_Basis_K          gatherp_scatters    6.0905         78585     7.8e-05   4.1       %
   Operator            NonlocalPW          5.2617         59445     8.9e-05   3.5       %
   Nonlocal            add_nonlocal_pp     3.1533         59445     5.3e-05   2.1       %
   DiagoIterAssist     LAPACK_subspace     0.31957        870       0.00037   0.21      %
   DiagoCG             diag_once           105.82         870       0.12      71        %
   ElecStatePW         psiToRho            10.05          87        0.12      6.7       %
   Charge              mix_rho             0.69178        86        0.008     0.46      %
   Charge              Pulay_mixing        0.67759        86        0.0079    0.45      %
 ----------------------------------------------------------------------------------------

 START  Time  : Sat Dec  2 15:39:21 2023
 FINISH Time  : Sat Dec  2 15:41:50 2023
 TOTAL  Time  : 149
 SEE INFORMATION IN : OUT.ABACUS/
