                                                                                     
                              ABACUS v3.3.2

               Atomic-orbital Based Ab-initio Computation at UStc                    

                     Website: http://abacus.ustc.edu.cn/                             
               Documentation: https://abacus.deepmodeling.com/                       
                  Repository: https://github.com/abacusmodeling/abacus-develop       
                              https://github.com/deepmodeling/abacus-develop         
                      Commit: e39b50e (Fri Aug 18 16:14:25 2023 +0800)

    Start Time is Sat Dec  2 15:39:20 2023
                                                                                     
 ------------------------------------------------------------------------------------

 READING GENERAL INFORMATION
                           global_out_dir = OUT.ABACUS/
                           global_in_card = INPUT
                               pseudo_dir = 
                              orbital_dir = 
                                    DRANK = 1
                                    DSIZE = 1
                                   DCOLOR = 1
                                    GRANK = 1
                                    GSIZE = 1
 The esolver type has been set to : ksdft_pw




 >>>>>>>>>>>>>>>>>>>>>>>>>>>>>>>>>>>>>>>>>>>>>>>>>>>>>>>>>>>>>>>>>>>>>>
 |                                                                    |
 | Reading atom information in unitcell:                              |
 | From the input file and the structure file we know the number of   |
 | different elments in this unitcell, then we list the detail        |
 | information for each element, especially the zeta and polar atomic |
 | orbital number for each element. The total atom number is counted. |
 | We calculate the nearest atom distance for each atom and show the  |
 | Cartesian and Direct coordinates for each atom. We list the file   |
 | address for atomic orbitals. The volume and the lattice vectors    |
 | in real and reciprocal space is also shown.                        |
 |                                                                    |
 <<<<<<<<<<<<<<<<<<<<<<<<<<<<<<<<<<<<<<<<<<<<<<<<<<<<<<<<<<<<<<<<<<<<<<




 READING UNITCELL INFORMATION
                                    ntype = 2
                  lattice constant (Bohr) = 6.01361
              lattice constant (Angstrom) = 3.18226

 READING ATOM TYPE 1
                               atom label = Mo
                      L=0, number of zeta = 1
                      L=1, number of zeta = 1
                      L=2, number of zeta = 1
             number of atom for this type = 1

 READING ATOM TYPE 2
                               atom label = S
                      L=0, number of zeta = 1
                      L=1, number of zeta = 1
                      L=2, number of zeta = 1
             number of atom for this type = 2

                        TOTAL ATOM NUMBER = 3

 CARTESIAN COORDINATES ( UNIT = 6.01361 Bohr ).
         atom                   x                   y                   z                 mag                  vx                  vy                  vz
     tauc_Mo1      0.499999563584      0.288675091973       2.89260288735                   0                   0                   0                   0
      tauc_S1                   0                   0       3.47112346482                   0                   0                   0                   0
      tauc_S2                   0                   0       2.31408230988                   0                   0                   0                   0


                          Volume (Bohr^3) = 1065.30059713
                             Volume (A^3) = 157.861072871

 Lattice vectors: (Cartesian coordinate: in unit of a_0)
                   +1                  +0                  +0
                 -0.5     +0.866025403784                  +0
                   +0                  +0         +5.65635035
 Reciprocal vectors: (Cartesian coordinate: in unit of 2 pi/a_0)
                   +1      +0.57735026919                  -0
                   +0      +1.15470053838                  -0
                   +0                  -0     +0.176792443559




 >>>>>>>>>>>>>>>>>>>>>>>>>>>>>>>>>>>>>>>>>>>>>>>>>>>>>>>>>>>>>>>>>>>>>>
 |                                                                    |
 | Reading pseudopotentials files:                                    |
 | The pseudopotential file is in UPF format. The 'NC' indicates that |
 | the type of pseudopotential is 'norm conserving'. Functional of    |
 | exchange and correlation is decided by 4 given parameters in UPF   |
 | file.  We also read in the 'core correction' if there exists.      |
 | Also we can read the valence electrons number and the maximal      |
 | angular momentum used in this pseudopotential. We also read in the |
 | trail wave function, trail atomic density and local-pseudopotential|
 | on logrithmic grid. The non-local pseudopotential projector is also|
 | read in if there is any.                                           |
 |                                                                    |
 <<<<<<<<<<<<<<<<<<<<<<<<<<<<<<<<<<<<<<<<<<<<<<<<<<<<<<<<<<<<<<<<<<<<<<




                PAO radial cut off (Bohr) = 15

 Read in pseudopotential file is Mo_ONCV_PBE-1.0.upf
                     pseudopotential type = NC
          exchange-correlation functional = PBE
                 nonlocal core correction = 0
                        valence electrons = 14
                                     lmax = 2
                           number of zeta = 0
                     number of projectors = 6
                           L of projector = 0
                           L of projector = 0
                           L of projector = 1
                           L of projector = 1
                           L of projector = 2
                           L of projector = 2
                PAO radial cut off (Bohr) = 15

 Read in pseudopotential file is S_ONCV_PBE-1.0.upf
                     pseudopotential type = NC
          exchange-correlation functional = PBE
                 nonlocal core correction = 0
                        valence electrons = 6
                                     lmax = 1
                           number of zeta = 0
                     number of projectors = 4
                           L of projector = 0
                           L of projector = 0
                           L of projector = 1
                           L of projector = 1
     initial pseudo atomic orbital number = 0
                                   NLOCAL = 27

%%%%%%%%%%%%%%%%%%%%%%%%%%%%%%%%%%%%%%%%%%%%%%%%%%%%%%%%%%%%%%%%%%%%%%%%%%%%%%%%%%%%%%%%%%%%%%%%%%%%%%%%%%
 Warning: the number of valence electrons in pseudopotential > 6 for Mo: [Kr] 4d5 5s1
 Pseudopotentials with additional electrons can yield (more) accurate outcomes, but may be less efficient.
 If you're confident that your chosen pseudopotential is appropriate, you can safely ignore this warning.
%%%%%%%%%%%%%%%%%%%%%%%%%%%%%%%%%%%%%%%%%%%%%%%%%%%%%%%%%%%%%%%%%%%%%%%%%%%%%%%%%%%%%%%%%%%%%%%%%%%%%%%%%%
                  

 Warning_Memory_Consuming allocated:  FFT::grid 10.986328125 MB




 >>>>>>>>>>>>>>>>>>>>>>>>>>>>>>>>>>>>>>>>>>>>>>>>>>>>>>>>>>>>>>>>>>>>>>
 |                                                                    |
 | Setup plane waves of charge/potential:                             |
 | Use the energy cutoff and the lattice vectors to generate the      |
 | dimensions of FFT grid. The number of FFT grid on each processor   |
 | is 'nrxx'. The number of plane wave basis in reciprocal space is   |
 | different for charege/potential and wave functions. We also set    |
 | the 'sticks' for the parallel of FFT. The number of plane waves    |
 | is 'npw' in each processor.                                        |
 <<<<<<<<<<<<<<<<<<<<<<<<<<<<<<<<<<<<<<<<<<<<<<<<<<<<<<<<<<<<<<<<<<<<<<





 SETUP THE PLANE WAVE BASIS
 energy cutoff for charge/potential (unit:Ry) = 400
            fft grid for charge/potential = [ 40, 40, 225 ]
                        fft grid division = [ 1, 1, 1 ]
        big fft grid for charge/potential = [ 40, 40, 225 ]
                                     nbxx = 360000
                                     nrxx = 360000

 SETUP PLANE WAVES FOR CHARGE/POTENTIAL
                    number of plane waves = 143947
                         number of sticks = 1003

 PARALLEL PW FOR CHARGE/POTENTIAL
     PROC   COLUMNS(POT)             PW
        1           1003         143947
 --------------- sum -------------------
        1           1003         143947
                            number of |g| = 6619
                                  max |g| = 366.401115634
                                  min |g| = 0

 SETUP THE ELECTRONS NUMBER
            electron number of element Mo = 14
      total electron number of element Mo = 14
             electron number of element S = 6
       total electron number of element S = 12
            AUTOSET number of electrons:  = 26
 DONE : SETUP UNITCELL Time : 0.0560577306896 (SEC)





 >>>>>>>>>>>>>>>>>>>>>>>>>>>>>>>>>>>>>>>>>>>>>>>>>>>>>>>>>>>>>>>>>>>>>>
 |                                                                    |
 | Doing symmetry analysis:                                           |
 | We calculate the norm of 3 vectors and the angles between them,    |
 | the type of Bravais lattice is given. We can judge if the unticell |
 | is a primitive cell. Finally we give the point group operation for |
 | this unitcell. We use the point group operations to do symmetry |
 | analysis on given k-point mesh and the charge density.             |
 |                                                                    |
 <<<<<<<<<<<<<<<<<<<<<<<<<<<<<<<<<<<<<<<<<<<<<<<<<<<<<<<<<<<<<<<<<<<<<<




 LATTICE VECTORS: (CARTESIAN COORDINATE: IN UNIT OF A0)
                   +1                  +0                  +0
                 -0.5     +0.866025403784                  +0
                   +0                  +0         +5.65635035
                       right hand lattice = 1
                                   NORM_A = 1
                                   NORM_B = 1
                                   NORM_C = 5.65635035
                           ALPHA (DEGREE) = 90
                           BETA  (DEGREE) = 90
                           GAMMA (DEGREE) = 120

 The lattice vectors have been changed (STRU_SIMPLE.cif)

(for optimal symmetric configuration:)
                             BRAVAIS TYPE = 4
                     BRAVAIS LATTICE NAME = 04. Hexagonal cell
                                    ibrav = 4
                                    IBRAV = 4
                                  BRAVAIS = HEXAGONAL CELL
                       LATTICE CONSTANT A = 1
                                C/A RATIO = 5.65635035
Original cell was already a primitive cell.
                        ROTATION MATRICES = 24
              PURE POINT GROUP OPERATIONS = 6
                   SPACE GROUP OPERATIONS = 12
                                       C2 = 0
                                       C3 = 2
                                       C4 = 0
                                       C6 = 0
                                       S1 = 3
                                       S3 = 0
                                       S4 = 0
                                       S6 = 0
                              POINT GROUP = C_3v
                                       C2 = 3
                                       C3 = 2
                                       C4 = 0
                                       C6 = 0
                                       S1 = 4
                                       S3 = 2
                                       S4 = 0
                                       S6 = 0
               POINT GROUP IN SPACE GROUP = D_3h
 DONE : SYMMETRY Time : 0.0791187714785 (SEC)





 >>>>>>>>>>>>>>>>>>>>>>>>>>>>>>>>>>>>>>>>>>>>>>>>>>>>>>>>>>>>>>>>>>>>>>
 |                                                                    |
 | Setup K-points                                                     |
 | We setup the k-points according to input parameters.               |
 | The reduced k-points are set according to symmetry operations.     |
 | We treat the spin as another set of k-points.                      |
 |                                                                    |
 <<<<<<<<<<<<<<<<<<<<<<<<<<<<<<<<<<<<<<<<<<<<<<<<<<<<<<<<<<<<<<<<<<<<<<





 SETUP K-POINTS
                                    nspin = 1
                   Input type of k points = Monkhorst-Pack(Gamma)
                                   nkstot = 64
                       right hand lattice = 1
(for reciprocal lattice: )
                             BRAVAIS TYPE = 4
                     BRAVAIS LATTICE NAME = 04. Hexagonal cell
                                    ibrav = 4
                       right hand lattice = 1
(for k-lattice: )
                             BRAVAIS TYPE = 4
                     BRAVAIS LATTICE NAME = 04. Hexagonal cell
                                    ibrav = 4
                       right hand lattice = 1
                        ROTATION MATRICES = 24
                               nkstot_ibz = 10
      IBZ             DirectX             DirectY             DirectZ              Weight    ibz2bz
        1                   0                   0                   0            0.015625         0
        2              -0.125               0.125                   0             0.09375         1
        3               -0.25                0.25                   0             0.09375         2
        4              -0.375               0.375                   0             0.09375         3
        5                 0.5                 0.5                   0            0.046875         4
        6               -0.25               0.125                   0             0.09375         9
        7              -0.375                0.25                   0              0.1875        10
        8                 0.5               0.375                   0              0.1875        11
        9                 0.5                0.25                   0             0.09375        18
       10               0.375               0.375                   0             0.09375        19
                               nkstot now = 10

  KPOINTS            DIRECT_X            DIRECT_Y            DIRECT_Z              WEIGHT
        1                   0                   0                   0            0.015625
        2              -0.125               0.125                   0             0.09375
        3               -0.25                0.25                   0             0.09375
        4              -0.375               0.375                   0             0.09375
        5                 0.5                 0.5                   0            0.046875
        6               -0.25               0.125                   0             0.09375
        7              -0.375                0.25                   0              0.1875
        8                 0.5               0.375                   0              0.1875
        9                 0.5                0.25                   0             0.09375
       10               0.375               0.375                   0             0.09375

           k-point number in this process = 10
       minimum distributed K point number = 10

  KPOINTS         CARTESIAN_X         CARTESIAN_Y         CARTESIAN_Z              WEIGHT
        1                   0                   0                   0             0.03125
        2              -0.125     0.0721687836487                   0              0.1875
        3               -0.25      0.144337567297                   0              0.1875
        4              -0.375      0.216506350946                   0              0.1875
        5                 0.5      0.866025403784                   0             0.09375
        6               -0.25                   0                   0              0.1875
        7              -0.375     0.0721687836487                   0               0.375
        8                 0.5      0.721687836487                   0               0.375
        9                 0.5       0.57735026919                   0              0.1875
       10               0.375      0.649519052838                   0              0.1875

  KPOINTS            DIRECT_X            DIRECT_Y            DIRECT_Z              WEIGHT
        1                   0                   0                   0             0.03125
        2              -0.125               0.125                   0              0.1875
        3               -0.25                0.25                   0              0.1875
        4              -0.375               0.375                   0              0.1875
        5                 0.5                 0.5                   0             0.09375
        6               -0.25               0.125                   0              0.1875
        7              -0.375                0.25                   0               0.375
        8                 0.5               0.375                   0               0.375
        9                 0.5                0.25                   0              0.1875
       10               0.375               0.375                   0              0.1875
 DONE : INIT K-POINTS Time : 0.147550916299 (SEC)





 >>>>>>>>>>>>>>>>>>>>>>>>>>>>>>>>>>>>>>>>>>>>>>>>>>>>>>>>>>>>>>>>>>>>>>
 |                                                                    |
 | Setup plane waves of wave functions:                               |
 | Use the energy cutoff and the lattice vectors to generate the      |
 | dimensions of FFT grid. The number of FFT grid on each processor   |
 | is 'nrxx'. The number of plane wave basis in reciprocal space is   |
 | different for charege/potential and wave functions. We also set    |
 | the 'sticks' for the parallel of FFT. The number of plane wave of  |
 | each k-point is 'npwk[ik]' in each processor                       |
 <<<<<<<<<<<<<<<<<<<<<<<<<<<<<<<<<<<<<<<<<<<<<<<<<<<<<<<<<<<<<<<<<<<<<<





 SETUP PLANE WAVES FOR WAVE FUNCTIONS
     energy cutoff for wavefunc (unit:Ry) = 100
              fft grid for wave functions = [ 40, 40, 225 ]
                    number of plane waves = 24227
                         number of sticks = 301

 PARALLEL PW FOR WAVE FUNCTIONS
     PROC   COLUMNS(POT)             PW
        1            301          24227
 --------------- sum -------------------
        1            301          24227
 DONE : INIT PLANEWAVE Time : 0.161477725953 (SEC)

                           occupied bands = 13
                                   NBANDS = 23
                                     npwx = 18121

 Warning_Memory_Consuming allocated:  Psi_PW 63.5960388184 MB

 SETUP NONLOCAL PSEUDOPOTENTIALS IN PLANE WAVE BASIS
 Mo non-local projectors:
 projector 1 L=0
 projector 2 L=0
 projector 3 L=1
 projector 4 L=1
 projector 5 L=2
 projector 6 L=2
 S non-local projectors:
 projector 1 L=0
 projector 2 L=0
 projector 3 L=1
 projector 4 L=1
      TOTAL NUMBER OF NONLOCAL PROJECTORS = 34
 DONE : LOCAL POTENTIAL Time : 0.191543273628 (SEC)


 Init Non-Local PseudoPotential table : 
 Init Non-Local-Pseudopotential done.
 DONE : NON-LOCAL POTENTIAL Time : 0.217818779871 (SEC)


 Make real space PAO into reciprocal space.
       max mesh points in Pseudopotential = 601
     dq(describe PAO in reciprocal space) = 0.01
                                    max q = 1206

 number of pseudo atomic orbitals for Mo is 0

 number of pseudo atomic orbitals for S is 0
 DONE : INIT BASIS Time : 0.217859214172 (SEC)


 -------------------------------------------
 SELF-CONSISTENT
 -------------------------------------------

 Warning_Memory_Consuming allocated:  Veff<PW>::porter 5.4931640625 MB

 Warning_Memory_Consuming allocated:  Veff<PW>::porter1 5.4931640625 MB

 Warning_Memory_Consuming allocated:  Meta<PW>::porter 5.4931640625 MB
                                 init_chg = atomic
 DONE : INIT SCF Time : 0.317219 (SEC)


 PW ALGORITHM --------------- ION=   1  ELEC=   1--------------------------------

 Warning_Memory_Consuming allocated:  DiagSub::hpsi 6.3596 MB

 Warning_Memory_Consuming allocated:  DiagSub::evctemp 6.3596 MB
Average iterative diagonalization steps: 10.4087 ; where current threshold is: 0.01 . 

 Warning_Memory_Consuming allocated:  ElecSPW::wfcr 5.49316 MB

 Warning_Memory_Consuming allocated:  ElecSPW::wfcr_a 5.49316 MB
 Notice: Threshold on eigenvalues was too large.
 hsover_error=0.26 > DRHO=0.225337
 Origin diag_ethr = 0.01
 New    diag_ethr = 0.00086668
Average iterative diagonalization steps: 6.06957 ; where current threshold is: 0.00086668 . 

 Warning_Memory_Consuming allocated:  ChgMix::Rrho 54.9316 MB

 Warning_Memory_Consuming allocated:  ChgMix::dRrho 52.1851 MB

 Warning_Memory_Consuming allocated:  ChgMix::drho 52.1851 MB

 Density error is 0.177629912724
                          Error Threshold = 0.000866679796594

       Energy                       Rydberg                            eV
       E_KohnSham                -178.254748693                -2425.28027778
         E_Harris                -178.277091905                -2425.58427278
          E_Fermi              -0.0355503103576               -0.483686786532

 PW ALGORITHM --------------- ION=   1  ELEC=   2--------------------------------
Average iterative diagonalization steps: 2 ; where current threshold is: 0.000683191972014 . 

 Density error is 0.0754235695979
                          Error Threshold = 0.000683191972014

       Energy                       Rydberg                            eV
       E_KohnSham                -178.242718657                -2425.11660075
         E_Harris                -182.278308309                 -2480.0236148
          E_Fermi              -0.0485754331031                -0.66090267302

 PW ALGORITHM --------------- ION=   1  ELEC=   3--------------------------------
Average iterative diagonalization steps: 2.58695652174 ; where current threshold is: 0.000290090652299 . 

 Density error is 0.0410112170139
                          Error Threshold = 0.000290090652299

       Energy                       Rydberg                            eV
       E_KohnSham                 -178.24588662                -2425.15970309
         E_Harris                -178.534145736                -2429.08166957
          E_Fermi              -0.0662957462569               -0.901999902256

 PW ALGORITHM --------------- ION=   1  ELEC=   4--------------------------------
Average iterative diagonalization steps: 2.42608695652 ; where current threshold is: 0.000157735450053 . 

 Density error is 0.00790533502873
                          Error Threshold = 0.000157735450053

       Energy                       Rydberg                            eV
       E_KohnSham                  -178.2482233                -2425.19149525
         E_Harris                -174.018755851                -2367.64663845
          E_Fermi              -0.0481185509377               -0.654686472256

 PW ALGORITHM --------------- ION=   1  ELEC=   5--------------------------------
Average iterative diagonalization steps: 3.59130434783 ; where current threshold is: 3.04051347259e-05 . 

 Density error is 0.00254422054168
                          Error Threshold = 3.04051347259e-05

       Energy                       Rydberg                            eV
       E_KohnSham                -178.251382003                -2425.23447161
         E_Harris                -177.899801768                -2420.45097711
          E_Fermi              -0.0482254331136               -0.656140678863

 PW ALGORITHM --------------- ION=   1  ELEC=   6--------------------------------
Average iterative diagonalization steps: 2.64347826087 ; where current threshold is: 9.78546362186e-06 . 

 Density error is 0.00470079458065
                          Error Threshold = 9.78546362186e-06

       Energy                       Rydberg                            eV
       E_KohnSham                -178.248921315                -2425.20099224
         E_Harris                -177.615397508                -2416.58145865
          E_Fermi              -0.0470123728407               -0.639636147134

 PW ALGORITHM --------------- ION=   1  ELEC=   7--------------------------------
Average iterative diagonalization steps: 3.74347826087 ; where current threshold is: 9.78546362186e-06 . 

 Density error is 0.00544441215314
                          Error Threshold = 9.78546362186e-06

       Energy                       Rydberg                            eV
       E_KohnSham                -178.249475657                -2425.20853445
         E_Harris                -178.090101086                -2423.04013217
          E_Fermi              -0.0466419816992               -0.634596717121

 PW ALGORITHM --------------- ION=   1  ELEC=   8--------------------------------
Average iterative diagonalization steps: 2.13043478261 ; where current threshold is: 9.78546362186e-06 . 

 Density error is 0.000345726277353
                          Error Threshold = 9.78546362186e-06

       Energy                       Rydberg                            eV
       E_KohnSham                -178.249909477                -2425.21443687
         E_Harris                -176.251265696                -2398.02149318
          E_Fermi              -0.0418938677126               -0.569995312149

 PW ALGORITHM --------------- ION=   1  ELEC=   9--------------------------------
Average iterative diagonalization steps: 3.57826086957 ; where current threshold is: 1.32971645136e-06 . 

 Density error is 0.00183891335152
                          Error Threshold = 1.32971645136e-06

       Energy                       Rydberg                            eV
       E_KohnSham                -178.249793177                -2425.21285453
         E_Harris                -177.616758254                -2416.59997254
          E_Fermi              -0.0425565887746               -0.579012094777

 PW ALGORITHM --------------- ION=   1  ELEC=  10--------------------------------
Average iterative diagonalization steps: 2.60869565217 ; where current threshold is: 1.32971645136e-06 . 

 Density error is 0.000268792906605
                          Error Threshold = 1.32971645136e-06

       Energy                       Rydberg                            eV
       E_KohnSham                -178.249867859                -2425.21387063
         E_Harris                -176.964736968                -2407.72876784
          E_Fermi              -0.0393107922886                -0.53485076802

 PW ALGORITHM --------------- ION=   1  ELEC=  11--------------------------------
Average iterative diagonalization steps: 2.21739130435 ; where current threshold is: 1.03381887156e-06 . 

 Density error is 0.00018223428434
                          Error Threshold = 1.03381887156e-06

       Energy                       Rydberg                            eV
       E_KohnSham                -178.249847136                -2425.21358868
         E_Harris                -177.632665141                -2416.81639684
          E_Fermi              -0.0380867674005               -0.518197055048

 PW ALGORITHM --------------- ION=   1  ELEC=  12--------------------------------
Average iterative diagonalization steps: 3.00869565217 ; where current threshold is: 7.00901093616e-07 . 

 Density error is 0.000127476608831
                          Error Threshold = 7.00901093616e-07

       Energy                       Rydberg                            eV
       E_KohnSham                -178.249837027                -2425.21345114
         E_Harris                -177.835618568                -2419.57771988
          E_Fermi              -0.0361141459458               -0.491358163267

 PW ALGORITHM --------------- ION=   1  ELEC=  13--------------------------------
Average iterative diagonalization steps: 2.59565217391 ; where current threshold is: 4.9029464935e-07 . 

 Density error is 0.000107015154937
                          Error Threshold = 4.9029464935e-07

       Energy                       Rydberg                            eV
       E_KohnSham                 -178.24983714                -2425.21345267
         E_Harris                -177.890609404                -2420.32590858
          E_Fermi              -0.0350862152373               -0.477372448481

 PW ALGORITHM --------------- ION=   1  ELEC=  14--------------------------------
Average iterative diagonalization steps: 2 ; where current threshold is: 4.11596749756e-07 . 

 Density error is 0.00010204642515
                          Error Threshold = 4.11596749756e-07

       Energy                       Rydberg                            eV
       E_KohnSham                -178.249829233                -2425.21334509
         E_Harris                -177.885244189                 -2420.2529111
          E_Fermi              -0.0347844738236               -0.473267045933

 PW ALGORITHM --------------- ION=   1  ELEC=  15--------------------------------
Average iterative diagonalization steps: 2.87391304348 ; where current threshold is: 3.92486250578e-07 . 

 Density error is 7.82881239595e-05
                          Error Threshold = 3.92486250578e-07

       Energy                       Rydberg                            eV
       E_KohnSham                -178.249830315                -2425.21335981
         E_Harris                -177.931031138                -2420.87587449
          E_Fermi              -0.0333686616388               -0.454003932921

 PW ALGORITHM --------------- ION=   1  ELEC=  16--------------------------------
Average iterative diagonalization steps: 2.59565217391 ; where current threshold is: 3.01108169075e-07 . 

 Density error is 5.47467324753e-05
                          Error Threshold = 3.01108169075e-07

       Energy                       Rydberg                            eV
       E_KohnSham                -178.249832305                -2425.21338689
         E_Harris                -177.965325706                -2421.34247603
          E_Fermi              -0.0317777603082                -0.43235860987

 PW ALGORITHM --------------- ION=   1  ELEC=  17--------------------------------
Average iterative diagonalization steps: 2.02173913043 ; where current threshold is: 2.10564355674e-07 . 

 Density error is 5.42695190451e-05
                          Error Threshold = 2.10564355674e-07

       Energy                       Rydberg                            eV
       E_KohnSham                -178.249834033                 -2425.2134104
         E_Harris                -177.998809464                -2421.79804593
          E_Fermi              -0.0316675134147               -0.430858623931

 PW ALGORITHM --------------- ION=   1  ELEC=  18--------------------------------
Average iterative diagonalization steps: 2.37391304348 ; where current threshold is: 2.08728919404e-07 . 

 Density error is 4.27215390067e-05
                          Error Threshold = 2.08728919404e-07

       Energy                       Rydberg                            eV
       E_KohnSham                -178.249838998                -2425.21347796
         E_Harris                -178.012376115                -2421.98262968
          E_Fermi              -0.0307384572747               -0.418218166665

 PW ALGORITHM --------------- ION=   1  ELEC=  19--------------------------------
Average iterative diagonalization steps: 2.6 ; where current threshold is: 1.64313611564e-07 . 

 Density error is 3.11125762943e-05
                          Error Threshold = 1.64313611564e-07

       Energy                       Rydberg                            eV
       E_KohnSham                -178.249841453                -2425.21351135
         E_Harris                -178.040055126                -2422.35922195
          E_Fermi              -0.0297009309981                -0.40410189748

 PW ALGORITHM --------------- ION=   1  ELEC=  20--------------------------------
Average iterative diagonalization steps: 2.28260869565 ; where current threshold is: 1.19663754978e-07 . 

 Density error is 2.52307653442e-05
                          Error Threshold = 1.19663754978e-07

       Energy                       Rydberg                            eV
       E_KohnSham                -178.249856357                -2425.21371414
         E_Harris                -178.065956019                -2422.71162168
          E_Fermi              -0.0291307013993               -0.396343525767

 PW ALGORITHM --------------- ION=   1  ELEC=  21--------------------------------
Average iterative diagonalization steps: 3.19565217391 ; where current threshold is: 9.704140517e-08 . 

 Density error is 9.92299903962e-06
                          Error Threshold = 9.704140517e-08

       Energy                       Rydberg                            eV
       E_KohnSham                -178.249857571                -2425.21373066
         E_Harris                -178.127547317                -2423.54961427
          E_Fermi              -0.0271785411733               -0.369783023284

 PW ALGORITHM --------------- ION=   1  ELEC=  22--------------------------------
Average iterative diagonalization steps: 2.73043478261 ; where current threshold is: 3.81653809216e-08 . 

 Density error is 9.60860303359e-06
                          Error Threshold = 3.81653809216e-08

       Energy                       Rydberg                            eV
       E_KohnSham                -178.249866629                 -2425.2138539
         E_Harris                -178.143446729                -2423.76593688
          E_Fermi              -0.0271740286636               -0.369721627441

 PW ALGORITHM --------------- ION=   1  ELEC=  23--------------------------------
Average iterative diagonalization steps: 3.65217391304 ; where current threshold is: 3.69561655138e-08 . 

 Density error is 3.43190215406e-06
                          Error Threshold = 3.69561655138e-08

       Energy                       Rydberg                            eV
       E_KohnSham                -178.249876946                -2425.21399427
         E_Harris                -178.173888295                -2424.18011563
          E_Fermi              -0.0258440407917               -0.351626214111

 PW ALGORITHM --------------- ION=   1  ELEC=  24--------------------------------
Average iterative diagonalization steps: 4.72173913043 ; where current threshold is: 1.31996236695e-08 . 

 Density error is 3.08628519767e-07
                          Error Threshold = 1.31996236695e-08

       Energy                       Rydberg                            eV
       E_KohnSham                -178.249877575                -2425.21400282
         E_Harris                -178.228219268                -2424.91932644
          E_Fermi              -0.0244958130809               -0.333282635043

 PW ALGORITHM --------------- ION=   1  ELEC=  25--------------------------------
Average iterative diagonalization steps: 4.50869565217 ; where current threshold is: 1.18703276833e-09 . 

 Density error is 2.52975150207e-07
                          Error Threshold = 1.18703276833e-09

       Energy                       Rydberg                            eV
       E_KohnSham                -178.249878669                -2425.21401771
         E_Harris                -178.232368139                -2424.97577473
          E_Fermi              -0.0244091183009               -0.332103092048

 PW ALGORITHM --------------- ION=   1  ELEC=  26--------------------------------
Average iterative diagonalization steps: 4.84347826087 ; where current threshold is: 9.72981346949e-10 . 

 Density error is 1.1701321136e-07
                          Error Threshold = 9.72981346949e-10

       Energy                       Rydberg                            eV
       E_KohnSham                -178.249880057                 -2425.2140366
         E_Harris                 -178.23699581                -2425.03873742
          E_Fermi              -0.0241704504491               -0.328855849335

 PW ALGORITHM --------------- ION=   1  ELEC=  27--------------------------------
Average iterative diagonalization steps: 5.34782608696 ; where current threshold is: 4.50050812922e-10 . 

 Density error is 9.41821319707e-09
                          Error Threshold = 4.50050812922e-10

           Energy                       Rydberg                            eV
       E_KohnSham                -178.249880015                -2425.21403602
   E_KS(sigma->0)                -178.249880015                -2425.21403602
         E_Harris                -178.246259832                 -2425.1647809
           E_band                -31.0271454864                 -422.14597129
       E_one_elec                -884.940154815                -12040.2284945
        E_Hartree                +442.788295635                +6024.44382834
             E_xc                 -24.314509413                -330.815872091
          E_Ewald                +288.216488578                +3921.38650221
   E_entropy(-TS)                            +0                            +0
          E_descf                            +0                            +0
            E_exx                            +0                            +0
          E_Fermi               -0.023856912225               -0.324589942946

 charge density convergence is achieved
 final etot is -2425.214036 eV
 EFERMI = -0.32458994295 eV

 STATE ENERGY(eV) AND OCCUPATIONS    NSPIN == 1
 1/10 kpoint (Cartesian) = 0.0000 0.0000 0.0000 (18121 pws)
       1       -61.3805      0.0312500
       2       -35.4547      0.0312500
       3       -35.2014      0.0312500
       4       -35.2014      0.0312500
       5       -13.6895      0.0312500
       6       -13.0550      0.0312500
       7       -5.34324      0.0312500
       8       -2.61574      0.0312500
       9       -1.66259      0.0312500
      10       -1.66259      0.0312500
      11       -1.13673      0.0312500
      12      -0.739862      0.0312500
      13      -0.739842      0.0312500
      14        2.01954        0.00000
      15        2.01955        0.00000
      16        2.24134        0.00000
      17        2.24135        0.00000
      18        4.58758        0.00000
      19        5.19332        0.00000
      20        5.59173        0.00000
      21        6.63532        0.00000
      22        7.61731        0.00000
      23        8.27164        0.00000

 2/10 kpoint (Cartesian) = -0.12500 0.072169 0.0000 (18053 pws)
       1       -61.3755       0.187500
       2       -35.4463       0.187500
       3       -35.2494       0.187500
       4       -35.2127       0.187500
       5       -13.4778       0.187500
       6       -12.9143       0.187500
       7       -5.05635       0.187500
       8       -2.81185       0.187500
       9       -2.20600       0.187500
      10       -1.44673       0.187500
      11       -1.09845       0.187500
      12       -1.06337       0.187500
      13       -1.05156       0.187500
      14        1.39053        0.00000
      15        1.84375        0.00000
      16        1.93394        0.00000
      17        2.44582        0.00000
      18        5.02304        0.00000
      19        5.51535        0.00000
      20        6.01872        0.00000
      21        7.05200        0.00000
      22        7.95810        0.00000
      23        8.89294        0.00000

 3/10 kpoint (Cartesian) = -0.25000 0.14434 0.0000 (18003 pws)
       1       -61.3636       0.187500
       2       -35.4259       0.187500
       3       -35.3639       0.187500
       4       -35.2398       0.187500
       5       -12.9076       0.187500
       6       -12.5372       0.187500
       7       -4.43954       0.187500
       8       -3.39612       0.187500
       9       -3.37482       0.187500
      10       -1.94684       0.187500
      11       -1.67144       0.187500
      12       -1.24465       0.187500
      13      -0.964865       0.187500
      14       0.988321        0.00000
      15        1.61704        0.00000
      16        2.03626        0.00000
      17        2.73723        0.00000
      18        5.76924        0.00000
      19        6.38211        0.00000
      20        6.67664        0.00000
      21        7.60076        0.00000
      22        8.61790        0.00000
      23        8.88292        0.00000

 4/10 kpoint (Cartesian) = -0.37500 0.21651 0.0000 (17954 pws)
       1       -61.3516       0.187500
       2       -35.4764       0.187500
       3       -35.4054       0.187500
       4       -35.2668       0.187500
       5       -12.2087       0.187500
       6       -12.0863       0.187500
       7       -4.87401       0.187500
       8       -4.32376       0.187500
       9       -3.75291       0.187500
      10       -2.48683       0.187500
      11       -2.14813       0.187500
      12       -1.26982       0.187500
      13      -0.650068       0.187500
      14        1.54146        0.00000
      15        1.79617        0.00000
      16        2.48897        0.00000
      17        2.87085        0.00000
      18        5.92432        0.00000
      19        6.97049        0.00000
      20        7.39320        0.00000
      21        7.96220        0.00000
      22        8.22087        0.00000
      23        9.08865        0.00000

 5/10 kpoint (Cartesian) = 0.50000 0.86603 0.0000 (17970 pws)
       1       -61.3466      0.0937500
       2       -35.5225      0.0937500
       3       -35.3969      0.0937500
       4       -35.2779      0.0937500
       5       -11.8677      0.0937500
       6       -11.8558      0.0937500
       7       -5.41298      0.0937500
       8       -4.79188      0.0937500
       9       -3.75203      0.0937500
      10       -2.61241      0.0937500
      11       -2.32164      0.0937500
      12       -1.05134      0.0937500
      13      -0.598182      0.0937500
      14        2.03885        0.00000
      15        2.04514        0.00000
      16        2.70481        0.00000
      17        2.89799        0.00000
      18        5.48924        0.00000
      19        6.89736        0.00000
      20        7.43900        0.00000
      21        8.11157        0.00000
      22        8.95354        0.00000
      23        9.53818        0.00000

 6/10 kpoint (Cartesian) = -0.25000 0.0000 0.0000 (18037 pws)
       1       -61.3671       0.187500
       2       -35.4319       0.187500
       3       -35.3252       0.187500
       4       -35.2372       0.187500
       5       -13.0856       0.187500
       6       -12.6540       0.187500
       7       -4.57299       0.187500
       8       -3.09893       0.187500
       9       -3.01331       0.187500
      10       -2.10800       0.187500
      11       -1.31667       0.187500
      12       -1.16409       0.187500
      13       -1.01895       0.187500
      14       0.899852        0.00000
      15        1.65929        0.00000
      16        1.81389        0.00000
      17        2.70787        0.00000
      18        5.61558        0.00000
      19        6.11109        0.00000
      20        6.57296        0.00000
      21        7.50862        0.00000
      22        8.51056        0.00000
      23        9.35201        0.00000

 7/10 kpoint (Cartesian) = -0.37500 0.072169 0.0000 (17984 pws)
       1       -61.3551       0.375000
       2       -35.4270       0.375000
       3       -35.4114       0.375000
       4       -35.2761       0.375000
       5       -12.4383       0.375000
       6       -12.2287       0.375000
       7       -4.32839       0.375000
       8       -3.77069       0.375000
       9       -3.72326       0.375000
      10       -2.91936       0.375000
      11       -1.70809       0.375000
      12       -1.70344       0.375000
      13      -0.751631       0.375000
      14       0.915335        0.00000
      15        1.95430        0.00000
      16        2.07306        0.00000
      17        2.88918        0.00000
      18        6.27160        0.00000
      19        7.03268        0.00000
      20        7.15287        0.00000
      21        8.08730        0.00000
      22        8.92953        0.00000
      23        9.29669        0.00000

 8/10 kpoint (Cartesian) = 0.50000 0.72169 0.0000 (17979 pws)
       1       -61.3466       0.375000
       2       -35.4974       0.375000
       3       -35.3969       0.375000
       4       -35.3039       0.375000
       5       -11.8751       0.375000
       6       -11.8690       0.375000
       7       -5.07972       0.375000
       8       -4.61058       0.375000
       9       -3.64589       0.375000
      10       -2.87540       0.375000
      11       -2.31198       0.375000
      12       -1.81698       0.375000
      13      -0.562267       0.375000
      14        1.59556        0.00000
      15        2.28767        0.00000
      16        2.34550        0.00000
      17        2.98177        0.00000
      18        5.85758        0.00000
      19        7.43490        0.00000
      20        8.05128        0.00000
      21        8.69469        0.00000
      22        9.11124        0.00000
      23        9.48002        0.00000

 9/10 kpoint (Cartesian) = 0.50000 0.57735 0.0000 (17948 pws)
       1       -61.3466       0.187500
       2       -35.4626       0.187500
       3       -35.3969       0.187500
       4       -35.3397       0.187500
       5       -11.8940       0.187500
       6       -11.8704       0.187500
       7       -4.60567       0.187500
       8       -4.33319       0.187500
       9       -3.47877       0.187500
      10       -3.30426       0.187500
      11       -2.66922       0.187500
      12       -2.20072       0.187500
      13      -0.569434       0.187500
      14        1.25832        0.00000
      15        1.90117        0.00000
      16        2.41280        0.00000
      17        3.20659        0.00000
      18        6.35198        0.00000
      19        7.72114        0.00000
      20        8.18223        0.00000
      21        8.64351        0.00000
      22        9.37615        0.00000
      23        9.56299        0.00000

 10/10 kpoint (Cartesian) = 0.37500 0.64952 0.0000 (17998 pws)
       1       -61.3431       0.187500
       2       -35.4655       0.187500
       3       -35.3910       0.187500
       4       -35.3779       0.187500
       5       -11.7018       0.187500
       6       -11.6379       0.187500
       7       -4.68559       0.187500
       8       -4.65941       0.187500
       9       -3.53527       0.187500
      10       -3.11210       0.187500
      11       -3.08303       0.187500
      12       -2.65827       0.187500
      13      -0.324590       0.187500
      14        1.66536        0.00000
      15        1.77403        0.00000
      16        2.31497        0.00000
      17        3.43005        0.00000
      18        6.27285        0.00000
      19        7.43001        0.00000
      20        8.80210        0.00000
      21        9.05184        0.00000
      22        9.58165        0.00000
      23        9.89236        0.00000



 --------------------------------------------
 !FINAL_ETOT_IS -2425.214036021840 eV
 --------------------------------------------






  |CLASS_NAME---------|NAME---------------|TIME(Sec)-----|CALLS----|AVG------|PER%-------
                                      total         123.04        17       7.2   1.0e+02%
                 Driver         driver_line         123.03         1   1.2e+02    1.e+02%
                   Ions            opt_ions         122.80         1   1.2e+02    1.e+02%
          ESolver_KS_PW                 Run         122.80         1   1.2e+02    1.e+02%
               PW_Basis          recip2real        0.47952       198    0.0024      0.39%
              Potential  update_from_charge         1.2553        28     0.045       1.0%
              Potential           cal_v_eff         1.2495        28     0.045       1.0%
           H_Hartree_pw           v_hartree        0.20890        28    0.0075      0.17%
               PW_Basis          real2recip        0.62362       280    0.0022      0.51%
               PW_Basis    gatherp_scatters        0.10016       280   0.00036     0.081%
                  PotXC           cal_v_eff         1.0080        28     0.036      0.82%
          XC_Functional                v_xc        0.99394        28     0.035      0.81%
               Symmetry       rhog_symmetry        0.28203        29    0.0097      0.23%
              HSolverPW               solve         120.14        28       4.3       98.%
               Nonlocal              getvnl        0.59853       280    0.0021      0.49%
            pp_cell_vnl              getvnl        0.59828       280    0.0021      0.49%
        DiagoIterAssist      diagH_subspace         19.269       270     0.071       16.%
             OperatorPW                hPsi         89.742     22198    0.0040       73.%
               Operator          EkineticPW        0.99210     22198   4.5e-05      0.81%
               Operator              VeffPW         80.891     22198    0.0036       66.%
             PW_Basis_K          recip2real         51.546     31778    0.0016       42.%
             PW_Basis_K    gathers_scatterp         7.5383     31778   0.00024       6.1%
             PW_Basis_K          real2recip         33.029     28138    0.0012       27.%
             PW_Basis_K    gatherp_scatters         6.4477     28138   0.00023       5.2%
               Operator          NonlocalPW         6.2802     22198   0.00028       5.1%
               Nonlocal     add_nonlocal_pp         3.4923     22198   0.00016       2.8%
        DiagoIterAssist     LAPACK_subspace        0.14167       270   0.00052      0.12%
                DiagoCG           diag_once         92.654       280      0.33       75.%
            ElecStatePW            psiToRho         7.0266        28      0.25       5.7%
                 Charge             mix_rho        0.59637        26     0.023      0.48%
                 Charge        Pulay_mixing        0.58355        26     0.022      0.47%
 ----------------------------------------------------------------------------------------

 NAME---------------|MEMORY(MB)--------
               total          314.0
              Psi_PW          63.60
        ChgMix::Rrho          54.93
       ChgMix::dRrho          52.19
        ChgMix::drho          52.19
           FFT::grid          10.99
       DiagSub::hpsi          6.360
    DiagSub::evctemp          6.360
    Veff<PW>::porter          5.493
   Veff<PW>::porter1          5.493
    Meta<PW>::porter          5.493
       ElecSPW::wfcr          5.493
     ElecSPW::wfcr_a          5.493
            VNL::vkb          4.701
        SF::strucFac          4.393
        PW_B_K::gcar          4.148
            Chg::rho          2.747
       Chg::rho_save          2.747
       Chg::rho_core          2.747
       Pot::veff_fix          2.747
           Pot::veff          2.747
   ChgMix::rho_save2          2.747
           VNL::vkb1          2.489
         PW_B_K::gk2          1.383
            VNL::ylm          1.244
   YlmReal::Ylm_Real          1.244
           Chg::rhog          1.098
      Chg::rhog_save          1.098
      Chg::rhog_core          1.098
 -------------   < 1.0 MB has been ignored ----------------
 ----------------------------------------------------------

 Start  Time  : Sat Dec  2 15:39:20 2023
 Finish Time  : Sat Dec  2 15:41:24 2023
 Total  Time  : 0 h 2 mins 4 secs 
