                                                                                     
                              ABACUS v3.3.2

               Atomic-orbital Based Ab-initio Computation at UStc                    

                     Website: http://abacus.ustc.edu.cn/                             
               Documentation: https://abacus.deepmodeling.com/                       
                  Repository: https://github.com/abacusmodeling/abacus-develop       
                              https://github.com/deepmodeling/abacus-develop         
                      Commit: e39b50e (Fri Aug 18 16:14:25 2023 +0800)

    Start Time is Sun Dec  3 13:59:45 2023
                                                                                     
 ------------------------------------------------------------------------------------

 READING GENERAL INFORMATION
                           global_out_dir = OUT.ABACUS/
                           global_in_card = INPUT
                               pseudo_dir = 
                              orbital_dir = 
                                    DRANK = 1
                                    DSIZE = 1
                                   DCOLOR = 1
                                    GRANK = 1
                                    GSIZE = 1
 The esolver type has been set to : ksdft_pw




 >>>>>>>>>>>>>>>>>>>>>>>>>>>>>>>>>>>>>>>>>>>>>>>>>>>>>>>>>>>>>>>>>>>>>>
 |                                                                    |
 | Reading atom information in unitcell:                              |
 | From the input file and the structure file we know the number of   |
 | different elments in this unitcell, then we list the detail        |
 | information for each element, especially the zeta and polar atomic |
 | orbital number for each element. The total atom number is counted. |
 | We calculate the nearest atom distance for each atom and show the  |
 | Cartesian and Direct coordinates for each atom. We list the file   |
 | address for atomic orbitals. The volume and the lattice vectors    |
 | in real and reciprocal space is also shown.                        |
 |                                                                    |
 <<<<<<<<<<<<<<<<<<<<<<<<<<<<<<<<<<<<<<<<<<<<<<<<<<<<<<<<<<<<<<<<<<<<<<




 READING UNITCELL INFORMATION
                                    ntype = 2
                  lattice constant (Bohr) = 5.74477
              lattice constant (Angstrom) = 3.04

 READING ATOM TYPE 1
                               atom label = Mo
                      L=0, number of zeta = 1
                      L=1, number of zeta = 1
                      L=2, number of zeta = 1
             number of atom for this type = 1

 READING ATOM TYPE 2
                               atom label = S
                      L=0, number of zeta = 1
                      L=1, number of zeta = 1
                      L=2, number of zeta = 1
             number of atom for this type = 2

                        TOTAL ATOM NUMBER = 3

 DIRECT COORDINATES
         atom                   x                   y                   z                 mag                  vx                  vy                  vz
     taud_Mo1            0.666667            0.333333           0.0989305                   0                   0                   0                   0
      taud_S1                   0                   0                   0                   0                   0                   0                   0
      taud_S2                   0                   0            0.197861                   0                   0                   0                   0


                          Volume (Bohr^3) = 1009.99
                             Volume (A^3) = 149.665

 Lattice vectors: (Cartesian coordinate: in unit of a_0)
                   +1                  +0                  +0
                 -0.5           +0.866025                  +0
                   +0                  +0            +6.15132
 Reciprocal vectors: (Cartesian coordinate: in unit of 2 pi/a_0)
                   +1            +0.57735                  -0
                   +0             +1.1547                  -0
                   +0                  -0           +0.162567




 >>>>>>>>>>>>>>>>>>>>>>>>>>>>>>>>>>>>>>>>>>>>>>>>>>>>>>>>>>>>>>>>>>>>>>
 |                                                                    |
 | Reading pseudopotentials files:                                    |
 | The pseudopotential file is in UPF format. The 'NC' indicates that |
 | the type of pseudopotential is 'norm conserving'. Functional of    |
 | exchange and correlation is decided by 4 given parameters in UPF   |
 | file.  We also read in the 'core correction' if there exists.      |
 | Also we can read the valence electrons number and the maximal      |
 | angular momentum used in this pseudopotential. We also read in the |
 | trail wave function, trail atomic density and local-pseudopotential|
 | on logrithmic grid. The non-local pseudopotential projector is also|
 | read in if there is any.                                           |
 |                                                                    |
 <<<<<<<<<<<<<<<<<<<<<<<<<<<<<<<<<<<<<<<<<<<<<<<<<<<<<<<<<<<<<<<<<<<<<<




                PAO radial cut off (Bohr) = 15

 Read in pseudopotential file is Mo_ONCV_PBE-1.0.upf
                     pseudopotential type = NC
          exchange-correlation functional = PBE
                 nonlocal core correction = 0
                        valence electrons = 14
                                     lmax = 2
                           number of zeta = 0
                     number of projectors = 6
                           L of projector = 0
                           L of projector = 0
                           L of projector = 1
                           L of projector = 1
                           L of projector = 2
                           L of projector = 2
                PAO radial cut off (Bohr) = 15

 Read in pseudopotential file is S_ONCV_PBE-1.0.upf
                     pseudopotential type = NC
          exchange-correlation functional = PBE
                 nonlocal core correction = 0
                        valence electrons = 6
                                     lmax = 1
                           number of zeta = 0
                     number of projectors = 4
                           L of projector = 0
                           L of projector = 0
                           L of projector = 1
                           L of projector = 1
     initial pseudo atomic orbital number = 0
                                   NLOCAL = 27

%%%%%%%%%%%%%%%%%%%%%%%%%%%%%%%%%%%%%%%%%%%%%%%%%%%%%%%%%%%%%%%%%%%%%%%%%%%%%%%%%%%%%%%%%%%%%%%%%%%%%%%%%%
 Warning: the number of valence electrons in pseudopotential > 6 for Mo: [Kr] 4d5 5s1
 Pseudopotentials with additional electrons can yield (more) accurate outcomes, but may be less efficient.
 If you're confident that your chosen pseudopotential is appropriate, you can safely ignore this warning.
%%%%%%%%%%%%%%%%%%%%%%%%%%%%%%%%%%%%%%%%%%%%%%%%%%%%%%%%%%%%%%%%%%%%%%%%%%%%%%%%%%%%%%%%%%%%%%%%%%%%%%%%%%
                  

 Warning_Memory_Consuming allocated:  FFT::grid 10.9863 MB




 >>>>>>>>>>>>>>>>>>>>>>>>>>>>>>>>>>>>>>>>>>>>>>>>>>>>>>>>>>>>>>>>>>>>>>
 |                                                                    |
 | Setup plane waves of charge/potential:                             |
 | Use the energy cutoff and the lattice vectors to generate the      |
 | dimensions of FFT grid. The number of FFT grid on each processor   |
 | is 'nrxx'. The number of plane wave basis in reciprocal space is   |
 | different for charege/potential and wave functions. We also set    |
 | the 'sticks' for the parallel of FFT. The number of plane waves    |
 | is 'npw' in each processor.                                        |
 <<<<<<<<<<<<<<<<<<<<<<<<<<<<<<<<<<<<<<<<<<<<<<<<<<<<<<<<<<<<<<<<<<<<<<





 SETUP THE PLANE WAVE BASIS
 energy cutoff for charge/potential (unit:Ry) = 400
            fft grid for charge/potential = [ 40, 40, 225 ]
                        fft grid division = [ 1, 1, 1 ]
        big fft grid for charge/potential = [ 40, 40, 225 ]
                                     nbxx = 360000
                                     nrxx = 360000

 SETUP PLANE WAVES FOR CHARGE/POTENTIAL
                    number of plane waves = 136593
                         number of sticks = 913

 PARALLEL PW FOR CHARGE/POTENTIAL
     PROC   COLUMNS(POT)             PW
        1            913         136593
 --------------- sum -------------------
        1            913         136593
                            number of |g| = 6370
                                  max |g| = 334.336
                                  min |g| = 0

 SETUP THE ELECTRONS NUMBER
            electron number of element Mo = 14
      total electron number of element Mo = 14
             electron number of element S = 6
       total electron number of element S = 12
            AUTOSET number of electrons:  = 26
 DONE : SETUP UNITCELL Time : 0.0752499 (SEC)





 >>>>>>>>>>>>>>>>>>>>>>>>>>>>>>>>>>>>>>>>>>>>>>>>>>>>>>>>>>>>>>>>>>>>>>
 |                                                                    |
 | Doing symmetry analysis:                                           |
 | We calculate the norm of 3 vectors and the angles between them,    |
 | the type of Bravais lattice is given. We can judge if the unticell |
 | is a primitive cell. Finally we give the point group operation for |
 | this unitcell. We use the point group operations to do symmetry |
 | analysis on given k-point mesh and the charge density.             |
 |                                                                    |
 <<<<<<<<<<<<<<<<<<<<<<<<<<<<<<<<<<<<<<<<<<<<<<<<<<<<<<<<<<<<<<<<<<<<<<




 LATTICE VECTORS: (CARTESIAN COORDINATE: IN UNIT OF A0)
                   +1                  +0                  +0
                 -0.5           +0.866025                  +0
                   +0                  +0            +6.15132
                       right hand lattice = 1
                                   NORM_A = 1
                                   NORM_B = 1
                                   NORM_C = 6.15132
                           ALPHA (DEGREE) = 90
                           BETA  (DEGREE) = 90
                           GAMMA (DEGREE) = 120

 The lattice vectors have been changed (STRU_SIMPLE.cif)

(for optimal symmetric configuration:)
                             BRAVAIS TYPE = 4
                     BRAVAIS LATTICE NAME = 04. Hexagonal cell
                                    ibrav = 4
                                    IBRAV = 4
                                  BRAVAIS = HEXAGONAL CELL
                       LATTICE CONSTANT A = 1
                                C/A RATIO = 6.15132
Original cell was already a primitive cell.
                        ROTATION MATRICES = 24
              PURE POINT GROUP OPERATIONS = 6
                   SPACE GROUP OPERATIONS = 12
                                       C2 = 0
                                       C3 = 2
                                       C4 = 0
                                       C6 = 0
                                       S1 = 3
                                       S3 = 0
                                       S4 = 0
                                       S6 = 0
                              POINT GROUP = C_3v
                                       C2 = 3
                                       C3 = 2
                                       C4 = 0
                                       C6 = 0
                                       S1 = 4
                                       S3 = 2
                                       S4 = 0
                                       S6 = 0
               POINT GROUP IN SPACE GROUP = D_3h
 DONE : SYMMETRY Time : 0.0974465 (SEC)





 >>>>>>>>>>>>>>>>>>>>>>>>>>>>>>>>>>>>>>>>>>>>>>>>>>>>>>>>>>>>>>>>>>>>>>
 |                                                                    |
 | Setup K-points                                                     |
 | We setup the k-points according to input parameters.               |
 | The reduced k-points are set according to symmetry operations.     |
 | We treat the spin as another set of k-points.                      |
 |                                                                    |
 <<<<<<<<<<<<<<<<<<<<<<<<<<<<<<<<<<<<<<<<<<<<<<<<<<<<<<<<<<<<<<<<<<<<<<





 SETUP K-POINTS
                                    nspin = 1
                   Input type of k points = Monkhorst-Pack(Gamma)
                                   nkstot = 64
                       right hand lattice = 1
(for reciprocal lattice: )
                             BRAVAIS TYPE = 4
                     BRAVAIS LATTICE NAME = 04. Hexagonal cell
                                    ibrav = 4
                       right hand lattice = 1
(for k-lattice: )
                             BRAVAIS TYPE = 4
                     BRAVAIS LATTICE NAME = 04. Hexagonal cell
                                    ibrav = 4
                       right hand lattice = 1
                        ROTATION MATRICES = 24
                               nkstot_ibz = 10
      IBZ             DirectX             DirectY             DirectZ              Weight    ibz2bz
        1                   0                   0                   0            0.015625         0
        2              -0.125               0.125                   0             0.09375         1
        3               -0.25                0.25                   0             0.09375         2
        4              -0.375               0.375                   0             0.09375         3
        5                 0.5                 0.5                   0            0.046875         4
        6               -0.25               0.125                   0             0.09375         9
        7              -0.375                0.25                   0              0.1875        10
        8                 0.5               0.375                   0              0.1875        11
        9                 0.5                0.25                   0             0.09375        18
       10               0.375               0.375                   0             0.09375        19
                               nkstot now = 10

  KPOINTS            DIRECT_X            DIRECT_Y            DIRECT_Z              WEIGHT
        1                   0                   0                   0            0.015625
        2              -0.125               0.125                   0             0.09375
        3               -0.25                0.25                   0             0.09375
        4              -0.375               0.375                   0             0.09375
        5                 0.5                 0.5                   0            0.046875
        6               -0.25               0.125                   0             0.09375
        7              -0.375                0.25                   0              0.1875
        8                 0.5               0.375                   0              0.1875
        9                 0.5                0.25                   0             0.09375
       10               0.375               0.375                   0             0.09375

           k-point number in this process = 10
       minimum distributed K point number = 10

  KPOINTS         CARTESIAN_X         CARTESIAN_Y         CARTESIAN_Z              WEIGHT
        1                   0                   0                   0             0.03125
        2              -0.125           0.0721688                   0              0.1875
        3               -0.25            0.144338                   0              0.1875
        4              -0.375            0.216506                   0              0.1875
        5                 0.5            0.866025                   0             0.09375
        6               -0.25                   0                   0              0.1875
        7              -0.375           0.0721688                   0               0.375
        8                 0.5            0.721688                   0               0.375
        9                 0.5             0.57735                   0              0.1875
       10               0.375            0.649519                   0              0.1875

  KPOINTS            DIRECT_X            DIRECT_Y            DIRECT_Z              WEIGHT
        1                   0                   0                   0             0.03125
        2              -0.125               0.125                   0              0.1875
        3               -0.25                0.25                   0              0.1875
        4              -0.375               0.375                   0              0.1875
        5                 0.5                 0.5                   0             0.09375
        6               -0.25               0.125                   0              0.1875
        7              -0.375                0.25                   0               0.375
        8                 0.5               0.375                   0               0.375
        9                 0.5                0.25                   0              0.1875
       10               0.375               0.375                   0              0.1875
 DONE : INIT K-POINTS Time : 0.161893 (SEC)





 >>>>>>>>>>>>>>>>>>>>>>>>>>>>>>>>>>>>>>>>>>>>>>>>>>>>>>>>>>>>>>>>>>>>>>
 |                                                                    |
 | Setup plane waves of wave functions:                               |
 | Use the energy cutoff and the lattice vectors to generate the      |
 | dimensions of FFT grid. The number of FFT grid on each processor   |
 | is 'nrxx'. The number of plane wave basis in reciprocal space is   |
 | different for charege/potential and wave functions. We also set    |
 | the 'sticks' for the parallel of FFT. The number of plane wave of  |
 | each k-point is 'npwk[ik]' in each processor                       |
 <<<<<<<<<<<<<<<<<<<<<<<<<<<<<<<<<<<<<<<<<<<<<<<<<<<<<<<<<<<<<<<<<<<<<<





 SETUP PLANE WAVES FOR WAVE FUNCTIONS
     energy cutoff for wavefunc (unit:Ry) = 100
              fft grid for wave functions = [ 40, 40, 225 ]
                    number of plane waves = 23255
                         number of sticks = 283

 PARALLEL PW FOR WAVE FUNCTIONS
     PROC   COLUMNS(POT)             PW
        1            283          23255
 --------------- sum -------------------
        1            283          23255
 DONE : INIT PLANEWAVE Time : 0.173962 (SEC)

                           occupied bands = 13
                                   NBANDS = 23
                                     npwx = 17110

 Warning_Memory_Consuming allocated:  Psi_PW 60.0479 MB

 SETUP NONLOCAL PSEUDOPOTENTIALS IN PLANE WAVE BASIS
 Mo non-local projectors:
 projector 1 L=0
 projector 2 L=0
 projector 3 L=1
 projector 4 L=1
 projector 5 L=2
 projector 6 L=2
 S non-local projectors:
 projector 1 L=0
 projector 2 L=0
 projector 3 L=1
 projector 4 L=1
      TOTAL NUMBER OF NONLOCAL PROJECTORS = 34
 DONE : LOCAL POTENTIAL Time : 0.205288 (SEC)


 Init Non-Local PseudoPotential table : 
 Init Non-Local-Pseudopotential done.
 DONE : NON-LOCAL POTENTIAL Time : 0.231792 (SEC)


 Make real space PAO into reciprocal space.
       max mesh points in Pseudopotential = 601
     dq(describe PAO in reciprocal space) = 0.01
                                    max q = 1206

 number of pseudo atomic orbitals for Mo is 0

 number of pseudo atomic orbitals for S is 0
 DONE : INIT BASIS Time : 0.231831 (SEC)


 -------------------------------------------
 SELF-CONSISTENT
 -------------------------------------------

 Warning_Memory_Consuming allocated:  Veff<PW>::porter 5.49316 MB

 Warning_Memory_Consuming allocated:  Veff<PW>::porter1 5.49316 MB

 Warning_Memory_Consuming allocated:  Meta<PW>::porter 5.49316 MB
                                 init_chg = atomic
 DONE : INIT SCF Time : 0.302151 (SEC)


 PW ALGORITHM --------------- ION=   1  ELEC=   1--------------------------------

 Warning_Memory_Consuming allocated:  DiagSub::hpsi 6.00479 MB

 Warning_Memory_Consuming allocated:  DiagSub::evctemp 5.95039 MB

 Warning_Memory_Consuming allocated:  DiagSub::evctemp 5.96338 MB

 Warning_Memory_Consuming allocated:  DiagSub::evctemp 5.97742 MB

 Warning_Memory_Consuming allocated:  DiagSub::evctemp 5.99216 MB

 Warning_Memory_Consuming allocated:  DiagSub::evctemp 6.00479 MB
Average iterative diagonalization steps: 10.4609 ; where current threshold is: 0.01 . 

 Warning_Memory_Consuming allocated:  ElecSPW::wfcr 5.49316 MB

 Warning_Memory_Consuming allocated:  ElecSPW::wfcr_a 5.49316 MB
 Notice: Threshold on eigenvalues was too large.
 hsover_error=0.26 > DRHO=0.131887
 Origin diag_ethr = 0.01
 New    diag_ethr = 0.000507256
Average iterative diagonalization steps: 7.34348 ; where current threshold is: 0.000507256 . 

 Warning_Memory_Consuming allocated:  ChgMix::Rrho 54.9316 MB

 Warning_Memory_Consuming allocated:  ChgMix::dRrho 52.1851 MB

 Warning_Memory_Consuming allocated:  ChgMix::drho 52.1851 MB

 Density error is 0.114714485797
                          Error Threshold = 0.000507256160071

       Energy                       Rydberg                            eV
       E_KohnSham                -178.266708553                -2425.44300003
         E_Harris                -178.280519469                -2425.63090718
          E_Fermi              -0.0361975040887               -0.492492308985

 PW ALGORITHM --------------- ION=   1  ELEC=   2--------------------------------
Average iterative diagonalization steps: 2 ; where current threshold is: 0.000441209560759 . 

 Density error is 0.0685649860134
                          Error Threshold = 0.000441209560759

       Energy                       Rydberg                            eV
       E_KohnSham                -178.250766733                -2425.22610044
         E_Harris                -178.722683402                -2431.64685612
          E_Fermi              -0.0425267894926               -0.578606654746

 PW ALGORITHM --------------- ION=   1  ELEC=   3--------------------------------
Average iterative diagonalization steps: 2.51739130435 ; where current threshold is: 0.000263711484667 . 

 Density error is 0.0350707685001
                          Error Threshold = 0.000263711484667

       Energy                       Rydberg                            eV
       E_KohnSham                -178.251749187                -2425.23946741
         E_Harris                -176.231547188                -2397.75320912
          E_Fermi              -0.0340683959361               -0.463524306451

 PW ALGORITHM --------------- ION=   1  ELEC=   4--------------------------------
Average iterative diagonalization steps: 2.30869565217 ; where current threshold is: 0.000134887571154 . 

 Density error is 0.00612801917642
                          Error Threshold = 0.000134887571154

       Energy                       Rydberg                            eV
       E_KohnSham                -178.252865344                -2425.25465351
         E_Harris                -173.717936009                -2363.55377453
          E_Fermi              -0.0303742504461               -0.413262878545

 PW ALGORITHM --------------- ION=   1  ELEC=   5--------------------------------
Average iterative diagonalization steps: 3.7347826087 ; where current threshold is: 2.35693045247e-05 . 

 Density error is 0.00540435925588
                          Error Threshold = 2.35693045247e-05

       Energy                       Rydberg                            eV
       E_KohnSham                -178.252189715                -2425.24546109
         E_Harris                -176.083018301                -2395.73236993
          E_Fermi              -0.0250192314689               -0.340404107558

 PW ALGORITHM --------------- ION=   1  ELEC=   6--------------------------------
Average iterative diagonalization steps: 3.25217391304 ; where current threshold is: 2.0785997138e-05 . 

 Density error is 0.0058097014765
                          Error Threshold = 2.0785997138e-05

       Energy                       Rydberg                            eV
       E_KohnSham                -178.252970623                 -2425.2560859
         E_Harris                -178.513667489                -2428.80304873
          E_Fermi              -0.0192849077908                -0.26238463136

 PW ALGORITHM --------------- ION=   1  ELEC=   7--------------------------------
Average iterative diagonalization steps: 2.1 ; where current threshold is: 2.0785997138e-05 . 

 Density error is 0.000871948486557
                          Error Threshold = 2.0785997138e-05

       Energy                       Rydberg                            eV
       E_KohnSham                -178.253728363                -2425.26639548
         E_Harris                -175.935067948                -2393.71940212
          E_Fermi              -0.0207425394005               -0.282216726836

 PW ALGORITHM --------------- ION=   1  ELEC=   8--------------------------------
Average iterative diagonalization steps: 2.65652173913 ; where current threshold is: 3.35364802522e-06 . 

 Density error is 0.000740855538211
                          Error Threshold = 3.35364802522e-06

       Energy                       Rydberg                            eV
       E_KohnSham                -178.253669145                -2425.26558978
         E_Harris                 -177.85262297                -2419.80907663
          E_Fermi              -0.0205266473101               -0.279279364254

 PW ALGORITHM --------------- ION=   1  ELEC=   9--------------------------------
Average iterative diagonalization steps: 2.3652173913 ; where current threshold is: 2.84944437773e-06 . 

 Density error is 0.000460980698857
                          Error Threshold = 2.84944437773e-06

       Energy                       Rydberg                            eV
       E_KohnSham                -178.253596676                -2425.26460379
         E_Harris                -177.822362079                -2419.39735609
          E_Fermi              -0.0192790468261               -0.262304888844

 PW ALGORITHM --------------- ION=   1  ELEC=  10--------------------------------
Average iterative diagonalization steps: 3.00434782609 ; where current threshold is: 1.77300268791e-06 . 

 Density error is 0.0003190595962
                          Error Threshold = 1.77300268791e-06

       Energy                       Rydberg                            eV
       E_KohnSham                -178.253593351                -2425.26455855
         E_Harris                -177.704652893                -2417.79584045
          E_Fermi              -0.0156719385556               -0.213227663062

 PW ALGORITHM --------------- ION=   1  ELEC=  11--------------------------------
Average iterative diagonalization steps: 2.01739130435 ; where current threshold is: 1.22715229308e-06 . 

 Density error is 0.000290667875318
                          Error Threshold = 1.22715229308e-06

       Energy                       Rydberg                            eV
       E_KohnSham                 -178.25357871                -2425.26435934
         E_Harris                -177.632352273                -2416.81214005
          E_Fermi              -0.0151434493408               -0.206037198409

 PW ALGORITHM --------------- ION=   1  ELEC=  12--------------------------------
Average iterative diagonalization steps: 2.61739130435 ; where current threshold is: 1.11795336661e-06 . 

 Density error is 0.00024623209057
                          Error Threshold = 1.11795336661e-06

       Energy                       Rydberg                            eV
       E_KohnSham                -178.253537025                -2425.26379219
         E_Harris                -177.712680124                -2417.90505653
          E_Fermi              -0.0140715306823               -0.191452996861

 PW ALGORITHM --------------- ION=   1  ELEC=  13--------------------------------
Average iterative diagonalization steps: 3.1 ; where current threshold is: 9.47046502191e-07 . 

 Density error is 0.000160073240611
                          Error Threshold = 9.47046502191e-07

       Energy                       Rydberg                            eV
       E_KohnSham                -178.253543519                -2425.26388054
         E_Harris                -177.756243122                -2418.49776153
          E_Fermi              -0.0107512079281               -0.146277688204

 PW ALGORITHM --------------- ION=   1  ELEC=  14--------------------------------
Average iterative diagonalization steps: 2 ; where current threshold is: 6.15666310043e-07 . 

 Density error is 0.000162537204125
                          Error Threshold = 6.15666310043e-07

       Energy                       Rydberg                            eV
       E_KohnSham                -178.253534553                -2425.26375856
         E_Harris                -177.745386059                -2418.35004361
          E_Fermi              -0.0106989852528               -0.145567162256

 PW ALGORITHM --------------- ION=   1  ELEC=  15--------------------------------
Average iterative diagonalization steps: 2.30869565217 ; where current threshold is: 6.15666310043e-07 . 

 Density error is 0.000126245702698
                          Error Threshold = 6.15666310043e-07

       Energy                       Rydberg                            eV
       E_KohnSham                -178.253527044                -2425.26365639
         E_Harris                -177.769252465                -2418.67476272
          E_Fermi             -0.00932148236384               -0.126825273955

 PW ALGORITHM --------------- ION=   1  ELEC=  16--------------------------------
Average iterative diagonalization steps: 2.80869565217 ; where current threshold is: 4.85560394992e-07 . 

 Density error is 9.94833170404e-05
                          Error Threshold = 4.85560394992e-07

       Energy                       Rydberg                            eV
       E_KohnSham                -178.253526777                -2425.26365276
         E_Harris                -177.892965449                -2420.35796423
          E_Fermi             -0.00778466847356               -0.105915848281

 PW ALGORITHM --------------- ION=   1  ELEC=  17--------------------------------
Average iterative diagonalization steps: 2.05217391304 ; where current threshold is: 3.82628142463e-07 . 

 Density error is 9.80523529765e-05
                          Error Threshold = 3.82628142463e-07

       Energy                       Rydberg                            eV
       E_KohnSham                -178.253525435                 -2425.2636345
         E_Harris                -177.899817984                -2420.45119775
          E_Fermi             -0.00753651539048               -0.102539552375

 PW ALGORITHM --------------- ION=   1  ELEC=  18--------------------------------
Average iterative diagonalization steps: 2.70434782609 ; where current threshold is: 3.77124434525e-07 . 

 Density error is 6.67541345611e-05
                          Error Threshold = 3.77124434525e-07

       Energy                       Rydberg                            eV
       E_KohnSham                -178.253525716                -2425.26363833
         E_Harris                -177.925337742                -2420.79841186
          E_Fermi             -0.00525357582774              -0.0714785661324

 PW ALGORITHM --------------- ION=   1  ELEC=  19--------------------------------
Average iterative diagonalization steps: 2.11304347826 ; where current threshold is: 2.56746671389e-07 . 

 Density error is 5.98914815868e-05
                          Error Threshold = 2.56746671389e-07

       Energy                       Rydberg                            eV
       E_KohnSham                -178.253525746                -2425.26363873
         E_Harris                -177.948501456                -2421.11357036
          E_Fermi             -0.00484454089618               -0.065913360382

 PW ALGORITHM --------------- ION=   1  ELEC=  20--------------------------------
Average iterative diagonalization steps: 2.13043478261 ; where current threshold is: 2.30351852257e-07 . 

 Density error is 5.49738725508e-05
                          Error Threshold = 2.30351852257e-07

       Energy                       Rydberg                            eV
       E_KohnSham                -178.253534841                -2425.26376247
         E_Harris                -177.983395039                -2421.58832192
          E_Fermi             -0.00447151593591              -0.0608380954262

 PW ALGORITHM --------------- ION=   1  ELEC=  21--------------------------------
Average iterative diagonalization steps: 2.80434782609 ; where current threshold is: 2.11437971349e-07 . 

 Density error is 3.04540338499e-05
                          Error Threshold = 2.11437971349e-07

       Energy                       Rydberg                            eV
       E_KohnSham                -178.253535464                -2425.26377095
         E_Harris                -178.049641874                -2422.48965634
          E_Fermi             -0.00220292860261              -0.0299723812827

 PW ALGORITHM --------------- ION=   1  ELEC=  22--------------------------------
Average iterative diagonalization steps: 2.48260869565 ; where current threshold is: 1.17130899423e-07 . 

 Density error is 2.95644101131e-05
                          Error Threshold = 1.17130899423e-07

       Energy                       Rydberg                            eV
       E_KohnSham                -178.253535193                -2425.26376726
         E_Harris                -178.048076637                -2422.46836021
          E_Fermi             -0.00192352375441              -0.0261708832984

 PW ALGORITHM --------------- ION=   1  ELEC=  23--------------------------------
Average iterative diagonalization steps: 2 ; where current threshold is: 1.13709269666e-07 . 

 Density error is 2.85315860055e-05
                          Error Threshold = 1.13709269666e-07

       Energy                       Rydberg                            eV
       E_KohnSham                -178.253548208                -2425.26394434
         E_Harris                -178.039109401                 -2422.3463547
          E_Fermi             -0.00191639498756              -0.0260738914494

 PW ALGORITHM --------------- ION=   1  ELEC=  24--------------------------------
Average iterative diagonalization steps: 3.1 ; where current threshold is: 1.09736869252e-07 . 

 Density error is 1.1851207794e-05
                          Error Threshold = 1.09736869252e-07

       Energy                       Rydberg                            eV
       E_KohnSham                -178.253560631                -2425.26411337
         E_Harris                -178.101475466                -2423.19488854
          E_Fermi            +0.000160934405838             +0.00218962492364

 PW ALGORITHM --------------- ION=   1  ELEC=  25--------------------------------
Average iterative diagonalization steps: 3.95652173913 ; where current threshold is: 4.55815684385e-08 . 

 Density error is 2.88668069718e-06
                          Error Threshold = 4.55815684385e-08

       Energy                       Rydberg                            eV
       E_KohnSham                -178.253562569                -2425.26413973
         E_Harris                -178.170677049                -2424.13642438
          E_Fermi              +0.0020960758288              +0.0285185747117

 PW ALGORITHM --------------- ION=   1  ELEC=  26--------------------------------
Average iterative diagonalization steps: 3.31739130435 ; where current threshold is: 1.11026180661e-08 . 

 Density error is 2.30513192139e-06
                          Error Threshold = 1.11026180661e-08

       Energy                       Rydberg                            eV
       E_KohnSham                -178.253568404                -2425.26421912
         E_Harris                -178.196462416                 -2424.4872523
          E_Fermi             +0.00234268293507              +0.0318738365243

 PW ALGORITHM --------------- ION=   1  ELEC=  27--------------------------------
Average iterative diagonalization steps: 4.46956521739 ; where current threshold is: 8.86589200534e-09 . 

 Density error is 4.50599267016e-07
                          Error Threshold = 8.86589200534e-09

       Energy                       Rydberg                            eV
       E_KohnSham                -178.253569585                -2425.26423519
         E_Harris                -178.220068191                -2424.80842535
          E_Fermi             +0.00339425778901              +0.0461812464114

 PW ALGORITHM --------------- ION=   1  ELEC=  28--------------------------------
Average iterative diagonalization steps: 4.55217391304 ; where current threshold is: 1.73307410391e-09 . 

 Density error is 1.47526421924e-07
                          Error Threshold = 1.73307410391e-09

       Energy                       Rydberg                            eV
       E_KohnSham                -178.253569898                -2425.26423946
         E_Harris                -178.232584762                -2424.97872204
          E_Fermi             +0.00368532640713              +0.0501414381268

 PW ALGORITHM --------------- ION=   1  ELEC=  29--------------------------------
Average iterative diagonalization steps: 4.21739130435 ; where current threshold is: 5.67409315093e-10 . 

 Density error is 8.53204579085e-08
                          Error Threshold = 5.67409315093e-10

       Energy                       Rydberg                            eV
       E_KohnSham                -178.253570321                -2425.26424521
         E_Harris                -178.239812642                -2425.07706238
          E_Fermi             +0.00375230459347              +0.0510527231027

 PW ALGORITHM --------------- ION=   1  ELEC=  30--------------------------------
Average iterative diagonalization steps: 4.81304347826 ; where current threshold is: 3.2815560734e-10 . 

 Density error is 5.49503239798e-08
                          Error Threshold = 3.2815560734e-10

       Energy                       Rydberg                            eV
       E_KohnSham                -178.253570916                 -2425.2642533
         E_Harris                -178.243807538                -2425.13141574
          E_Fermi             +0.00381906988121              +0.0519611114447

 PW ALGORITHM --------------- ION=   1  ELEC=  31--------------------------------
Average iterative diagonalization steps: 6.07826086957 ; where current threshold is: 2.11347399922e-10 . 

 Density error is 3.0297885617e-09
                          Error Threshold = 2.11347399922e-10

           Energy                       Rydberg                            eV
       E_KohnSham                -178.253570971                -2425.26425406
   E_KS(sigma->0)                -178.253570971                -2425.26425406
         E_Harris                -178.251944305                -2425.24212212
           E_band                -30.4524024916                -414.326191675
       E_one_elec                 -1019.4113723                -13869.8032693
        E_Hartree                +510.430415728                +6944.76208641
             E_xc                -24.4887143847                -333.186052327
          E_Ewald                +355.216099985                +4832.96298114
   E_entropy(-TS)                            +0                            +0
          E_descf                            +0                            +0
            E_exx                            +0                            +0
          E_Fermi             +0.00404027308708              +0.0549707354603

 charge density convergence is achieved
 final etot is -2425.2642541 eV
 EFERMI = 0.05497073546 eV

 STATE ENERGY(eV) AND OCCUPATIONS    NSPIN == 1
 1/10 kpoint (Cartesian) = 0.0000 0.0000 0.0000 (16955 pws)
       1       -60.8301      0.0312500
       2       -34.9880      0.0312500
       3       -34.5747      0.0312500
       4       -34.5747      0.0312500
       5       -13.8707      0.0312500
       6       -13.1846      0.0312500
       7       -5.40543      0.0312500
       8       -2.66136      0.0312500
       9       -1.21748      0.0312500
      10       -1.17873      0.0312500
      11       -1.17873      0.0312500
      12     -0.0171837      0.0312500
      13     -0.0171835      0.0312500
      14        2.80535        0.00000
      15        2.80535        0.00000
      16        3.06665        0.00000
      17        3.06665        0.00000
      18        5.02002        0.00000
      19        5.38043        0.00000
      20        6.05825        0.00000
      21        7.16192        0.00000
      22        7.65034        0.00000
      23        9.06004        0.00000

 2/10 kpoint (Cartesian) = -0.12500 0.072169 0.0000 (16992 pws)
       1       -60.8210       0.187500
       2       -34.9739       0.187500
       3       -34.6526       0.187500
       4       -34.5927       0.187500
       5       -13.6136       0.187500
       6       -13.0083       0.187500
       7       -5.06785       0.187500
       8       -2.82598       0.187500
       9       -1.78022       0.187500
      10       -1.10333       0.187500
      11      -0.902857       0.187500
      12      -0.471777       0.187500
      13      -0.401432       0.187500
      14        1.95295        0.00000
      15        2.57237        0.00000
      16        2.66109        0.00000
      17        3.27396        0.00000
      18        5.40273        0.00000
      19        5.73862        0.00000
      20        6.43940        0.00000
      21        7.67691        0.00000
      22        7.99104        0.00000
      23        9.55693        0.00000

 3/10 kpoint (Cartesian) = -0.25000 0.14434 0.0000 (17032 pws)
       1       -60.7990       0.187500
       2       -34.9397       0.187500
       3       -34.8376       0.187500
       4       -34.6358       0.187500
       5       -12.9096       0.187500
       6       -12.5273       0.187500
       7       -4.36380       0.187500
       8       -3.37302       0.187500
       9       -3.07556       0.187500
      10       -1.67701       0.187500
      11       -1.13063       0.187500
      12       -1.11089       0.187500
      13      -0.294714       0.187500
      14        1.29677        0.00000
      15        2.29100        0.00000
      16        2.65672        0.00000
      17        3.52378        0.00000
      18        6.23609        0.00000
      19        6.70514        0.00000
      20        7.18980        0.00000
      21        8.00708        0.00000
      22        8.81761        0.00000
      23        9.33886        0.00000

 4/10 kpoint (Cartesian) = -0.37500 0.21651 0.0000 (17074 pws)
       1       -60.7768       0.187500
       2       -35.0180       0.187500
       3       -34.9054       0.187500
       4       -34.6786       0.187500
       5       -12.0076       0.187500
       6       -11.9289       0.187500
       7       -4.89854       0.187500
       8       -4.40474       0.187500
       9       -3.60341       0.187500
      10       -2.39221       0.187500
      11       -1.66049       0.187500
      12       -1.10769       0.187500
      13      0.0362747       0.187500
      14        1.99839        0.00000
      15        2.62172        0.00000
      16        3.05026        0.00000
      17        3.59241        0.00000
      18        6.52810        0.00000
      19        7.67460        0.00000
      20        7.73855        0.00000
      21        8.46379        0.00000
      22        8.79088        0.00000
      23        9.48413        0.00000

 5/10 kpoint (Cartesian) = 0.50000 0.86603 0.0000 (17110 pws)
       1       -60.7676      0.0937500
       2       -35.0916      0.0937500
       3       -34.8912      0.0937500
       4       -34.6962      0.0937500
       5       -11.6248      0.0937500
       6       -11.5219      0.0937500
       7       -5.58402      0.0937500
       8       -4.97569      0.0937500
       9       -3.67116      0.0937500
      10       -2.54766      0.0937500
      11       -1.85957      0.0937500
      12      -0.818240      0.0937500
      13      0.0549707      0.0937500
      14        2.61510        0.00000
      15        3.01023        0.00000
      16        3.24107        0.00000
      17        3.59100        0.00000
      18        6.19779        0.00000
      19        7.76236        0.00000
      20        7.85213        0.00000
      21        8.47406        0.00000
      22        9.32054        0.00000
      23        9.98875        0.00000

 6/10 kpoint (Cartesian) = -0.25000 0.0000 0.0000 (17031 pws)
       1       -60.8054       0.187500
       2       -34.9498       0.187500
       3       -34.7752       0.187500
       4       -34.6321       0.187500
       5       -13.1316       0.187500
       6       -12.6778       0.187500
       7       -4.50528       0.187500
       8       -3.08951       0.187500
       9       -2.67326       0.187500
      10       -1.67951       0.187500
      11       -1.08385       0.187500
      12      -0.650620       0.187500
      13      -0.525248       0.187500
      14        1.23551        0.00000
      15        2.30027        0.00000
      16        2.48041        0.00000
      17        3.46209        0.00000
      18        6.02731        0.00000
      19        6.40883        0.00000
      20        7.03958        0.00000
      21        8.03498        0.00000
      22        8.62164        0.00000
      23        9.84575        0.00000

 7/10 kpoint (Cartesian) = -0.37500 0.072169 0.0000 (17075 pws)
       1       -60.7833       0.375000
       2       -34.9387       0.375000
       3       -34.9155       0.375000
       4       -34.6942       0.375000
       5       -12.3117       0.375000
       6       -12.1221       0.375000
       7       -4.25380       0.375000
       8       -3.74618       0.375000
       9       -3.47531       0.375000
      10       -2.75053       0.375000
      11       -1.47539       0.375000
      12       -1.32756       0.375000
      13      -0.251189       0.375000
      14        1.18766        0.00000
      15        2.66215        0.00000
      16        2.74890        0.00000
      17        3.55487        0.00000
      18        6.88279        0.00000
      19        7.56961        0.00000
      20        7.59479        0.00000
      21        8.52368        0.00000
      22        9.35087        0.00000
      23        9.78167        0.00000

 8/10 kpoint (Cartesian) = 0.50000 0.72169 0.0000 (17069 pws)
       1       -60.7676       0.375000
       2       -35.0514       0.375000
       3       -34.8912       0.375000
       4       -34.7387       0.375000
       5       -11.6289       0.375000
       6       -11.5546       0.375000
       7       -5.18684       0.375000
       8       -4.73520       0.375000
       9       -3.49793       0.375000
      10       -2.72814       0.375000
      11       -2.04922       0.375000
      12       -1.50962       0.375000
      13      -0.163670       0.375000
      14        2.14950        0.00000
      15        2.82996        0.00000
      16        3.16413        0.00000
      17        3.66558        0.00000
      18        6.59572        0.00000
      19        8.24313        0.00000
      20        8.47502        0.00000
      21        9.33214        0.00000
      22        9.80092        0.00000
      23        10.0087        0.00000

 9/10 kpoint (Cartesian) = 0.50000 0.57735 0.0000 (17073 pws)
       1       -60.7676       0.187500
       2       -34.9952       0.187500
       3       -34.8913       0.187500
       4       -34.7971       0.187500
       5       -11.6329       0.187500
       6       -11.5863       0.187500
       7       -4.62260       0.187500
       8       -4.34365       0.187500
       9       -3.26363       0.187500
      10       -3.21180       0.187500
      11       -2.49704       0.187500
      12       -1.97810       0.187500
      13      -0.236928       0.187500
      14        1.63800        0.00000
      15        2.27217        0.00000
      16        3.34416        0.00000
      17        3.96766        0.00000
      18        7.08793        0.00000
      19        8.42973        0.00000
      20        8.68575        0.00000
      21        9.44228        0.00000
      22        9.91248        0.00000
      23        9.97971        0.00000

 10/10 kpoint (Cartesian) = 0.37500 0.64952 0.0000 (17095 pws)
       1       -60.7611       0.187500
       2       -34.9997       0.187500
       3       -34.8812       0.187500
       4       -34.8587       0.187500
       5       -11.3928       0.187500
       6       -11.2272       0.187500
       7       -4.77805       0.187500
       8       -4.74707       0.187500
       9       -3.40653       0.187500
      10       -3.03763       0.187500
      11       -2.84311       0.187500
      12       -2.53118       0.187500
      13     0.00874786       0.187500
      14        2.03815        0.00000
      15        2.33155        0.00000
      16        3.00080        0.00000
      17        4.27950        0.00000
      18        7.02713        0.00000
      19        8.25846        0.00000
      20        9.22839        0.00000
      21        9.73842        0.00000
      22        10.0054        0.00000
      23        10.5339        0.00000



 --------------------------------------------
 !FINAL_ETOT_IS -2425.264254058990 eV
 --------------------------------------------






  |CLASS_NAME---------|NAME---------------|TIME(Sec)-----|CALLS----|AVG------|PER%-------
                                      total         72.871        17       4.3   1.0e+02%
                 Driver         driver_line         72.855         1       73.    1.e+02%
                   Ions            opt_ions         72.624         1       73.    1.e+02%
          ESolver_KS_PW                 Run         72.624         1       73.    1.e+02%
               PW_Basis          recip2real        0.27663       226    0.0012      0.38%
              Potential  update_from_charge        0.89295        32     0.028       1.2%
              Potential           cal_v_eff        0.88946        32     0.028       1.2%
           H_Hartree_pw           v_hartree        0.13880        32    0.0043      0.19%
               PW_Basis          real2recip        0.34308       320    0.0011      0.47%
                  PotXC           cal_v_eff        0.71463        32     0.022      0.98%
          XC_Functional                v_xc        0.69849        32     0.022      0.96%
               Symmetry       rhog_symmetry        0.30753        33    0.0093      0.42%
              HSolverPW               solve         70.733        32       2.2       97.%
               Nonlocal              getvnl        0.28197       320   0.00088      0.39%
            pp_cell_vnl              getvnl        0.28169       320   0.00088      0.39%
        DiagoIterAssist      diagH_subspace         11.609       310     0.037       16.%
             OperatorPW                hPsi         52.317     25006    0.0021       72.%
               Operator          EkineticPW        0.36646     25006   1.5e-05      0.50%
               Operator              VeffPW         48.898     25006    0.0020       67.%
             PW_Basis_K          recip2real         34.279     35986   0.00095       47.%
             PW_Basis_K    gathers_scatterp         5.7749     35986   0.00016       7.9%
             PW_Basis_K          real2recip         18.011     31826   0.00057       25.%
             PW_Basis_K    gatherp_scatters         2.4739     31826   7.8e-05       3.4%
               Operator          NonlocalPW         2.0777     25006   8.3e-05       2.9%
               Nonlocal     add_nonlocal_pp         1.2115     25006   4.8e-05       1.7%
        DiagoIterAssist     LAPACK_subspace        0.11227       310   0.00036      0.15%
                DiagoCG           diag_once         53.922       320      0.17       74.%
            ElecStatePW            psiToRho         4.3591        32      0.14       6.0%
                 Charge             mix_rho        0.25325        30    0.0084      0.35%
                 Charge        Pulay_mixing        0.24940        30    0.0083      0.34%
 ----------------------------------------------------------------------------------------

 NAME---------------|MEMORY(MB)--------
               total          308.5
              Psi_PW          60.05
        ChgMix::Rrho          54.93
       ChgMix::dRrho          52.19
        ChgMix::drho          52.19
           FFT::grid          10.99
       DiagSub::hpsi          6.005
    DiagSub::evctemp          6.005
    Veff<PW>::porter          5.493
   Veff<PW>::porter1          5.493
    Meta<PW>::porter          5.493
       ElecSPW::wfcr          5.493
     ElecSPW::wfcr_a          5.493
            VNL::vkb          4.438
        SF::strucFac          4.168
        PW_B_K::gcar          3.916
            Chg::rho          2.747
       Chg::rho_save          2.747
       Chg::rho_core          2.747
       Pot::veff_fix          2.747
           Pot::veff          2.747
   ChgMix::rho_save2          2.747
           VNL::vkb1          2.350
         PW_B_K::gk2          1.305
            VNL::ylm          1.175
   YlmReal::Ylm_Real          1.175
           Chg::rhog          1.042
      Chg::rhog_save          1.042
      Chg::rhog_core          1.042
 -------------   < 1.0 MB has been ignored ----------------
 ----------------------------------------------------------

 Start  Time  : Sun Dec  3 13:59:45 2023
 Finish Time  : Sun Dec  3 14:00:58 2023
 Total  Time  : 0 h 1 mins 13 secs 
