                                                                                     
                              ABACUS v3.3.2

               Atomic-orbital Based Ab-initio Computation at UStc                    

                     Website: http://abacus.ustc.edu.cn/                             
               Documentation: https://abacus.deepmodeling.com/                       
                  Repository: https://github.com/abacusmodeling/abacus-develop       
                              https://github.com/deepmodeling/abacus-develop         
                      Commit: e39b50e (Fri Aug 18 16:14:25 2023 +0800)

 Sun Dec  3 13:52:27 2023
 MAKE THE DIR         : OUT.ABACUS/

%%%%%%%%%%%%%%%%%%%%%%%%%%%%%%%%%%%%%%%%%%%%%%%%%%%%%%%%%%%%%%%%%%%%%%%%%%%%%%%%%%%%%%%%%%%%%%%%%%%%%%%%%
 Warning: the number of valence electrons in pseudopotential > 6 for Mo: [Kr] 4d5 5s1
 Pseudopotentials with additional electrons can yield (more) accurate outcomes, but may be less efficient.
 If you're confident that your chosen pseudopotential is appropriate, you can safely ignore this warning.
%%%%%%%%%%%%%%%%%%%%%%%%%%%%%%%%%%%%%%%%%%%%%%%%%%%%%%%%%%%%%%%%%%%%%%%%%%%%%%%%%%%%%%%%%%%%%%%%%%%%%%%%%

 UNIFORM GRID DIM     : 40 * 40 * 225
 UNIFORM GRID DIM(BIG): 40 * 40 * 225
 DONE(0.0765947  SEC) : SETUP UNITCELL
 DONE(0.0990667  SEC) : SYMMETRY
 DONE(0.16415    SEC) : INIT K-POINTS
 ---------------------------------------------------------
 Self-consistent calculations for electrons
 ---------------------------------------------------------
 SPIN    KPOINTS         PROCESSORS  
 1       10              1           
 ---------------------------------------------------------
 Use plane wave basis
 ---------------------------------------------------------
 ELEMENT NATOM       XC          
 Mo      1           
 S       2           
 ---------------------------------------------------------
 Initial plane wave basis and FFT box
 ---------------------------------------------------------
 DONE(0.176264   SEC) : INIT PLANEWAVE
 MEMORY FOR PSI (MB)  : 57.7597
 DONE(0.207718   SEC) : LOCAL POTENTIAL
 DONE(0.234032   SEC) : NON-LOCAL POTENTIAL
 DONE(0.234069   SEC) : INIT BASIS
 -------------------------------------------
 SELF-CONSISTENT : 
 -------------------------------------------
 START CHARGE      : atomic
 DONE(0.304231   SEC) : INIT SCF
 ITER   ETOT(eV)       EDIFF(eV)      DRHO       TIME(s)    
 CG1    -2.426076e+03  0.000000e+00   1.093e-01  1.170e+01  
 CG2    -2.425654e+03  4.223127e-01   8.149e-02  1.532e+00  
 CG3    -2.425825e+03  -1.713713e-01  1.531e-02  2.101e+00  
 CG4    -2.425796e+03  2.938442e-02   7.655e-03  1.738e+00  
 CG5    -2.425830e+03  -3.458032e-02  1.120e-02  2.388e+00  
 CG6    -2.425800e+03  3.083402e-02   5.205e-03  1.504e+00  
 CG7    -2.425816e+03  -1.652942e-02  4.478e-03  2.351e+00  
 CG8    -2.425821e+03  -5.087071e-03  6.541e-04  1.522e+00  
 CG9    -2.425820e+03  8.195700e-04   4.987e-04  2.229e+00  
 CG10   -2.425820e+03  -8.261184e-05  3.274e-04  2.191e+00  
 CG11   -2.425820e+03  3.162220e-04   3.225e-04  2.061e+00  
 CG12   -2.425820e+03  4.328182e-04   2.277e-04  1.636e+00  
 CG13   -2.425820e+03  -2.000078e-04  1.588e-04  2.005e+00  
 CG14   -2.425820e+03  -2.975168e-05  1.646e-04  1.493e+00  
 CG15   -2.425820e+03  1.364053e-04   1.766e-04  1.491e+00  
 CG16   -2.425819e+03  3.032717e-04   1.448e-04  1.503e+00  
 CG17   -2.425820e+03  -5.138583e-05  1.023e-04  2.125e+00  
 CG18   -2.425820e+03  -4.837405e-05  9.832e-05  1.505e+00  
 CG19   -2.425820e+03  -3.572481e-04  2.012e-04  2.222e+00  
 CG20   -2.425820e+03  -2.178148e-04  2.829e-04  1.797e+00  
 CG21   -2.425820e+03  -1.209523e-04  3.664e-04  1.658e+00  
 CG22   -2.425820e+03  -6.071510e-05  4.166e-04  1.647e+00  
 CG23   -2.425820e+03  -1.898414e-05  4.419e-04  1.494e+00  
 CG24   -2.425820e+03  -9.305089e-05  4.587e-04  1.781e+00  
 CG25   -2.425820e+03  5.858391e-05   4.931e-04  1.493e+00  
 CG26   -2.425821e+03  -1.961450e-04  4.736e-04  1.498e+00  
 CG27   -2.425821e+03  -4.474014e-04  5.432e-04  1.506e+00  
 CG28   -2.425821e+03  2.071899e-04   7.762e-04  1.970e+00  
 CG29   -2.425820e+03  3.942671e-04   6.582e-04  1.772e+00  
 CG30   -2.425820e+03  -1.353310e-05  5.050e-04  1.686e+00  
 CG31   -2.425821e+03  -4.041670e-04  4.935e-04  1.492e+00  
 CG32   -2.425821e+03  -1.158406e-04  6.602e-04  1.504e+00  
 CG33   -2.425818e+03  2.871066e-03   7.013e-04  1.499e+00  
 CG34   -2.425819e+03  -1.391689e-03  9.146e-05  2.848e+00  
 CG35   -2.425820e+03  -2.436550e-05  7.865e-05  1.690e+00  
 CG36   -2.425820e+03  -7.920261e-06  7.565e-05  1.511e+00  
 CG37   -2.425820e+03  -1.639489e-05  6.600e-05  1.647e+00  
 CG38   -2.425820e+03  -3.109555e-06  6.258e-05  1.572e+00  
 CG39   -2.425820e+03  -8.305786e-05  5.598e-05  1.556e+00  
 CG40   -2.425820e+03  -3.761723e-05  3.465e-05  1.804e+00  
 CG41   -2.425820e+03  7.106794e-05   2.613e-05  1.965e+00  
 CG42   -2.425820e+03  -1.067604e-05  4.309e-05  1.881e+00  
 CG43   -2.425820e+03  -1.219160e-05  4.327e-05  1.516e+00  
 CG44   -2.425820e+03  -8.125850e-06  4.408e-05  1.708e+00  
 CG45   -2.425820e+03  3.446928e-05   4.251e-05  1.512e+00  
 CG46   -2.425820e+03  -1.263899e-04  4.177e-05  1.575e+00  
 CG47   -2.425820e+03  1.678641e-04   2.268e-05  2.125e+00  
 CG48   -2.425820e+03  -1.260468e-05  4.617e-05  2.208e+00  
 CG49   -2.425820e+03  1.765427e-05   4.183e-05  1.603e+00  
 CG50   -2.425820e+03  -1.686688e-05  4.601e-05  1.605e+00  
 CG51   -2.425820e+03  -1.166084e-06  4.580e-05  1.756e+00  
 CG52   -2.425820e+03  -2.995173e-06  4.591e-05  1.496e+00  
 CG53   -2.425820e+03  -6.415399e-06  4.492e-05  1.493e+00  
 CG54   -2.425820e+03  -2.398629e-05  4.380e-05  1.494e+00  
 CG55   -2.425820e+03  6.931056e-06   3.721e-05  1.720e+00  
 CG56   -2.425820e+03  -2.708412e-05  3.875e-05  1.569e+00  
 CG57   -2.425820e+03  -3.002511e-05  3.797e-05  1.771e+00  
 CG58   -2.425820e+03  -1.246364e-05  3.624e-05  1.678e+00  
 CG59   -2.425820e+03  -5.030806e-06  3.484e-05  1.500e+00  
 CG60   -2.425820e+03  -1.244707e-05  2.943e-05  1.757e+00  
 CG61   -2.425820e+03  -2.196320e-05  2.776e-05  1.503e+00  
 CG62   -2.425820e+03  1.064370e-05   2.601e-05  1.594e+00  
 CG63   -2.425820e+03  -1.519787e-05  2.734e-05  1.493e+00  
 CG64   -2.425820e+03  -8.421189e-05  2.408e-05  1.596e+00  
 CG65   -2.425820e+03  -2.945049e-05  1.732e-05  2.085e+00  
 CG66   -2.425820e+03  -3.528128e-05  1.548e-05  1.814e+00  
 CG67   -2.425820e+03  -1.227078e-04  1.231e-05  1.858e+00  
 CG68   -2.425820e+03  -7.615572e-05  4.177e-06  2.411e+00  
 CG69   -2.425820e+03  -7.703368e-05  1.581e-06  2.706e+00  
 CG70   -2.425820e+03  -1.043734e-05  1.839e-07  3.137e+00  
 CG71   -2.425820e+03  -3.612289e-06  9.325e-08  3.191e+00  
 CG72   -2.425820e+03  3.322144e-06   5.640e-08  2.768e+00  
 CG73   -2.425820e+03  -9.336808e-06  1.210e-07  3.083e+00  
 CG74   -2.425820e+03  -8.328827e-07  2.135e-08  3.612e+00  
 CG75   -2.425820e+03  -9.417960e-07  1.863e-08  2.646e+00  
 CG76   -2.425820e+03  1.219062e-06   1.896e-08  2.840e+00  
 CG77   -2.425820e+03  -6.228689e-06  2.461e-08  2.874e+00  
 CG78   -2.425820e+03  -6.114591e-07  2.436e-09  3.938e+00  

  |CLASS_NAME---------|NAME---------------|TIME(Sec)-----|CALLS----|AVG------|PER%-------
                       total               160.13         17        9.4       1e+02     %
   Driver              driver_line         160.11         1         1.6e+02   1e+02     %
   Ions                opt_ions            159.88         1         1.6e+02   1e+02     %
   ESolver_KS_PW       Run                 159.88         1         1.6e+02   1e+02     %
   PW_Basis            recip2real          0.67044        555       0.0012    0.42      %
   PW_Basis            gathers_scatterp    0.12378        555       0.00022   0.077     %
   Potential           update_from_charge  2.3146         79        0.029     1.4       %
   Potential           cal_v_eff           2.3106         79        0.029     1.4       %
   H_Hartree_pw        v_hartree           0.33091        79        0.0042    0.21      %
   PW_Basis            real2recip          0.81445        790       0.001     0.51      %
   PW_Basis            gatherp_scatters    0.10544        790       0.00013   0.066     %
   PotXC               cal_v_eff           1.8902         79        0.024     1.2       %
   XC_Functional       v_xc                1.8492         79        0.023     1.2       %
   Symmetry            rhog_symmetry       0.72034        80        0.009     0.45      %
   HSolverPW           solve               155.27         79        2         97        %
   Nonlocal            getvnl              0.62096        790       0.00079   0.39      %
   pp_cell_vnl         getvnl              0.62031        790       0.00079   0.39      %
   DiagoIterAssist     diagH_subspace      29.195         780       0.037     18        %
   OperatorPW          hPsi                115.92         54265     0.0021    72        %
   Operator            EkineticPW          0.81468        54265     1.5e-05   0.51      %
   Operator            VeffPW              109.07         54265     0.002     68        %
   PW_Basis_K          recip2real          78.033         81695     0.00096   49        %
   PW_Basis_K          gathers_scatterp    13.158         81695     0.00016   8.2       %
   PW_Basis_K          real2recip          39.744         71425     0.00056   25        %
   PW_Basis_K          gatherp_scatters    5.3168         71425     7.4e-05   3.3       %
   Operator            NonlocalPW          4.3298         54265     8e-05     2.7       %
   Nonlocal            add_nonlocal_pp     2.4562         54265     4.5e-05   1.5       %
   DiagoIterAssist     LAPACK_subspace     0.2806         780       0.00036   0.18      %
   DiagoCG             diag_once           114.19         790       0.14      71        %
   ElecStatePW         psiToRho            10.667         79        0.14      6.7       %
   Charge              mix_rho             0.58168        77        0.0076    0.36      %
   Charge              Pulay_mixing        0.5707         77        0.0074    0.36      %
 ----------------------------------------------------------------------------------------

 START  Time  : Sun Dec  3 13:52:27 2023
 FINISH Time  : Sun Dec  3 13:55:08 2023
 TOTAL  Time  : 161
 SEE INFORMATION IN : OUT.ABACUS/
