                                                                                     
                              ABACUS v3.3.2

               Atomic-orbital Based Ab-initio Computation at UStc                    

                     Website: http://abacus.ustc.edu.cn/                             
               Documentation: https://abacus.deepmodeling.com/                       
                  Repository: https://github.com/abacusmodeling/abacus-develop       
                              https://github.com/deepmodeling/abacus-develop         
                      Commit: e39b50e (Fri Aug 18 16:14:25 2023 +0800)

    Start Time is Sun Dec  3 11:46:21 2023
                                                                                     
 ------------------------------------------------------------------------------------

 READING GENERAL INFORMATION
                           global_out_dir = OUT.ABACUS/
                           global_in_card = INPUT
                               pseudo_dir = 
                              orbital_dir = 
                                    DRANK = 1
                                    DSIZE = 1
                                   DCOLOR = 1
                                    GRANK = 1
                                    GSIZE = 1
 The esolver type has been set to : ksdft_pw




 >>>>>>>>>>>>>>>>>>>>>>>>>>>>>>>>>>>>>>>>>>>>>>>>>>>>>>>>>>>>>>>>>>>>>>
 |                                                                    |
 | Reading atom information in unitcell:                              |
 | From the input file and the structure file we know the number of   |
 | different elments in this unitcell, then we list the detail        |
 | information for each element, especially the zeta and polar atomic |
 | orbital number for each element. The total atom number is counted. |
 | We calculate the nearest atom distance for each atom and show the  |
 | Cartesian and Direct coordinates for each atom. We list the file   |
 | address for atomic orbitals. The volume and the lattice vectors    |
 | in real and reciprocal space is also shown.                        |
 |                                                                    |
 <<<<<<<<<<<<<<<<<<<<<<<<<<<<<<<<<<<<<<<<<<<<<<<<<<<<<<<<<<<<<<<<<<<<<<




 READING UNITCELL INFORMATION
                                    ntype = 2
                  lattice constant (Bohr) = 5.66918
              lattice constant (Angstrom) = 3

 READING ATOM TYPE 1
                               atom label = Mo
                      L=0, number of zeta = 1
                      L=1, number of zeta = 1
                      L=2, number of zeta = 1
             number of atom for this type = 1

 READING ATOM TYPE 2
                               atom label = S
                      L=0, number of zeta = 1
                      L=1, number of zeta = 1
                      L=2, number of zeta = 1
             number of atom for this type = 2

                        TOTAL ATOM NUMBER = 3

 DIRECT COORDINATES
         atom                   x                   y                   z                 mag                  vx                  vy                  vz
     taud_Mo1            0.666667            0.333333                 0.1                   0                   0                   0                   0
      taud_S1                   0                   0                   0                   0                   0                   0                   0
      taud_S2                   0                   0                 0.2                   0                   0                   0                   0


                          Volume (Bohr^3) = 1051.96
                             Volume (A^3) = 155.884

 Lattice vectors: (Cartesian coordinate: in unit of a_0)
                   +1                  +0                  +0
                 -0.5           +0.866025                  +0
                   +0                  +0            +6.66667
 Reciprocal vectors: (Cartesian coordinate: in unit of 2 pi/a_0)
                   +1            +0.57735                  -0
                   +0             +1.1547                  -0
                   +0                  -0               +0.15




 >>>>>>>>>>>>>>>>>>>>>>>>>>>>>>>>>>>>>>>>>>>>>>>>>>>>>>>>>>>>>>>>>>>>>>
 |                                                                    |
 | Reading pseudopotentials files:                                    |
 | The pseudopotential file is in UPF format. The 'NC' indicates that |
 | the type of pseudopotential is 'norm conserving'. Functional of    |
 | exchange and correlation is decided by 4 given parameters in UPF   |
 | file.  We also read in the 'core correction' if there exists.      |
 | Also we can read the valence electrons number and the maximal      |
 | angular momentum used in this pseudopotential. We also read in the |
 | trail wave function, trail atomic density and local-pseudopotential|
 | on logrithmic grid. The non-local pseudopotential projector is also|
 | read in if there is any.                                           |
 |                                                                    |
 <<<<<<<<<<<<<<<<<<<<<<<<<<<<<<<<<<<<<<<<<<<<<<<<<<<<<<<<<<<<<<<<<<<<<<




                PAO radial cut off (Bohr) = 15

 Read in pseudopotential file is Mo_ONCV_PBE-1.0.upf
                     pseudopotential type = NC
          exchange-correlation functional = PBE
                 nonlocal core correction = 0
                        valence electrons = 14
                                     lmax = 2
                           number of zeta = 0
                     number of projectors = 6
                           L of projector = 0
                           L of projector = 0
                           L of projector = 1
                           L of projector = 1
                           L of projector = 2
                           L of projector = 2
                PAO radial cut off (Bohr) = 15

 Read in pseudopotential file is S_ONCV_PBE-1.0.upf
                     pseudopotential type = NC
          exchange-correlation functional = PBE
                 nonlocal core correction = 0
                        valence electrons = 6
                                     lmax = 1
                           number of zeta = 0
                     number of projectors = 4
                           L of projector = 0
                           L of projector = 0
                           L of projector = 1
                           L of projector = 1
     initial pseudo atomic orbital number = 0
                                   NLOCAL = 27

%%%%%%%%%%%%%%%%%%%%%%%%%%%%%%%%%%%%%%%%%%%%%%%%%%%%%%%%%%%%%%%%%%%%%%%%%%%%%%%%%%%%%%%%%%%%%%%%%%%%%%%%%%
 Warning: the number of valence electrons in pseudopotential > 6 for Mo: [Kr] 4d5 5s1
 Pseudopotentials with additional electrons can yield (more) accurate outcomes, but may be less efficient.
 If you're confident that your chosen pseudopotential is appropriate, you can safely ignore this warning.
%%%%%%%%%%%%%%%%%%%%%%%%%%%%%%%%%%%%%%%%%%%%%%%%%%%%%%%%%%%%%%%%%%%%%%%%%%%%%%%%%%%%%%%%%%%%%%%%%%%%%%%%%%
                  

 Warning_Memory_Consuming allocated:  FFT::grid 11.8652 MB




 >>>>>>>>>>>>>>>>>>>>>>>>>>>>>>>>>>>>>>>>>>>>>>>>>>>>>>>>>>>>>>>>>>>>>>
 |                                                                    |
 | Setup plane waves of charge/potential:                             |
 | Use the energy cutoff and the lattice vectors to generate the      |
 | dimensions of FFT grid. The number of FFT grid on each processor   |
 | is 'nrxx'. The number of plane wave basis in reciprocal space is   |
 | different for charege/potential and wave functions. We also set    |
 | the 'sticks' for the parallel of FFT. The number of plane waves    |
 | is 'npw' in each processor.                                        |
 <<<<<<<<<<<<<<<<<<<<<<<<<<<<<<<<<<<<<<<<<<<<<<<<<<<<<<<<<<<<<<<<<<<<<<





 SETUP THE PLANE WAVE BASIS
 energy cutoff for charge/potential (unit:Ry) = 400
            fft grid for charge/potential = [ 40, 40, 243 ]
                        fft grid division = [ 1, 1, 1 ]
        big fft grid for charge/potential = [ 40, 40, 243 ]
                                     nbxx = 388800
                                     nrxx = 388800

 SETUP PLANE WAVES FOR CHARGE/POTENTIAL
                    number of plane waves = 141961
                         number of sticks = 889

 PARALLEL PW FOR CHARGE/POTENTIAL
     PROC   COLUMNS(POT)             PW
        1            889         141961
 --------------- sum -------------------
        1            889         141961
                            number of |g| = 6648
                                  max |g| = 325.623
                                  min |g| = 0

 SETUP THE ELECTRONS NUMBER
            electron number of element Mo = 14
      total electron number of element Mo = 14
             electron number of element S = 6
       total electron number of element S = 12
            AUTOSET number of electrons:  = 26
 DONE : SETUP UNITCELL Time : 0.0774286 (SEC)





 >>>>>>>>>>>>>>>>>>>>>>>>>>>>>>>>>>>>>>>>>>>>>>>>>>>>>>>>>>>>>>>>>>>>>>
 |                                                                    |
 | Doing symmetry analysis:                                           |
 | We calculate the norm of 3 vectors and the angles between them,    |
 | the type of Bravais lattice is given. We can judge if the unticell |
 | is a primitive cell. Finally we give the point group operation for |
 | this unitcell. We use the point group operations to do symmetry |
 | analysis on given k-point mesh and the charge density.             |
 |                                                                    |
 <<<<<<<<<<<<<<<<<<<<<<<<<<<<<<<<<<<<<<<<<<<<<<<<<<<<<<<<<<<<<<<<<<<<<<




 LATTICE VECTORS: (CARTESIAN COORDINATE: IN UNIT OF A0)
                   +1                  +0                  +0
                 -0.5           +0.866025                  +0
                   +0                  +0            +6.66667
                       right hand lattice = 1
                                   NORM_A = 1
                                   NORM_B = 1
                                   NORM_C = 6.66667
                           ALPHA (DEGREE) = 90
                           BETA  (DEGREE) = 90
                           GAMMA (DEGREE) = 120

 The lattice vectors have been changed (STRU_SIMPLE.cif)

(for optimal symmetric configuration:)
                             BRAVAIS TYPE = 4
                     BRAVAIS LATTICE NAME = 04. Hexagonal cell
                                    ibrav = 4
                                    IBRAV = 4
                                  BRAVAIS = HEXAGONAL CELL
                       LATTICE CONSTANT A = 1
                                C/A RATIO = 6.66667
Original cell was already a primitive cell.
                        ROTATION MATRICES = 24
              PURE POINT GROUP OPERATIONS = 6
                   SPACE GROUP OPERATIONS = 12
                                       C2 = 0
                                       C3 = 2
                                       C4 = 0
                                       C6 = 0
                                       S1 = 3
                                       S3 = 0
                                       S4 = 0
                                       S6 = 0
                              POINT GROUP = C_3v
                                       C2 = 3
                                       C3 = 2
                                       C4 = 0
                                       C6 = 0
                                       S1 = 4
                                       S3 = 2
                                       S4 = 0
                                       S6 = 0
               POINT GROUP IN SPACE GROUP = D_3h
 DONE : SYMMETRY Time : 0.0996447 (SEC)





 >>>>>>>>>>>>>>>>>>>>>>>>>>>>>>>>>>>>>>>>>>>>>>>>>>>>>>>>>>>>>>>>>>>>>>
 |                                                                    |
 | Setup K-points                                                     |
 | We setup the k-points according to input parameters.               |
 | The reduced k-points are set according to symmetry operations.     |
 | We treat the spin as another set of k-points.                      |
 |                                                                    |
 <<<<<<<<<<<<<<<<<<<<<<<<<<<<<<<<<<<<<<<<<<<<<<<<<<<<<<<<<<<<<<<<<<<<<<





 SETUP K-POINTS
                                    nspin = 1
                   Input type of k points = Monkhorst-Pack(Gamma)
                                   nkstot = 64
                       right hand lattice = 1
(for reciprocal lattice: )
                             BRAVAIS TYPE = 4
                     BRAVAIS LATTICE NAME = 04. Hexagonal cell
                                    ibrav = 4
                       right hand lattice = 1
(for k-lattice: )
                             BRAVAIS TYPE = 4
                     BRAVAIS LATTICE NAME = 04. Hexagonal cell
                                    ibrav = 4
                       right hand lattice = 1
                        ROTATION MATRICES = 24
                               nkstot_ibz = 10
      IBZ             DirectX             DirectY             DirectZ              Weight    ibz2bz
        1                   0                   0                   0            0.015625         0
        2              -0.125               0.125                   0             0.09375         1
        3               -0.25                0.25                   0             0.09375         2
        4              -0.375               0.375                   0             0.09375         3
        5                 0.5                 0.5                   0            0.046875         4
        6               -0.25               0.125                   0             0.09375         9
        7              -0.375                0.25                   0              0.1875        10
        8                 0.5               0.375                   0              0.1875        11
        9                 0.5                0.25                   0             0.09375        18
       10               0.375               0.375                   0             0.09375        19
                               nkstot now = 10

  KPOINTS            DIRECT_X            DIRECT_Y            DIRECT_Z              WEIGHT
        1                   0                   0                   0            0.015625
        2              -0.125               0.125                   0             0.09375
        3               -0.25                0.25                   0             0.09375
        4              -0.375               0.375                   0             0.09375
        5                 0.5                 0.5                   0            0.046875
        6               -0.25               0.125                   0             0.09375
        7              -0.375                0.25                   0              0.1875
        8                 0.5               0.375                   0              0.1875
        9                 0.5                0.25                   0             0.09375
       10               0.375               0.375                   0             0.09375

           k-point number in this process = 10
       minimum distributed K point number = 10

  KPOINTS         CARTESIAN_X         CARTESIAN_Y         CARTESIAN_Z              WEIGHT
        1                   0                   0                   0             0.03125
        2              -0.125           0.0721688                   0              0.1875
        3               -0.25            0.144338                   0              0.1875
        4              -0.375            0.216506                   0              0.1875
        5                 0.5            0.866025                   0             0.09375
        6               -0.25                   0                   0              0.1875
        7              -0.375           0.0721688                   0               0.375
        8                 0.5            0.721688                   0               0.375
        9                 0.5             0.57735                   0              0.1875
       10               0.375            0.649519                   0              0.1875

  KPOINTS            DIRECT_X            DIRECT_Y            DIRECT_Z              WEIGHT
        1                   0                   0                   0             0.03125
        2              -0.125               0.125                   0              0.1875
        3               -0.25                0.25                   0              0.1875
        4              -0.375               0.375                   0              0.1875
        5                 0.5                 0.5                   0             0.09375
        6               -0.25               0.125                   0              0.1875
        7              -0.375                0.25                   0               0.375
        8                 0.5               0.375                   0               0.375
        9                 0.5                0.25                   0              0.1875
       10               0.375               0.375                   0              0.1875
 DONE : INIT K-POINTS Time : 0.165732 (SEC)





 >>>>>>>>>>>>>>>>>>>>>>>>>>>>>>>>>>>>>>>>>>>>>>>>>>>>>>>>>>>>>>>>>>>>>>
 |                                                                    |
 | Setup plane waves of wave functions:                               |
 | Use the energy cutoff and the lattice vectors to generate the      |
 | dimensions of FFT grid. The number of FFT grid on each processor   |
 | is 'nrxx'. The number of plane wave basis in reciprocal space is   |
 | different for charege/potential and wave functions. We also set    |
 | the 'sticks' for the parallel of FFT. The number of plane wave of  |
 | each k-point is 'npwk[ik]' in each processor                       |
 <<<<<<<<<<<<<<<<<<<<<<<<<<<<<<<<<<<<<<<<<<<<<<<<<<<<<<<<<<<<<<<<<<<<<<





 SETUP PLANE WAVES FOR WAVE FUNCTIONS
     energy cutoff for wavefunc (unit:Ry) = 100
              fft grid for wave functions = [ 40, 40, 243 ]
                    number of plane waves = 24223
                         number of sticks = 271

 PARALLEL PW FOR WAVE FUNCTIONS
     PROC   COLUMNS(POT)             PW
        1            271          24223
 --------------- sum -------------------
        1            271          24223
 DONE : INIT PLANEWAVE Time : 0.178682 (SEC)

                           occupied bands = 13
                                   NBANDS = 23
                                     npwx = 17823

 Warning_Memory_Consuming allocated:  Psi_PW 62.5502 MB

 SETUP NONLOCAL PSEUDOPOTENTIALS IN PLANE WAVE BASIS
 Mo non-local projectors:
 projector 1 L=0
 projector 2 L=0
 projector 3 L=1
 projector 4 L=1
 projector 5 L=2
 projector 6 L=2
 S non-local projectors:
 projector 1 L=0
 projector 2 L=0
 projector 3 L=1
 projector 4 L=1
      TOTAL NUMBER OF NONLOCAL PROJECTORS = 34
 DONE : LOCAL POTENTIAL Time : 0.222355 (SEC)


 Init Non-Local PseudoPotential table : 
 Init Non-Local-Pseudopotential done.
 DONE : NON-LOCAL POTENTIAL Time : 0.248091 (SEC)


 Make real space PAO into reciprocal space.
       max mesh points in Pseudopotential = 601
     dq(describe PAO in reciprocal space) = 0.01
                                    max q = 1206

 number of pseudo atomic orbitals for Mo is 0

 number of pseudo atomic orbitals for S is 0
 DONE : INIT BASIS Time : 0.248129 (SEC)


 -------------------------------------------
 SELF-CONSISTENT
 -------------------------------------------

 Warning_Memory_Consuming allocated:  Veff<PW>::porter 5.93262 MB

 Warning_Memory_Consuming allocated:  Veff<PW>::porter1 5.93262 MB

 Warning_Memory_Consuming allocated:  Meta<PW>::porter 5.93262 MB
                                 init_chg = atomic
 DONE : INIT SCF Time : 0.339936 (SEC)


 PW ALGORITHM --------------- ION=   1  ELEC=   1--------------------------------

 Warning_Memory_Consuming allocated:  DiagSub::hpsi 6.25502 MB

 Warning_Memory_Consuming allocated:  DiagSub::evctemp 6.18062 MB

 Warning_Memory_Consuming allocated:  DiagSub::evctemp 6.19817 MB

 Warning_Memory_Consuming allocated:  DiagSub::evctemp 6.22729 MB

 Warning_Memory_Consuming allocated:  DiagSub::evctemp 6.23782 MB

 Warning_Memory_Consuming allocated:  DiagSub::evctemp 6.25046 MB

 Warning_Memory_Consuming allocated:  DiagSub::evctemp 6.25081 MB

 Warning_Memory_Consuming allocated:  DiagSub::evctemp 6.25502 MB
Average iterative diagonalization steps: 10.4739 ; where current threshold is: 0.01 . 

 Warning_Memory_Consuming allocated:  ElecSPW::wfcr 5.93262 MB

 Warning_Memory_Consuming allocated:  ElecSPW::wfcr_a 5.93262 MB
 Notice: Threshold on eigenvalues was too large.
 hsover_error=0.26 > DRHO=0.107669
 Origin diag_ethr = 0.01
 New    diag_ethr = 0.000414113
Average iterative diagonalization steps: 7.86522 ; where current threshold is: 0.000414113 . 

 Warning_Memory_Consuming allocated:  ChgMix::Rrho 59.3262 MB

 Warning_Memory_Consuming allocated:  ChgMix::dRrho 56.3599 MB

 Warning_Memory_Consuming allocated:  ChgMix::drho 56.3599 MB

 Density error is 0.111747958259
                          Error Threshold = 0.000414112803653

       Energy                       Rydberg                            eV
       E_KohnSham                -178.182063561                -2424.29134582
         E_Harris                -178.195727583                -2424.47725439
          E_Fermi             -0.00101764569263              -0.0138457799649

 PW ALGORITHM --------------- ION=   1  ELEC=   2--------------------------------
Average iterative diagonalization steps: 2 ; where current threshold is: 0.000429799839456 . 

 Density error is 0.0636058818948
                          Error Threshold = 0.000429799839456

       Energy                       Rydberg                            eV
       E_KohnSham                -178.168462803                -2424.10629802
         E_Harris                -179.179679852                 -2437.8646118
          E_Fermi             -0.00634198338255               -0.086287110624

 PW ALGORITHM --------------- ION=   1  ELEC=   3--------------------------------
Average iterative diagonalization steps: 2.4 ; where current threshold is: 0.000244638007288 . 

 Density error is 0.0406629466281
                          Error Threshold = 0.000244638007288

       Energy                       Rydberg                            eV
       E_KohnSham                -178.167011687                -2424.08655458
         E_Harris                -176.165614066                -2396.85614297
          E_Fermi              -0.0143325565031                -0.19500443535

 PW ALGORITHM --------------- ION=   1  ELEC=   4--------------------------------
Average iterative diagonalization steps: 2.18260869565 ; where current threshold is: 0.00015639594857 . 

 Density error is 0.00400645574526
                          Error Threshold = 0.00015639594857

       Energy                       Rydberg                            eV
       E_KohnSham                -178.169431879                -2424.11948297
         E_Harris                -173.140478331                -2355.69705974
          E_Fermi             -0.00474689761222              -0.0645848553489

 PW ALGORITHM --------------- ION=   1  ELEC=   5--------------------------------
Average iterative diagonalization steps: 4.03913043478 ; where current threshold is: 1.54094451741e-05 . 

 Density error is 0.00341181018389
                          Error Threshold = 1.54094451741e-05

       Energy                       Rydberg                            eV
       E_KohnSham                -178.170578096                -2424.13507806
         E_Harris                -176.749131086                -2404.79529932
          E_Fermi             -0.00349146309162              -0.0475037924027

 PW ALGORITHM --------------- ION=   1  ELEC=   6--------------------------------
Average iterative diagonalization steps: 2 ; where current threshold is: 1.31223468611e-05 . 

 Density error is 0.00295976230565
                          Error Threshold = 1.31223468611e-05

       Energy                       Rydberg                            eV
       E_KohnSham                -178.169421825                -2424.11934618
         E_Harris                -176.731152603                -2404.55068951
          E_Fermi             -0.00208413780614              -0.0283561495808

 PW ALGORITHM --------------- ION=   1  ELEC=   7--------------------------------
Average iterative diagonalization steps: 3.26956521739 ; where current threshold is: 1.13837011756e-05 . 

 Density error is 0.0031523230836
                          Error Threshold = 1.13837011756e-05

       Energy                       Rydberg                            eV
       E_KohnSham                -178.169996675                -2424.12716743
         E_Harris                 -176.74079166                -2404.68183561
          E_Fermi             +0.00905932897301               +0.123258494089

 PW ALGORITHM --------------- ION=   1  ELEC=   8--------------------------------
Average iterative diagonalization steps: 2 ; where current threshold is: 1.13837011756e-05 . 

 Density error is 0.000937719037236
                          Error Threshold = 1.13837011756e-05

       Energy                       Rydberg                            eV
       E_KohnSham                -178.169959183                -2424.12665731
         E_Harris                -178.428709482                -2427.64713575
          E_Fermi             +0.00750351887375               +0.102090611734

 PW ALGORITHM --------------- ION=   1  ELEC=   9--------------------------------
Average iterative diagonalization steps: 2.56956521739 ; where current threshold is: 3.60661168168e-06 . 

 Density error is 0.000445165435843
                          Error Threshold = 3.60661168168e-06

       Energy                       Rydberg                            eV
       E_KohnSham                -178.169911198                -2424.12600444
         E_Harris                 -177.80110123                 -2419.1080874
          E_Fermi             +0.00734228293571              +0.0998968842539

 PW ALGORITHM --------------- ION=   1  ELEC=  10--------------------------------
Average iterative diagonalization steps: 3.30869565217 ; where current threshold is: 1.71217475324e-06 . 

 Density error is 0.000459074006771
                          Error Threshold = 1.71217475324e-06

       Energy                       Rydberg                            eV
       E_KohnSham                -178.169908276                -2424.12596469
         E_Harris                -177.430757089                -2414.06929687
          E_Fermi              +0.0122580758116               +0.166779677554

 PW ALGORITHM --------------- ION=   1  ELEC=  11--------------------------------
Average iterative diagonalization steps: 2 ; where current threshold is: 1.71217475324e-06 . 

 Density error is 0.000263795366095
                          Error Threshold = 1.71217475324e-06

       Energy                       Rydberg                            eV
       E_KohnSham                -178.169914435                -2424.12604849
         E_Harris                -177.855518804                -2419.84847648
          E_Fermi              +0.0119284665939                +0.16229511408

 PW ALGORITHM --------------- ION=   1  ELEC=  12--------------------------------
Average iterative diagonalization steps: 2.26956521739 ; where current threshold is: 1.0145975619e-06 . 

 Density error is 0.000250219980341
                          Error Threshold = 1.0145975619e-06

       Energy                       Rydberg                            eV
       E_KohnSham                -178.169862404                -2424.12534057
         E_Harris                -177.647732426                -2417.02139778
          E_Fermi              +0.0123484530813               +0.168009323391

 PW ALGORITHM --------------- ION=   1  ELEC=  13--------------------------------
Average iterative diagonalization steps: 3.05652173913 ; where current threshold is: 9.62384539772e-07 . 

 Density error is 0.000175833050621
                          Error Threshold = 9.62384539772e-07

       Energy                       Rydberg                            eV
       E_KohnSham                -178.169872147                -2424.12547313
         E_Harris                -177.724293543                -2418.06306521
          E_Fermi              +0.0157149303112               +0.213812595905

 PW ALGORITHM --------------- ION=   1  ELEC=  14--------------------------------
Average iterative diagonalization steps: 2 ; where current threshold is: 6.76280963925e-07 . 

 Density error is 0.0001666308508
                          Error Threshold = 6.76280963925e-07

       Energy                       Rydberg                            eV
       E_KohnSham                -178.169870053                -2424.12544464
         E_Harris                -177.573324333                -2416.00902373
          E_Fermi              +0.0158362196817               +0.215462822451

 PW ALGORITHM --------------- ION=   1  ELEC=  15--------------------------------
Average iterative diagonalization steps: 2 ; where current threshold is: 6.40887887692e-07 . 

 Density error is 0.000141364096167
                          Error Threshold = 6.40887887692e-07

       Energy                       Rydberg                            eV
       E_KohnSham                -178.169853458                -2424.12521886
         E_Harris                -177.597307935                -2416.33533738
          E_Fermi              +0.0162384352153               +0.220935245532

 PW ALGORITHM --------------- ION=   1  ELEC=  16--------------------------------
Average iterative diagonalization steps: 3.10434782609 ; where current threshold is: 5.43708062182e-07 . 

 Density error is 7.96288953554e-05
                          Error Threshold = 5.43708062182e-07

       Energy                       Rydberg                            eV
       E_KohnSham                -178.169858092                -2424.12528191
         E_Harris                 -177.75543305                -2418.48673993
          E_Fermi              +0.0202415072695               +0.275399834973

 PW ALGORITHM --------------- ION=   1  ELEC=  17--------------------------------
Average iterative diagonalization steps: 2.31304347826 ; where current threshold is: 3.06264982136e-07 . 

 Density error is 8.31847775634e-05
                          Error Threshold = 3.06264982136e-07

       Energy                       Rydberg                            eV
       E_KohnSham                -178.169857961                -2424.12528012
         E_Harris                -177.873096236                -2420.08762971
          E_Fermi              +0.0195875703664               +0.266502566959

 PW ALGORITHM --------------- ION=   1  ELEC=  18--------------------------------
Average iterative diagonalization steps: 2.35652173913 ; where current threshold is: 3.06264982136e-07 . 

 Density error is 6.81276404608e-05
                          Error Threshold = 3.06264982136e-07

       Energy                       Rydberg                            eV
       E_KohnSham                -178.169861453                -2424.12532763
         E_Harris                -177.850060546                -2419.77421307
          E_Fermi              +0.0207784316636               +0.282705066128

 PW ALGORITHM --------------- ION=   1  ELEC=  19--------------------------------
Average iterative diagonalization steps: 2.91739130435 ; where current threshold is: 2.62029386388e-07 . 

 Density error is 4.7244787514e-05
                          Error Threshold = 2.62029386388e-07

       Energy                       Rydberg                            eV
       E_KohnSham                -178.169861977                -2424.12533476
         E_Harris                -177.904286617                -2420.51199662
          E_Fermi              +0.0227435015251               +0.309441213213

 PW ALGORITHM --------------- ION=   1  ELEC=  20--------------------------------
Average iterative diagonalization steps: 2 ; where current threshold is: 1.81710721208e-07 . 

 Density error is 4.74127734254e-05
                          Error Threshold = 1.81710721208e-07

       Energy                       Rydberg                            eV
       E_KohnSham                -178.169862343                -2424.12533973
         E_Harris                -177.880335092                -2420.18611941
          E_Fermi              +0.0227630917091               +0.309707751341

 PW ALGORITHM --------------- ION=   1  ELEC=  21--------------------------------
Average iterative diagonalization steps: 2 ; where current threshold is: 1.81710721208e-07 . 

 Density error is 4.74429737096e-05
                          Error Threshold = 1.81710721208e-07

       Energy                       Rydberg                            eV
       E_KohnSham                -178.169864057                -2424.12536306
         E_Harris                -177.878385666                 -2420.1595961
          E_Fermi              +0.0227567679509               +0.309621712196

 PW ALGORITHM --------------- ION=   1  ELEC=  22--------------------------------
Average iterative diagonalization steps: 2.05652173913 ; where current threshold is: 1.81710721208e-07 . 

 Density error is 4.22185471298e-05
                          Error Threshold = 1.81710721208e-07

       Energy                       Rydberg                            eV
       E_KohnSham                -178.169872895                -2424.12548331
         E_Harris                -177.887078864                -2420.27787313
          E_Fermi              +0.0231217186492               +0.314587121182

 PW ALGORITHM --------------- ION=   1  ELEC=  23--------------------------------
Average iterative diagonalization steps: 2.85652173913 ; where current threshold is: 1.62379027422e-07 . 

 Density error is 2.8261098957e-05
                          Error Threshold = 1.62379027422e-07

       Energy                       Rydberg                            eV
       E_KohnSham                -178.169874547                -2424.12550579
         E_Harris                -177.949697919                -2421.12984908
          E_Fermi              +0.0251766365215               +0.342545713167

 PW ALGORITHM --------------- ION=   1  ELEC=  24--------------------------------
Average iterative diagonalization steps: 2.10869565217 ; where current threshold is: 1.0869653445e-07 . 

 Density error is 3.08685758391e-05
                          Error Threshold = 1.0869653445e-07

       Energy                       Rydberg                            eV
       E_KohnSham                -178.169873542                 -2424.1254921
         E_Harris                -177.938830955                -2420.98199645
          E_Fermi              +0.0252479061343               +0.343515385995

 PW ALGORITHM --------------- ION=   1  ELEC=  25--------------------------------
Average iterative diagonalization steps: 2.02608695652 ; where current threshold is: 1.0869653445e-07 . 

 Density error is 2.69323181052e-05
                          Error Threshold = 1.0869653445e-07

       Energy                       Rydberg                            eV
       E_KohnSham                -178.169882424                -2424.12561296
         E_Harris                -177.926823363                -2420.81862477
          E_Fermi              +0.0252005714168               +0.342871364124

 PW ALGORITHM --------------- ION=   1  ELEC=  26--------------------------------
Average iterative diagonalization steps: 2.82608695652 ; where current threshold is: 1.03585838866e-07 . 

 Density error is 6.31310709945e-05
                          Error Threshold = 1.03585838866e-07

       Energy                       Rydberg                            eV
       E_KohnSham                -178.169883093                -2424.12562206
         E_Harris                -177.956210108                -2421.21845195
          E_Fermi              +0.0256874382528               +0.349495527261

 PW ALGORITHM --------------- ION=   1  ELEC=  27--------------------------------
Average iterative diagonalization steps: 2.15652173913 ; where current threshold is: 1.03585838866e-07 . 

 Density error is 5.69067196882e-05
                          Error Threshold = 1.03585838866e-07

       Energy                       Rydberg                            eV
       E_KohnSham                -178.169884826                -2424.12564564
         E_Harris                -177.872834036                -2420.08406229
          E_Fermi               +0.025825690413                 +0.3513765444

 PW ALGORITHM --------------- ION=   1  ELEC=  28--------------------------------
Average iterative diagonalization steps: 2.23913043478 ; where current threshold is: 1.03585838866e-07 . 

 Density error is 6.53675363287e-05
                          Error Threshold = 1.03585838866e-07

       Energy                       Rydberg                            eV
       E_KohnSham                -178.169889093                 -2424.1257037
         E_Harris                -177.878669348                -2420.16345579
          E_Fermi              +0.0256927504797               +0.349567803817

 PW ALGORITHM --------------- ION=   1  ELEC=  29--------------------------------
Average iterative diagonalization steps: 2.66086956522 ; where current threshold is: 1.03585838866e-07 . 

 Density error is 6.6018384339e-05
                          Error Threshold = 1.03585838866e-07

       Energy                       Rydberg                            eV
       E_KohnSham                -178.169880459                -2424.12558622
         E_Harris                -177.886762388                -2420.27356725
          E_Fermi              +0.0264958950607               +0.360495146435

 PW ALGORITHM --------------- ION=   1  ELEC=  30--------------------------------
Average iterative diagonalization steps: 2.73913043478 ; where current threshold is: 1.03585838866e-07 . 

 Density error is 9.0548512177e-06
                          Error Threshold = 1.03585838866e-07

       Energy                       Rydberg                            eV
       E_KohnSham                -178.169888472                -2424.12569524
         E_Harris                -177.913860141                -2420.64225109
          E_Fermi              +0.0276700215095               +0.376469956311

 PW ALGORITHM --------------- ION=   1  ELEC=  31--------------------------------
Average iterative diagonalization steps: 3.20434782609 ; where current threshold is: 3.48263508373e-08 . 

 Density error is 1.38332067784e-05
                          Error Threshold = 3.48263508373e-08

       Energy                       Rydberg                            eV
       E_KohnSham                -178.169891149                -2424.12573167
         E_Harris                -178.051749607                -2422.51833353
          E_Fermi              +0.0281620520517               +0.383164375275

 PW ALGORITHM --------------- ION=   1  ELEC=  32--------------------------------
Average iterative diagonalization steps: 2.61304347826 ; where current threshold is: 3.48263508373e-08 . 

 Density error is 2.30215657502e-05
                          Error Threshold = 3.48263508373e-08

       Energy                       Rydberg                            eV
       E_KohnSham                -178.169899523                 -2424.1258456
         E_Harris                  -178.0231611                -2422.12936693
          E_Fermi              +0.0281440544404               +0.382919505212

 PW ALGORITHM --------------- ION=   1  ELEC=  33--------------------------------
Average iterative diagonalization steps: 4.00869565217 ; where current threshold is: 3.48263508373e-08 . 

 Density error is 3.33404016196e-05
                          Error Threshold = 3.48263508373e-08

       Energy                       Rydberg                            eV
       E_KohnSham                  -178.1698966                -2424.12580584
         E_Harris                -178.033122665                -2422.26490098
          E_Fermi              +0.0294915092086               +0.401252567857

 PW ALGORITHM --------------- ION=   1  ELEC=  34--------------------------------
Average iterative diagonalization steps: 2.84782608696 ; where current threshold is: 3.48263508373e-08 . 

 Density error is 1.51371757713e-05
                          Error Threshold = 3.48263508373e-08

       Energy                       Rydberg                            eV
       E_KohnSham                -178.169896939                -2424.12581044
         E_Harris                -178.016826565                -2422.04318116
          E_Fermi              +0.0296431788365                +0.40331613901

 PW ALGORITHM --------------- ION=   1  ELEC=  35--------------------------------
Average iterative diagonalization steps: 2 ; where current threshold is: 3.48263508373e-08 . 

 Density error is 1.49678059579e-05
                          Error Threshold = 3.48263508373e-08

       Energy                       Rydberg                            eV
       E_KohnSham                -178.169896915                -2424.12581012
         E_Harris                -178.055926906                -2422.57516859
          E_Fermi              +0.0296301566928               +0.403138963655

 PW ALGORITHM --------------- ION=   1  ELEC=  36--------------------------------
Average iterative diagonalization steps: 2.2347826087 ; where current threshold is: 3.48263508373e-08 . 

 Density error is 1.46840761421e-05
                          Error Threshold = 3.48263508373e-08

       Energy                       Rydberg                            eV
       E_KohnSham                -178.169895381                -2424.12578924
         E_Harris                -178.056356787                -2422.58101742
          E_Fermi              +0.0296284339676               +0.403115524776

 PW ALGORITHM --------------- ION=   1  ELEC=  37--------------------------------
Average iterative diagonalization steps: 2.79130434783 ; where current threshold is: 3.48263508373e-08 . 

 Density error is 7.20300805684e-06
                          Error Threshold = 3.48263508373e-08

       Energy                       Rydberg                            eV
       E_KohnSham                -178.169895978                -2424.12579736
         E_Harris                -178.058517039                -2422.61040916
          E_Fermi              +0.0296806003271               +0.403825284509

 PW ALGORITHM --------------- ION=   1  ELEC=  38--------------------------------
Average iterative diagonalization steps: 2.36956521739 ; where current threshold is: 2.77038771417e-08 . 

 Density error is 9.95733153182e-06
                          Error Threshold = 2.77038771417e-08

       Energy                       Rydberg                            eV
       E_KohnSham                -178.169892026                 -2424.1257436
         E_Harris                -178.080266233                -2422.90632212
          E_Fermi              +0.0296035808497                +0.40277738076

 PW ALGORITHM --------------- ION=   1  ELEC=  39--------------------------------
Average iterative diagonalization steps: 3.7347826087 ; where current threshold is: 2.77038771417e-08 . 

 Density error is 4.06904163246e-06
                          Error Threshold = 2.77038771417e-08

       Energy                       Rydberg                            eV
       E_KohnSham                -178.169892177                -2424.12574565
         E_Harris                -178.057889199                -2422.60186696
          E_Fermi              +0.0291242450075                +0.39625568205

 PW ALGORITHM --------------- ION=   1  ELEC=  40--------------------------------
Average iterative diagonalization steps: 2.26086956522 ; where current threshold is: 1.56501601248e-08 . 

 Density error is 2.87312347415e-06
                          Error Threshold = 1.56501601248e-08

       Energy                       Rydberg                            eV
       E_KohnSham                -178.169891578                 -2424.1257375
         E_Harris                -178.086819798                -2422.99548796
          E_Fermi              +0.0291939467245               +0.397204022562

 PW ALGORITHM --------------- ION=   1  ELEC=  41--------------------------------
Average iterative diagonalization steps: 3.00869565217 ; where current threshold is: 1.10504749006e-08 . 

 Density error is 2.03967935599e-06
                          Error Threshold = 1.10504749006e-08

       Energy                       Rydberg                            eV
       E_KohnSham                -178.169893195                 -2424.1257595
         E_Harris                -178.097474578                -2423.14045367
          E_Fermi              +0.0292470681405               +0.397926776506

 PW ALGORITHM --------------- ION=   1  ELEC=  42--------------------------------
Average iterative diagonalization steps: 3.23043478261 ; where current threshold is: 7.84492059998e-09 . 

 Density error is 2.04276423573e-06
                          Error Threshold = 7.84492059998e-09

       Energy                       Rydberg                            eV
       E_KohnSham                -178.169893712                -2424.12576653
         E_Harris                -178.114444468                -2423.37134086
          E_Fermi              +0.0295009603941               +0.401381157831

 PW ALGORITHM --------------- ION=   1  ELEC=  43--------------------------------
Average iterative diagonalization steps: 3.09565217391 ; where current threshold is: 7.84492059998e-09 . 

 Density error is 2.65238827751e-06
                          Error Threshold = 7.84492059998e-09

       Energy                       Rydberg                            eV
       E_KohnSham                -178.169892871                -2424.12575509
         E_Harris                -178.112115277                 -2423.3396506
          E_Fermi              +0.0296223401226               +0.403032613761

 PW ALGORITHM --------------- ION=   1  ELEC=  44--------------------------------
Average iterative diagonalization steps: 2.8 ; where current threshold is: 7.84492059998e-09 . 

 Density error is 1.75137802945e-06
                          Error Threshold = 7.84492059998e-09

       Energy                       Rydberg                            eV
       E_KohnSham                -178.169890631                -2424.12572462
         E_Harris                -178.105304019                -2423.24697867
          E_Fermi              +0.0295677269896               +0.402289563967

 PW ALGORITHM --------------- ION=   1  ELEC=  45--------------------------------
Average iterative diagonalization steps: 3.49565217391 ; where current threshold is: 6.73606934402e-09 . 

 Density error is 1.84540800837e-06
                          Error Threshold = 6.73606934402e-09

       Energy                       Rydberg                            eV
       E_KohnSham                -178.169890699                -2424.12572554
         E_Harris                -178.108699276                -2423.29317352
          E_Fermi              +0.0293218068168               +0.398943648363

 PW ALGORITHM --------------- ION=   1  ELEC=  46--------------------------------
Average iterative diagonalization steps: 2.17391304348 ; where current threshold is: 6.73606934402e-09 . 

 Density error is 1.65193394131e-06
                          Error Threshold = 6.73606934402e-09

       Energy                       Rydberg                            eV
       E_KohnSham                -178.169890856                -2424.12572768
         E_Harris                -178.117855942                -2423.41775636
          E_Fermi              +0.0293997531028               +0.400004161991

 PW ALGORITHM --------------- ION=   1  ELEC=  47--------------------------------
Average iterative diagonalization steps: 2.91739130435 ; where current threshold is: 6.35359208194e-09 . 

 Density error is 1.50124221679e-06
                          Error Threshold = 6.35359208194e-09

       Energy                       Rydberg                            eV
       E_KohnSham                -178.169891504                -2424.12573649
         E_Harris                -178.128389841                 -2423.5610774
          E_Fermi              +0.0295197558994               +0.401636883801

 PW ALGORITHM --------------- ION=   1  ELEC=  48--------------------------------
Average iterative diagonalization steps: 3.07391304348 ; where current threshold is: 5.77400852613e-09 . 

 Density error is 1.35209956018e-06
                          Error Threshold = 5.77400852613e-09

       Energy                       Rydberg                            eV
       E_KohnSham                -178.169894534                -2424.12577772
         E_Harris                -178.135083944                -2423.65215535
          E_Fermi              +0.0296763173324               +0.403767011376

 PW ALGORITHM --------------- ION=   1  ELEC=  49--------------------------------
Average iterative diagonalization steps: 4.47391304348 ; where current threshold is: 5.20038292376e-09 . 

 Density error is 5.92278591121e-07
                          Error Threshold = 5.20038292376e-09

       Energy                       Rydberg                            eV
       E_KohnSham                -178.169896252                -2424.12580109
         E_Harris                -178.156356988                -2423.94158996
          E_Fermi              +0.0303654654435               +0.413143352454

 PW ALGORITHM --------------- ION=   1  ELEC=  50--------------------------------
Average iterative diagonalization steps: 4.40434782609 ; where current threshold is: 2.27799458123e-09 . 

 Density error is 3.50129983466e-07
                          Error Threshold = 2.27799458123e-09

       Energy                       Rydberg                            eV
       E_KohnSham                -178.169897714                -2424.12582098
         E_Harris                -178.169578434                -2424.12147696
          E_Fermi              +0.0306641754594               +0.417207510719

 PW ALGORITHM --------------- ION=   1  ELEC=  51--------------------------------
Average iterative diagonalization steps: 5.27826086957 ; where current threshold is: 1.34665378256e-09 . 

 Density error is 1.51824168548e-06
                          Error Threshold = 1.34665378256e-09

       Energy                       Rydberg                            eV
       E_KohnSham                -178.169898144                -2424.12582684
         E_Harris                 -178.15245888                -2423.88855347
          E_Fermi              +0.0306695833056               +0.417281088242

 PW ALGORITHM --------------- ION=   1  ELEC=  52--------------------------------
Average iterative diagonalization steps: 5.13043478261 ; where current threshold is: 1.34665378256e-09 . 

 Density error is 3.9482305369e-07
                          Error Threshold = 1.34665378256e-09

       Energy                       Rydberg                            eV
       E_KohnSham                -178.169898301                -2424.12582897
         E_Harris                -178.143337316                -2423.76444824
          E_Fermi              +0.0307858274109               +0.418862670433

 PW ALGORITHM --------------- ION=   1  ELEC=  53--------------------------------
Average iterative diagonalization steps: 4.02608695652 ; where current threshold is: 1.34665378256e-09 . 

 Density error is 1.23788839405e-07
                          Error Threshold = 1.34665378256e-09

       Energy                       Rydberg                            eV
       E_KohnSham                -178.169898093                -2424.12582615
         E_Harris                -178.154018311                -2423.90977063
          E_Fermi              +0.0308207031444               +0.419337179131

 PW ALGORITHM --------------- ION=   1  ELEC=  54--------------------------------
Average iterative diagonalization steps: 4.60869565217 ; where current threshold is: 4.7611092079e-10 . 

 Density error is 2.14293133844e-07
                          Error Threshold = 4.7611092079e-10

       Energy                       Rydberg                            eV
       E_KohnSham                 -178.16989792                -2424.12582379
         E_Harris                -178.157961339                -2423.96341828
          E_Fermi              +0.0307412838605               +0.418256624338

 PW ALGORITHM --------------- ION=   1  ELEC=  55--------------------------------
Average iterative diagonalization steps: 4.60869565217 ; where current threshold is: 4.7611092079e-10 . 

 Density error is 2.08905312762e-07
                          Error Threshold = 4.7611092079e-10

       Energy                       Rydberg                            eV
       E_KohnSham                -178.169898086                -2424.12582605
         E_Harris                -178.153840189                -2423.90734715
          E_Fermi              +0.0306830664883               +0.417464536353

 PW ALGORITHM --------------- ION=   1  ELEC=  56--------------------------------
Average iterative diagonalization steps: 4.29130434783 ; where current threshold is: 4.7611092079e-10 . 

 Density error is 6.51029308451e-08
                          Error Threshold = 4.7611092079e-10

       Energy                       Rydberg                            eV
       E_KohnSham                -178.169898125                -2424.12582658
         E_Harris                -178.156228546                -2423.93984241
          E_Fermi               +0.030766193318               +0.418595534894

 PW ALGORITHM --------------- ION=   1  ELEC=  57--------------------------------
Average iterative diagonalization steps: 3.39565217391 ; where current threshold is: 2.50395887866e-10 . 

 Density error is 5.65232356927e-08
                          Error Threshold = 2.50395887866e-10

       Energy                       Rydberg                            eV
       E_KohnSham                -178.169898219                -2424.12582786
         E_Harris                -178.161263694                -2424.00834912
          E_Fermi              +0.0307808162436               +0.418794490004

 PW ALGORITHM --------------- ION=   1  ELEC=  58--------------------------------
Average iterative diagonalization steps: 4.43913043478 ; where current threshold is: 2.17397060356e-10 . 

 Density error is 5.2150353696e-08
                          Error Threshold = 2.17397060356e-10

       Energy                       Rydberg                            eV
       E_KohnSham                 -178.16989821                -2424.12582774
         E_Harris                -178.162071937                -2424.01934583
          E_Fermi              +0.0307958179492                +0.41899859868

 PW ALGORITHM --------------- ION=   1  ELEC=  59--------------------------------
Average iterative diagonalization steps: 4.06956521739 ; where current threshold is: 2.00578283446e-10 . 

 Density error is 1.43615193241e-08
                          Error Threshold = 2.00578283446e-10

       Energy                       Rydberg                            eV
       E_KohnSham                -178.169898326                -2424.12582931
         E_Harris                -178.161985525                -2424.01817014
          E_Fermi              +0.0307884755265               +0.418898699894

 PW ALGORITHM --------------- ION=   1  ELEC=  60--------------------------------
Average iterative diagonalization steps: 5.65652173913 ; where current threshold is: 5.52366127848e-11 . 

 Density error is 1.8957115403e-09
                          Error Threshold = 5.52366127848e-11

           Energy                       Rydberg                            eV
       E_KohnSham                -178.169898353                -2424.12582968
   E_KS(sigma->0)                -178.169898353                -2424.12582968
         E_Harris                 -178.16667777                 -2424.0820114
           E_band                -30.5574592322                 -415.75556196
       E_one_elec                -1117.60133653                -15205.7462693
        E_Hartree                +559.401568421                +7611.04880066
             E_xc                -24.3815814112                -331.728433443
          E_Ewald                +404.411451172                +5502.30007239
   E_entropy(-TS)                            +0                            +0
          E_descf                            +0                            +0
            E_exx                            +0                            +0
          E_Fermi              +0.0308634391661               +0.419918632535

 charge density convergence is achieved
 final etot is -2424.1258297 eV
 EFERMI = 0.41991863254 eV

 STATE ENERGY(eV) AND OCCUPATIONS    NSPIN == 1
 1/10 kpoint (Cartesian) = 0.0000 0.0000 0.0000 (17611 pws)
       1       -61.0459      0.0312500
       2       -35.2022      0.0312500
       3       -34.7171      0.0312500
       4       -34.7171      0.0312500
       5       -13.9347      0.0312500
       6       -13.4561      0.0312500
       7       -5.51141      0.0312500
       8       -3.12838      0.0312500
       9       -1.87404      0.0312500
      10      -0.909628      0.0312500
      11      -0.909628      0.0312500
      12       0.419918      0.0312500
      13       0.419919      0.0312500
      14        2.59196        0.00000
      15        2.59196        0.00000
      16        2.91350        0.00000
      17        2.91350        0.00000
      18        4.58968        0.00000
      19        5.07436        0.00000
      20        5.65201        0.00000
      21        6.74442        0.00000
      22        7.06575        0.00000
      23        8.70964        0.00000

 2/10 kpoint (Cartesian) = -0.12500 0.072169 0.0000 (17661 pws)
       1       -61.0354       0.187500
       2       -35.1880       0.187500
       3       -34.8029       0.187500
       4       -34.7370       0.187500
       5       -13.6714       0.187500
       6       -13.2492       0.187500
       7       -5.14934       0.187500
       8       -3.17909       0.187500
       9       -1.69109       0.187500
      10       -1.46866       0.187500
      11      -0.598532       0.187500
      12      -0.205592       0.187500
      13      0.0438765       0.187500
      14        1.57141        0.00000
      15        2.33549        0.00000
      16        2.37735        0.00000
      17        3.02350        0.00000
      18        4.96560        0.00000
      19        5.45581        0.00000
      20        5.99504        0.00000
      21        7.04743        0.00000
      22        7.43271        0.00000
      23        9.13812        0.00000

 3/10 kpoint (Cartesian) = -0.25000 0.14434 0.0000 (17744 pws)
       1       -61.0101       0.187500
       2       -35.1535       0.187500
       3       -35.0064       0.187500
       4       -34.7848       0.187500
       5       -12.9420       0.187500
       6       -12.6774       0.187500
       7       -4.34736       0.187500
       8       -3.44579       0.187500
       9       -2.87466       0.187500
      10       -1.83005       0.187500
      11       -1.49141       0.187500
      12      -0.657098       0.187500
      13      0.0726388       0.187500
      14       0.712821        0.00000
      15        2.03235        0.00000
      16        2.15251        0.00000
      17        3.09397        0.00000
      18        5.59543        0.00000
      19        6.47016        0.00000
      20        6.72567        0.00000
      21        7.53064        0.00000
      22        8.40070        0.00000
      23        9.09254        0.00000

 4/10 kpoint (Cartesian) = -0.37500 0.21651 0.0000 (17728 pws)
       1       -60.9846       0.187500
       2       -35.2048       0.187500
       3       -35.1188       0.187500
       4       -34.8321       0.187500
       5       -11.9847       0.187500
       6       -11.9439       0.187500
       7       -4.78581       0.187500
       8       -4.43367       0.187500
       9       -3.61469       0.187500
      10       -2.73876       0.187500
      11       -1.44717       0.187500
      12       -1.20551       0.187500
      13       0.294593       0.187500
      14        1.51726        0.00000
      15        2.38485        0.00000
      16        2.54071        0.00000
      17        3.03895        0.00000
      18        5.64146        0.00000
      19        7.55020        0.00000
      20        7.55920        0.00000
      21        8.23541        0.00000
      22        8.61898        0.00000
      23        9.11809        0.00000

 5/10 kpoint (Cartesian) = 0.50000 0.86603 0.0000 (17774 pws)
       1       -60.9740      0.0937500
       2       -35.2856      0.0937500
       3       -35.1044      0.0937500
       4       -34.8516      0.0937500
       5       -11.5557      0.0937500
       6       -11.4529      0.0937500
       7       -5.58578      0.0937500
       8       -5.11411      0.0937500
       9       -3.65668      0.0937500
      10       -2.87489      0.0937500
      11       -1.40511      0.0937500
      12       -1.14678      0.0937500
      13       0.237483      0.0937500
      14        2.10707        0.00000
      15        2.54601        0.00000
      16        2.99778        0.00000
      17        3.04886        0.00000
      18        5.67511        0.00000
      19        7.56183        0.00000
      20        7.60992        0.00000
      21        7.97266        0.00000
      22        8.86921        0.00000
      23        9.67548        0.00000

 6/10 kpoint (Cartesian) = -0.25000 0.0000 0.0000 (17721 pws)
       1       -61.0175       0.187500
       2       -35.1636       0.187500
       3       -34.9378       0.187500
       4       -34.7806       0.187500
       5       -13.1735       0.187500
       6       -12.8580       0.187500
       7       -4.53078       0.187500
       8       -3.28193       0.187500
       9       -2.41377       0.187500
      10       -1.44812       0.187500
      11       -1.43508       0.187500
      12      -0.458168       0.187500
      13      -0.233249       0.187500
      14       0.697369        0.00000
      15        1.99827        0.00000
      16        2.13989        0.00000
      17        2.97801        0.00000
      18        5.50349        0.00000
      19        6.15819        0.00000
      20        6.54493        0.00000
      21        7.38223        0.00000
      22        8.11816        0.00000
      23        9.45968        0.00000

 7/10 kpoint (Cartesian) = -0.37500 0.072169 0.0000 (17765 pws)
       1       -60.9921       0.375000
       2       -35.1290       0.375000
       3       -35.1176       0.375000
       4       -34.8494       0.375000
       5       -12.3120       0.375000
       6       -12.1873       0.375000
       7       -4.03653       0.375000
       8       -3.71155       0.375000
       9       -3.51183       0.375000
      10       -2.81278       0.375000
      11       -1.60270       0.375000
      12       -1.22832       0.375000
      13      -0.170887       0.375000
      14       0.588009        0.00000
      15        2.17592        0.00000
      16        2.56998        0.00000
      17        2.87503        0.00000
      18        5.96165        0.00000
      19        7.33494        0.00000
      20        7.37043        0.00000
      21        8.26941        0.00000
      22        9.08286        0.00000
      23        9.44674        0.00000

 8/10 kpoint (Cartesian) = 0.50000 0.72169 0.0000 (17810 pws)
       1       -60.9740       0.375000
       2       -35.2414       0.375000
       3       -35.1044       0.375000
       4       -34.8985       0.375000
       5       -11.5704       0.375000
       6       -11.4925       0.375000
       7       -5.15364       0.375000
       8       -4.79033       0.375000
       9       -3.45035       0.375000
      10       -2.89258       0.375000
      11       -1.90000       0.375000
      12       -1.57518       0.375000
      13      -0.322232       0.375000
      14        1.72484        0.00000
      15        2.16876        0.00000
      16        2.93086        0.00000
      17        3.00971        0.00000
      18        6.15070        0.00000
      19        7.96778        0.00000
      20        8.05229        0.00000
      21        9.19552        0.00000
      22        9.55951        0.00000
      23        9.76193        0.00000

 9/10 kpoint (Cartesian) = 0.50000 0.57735 0.0000 (17811 pws)
       1       -60.9740       0.187500
       2       -35.1796       0.187500
       3       -35.1045       0.187500
       4       -34.9630       0.187500
       5       -11.5849       0.187500
       6       -11.5305       0.187500
       7       -4.51258       0.187500
       8       -4.22424       0.187500
       9       -3.33245       0.187500
      10       -3.18126       0.187500
      11       -2.44681       0.187500
      12       -2.13610       0.187500
      13      -0.484003       0.187500
      14        1.05998        0.00000
      15        1.61773        0.00000
      16        3.07056        0.00000
      17        3.25040        0.00000
      18        6.55039        0.00000
      19        8.26550        0.00000
      20        8.39897        0.00000
      21        9.29191        0.00000
      22        9.61394        0.00000
      23        9.64871        0.00000

 10/10 kpoint (Cartesian) = 0.37500 0.64952 0.0000 (17823 pws)
       1       -60.9665       0.187500
       2       -35.1843       0.187500
       3       -35.0943       0.187500
       4       -35.0310       0.187500
       5       -11.2829       0.187500
       6       -11.1333       0.187500
       7       -4.73419       0.187500
       8       -4.66386       0.187500
       9       -3.31009       0.187500
      10       -3.09040       0.187500
      11       -2.81697       0.187500
      12       -2.77492       0.187500
      13      -0.279999       0.187500
      14        1.30597        0.00000
      15        1.88201        0.00000
      16        2.51298        0.00000
      17        3.56352        0.00000
      18        6.87463        0.00000
      19        8.02467        0.00000
      20        8.71947        0.00000
      21        9.44831        0.00000
      22        9.66551        0.00000
      23        10.2552        0.00000



 --------------------------------------------
 !FINAL_ETOT_IS -2424.125829677950 eV
 --------------------------------------------






  |CLASS_NAME---------|NAME---------------|TIME(Sec)-----|CALLS----|AVG------|PER%-------
                                      total         185.91        17       11.   1.0e+02%
                 Driver         driver_line         185.89         1   1.9e+02    1.e+02%
                   Ions            opt_ions         185.64         1   1.9e+02    1.e+02%
          ESolver_KS_PW                 Run         185.64         1   1.9e+02    1.e+02%
               PW_Basis          recip2real        0.66263       429    0.0015      0.36%
               PW_Basis    gathers_scatterp        0.11150       429   0.00026     0.060%
              Potential  update_from_charge         2.1166        61     0.035       1.1%
              Potential           cal_v_eff         2.1110        61     0.035       1.1%
           H_Hartree_pw           v_hartree        0.30182        61    0.0049      0.16%
               PW_Basis          real2recip        0.83523       610    0.0014      0.45%
               PW_Basis    gatherp_scatters        0.13933       610   0.00023     0.075%
                  PotXC           cal_v_eff         1.7259        61     0.028      0.93%
          XC_Functional                v_xc         1.6890        61     0.028      0.91%
               Symmetry       rhog_symmetry        0.60432        62    0.0097      0.33%
              HSolverPW               solve         181.01        61       3.0       97.%
               Nonlocal              getvnl         1.0291       610    0.0017      0.55%
            pp_cell_vnl              getvnl         1.0286       610    0.0017      0.55%
        DiagoIterAssist      diagH_subspace         31.007       600     0.052       17.%
             OperatorPW                hPsi         133.36     45688    0.0029       72.%
               Operator          EkineticPW         1.4498     45688   3.2e-05      0.78%
               Operator              VeffPW         119.15     45688    0.0026       64.%
             PW_Basis_K          recip2real         80.317     66818    0.0012       43.%
             PW_Basis_K    gathers_scatterp         15.153     66818   0.00023       8.2%
             PW_Basis_K          real2recip         44.489     58888   0.00076       24.%
             PW_Basis_K    gatherp_scatters         8.2743     58888   0.00014       4.5%
               Operator          NonlocalPW         10.368     45688   0.00023       5.6%
               Nonlocal     add_nonlocal_pp         5.9057     45688   0.00013       3.2%
        DiagoIterAssist     LAPACK_subspace        0.27271       600   0.00045      0.15%
                DiagoCG           diag_once         137.69       610      0.23       74.%
            ElecStatePW            psiToRho         10.672        61      0.17       5.7%
                 Charge             mix_rho        0.99851        59     0.017      0.54%
                 Charge        Pulay_mixing        0.98661        59     0.017      0.53%
 ----------------------------------------------------------------------------------------

 NAME---------------|MEMORY(MB)--------
               total          329.6
              Psi_PW          62.55
        ChgMix::Rrho          59.33
       ChgMix::dRrho          56.36
        ChgMix::drho          56.36
           FFT::grid          11.87
       DiagSub::hpsi          6.255
    DiagSub::evctemp          6.255
    Veff<PW>::porter          5.933
   Veff<PW>::porter1          5.933
    Meta<PW>::porter          5.933
       ElecSPW::wfcr          5.933
     ElecSPW::wfcr_a          5.933
            VNL::vkb          4.623
        SF::strucFac          4.332
        PW_B_K::gcar          4.079
            Chg::rho          2.966
       Chg::rho_save          2.966
       Chg::rho_core          2.966
       Pot::veff_fix          2.966
           Pot::veff          2.966
   ChgMix::rho_save2          2.966
           VNL::vkb1          2.448
         PW_B_K::gk2          1.360
            VNL::ylm          1.224
   YlmReal::Ylm_Real          1.224
           Chg::rhog          1.083
      Chg::rhog_save          1.083
      Chg::rhog_core          1.083
 -------------   < 1.0 MB has been ignored ----------------
 ----------------------------------------------------------

 Start  Time  : Sun Dec  3 11:46:21 2023
 Finish Time  : Sun Dec  3 11:49:27 2023
 Total  Time  : 0 h 3 mins 6 secs 
