                                                                                     
                              ABACUS v3.3.2

               Atomic-orbital Based Ab-initio Computation at UStc                    

                     Website: http://abacus.ustc.edu.cn/                             
               Documentation: https://abacus.deepmodeling.com/                       
                  Repository: https://github.com/abacusmodeling/abacus-develop       
                              https://github.com/deepmodeling/abacus-develop         
                      Commit: e39b50e (Fri Aug 18 16:14:25 2023 +0800)

    Start Time is Sat Dec  2 14:42:56 2023
                                                                                     
 ------------------------------------------------------------------------------------

 READING GENERAL INFORMATION
                           global_out_dir = OUT.ABACUS/
                           global_in_card = INPUT
                               pseudo_dir = 
                              orbital_dir = 
                                    DRANK = 1
                                    DSIZE = 1
                                   DCOLOR = 1
                                    GRANK = 1
                                    GSIZE = 1
 The esolver type has been set to : ksdft_pw




 >>>>>>>>>>>>>>>>>>>>>>>>>>>>>>>>>>>>>>>>>>>>>>>>>>>>>>>>>>>>>>>>>>>>>>
 |                                                                    |
 | Reading atom information in unitcell:                              |
 | From the input file and the structure file we know the number of   |
 | different elments in this unitcell, then we list the detail        |
 | information for each element, especially the zeta and polar atomic |
 | orbital number for each element. The total atom number is counted. |
 | We calculate the nearest atom distance for each atom and show the  |
 | Cartesian and Direct coordinates for each atom. We list the file   |
 | address for atomic orbitals. The volume and the lattice vectors    |
 | in real and reciprocal space is also shown.                        |
 |                                                                    |
 <<<<<<<<<<<<<<<<<<<<<<<<<<<<<<<<<<<<<<<<<<<<<<<<<<<<<<<<<<<<<<<<<<<<<<




 READING UNITCELL INFORMATION
                                    ntype = 2
                  lattice constant (Bohr) = 6.01361
              lattice constant (Angstrom) = 3.18226

 READING ATOM TYPE 1
                               atom label = Mo
                      L=0, number of zeta = 1
                      L=1, number of zeta = 1
                      L=2, number of zeta = 1
             number of atom for this type = 1

 READING ATOM TYPE 2
                               atom label = S
                      L=0, number of zeta = 1
                      L=1, number of zeta = 1
                      L=2, number of zeta = 1
             number of atom for this type = 2

                        TOTAL ATOM NUMBER = 3

 DIRECT COORDINATES
         atom                   x                   y                   z                 mag                  vx                  vy                  vz
     taud_Mo1            0.666667            0.333333                 0.5                   0                   0                   0                   0
      taud_S1                   0                   0                 0.4                   0                   0                   0                   0
      taud_S2                   0                   0                 0.6                   0                   0                   0                   0


                          Volume (Bohr^3) = 1089.57
                             Volume (A^3) = 161.457

 Lattice vectors: (Cartesian coordinate: in unit of a_0)
                   +1                  +0                  +0
                 -0.5           +0.866025                  +0
                   +0                  +0             +5.7852
 Reciprocal vectors: (Cartesian coordinate: in unit of 2 pi/a_0)
                   +1            +0.57735                  -0
                   +0             +1.1547                  -0
                   +0                  -0           +0.172855




 >>>>>>>>>>>>>>>>>>>>>>>>>>>>>>>>>>>>>>>>>>>>>>>>>>>>>>>>>>>>>>>>>>>>>>
 |                                                                    |
 | Reading pseudopotentials files:                                    |
 | The pseudopotential file is in UPF format. The 'NC' indicates that |
 | the type of pseudopotential is 'norm conserving'. Functional of    |
 | exchange and correlation is decided by 4 given parameters in UPF   |
 | file.  We also read in the 'core correction' if there exists.      |
 | Also we can read the valence electrons number and the maximal      |
 | angular momentum used in this pseudopotential. We also read in the |
 | trail wave function, trail atomic density and local-pseudopotential|
 | on logrithmic grid. The non-local pseudopotential projector is also|
 | read in if there is any.                                           |
 |                                                                    |
 <<<<<<<<<<<<<<<<<<<<<<<<<<<<<<<<<<<<<<<<<<<<<<<<<<<<<<<<<<<<<<<<<<<<<<




                PAO radial cut off (Bohr) = 15

 Read in pseudopotential file is Mo_ONCV_PBE-1.0.upf
                     pseudopotential type = NC
          exchange-correlation functional = PBE
                 nonlocal core correction = 0
                        valence electrons = 14
                                     lmax = 2
                           number of zeta = 0
                     number of projectors = 6
                           L of projector = 0
                           L of projector = 0
                           L of projector = 1
                           L of projector = 1
                           L of projector = 2
                           L of projector = 2
                PAO radial cut off (Bohr) = 15

 Read in pseudopotential file is S_ONCV_PBE-1.0.upf
                     pseudopotential type = NC
          exchange-correlation functional = PBE
                 nonlocal core correction = 0
                        valence electrons = 6
                                     lmax = 1
                           number of zeta = 0
                     number of projectors = 4
                           L of projector = 0
                           L of projector = 0
                           L of projector = 1
                           L of projector = 1
     initial pseudo atomic orbital number = 0
                                   NLOCAL = 27

%%%%%%%%%%%%%%%%%%%%%%%%%%%%%%%%%%%%%%%%%%%%%%%%%%%%%%%%%%%%%%%%%%%%%%%%%%%%%%%%%%%%%%%%%%%%%%%%%%%%%%%%%%
 Warning: the number of valence electrons in pseudopotential > 6 for Mo: [Kr] 4d5 5s1
 Pseudopotentials with additional electrons can yield (more) accurate outcomes, but may be less efficient.
 If you're confident that your chosen pseudopotential is appropriate, you can safely ignore this warning.
%%%%%%%%%%%%%%%%%%%%%%%%%%%%%%%%%%%%%%%%%%%%%%%%%%%%%%%%%%%%%%%%%%%%%%%%%%%%%%%%%%%%%%%%%%%%%%%%%%%%%%%%%%
                  

 Warning_Memory_Consuming allocated:  FFT::grid 10.9863 MB




 >>>>>>>>>>>>>>>>>>>>>>>>>>>>>>>>>>>>>>>>>>>>>>>>>>>>>>>>>>>>>>>>>>>>>>
 |                                                                    |
 | Setup plane waves of charge/potential:                             |
 | Use the energy cutoff and the lattice vectors to generate the      |
 | dimensions of FFT grid. The number of FFT grid on each processor   |
 | is 'nrxx'. The number of plane wave basis in reciprocal space is   |
 | different for charege/potential and wave functions. We also set    |
 | the 'sticks' for the parallel of FFT. The number of plane waves    |
 | is 'npw' in each processor.                                        |
 <<<<<<<<<<<<<<<<<<<<<<<<<<<<<<<<<<<<<<<<<<<<<<<<<<<<<<<<<<<<<<<<<<<<<<





 SETUP THE PLANE WAVE BASIS
 energy cutoff for charge/potential (unit:Ry) = 400
            fft grid for charge/potential = [ 40, 40, 225 ]
                        fft grid division = [ 1, 1, 1 ]
        big fft grid for charge/potential = [ 40, 40, 225 ]
                                     nbxx = 360000
                                     nrxx = 360000

 SETUP PLANE WAVES FOR CHARGE/POTENTIAL
                    number of plane waves = 147179
                         number of sticks = 1003

 PARALLEL PW FOR CHARGE/POTENTIAL
     PROC   COLUMNS(POT)             PW
        1           1003         147179
 --------------- sum -------------------
        1           1003         147179
                            number of |g| = 6765
                                  max |g| = 366.383
                                  min |g| = 0

 SETUP THE ELECTRONS NUMBER
            electron number of element Mo = 14
      total electron number of element Mo = 14
             electron number of element S = 6
       total electron number of element S = 12
            AUTOSET number of electrons:  = 26
 DONE : SETUP UNITCELL Time : 0.0740747 (SEC)





 >>>>>>>>>>>>>>>>>>>>>>>>>>>>>>>>>>>>>>>>>>>>>>>>>>>>>>>>>>>>>>>>>>>>>>
 |                                                                    |
 | Doing symmetry analysis:                                           |
 | We calculate the norm of 3 vectors and the angles between them,    |
 | the type of Bravais lattice is given. We can judge if the unticell |
 | is a primitive cell. Finally we give the point group operation for |
 | this unitcell. We use the point group operations to do symmetry |
 | analysis on given k-point mesh and the charge density.             |
 |                                                                    |
 <<<<<<<<<<<<<<<<<<<<<<<<<<<<<<<<<<<<<<<<<<<<<<<<<<<<<<<<<<<<<<<<<<<<<<




 LATTICE VECTORS: (CARTESIAN COORDINATE: IN UNIT OF A0)
                   +1                  +0                  +0
                 -0.5           +0.866025                  +0
                   +0                  +0             +5.7852
                       right hand lattice = 1
                                   NORM_A = 1
                                   NORM_B = 1
                                   NORM_C = 5.7852
                           ALPHA (DEGREE) = 90
                           BETA  (DEGREE) = 90
                           GAMMA (DEGREE) = 120

 The lattice vectors have been changed (STRU_SIMPLE.cif)

(for optimal symmetric configuration:)
                             BRAVAIS TYPE = 4
                     BRAVAIS LATTICE NAME = 04. Hexagonal cell
                                    ibrav = 4
                                    IBRAV = 4
                                  BRAVAIS = HEXAGONAL CELL
                       LATTICE CONSTANT A = 1
                                C/A RATIO = 5.7852
Original cell was already a primitive cell.
                        ROTATION MATRICES = 24
              PURE POINT GROUP OPERATIONS = 12
                   SPACE GROUP OPERATIONS = 12
                                       C2 = 3
                                       C3 = 2
                                       C4 = 0
                                       C6 = 0
                                       S1 = 4
                                       S3 = 2
                                       S4 = 0
                                       S6 = 0
                              POINT GROUP = D_3h
                                       C2 = 3
                                       C3 = 2
                                       C4 = 0
                                       C6 = 0
                                       S1 = 4
                                       S3 = 2
                                       S4 = 0
                                       S6 = 0
               POINT GROUP IN SPACE GROUP = D_3h
 DONE : SYMMETRY Time : 0.0966422 (SEC)





 >>>>>>>>>>>>>>>>>>>>>>>>>>>>>>>>>>>>>>>>>>>>>>>>>>>>>>>>>>>>>>>>>>>>>>
 |                                                                    |
 | Setup K-points                                                     |
 | We setup the k-points according to input parameters.               |
 | The reduced k-points are set according to symmetry operations.     |
 | We treat the spin as another set of k-points.                      |
 |                                                                    |
 <<<<<<<<<<<<<<<<<<<<<<<<<<<<<<<<<<<<<<<<<<<<<<<<<<<<<<<<<<<<<<<<<<<<<<





 SETUP K-POINTS
                                    nspin = 1
                   Input type of k points = Monkhorst-Pack(Gamma)
                                   nkstot = 64
                       right hand lattice = 1
(for reciprocal lattice: )
                             BRAVAIS TYPE = 4
                     BRAVAIS LATTICE NAME = 04. Hexagonal cell
                                    ibrav = 4
                       right hand lattice = 1
(for k-lattice: )
                             BRAVAIS TYPE = 4
                     BRAVAIS LATTICE NAME = 04. Hexagonal cell
                                    ibrav = 4
                       right hand lattice = 1
                        ROTATION MATRICES = 24
                               nkstot_ibz = 10
      IBZ             DirectX             DirectY             DirectZ              Weight    ibz2bz
        1                   0                   0                   0            0.015625         0
        2              -0.125               0.125                   0             0.09375         1
        3               -0.25                0.25                   0             0.09375         2
        4              -0.375               0.375                   0             0.09375         3
        5                 0.5                 0.5                   0            0.046875         4
        6               -0.25               0.125                   0             0.09375         9
        7              -0.375                0.25                   0              0.1875        10
        8                 0.5               0.375                   0              0.1875        11
        9                 0.5                0.25                   0             0.09375        18
       10               0.375               0.375                   0             0.09375        19
                               nkstot now = 10

  KPOINTS            DIRECT_X            DIRECT_Y            DIRECT_Z              WEIGHT
        1                   0                   0                   0            0.015625
        2              -0.125               0.125                   0             0.09375
        3               -0.25                0.25                   0             0.09375
        4              -0.375               0.375                   0             0.09375
        5                 0.5                 0.5                   0            0.046875
        6               -0.25               0.125                   0             0.09375
        7              -0.375                0.25                   0              0.1875
        8                 0.5               0.375                   0              0.1875
        9                 0.5                0.25                   0             0.09375
       10               0.375               0.375                   0             0.09375

           k-point number in this process = 10
       minimum distributed K point number = 10

  KPOINTS         CARTESIAN_X         CARTESIAN_Y         CARTESIAN_Z              WEIGHT
        1                   0                   0                   0             0.03125
        2              -0.125           0.0721688                   0              0.1875
        3               -0.25            0.144338                   0              0.1875
        4              -0.375            0.216506                   0              0.1875
        5                 0.5            0.866025                   0             0.09375
        6               -0.25                   0                   0              0.1875
        7              -0.375           0.0721688                   0               0.375
        8                 0.5            0.721688                   0               0.375
        9                 0.5             0.57735                   0              0.1875
       10               0.375            0.649519                   0              0.1875

  KPOINTS            DIRECT_X            DIRECT_Y            DIRECT_Z              WEIGHT
        1                   0                   0                   0             0.03125
        2              -0.125               0.125                   0              0.1875
        3               -0.25                0.25                   0              0.1875
        4              -0.375               0.375                   0              0.1875
        5                 0.5                 0.5                   0             0.09375
        6               -0.25               0.125                   0              0.1875
        7              -0.375                0.25                   0               0.375
        8                 0.5               0.375                   0               0.375
        9                 0.5                0.25                   0              0.1875
       10               0.375               0.375                   0              0.1875
 DONE : INIT K-POINTS Time : 0.161829 (SEC)





 >>>>>>>>>>>>>>>>>>>>>>>>>>>>>>>>>>>>>>>>>>>>>>>>>>>>>>>>>>>>>>>>>>>>>>
 |                                                                    |
 | Setup plane waves of wave functions:                               |
 | Use the energy cutoff and the lattice vectors to generate the      |
 | dimensions of FFT grid. The number of FFT grid on each processor   |
 | is 'nrxx'. The number of plane wave basis in reciprocal space is   |
 | different for charege/potential and wave functions. We also set    |
 | the 'sticks' for the parallel of FFT. The number of plane wave of  |
 | each k-point is 'npwk[ik]' in each processor                       |
 <<<<<<<<<<<<<<<<<<<<<<<<<<<<<<<<<<<<<<<<<<<<<<<<<<<<<<<<<<<<<<<<<<<<<<





 SETUP PLANE WAVES FOR WAVE FUNCTIONS
     energy cutoff for wavefunc (unit:Ry) = 100
              fft grid for wave functions = [ 40, 40, 225 ]
                    number of plane waves = 24747
                         number of sticks = 301

 PARALLEL PW FOR WAVE FUNCTIONS
     PROC   COLUMNS(POT)             PW
        1            301          24747
 --------------- sum -------------------
        1            301          24747
 DONE : INIT PLANEWAVE Time : 0.175086 (SEC)

                           occupied bands = 13
                                   NBANDS = 23
                                     npwx = 18507

 Warning_Memory_Consuming allocated:  Psi_PW 64.9507 MB

 SETUP NONLOCAL PSEUDOPOTENTIALS IN PLANE WAVE BASIS
 Mo non-local projectors:
 projector 1 L=0
 projector 2 L=0
 projector 3 L=1
 projector 4 L=1
 projector 5 L=2
 projector 6 L=2
 S non-local projectors:
 projector 1 L=0
 projector 2 L=0
 projector 3 L=1
 projector 4 L=1
      TOTAL NUMBER OF NONLOCAL PROJECTORS = 34
 DONE : LOCAL POTENTIAL Time : 0.209834 (SEC)


 Init Non-Local PseudoPotential table : 
 Init Non-Local-Pseudopotential done.
 DONE : NON-LOCAL POTENTIAL Time : 0.236314 (SEC)


 Make real space PAO into reciprocal space.
       max mesh points in Pseudopotential = 601
     dq(describe PAO in reciprocal space) = 0.01
                                    max q = 1206

 number of pseudo atomic orbitals for Mo is 0

 number of pseudo atomic orbitals for S is 0
 DONE : INIT BASIS Time : 0.236353 (SEC)


 -------------------------------------------
 SELF-CONSISTENT
 -------------------------------------------

 Warning_Memory_Consuming allocated:  Veff<PW>::porter 5.49316 MB

 Warning_Memory_Consuming allocated:  Veff<PW>::porter1 5.49316 MB

 Warning_Memory_Consuming allocated:  Meta<PW>::porter 5.49316 MB
                                 init_chg = atomic
 DONE : INIT SCF Time : 0.319695 (SEC)


 PW ALGORITHM --------------- ION=   1  ELEC=   1--------------------------------

 Warning_Memory_Consuming allocated:  DiagSub::hpsi 6.49507 MB

 Warning_Memory_Consuming allocated:  DiagSub::evctemp 6.49507 MB
Average iterative diagonalization steps: 10.4 ; where current threshold is: 0.01 . 

 Warning_Memory_Consuming allocated:  ElecSPW::wfcr 5.49316 MB

 Warning_Memory_Consuming allocated:  ElecSPW::wfcr_a 5.49316 MB
 Notice: Threshold on eigenvalues was too large.
 hsover_error=0.26 > DRHO=0.249834
 Origin diag_ethr = 0.01
 New    diag_ethr = 0.000960899
Average iterative diagonalization steps: 5.8087 ; where current threshold is: 0.000960899 . 

 Warning_Memory_Consuming allocated:  ChgMix::Rrho 54.9316 MB

 Warning_Memory_Consuming allocated:  ChgMix::dRrho 52.1851 MB

 Warning_Memory_Consuming allocated:  ChgMix::drho 52.1851 MB

 Density error is 0.17268150005
                          Error Threshold = 0.000960899246045

       Energy                       Rydberg                            eV
       E_KohnSham                -178.254910335                -2425.28247704
         E_Harris                -178.276609619                -2425.57771094
          E_Fermi              -0.0444177784522               -0.604334879452

 PW ALGORITHM --------------- ION=   1  ELEC=   2--------------------------------
Average iterative diagonalization steps: 2 ; where current threshold is: 0.000664159615576 . 

 Density error is 0.0760387482395
                          Error Threshold = 0.000664159615576

       Energy                       Rydberg                            eV
       E_KohnSham                -178.241889967                -2425.10532584
         E_Harris                -182.126736097                -2477.96136906
          E_Fermi               -0.057653839921               -0.784420734505

 PW ALGORITHM --------------- ION=   1  ELEC=   3--------------------------------
Average iterative diagonalization steps: 2.6 ; where current threshold is: 0.000292456723998 . 

 Density error is 0.0436839311572
                          Error Threshold = 0.000292456723998

       Energy                       Rydberg                            eV
       E_KohnSham                -178.245481658                 -2425.1541933
         E_Harris                 -178.56403114                -2429.48828135
          E_Fermi              -0.0763868188015                -1.03929598779

 PW ALGORITHM --------------- ION=   1  ELEC=   4--------------------------------
Average iterative diagonalization steps: 2.50434782609 ; where current threshold is: 0.000168015119835 . 

 Density error is 0.0118952520603
                          Error Threshold = 0.000168015119835

       Energy                       Rydberg                            eV
       E_KohnSham                -178.247666964                -2425.18392592
         E_Harris                -173.812220402                 -2364.8365795
          E_Fermi              -0.0556923445117               -0.757733220338

 PW ALGORITHM --------------- ION=   1  ELEC=   5--------------------------------
Average iterative diagonalization steps: 3.33043478261 ; where current threshold is: 4.57509694627e-05 . 

 Density error is 0.00238201064037
                          Error Threshold = 4.57509694627e-05

       Energy                       Rydberg                            eV
       E_KohnSham                 -178.25007545                -2425.21669505
         E_Harris                -178.313010827                -2426.07297478
          E_Fermi              -0.0577645004368               -0.785926348064

 PW ALGORITHM --------------- ION=   1  ELEC=   6--------------------------------
Average iterative diagonalization steps: 2.82608695652 ; where current threshold is: 9.16157938602e-06 . 

 Density error is 0.00335764170912
                          Error Threshold = 9.16157938602e-06

       Energy                       Rydberg                            eV
       E_KohnSham                -178.248973579                -2425.20170333
         E_Harris                -177.588541872                -2416.21606897
          E_Fermi              -0.0593185107866               -0.807069743572

 PW ALGORITHM --------------- ION=   1  ELEC=   7--------------------------------
Average iterative diagonalization steps: 3.40434782609 ; where current threshold is: 9.16157938602e-06 . 

 Density error is 0.007621626873
                          Error Threshold = 9.16157938602e-06

       Energy                       Rydberg                            eV
       E_KohnSham                -178.249011038                -2425.20221298
         E_Harris                -176.906250444                -2406.93301785
          E_Fermi              -0.0448531679572               -0.610258657569

 PW ALGORITHM --------------- ION=   1  ELEC=   8--------------------------------
Average iterative diagonalization steps: 2.62173913043 ; where current threshold is: 9.16157938602e-06 . 

 Density error is 0.000593002036148
                          Error Threshold = 9.16157938602e-06

       Energy                       Rydberg                            eV
       E_KohnSham                  -178.2499258                -2425.21465895
         E_Harris                -179.161926343                -2437.62306293
          E_Fermi              -0.0525114257478               -0.714454600275

 PW ALGORITHM --------------- ION=   1  ELEC=   9--------------------------------
Average iterative diagonalization steps: 2.62173913043 ; where current threshold is: 2.28077706211e-06 . 

 Density error is 0.000419657528326
                          Error Threshold = 2.28077706211e-06

       Energy                       Rydberg                            eV
       E_KohnSham                  -178.2498627                -2425.21380043
         E_Harris                -177.328644516                -2412.67998404
          E_Fermi              -0.0513342388026               -0.698438150208

 PW ALGORITHM --------------- ION=   1  ELEC=  10--------------------------------
Average iterative diagonalization steps: 3.02608695652 ; where current threshold is: 1.61406741664e-06 . 

 Density error is 0.00020606433828
                          Error Threshold = 1.61406741664e-06

       Energy                       Rydberg                            eV
       E_KohnSham                -178.249860725                -2425.21377357
         E_Harris                -177.512960676                -2415.18773405
          E_Fermi              -0.0476667196143               -0.648538991722

 PW ALGORITHM --------------- ION=   1  ELEC=  11--------------------------------
Average iterative diagonalization steps: 2.33913043478 ; where current threshold is: 7.9255514723e-07 . 

 Density error is 0.000174108080023
                          Error Threshold = 7.9255514723e-07

       Energy                       Rydberg                            eV
       E_KohnSham                -178.249855605                -2425.21370391
         E_Harris                -177.727082181                -2418.10100658
          E_Fermi              -0.0465848664715               -0.633819624582

 PW ALGORITHM --------------- ION=   1  ELEC=  12--------------------------------
Average iterative diagonalization steps: 2.60434782609 ; where current threshold is: 6.69646461627e-07 . 

 Density error is 0.000168702145881
                          Error Threshold = 6.69646461627e-07

       Energy                       Rydberg                            eV
       E_KohnSham                -178.249820443                 -2425.2132255
         E_Harris                -177.865145121                -2419.97944924
          E_Fermi               -0.045444801821               -0.618308249246

 PW ALGORITHM --------------- ION=   1  ELEC=  13--------------------------------
Average iterative diagonalization steps: 3.0652173913 ; where current threshold is: 6.48854407236e-07 . 

 Density error is 9.95736708252e-05
                          Error Threshold = 6.48854407236e-07

       Energy                       Rydberg                            eV
       E_KohnSham                -178.249833429                -2425.21340219
         E_Harris                -177.982104748                -2421.57076661
          E_Fermi              -0.0436383442963               -0.593730133716

 PW ALGORITHM --------------- ION=   1  ELEC=  14--------------------------------
Average iterative diagonalization steps: 2.17391304348 ; where current threshold is: 3.8297565702e-07 . 

 Density error is 9.52818835532e-05
                          Error Threshold = 3.8297565702e-07

       Energy                       Rydberg                            eV
       E_KohnSham                -178.249831206                -2425.21337195
         E_Harris                -177.862979549                -2419.94998512
          E_Fermi              -0.0435282605774               -0.592232367881

 PW ALGORITHM --------------- ION=   1  ELEC=  15--------------------------------
Average iterative diagonalization steps: 2.26086956522 ; where current threshold is: 3.66468782897e-07 . 

 Density error is 8.65353282932e-05
                          Error Threshold = 3.66468782897e-07

       Energy                       Rydberg                            eV
       E_KohnSham                -178.249828633                -2425.21333694
         E_Harris                 -177.89066589                -2420.32667711
          E_Fermi              -0.0428529541976               -0.583044353221

 PW ALGORITHM --------------- ION=   1  ELEC=  16--------------------------------
Average iterative diagonalization steps: 2.80869565217 ; where current threshold is: 3.32828185743e-07 . 

 Density error is 5.86083949696e-05
                          Error Threshold = 3.32828185743e-07

       Energy                       Rydberg                            eV
       E_KohnSham                -178.249832805                 -2425.2133937
         E_Harris                -177.930334304                -2420.86639357
          E_Fermi              -0.0411271329467               -0.559563350478

 PW ALGORITHM --------------- ION=   1  ELEC=  17--------------------------------
Average iterative diagonalization steps: 2.17391304348 ; where current threshold is: 2.25416903729e-07 . 

 Density error is 5.6164023031e-05
                          Error Threshold = 2.25416903729e-07

       Energy                       Rydberg                            eV
       E_KohnSham                -178.249835549                -2425.21343103
         E_Harris                -177.966895681                -2421.36383663
          E_Fermi              -0.0410553995568                -0.55858736764

 PW ALGORITHM --------------- ION=   1  ELEC=  18--------------------------------
Average iterative diagonalization steps: 2.60434782609 ; where current threshold is: 2.16015473196e-07 . 

 Density error is 3.92369065997e-05
                          Error Threshold = 2.16015473196e-07

       Energy                       Rydberg                            eV
       E_KohnSham                -178.249838294                -2425.21346838
         E_Harris                -178.024468935                -2422.14716094
          E_Fermi              -0.0395926650373               -0.538685843513

 PW ALGORITHM --------------- ION=   1  ELEC=  19--------------------------------
Average iterative diagonalization steps: 2.5 ; where current threshold is: 1.5091117923e-07 . 

 Density error is 3.22869184182e-05
                          Error Threshold = 1.5091117923e-07

       Energy                       Rydberg                            eV
       E_KohnSham                -178.249838557                -2425.21347196
         E_Harris                -178.066174518                 -2422.7145945
          E_Fermi              -0.0390018775653               -0.530647767586

 PW ALGORITHM --------------- ION=   1  ELEC=  20--------------------------------
Average iterative diagonalization steps: 2 ; where current threshold is: 1.24180455455e-07 . 

 Density error is 3.20079666426e-05
                          Error Threshold = 1.24180455455e-07

       Energy                       Rydberg                            eV
       E_KohnSham                -178.249840575                -2425.21349941
         E_Harris                -178.056584158                -2422.58411096
          E_Fermi              -0.0389660723616               -0.530160612798

 PW ALGORITHM --------------- ION=   1  ELEC=  21--------------------------------
Average iterative diagonalization steps: 2.0347826087 ; where current threshold is: 1.2310756401e-07 . 

 Density error is 2.98870427655e-05
                          Error Threshold = 1.2310756401e-07

       Energy                       Rydberg                            eV
       E_KohnSham                -178.249853588                -2425.21367646
         E_Harris                -178.062354667                -2422.66262277
          E_Fermi              -0.0387467347228               -0.527176371125

 PW ALGORITHM --------------- ION=   1  ELEC=  22--------------------------------
Average iterative diagonalization steps: 3.16086956522 ; where current threshold is: 1.14950164483e-07 . 

 Density error is 1.4576213047e-05
                          Error Threshold = 1.14950164483e-07

       Energy                       Rydberg                            eV
       E_KohnSham                -178.249854906                -2425.21369439
         E_Harris                -178.109618808                 -2423.3056844
          E_Fermi              -0.0369233903447               -0.502368498166

 PW ALGORITHM --------------- ION=   1  ELEC=  23--------------------------------
Average iterative diagonalization steps: 2.2 ; where current threshold is: 5.60623578732e-08 . 

 Density error is 1.38400694675e-05
                          Error Threshold = 5.60623578732e-08

       Energy                       Rydberg                            eV
       E_KohnSham                -178.249860357                -2425.21376856
         E_Harris                -178.108288476                 -2423.2875843
          E_Fermi              -0.0367672349775               -0.500243895399

 PW ALGORITHM --------------- ION=   1  ELEC=  24--------------------------------
Average iterative diagonalization steps: 3.06956521739 ; where current threshold is: 5.32310364136e-08 . 

 Density error is 6.55483897123e-06
                          Error Threshold = 5.32310364136e-08

       Energy                       Rydberg                            eV
       E_KohnSham                -178.249872925                -2425.21393956
         E_Harris                -178.136269822                -2423.66829004
          E_Fermi              -0.0355975156152                -0.48432904701

 PW ALGORITHM --------------- ION=   1  ELEC=  25--------------------------------
Average iterative diagonalization steps: 4.33913043478 ; where current threshold is: 2.52109191201e-08 . 

 Density error is 1.24285326761e-06
                          Error Threshold = 2.52109191201e-08

       Energy                       Rydberg                            eV
       E_KohnSham                -178.249876208                -2425.21398422
         E_Harris                -178.206527497                -2424.62419475
          E_Fermi              -0.0339343967414               -0.461701153876

 PW ALGORITHM --------------- ION=   1  ELEC=  26--------------------------------
Average iterative diagonalization steps: 4.5347826087 ; where current threshold is: 4.78020487542e-09 . 

 Density error is 6.0814528483e-07
                          Error Threshold = 4.78020487542e-09

       Energy                       Rydberg                            eV
       E_KohnSham                -178.249877179                -2425.21399744
         E_Harris                -178.235732204                -2425.02154517
          E_Fermi               -0.033507038496               -0.455886646652

 PW ALGORITHM --------------- ION=   1  ELEC=  27--------------------------------
Average iterative diagonalization steps: 3.8 ; where current threshold is: 2.33902032627e-09 . 

 Density error is 3.14050156309e-07
                          Error Threshold = 2.33902032627e-09

       Energy                       Rydberg                            eV
       E_KohnSham                -178.249878437                -2425.21401455
         E_Harris                -178.239437492                 -2425.0719582
          E_Fermi              -0.0333728912366               -0.454061479552

 PW ALGORITHM --------------- ION=   1  ELEC=  28--------------------------------
Average iterative diagonalization steps: 4.39565217391 ; where current threshold is: 1.20788521657e-09 . 

 Density error is 1.2916819551e-07
                          Error Threshold = 1.20788521657e-09

       Energy                       Rydberg                            eV
       E_KohnSham                -178.249878657                -2425.21401755
         E_Harris                -178.242198608                -2425.10952511
          E_Fermi              -0.0332156414384               -0.451921986288

 PW ALGORITHM --------------- ION=   1  ELEC=  29--------------------------------
Average iterative diagonalization steps: 4.33043478261 ; where current threshold is: 4.96800751962e-10 . 

 Density error is 9.10968914498e-08
                          Error Threshold = 4.96800751962e-10

       Energy                       Rydberg                            eV
       E_KohnSham                -178.249879791                -2425.21403297
         E_Harris                -178.243235379                -2425.12363111
          E_Fermi              -0.0331127414506               -0.450521960128

 PW ALGORITHM --------------- ION=   1  ELEC=  30--------------------------------
Average iterative diagonalization steps: 5.4652173913 ; where current threshold is: 3.50372659422e-10 . 

 Density error is 1.88879442649e-08
                          Error Threshold = 3.50372659422e-10

       Energy                       Rydberg                            eV
       E_KohnSham                -178.249880017                -2425.21403605
         E_Harris                -178.252904974                -2425.25519269
          E_Fermi              -0.0328425874058               -0.446846325782

 PW ALGORITHM --------------- ION=   1  ELEC=  31--------------------------------
Average iterative diagonalization steps: 5.90434782609 ; where current threshold is: 7.26459394802e-11 . 

 Density error is 4.92740635868e-09
                          Error Threshold = 7.26459394802e-11

           Energy                       Rydberg                            eV
       E_KohnSham                 -178.24987997                -2425.21403541
   E_KS(sigma->0)                 -178.24987997                -2425.21403541
         E_Harris                -178.253790322                -2425.26723848
           E_band                -31.2601817028                -425.316591673
       E_one_elec                -917.751940538                -12486.6557419
        E_Hartree                +459.077364859                +6246.06798491
             E_xc                -24.3145245997                -330.816078717
          E_Ewald                +304.739220308                +4146.18980026
   E_entropy(-TS)                            +0                            +0
          E_descf                            +0                            +0
            E_exx                            +0                            +0
          E_Fermi              -0.0328191668147               -0.446527672292

 charge density convergence is achieved
 final etot is -2425.2140354 eV
 EFERMI = -0.44652767229 eV

 STATE ENERGY(eV) AND OCCUPATIONS    NSPIN == 1
 1/10 kpoint (Cartesian) = 0.0000 0.0000 0.0000 (18507 pws)
       1       -61.5024      0.0312500
       2       -35.5766      0.0312500
       3       -35.3233      0.0312500
       4       -35.3233      0.0312500
       5       -13.8114      0.0312500
       6       -13.1770      0.0312500
       7       -5.46516      0.0312500
       8       -2.73769      0.0312500
       9       -1.78454      0.0312500
      10       -1.78454      0.0312500
      11       -1.25865      0.0312500
      12      -0.861824      0.0312500
      13      -0.861824      0.0312500
      14        1.89753        0.00000
      15        1.89753        0.00000
      16        2.11936        0.00000
      17        2.11936        0.00000
      18        4.46859        0.00000
      19        5.05871        0.00000
      20        5.45347        0.00000
      21        6.43750        0.00000
      22        7.36515        0.00000
      23        8.13122        0.00000

 2/10 kpoint (Cartesian) = -0.12500 0.072169 0.0000 (18451 pws)
       1       -61.4974       0.187500
       2       -35.5682       0.187500
       3       -35.3713       0.187500
       4       -35.3346       0.187500
       5       -13.5998       0.187500
       6       -13.0363       0.187500
       7       -5.17827       0.187500
       8       -2.93380       0.187500
       9       -2.32795       0.187500
      10       -1.56869       0.187500
      11       -1.22038       0.187500
      12       -1.18534       0.187500
      13       -1.17355       0.187500
      14        1.26856        0.00000
      15        1.72175        0.00000
      16        1.81199        0.00000
      17        2.32383        0.00000
      18        4.90488        0.00000
      19        5.38056        0.00000
      20        5.87192        0.00000
      21        6.85900        0.00000
      22        7.69655        0.00000
      23        8.76441        0.00000

 3/10 kpoint (Cartesian) = -0.25000 0.14434 0.0000 (18423 pws)
       1       -61.4855       0.187500
       2       -35.5478       0.187500
       3       -35.4858       0.187500
       4       -35.3617       0.187500
       5       -13.0296       0.187500
       6       -12.6592       0.187500
       7       -4.56147       0.187500
       8       -3.51808       0.187500
       9       -3.49678       0.187500
      10       -2.06881       0.187500
      11       -1.79340       0.187500
      12       -1.36657       0.187500
      13       -1.08684       0.187500
      14       0.866382        0.00000
      15        1.49507        0.00000
      16        1.91433        0.00000
      17        2.61525        0.00000
      18        5.64972        0.00000
      19        6.24882        0.00000
      20        6.54856        0.00000
      21        7.40837        0.00000
      22        8.41922        0.00000
      23        8.71662        0.00000

 4/10 kpoint (Cartesian) = -0.37500 0.21651 0.0000 (18370 pws)
       1       -61.4735       0.187500
       2       -35.5984       0.187500
       3       -35.5273       0.187500
       4       -35.3887       0.187500
       5       -12.3307       0.187500
       6       -12.2083       0.187500
       7       -4.99596       0.187500
       8       -4.44572       0.187500
       9       -3.87485       0.187500
      10       -2.60879       0.187500
      11       -2.27010       0.187500
      12       -1.39175       0.187500
      13      -0.772068       0.187500
      14        1.41953        0.00000
      15        1.67423        0.00000
      16        2.36703        0.00000
      17        2.74887        0.00000
      18        5.80246        0.00000
      19        6.84989        0.00000
      20        7.26857        0.00000
      21        7.83684        0.00000
      22        8.09186        0.00000
      23        8.91648        0.00000

 5/10 kpoint (Cartesian) = 0.50000 0.86603 0.0000 (18378 pws)
       1       -61.4685      0.0937500
       2       -35.6444      0.0937500
       3       -35.5188      0.0937500
       4       -35.3998      0.0937500
       5       -11.9897      0.0937500
       6       -11.9778      0.0937500
       7       -5.53493      0.0937500
       8       -4.91383      0.0937500
       9       -3.87397      0.0937500
      10       -2.73437      0.0937500
      11       -2.44361      0.0937500
      12       -1.17327      0.0937500
      13      -0.720189      0.0937500
      14        1.91691        0.00000
      15        1.92321        0.00000
      16        2.58288        0.00000
      17        2.77602        0.00000
      18        5.36734        0.00000
      19        6.77566        0.00000
      20        7.31720        0.00000
      21        7.98945        0.00000
      22        8.83231        0.00000
      23        9.41821        0.00000

 6/10 kpoint (Cartesian) = -0.25000 0.0000 0.0000 (18445 pws)
       1       -61.4890       0.187500
       2       -35.5537       0.187500
       3       -35.4472       0.187500
       4       -35.3592       0.187500
       5       -13.2076       0.187500
       6       -12.7760       0.187500
       7       -4.69492       0.187500
       8       -3.22089       0.187500
       9       -3.13527       0.187500
      10       -2.22997       0.187500
      11       -1.43862       0.187500
      12       -1.28608       0.187500
      13       -1.14089       0.187500
      14       0.777900        0.00000
      15        1.53732        0.00000
      16        1.69195        0.00000
      17        2.58590        0.00000
      18        5.49721        0.00000
      19        5.97694        0.00000
      20        6.43246        0.00000
      21        7.31702        0.00000
      22        8.25606        0.00000
      23        9.22360        0.00000

 7/10 kpoint (Cartesian) = -0.37500 0.072169 0.0000 (18388 pws)
       1       -61.4770       0.375000
       2       -35.5489       0.375000
       3       -35.5333       0.375000
       4       -35.3980       0.375000
       5       -12.5603       0.375000
       6       -12.3507       0.375000
       7       -4.45033       0.375000
       8       -3.89265       0.375000
       9       -3.84521       0.375000
      10       -3.04131       0.375000
      11       -1.83007       0.375000
      12       -1.82539       0.375000
      13      -0.873595       0.375000
      14       0.793400        0.00000
      15        1.83236        0.00000
      16        1.95112        0.00000
      17        2.76722        0.00000
      18        6.15014        0.00000
      19        6.91467        0.00000
      20        7.02270        0.00000
      21        7.91641        0.00000
      22        8.78680        0.00000
      23        9.14099        0.00000

 8/10 kpoint (Cartesian) = 0.50000 0.72169 0.0000 (18377 pws)
       1       -61.4685       0.375000
       2       -35.6194       0.375000
       3       -35.5188       0.375000
       4       -35.4258       0.375000
       5       -11.9971       0.375000
       6       -11.9910       0.375000
       7       -5.20167       0.375000
       8       -4.73253       0.375000
       9       -3.76783       0.375000
      10       -2.99736       0.375000
      11       -2.43395       0.375000
      12       -1.93894       0.375000
      13      -0.684226       0.375000
      14        1.47363        0.00000
      15        2.16574        0.00000
      16        2.22356        0.00000
      17        2.85983        0.00000
      18        5.73568        0.00000
      19        7.31339        0.00000
      20        7.92852        0.00000
      21        8.57262        0.00000
      22        8.99242        0.00000
      23        9.35815        0.00000

 9/10 kpoint (Cartesian) = 0.50000 0.57735 0.0000 (18394 pws)
       1       -61.4685       0.187500
       2       -35.5845       0.187500
       3       -35.5188       0.187500
       4       -35.4616       0.187500
       5       -12.0160       0.187500
       6       -11.9924       0.187500
       7       -4.72762       0.187500
       8       -4.45515       0.187500
       9       -3.60072       0.187500
      10       -3.42622       0.187500
      11       -2.79118       0.187500
      12       -2.32269       0.187500
      13      -0.691374       0.187500
      14        1.13639        0.00000
      15        1.77924        0.00000
      16        2.29086        0.00000
      17        3.08465        0.00000
      18        6.23007        0.00000
      19        7.60014        0.00000
      20        8.05763        0.00000
      21        8.52372        0.00000
      22        9.23694        0.00000
      23        9.44463        0.00000

 10/10 kpoint (Cartesian) = 0.37500 0.64952 0.0000 (18382 pws)
       1       -61.4650       0.187500
       2       -35.5874       0.187500
       3       -35.5128       0.187500
       4       -35.4998       0.187500
       5       -11.8238       0.187500
       6       -11.7599       0.187500
       7       -4.80754       0.187500
       8       -4.78136       0.187500
       9       -3.65722       0.187500
      10       -3.23406       0.187500
      11       -3.20498       0.187500
      12       -2.78023       0.187500
      13      -0.446528       0.187500
      14        1.54343        0.00000
      15        1.65209        0.00000
      16        2.19302        0.00000
      17        3.30810        0.00000
      18        6.15095        0.00000
      19        7.30814        0.00000
      20        8.68004        0.00000
      21        8.93173        0.00000
      22        9.46436        0.00000
      23        9.77399        0.00000



 --------------------------------------------
 !FINAL_ETOT_IS -2425.214035411568 eV
 --------------------------------------------






  |CLASS_NAME---------|NAME---------------|TIME(Sec)-----|CALLS----|AVG------|PER%-------
                                      total         74.894        17       4.4   1.0e+02%
                 Driver         driver_line         74.876         1       75.    1.e+02%
                   Ions            opt_ions         74.640         1       75.    1.e+02%
          ESolver_KS_PW                 Run         74.640         1       75.    1.e+02%
               PW_Basis          recip2real        0.25336       193    0.0013      0.34%
              Potential  update_from_charge        0.93902        32     0.029       1.3%
              Potential           cal_v_eff        0.93404        32     0.029       1.2%
           H_Hartree_pw           v_hartree        0.14473        32    0.0045      0.19%
               PW_Basis          real2recip        0.33353       287    0.0012      0.45%
                  PotXC           cal_v_eff        0.75571        32     0.024       1.0%
          XC_Functional                v_xc        0.74031        32     0.023      0.99%
               Symmetry        rho_symmetry        0.31183        33    0.0094      0.42%
              HSolverPW               solve         72.686        32       2.3       97.%
               Nonlocal              getvnl        0.29975       320   0.00094      0.40%
            pp_cell_vnl              getvnl        0.29947       320   0.00094      0.40%
        DiagoIterAssist      diagH_subspace         12.165       310     0.039       16.%
             OperatorPW                hPsi         54.414     25358    0.0021       73.%
               Operator          EkineticPW        0.37172     25358   1.5e-05      0.50%
               Operator              VeffPW         51.106     25358    0.0020       68.%
             PW_Basis_K          recip2real         35.549     36338   0.00098       47.%
             PW_Basis_K    gathers_scatterp         5.9492     36338   0.00016       7.9%
             PW_Basis_K          real2recip         18.983     32178   0.00059       25.%
             PW_Basis_K    gatherp_scatters         2.3392     32178   7.3e-05       3.1%
               Operator          NonlocalPW         2.0476     25358   8.1e-05       2.7%
               Nonlocal     add_nonlocal_pp         1.2489     25358   4.9e-05       1.7%
        DiagoIterAssist     LAPACK_subspace        0.10932       310   0.00035      0.15%
                DiagoCG           diag_once         55.232       320      0.17       74.%
            ElecStatePW            psiToRho         4.3885        32      0.14       5.9%
                 Charge             mix_rho        0.27823        30    0.0093      0.37%
                 Charge        Pulay_mixing        0.27388        30    0.0091      0.37%
 ----------------------------------------------------------------------------------------

 NAME---------------|MEMORY(MB)--------
               total          316.2
              Psi_PW          64.95
        ChgMix::Rrho          54.93
       ChgMix::dRrho          52.19
        ChgMix::drho          52.19
           FFT::grid          10.99
       DiagSub::hpsi          6.495
    DiagSub::evctemp          6.495
    Veff<PW>::porter          5.493
   Veff<PW>::porter1          5.493
    Meta<PW>::porter          5.493
       ElecSPW::wfcr          5.493
     ElecSPW::wfcr_a          5.493
            VNL::vkb          4.801
        SF::strucFac          4.492
        PW_B_K::gcar          4.236
            Chg::rho          2.747
       Chg::rho_save          2.747
       Chg::rho_core          2.747
       Pot::veff_fix          2.747
           Pot::veff          2.747
   ChgMix::rho_save2          2.747
           VNL::vkb1          2.542
         PW_B_K::gk2          1.412
            VNL::ylm          1.271
   YlmReal::Ylm_Real          1.271
           Chg::rhog          1.123
      Chg::rhog_save          1.123
      Chg::rhog_core          1.123
 -------------   < 1.0 MB has been ignored ----------------
 ----------------------------------------------------------

 Start  Time  : Sat Dec  2 14:42:56 2023
 Finish Time  : Sat Dec  2 14:44:11 2023
 Total  Time  : 0 h 1 mins 15 secs 
