                                                                                     
                              ABACUS v3.3.2

               Atomic-orbital Based Ab-initio Computation at UStc                    

                     Website: http://abacus.ustc.edu.cn/                             
               Documentation: https://abacus.deepmodeling.com/                       
                  Repository: https://github.com/abacusmodeling/abacus-develop       
                              https://github.com/deepmodeling/abacus-develop         
                      Commit: e39b50e (Fri Aug 18 16:14:25 2023 +0800)

    Start Time is Sun Dec  3 13:55:53 2023
                                                                                     
 ------------------------------------------------------------------------------------

 READING GENERAL INFORMATION
                           global_out_dir = OUT.ABACUS/
                           global_in_card = INPUT
                               pseudo_dir = 
                              orbital_dir = 
                                    DRANK = 1
                                    DSIZE = 1
                                   DCOLOR = 1
                                    GRANK = 1
                                    GSIZE = 1
 The esolver type has been set to : ksdft_pw




 >>>>>>>>>>>>>>>>>>>>>>>>>>>>>>>>>>>>>>>>>>>>>>>>>>>>>>>>>>>>>>>>>>>>>>
 |                                                                    |
 | Reading atom information in unitcell:                              |
 | From the input file and the structure file we know the number of   |
 | different elments in this unitcell, then we list the detail        |
 | information for each element, especially the zeta and polar atomic |
 | orbital number for each element. The total atom number is counted. |
 | We calculate the nearest atom distance for each atom and show the  |
 | Cartesian and Direct coordinates for each atom. We list the file   |
 | address for atomic orbitals. The volume and the lattice vectors    |
 | in real and reciprocal space is also shown.                        |
 |                                                                    |
 <<<<<<<<<<<<<<<<<<<<<<<<<<<<<<<<<<<<<<<<<<<<<<<<<<<<<<<<<<<<<<<<<<<<<<




 READING UNITCELL INFORMATION
                                    ntype = 2
                  lattice constant (Bohr) = 5.74477
              lattice constant (Angstrom) = 3.04

 READING ATOM TYPE 1
                               atom label = Mo
                      L=0, number of zeta = 1
                      L=1, number of zeta = 1
                      L=2, number of zeta = 1
             number of atom for this type = 1

 READING ATOM TYPE 2
                               atom label = S
                      L=0, number of zeta = 1
                      L=1, number of zeta = 1
                      L=2, number of zeta = 1
             number of atom for this type = 2

                        TOTAL ATOM NUMBER = 3

 DIRECT COORDINATES
         atom                   x                   y                   z                 mag                  vx                  vy                  vz
     taud_Mo1            0.666667            0.333333               0.125                   0                   0                   0                   0
      taud_S1                   0                   0                   0                   0                   0                   0                   0
      taud_S2                   0                   0                0.25                   0                   0                   0                   0


                          Volume (Bohr^3) = 1080.2
                             Volume (A^3) = 160.069

 Lattice vectors: (Cartesian coordinate: in unit of a_0)
                   +1                  +0                  +0
                 -0.5           +0.866025                  +0
                   +0                  +0            +6.57895
 Reciprocal vectors: (Cartesian coordinate: in unit of 2 pi/a_0)
                   +1            +0.57735                  -0
                   +0             +1.1547                  -0
                   +0                  -0              +0.152




 >>>>>>>>>>>>>>>>>>>>>>>>>>>>>>>>>>>>>>>>>>>>>>>>>>>>>>>>>>>>>>>>>>>>>>
 |                                                                    |
 | Reading pseudopotentials files:                                    |
 | The pseudopotential file is in UPF format. The 'NC' indicates that |
 | the type of pseudopotential is 'norm conserving'. Functional of    |
 | exchange and correlation is decided by 4 given parameters in UPF   |
 | file.  We also read in the 'core correction' if there exists.      |
 | Also we can read the valence electrons number and the maximal      |
 | angular momentum used in this pseudopotential. We also read in the |
 | trail wave function, trail atomic density and local-pseudopotential|
 | on logrithmic grid. The non-local pseudopotential projector is also|
 | read in if there is any.                                           |
 |                                                                    |
 <<<<<<<<<<<<<<<<<<<<<<<<<<<<<<<<<<<<<<<<<<<<<<<<<<<<<<<<<<<<<<<<<<<<<<




                PAO radial cut off (Bohr) = 15

 Read in pseudopotential file is Mo_ONCV_PBE-1.0.upf
                     pseudopotential type = NC
          exchange-correlation functional = PBE
                 nonlocal core correction = 0
                        valence electrons = 14
                                     lmax = 2
                           number of zeta = 0
                     number of projectors = 6
                           L of projector = 0
                           L of projector = 0
                           L of projector = 1
                           L of projector = 1
                           L of projector = 2
                           L of projector = 2
                PAO radial cut off (Bohr) = 15

 Read in pseudopotential file is S_ONCV_PBE-1.0.upf
                     pseudopotential type = NC
          exchange-correlation functional = PBE
                 nonlocal core correction = 0
                        valence electrons = 6
                                     lmax = 1
                           number of zeta = 0
                     number of projectors = 4
                           L of projector = 0
                           L of projector = 0
                           L of projector = 1
                           L of projector = 1
     initial pseudo atomic orbital number = 0
                                   NLOCAL = 27

%%%%%%%%%%%%%%%%%%%%%%%%%%%%%%%%%%%%%%%%%%%%%%%%%%%%%%%%%%%%%%%%%%%%%%%%%%%%%%%%%%%%%%%%%%%%%%%%%%%%%%%%%%
 Warning: the number of valence electrons in pseudopotential > 6 for Mo: [Kr] 4d5 5s1
 Pseudopotentials with additional electrons can yield (more) accurate outcomes, but may be less efficient.
 If you're confident that your chosen pseudopotential is appropriate, you can safely ignore this warning.
%%%%%%%%%%%%%%%%%%%%%%%%%%%%%%%%%%%%%%%%%%%%%%%%%%%%%%%%%%%%%%%%%%%%%%%%%%%%%%%%%%%%%%%%%%%%%%%%%%%%%%%%%%
                  

 Warning_Memory_Consuming allocated:  FFT::grid 11.8652 MB




 >>>>>>>>>>>>>>>>>>>>>>>>>>>>>>>>>>>>>>>>>>>>>>>>>>>>>>>>>>>>>>>>>>>>>>
 |                                                                    |
 | Setup plane waves of charge/potential:                             |
 | Use the energy cutoff and the lattice vectors to generate the      |
 | dimensions of FFT grid. The number of FFT grid on each processor   |
 | is 'nrxx'. The number of plane wave basis in reciprocal space is   |
 | different for charege/potential and wave functions. We also set    |
 | the 'sticks' for the parallel of FFT. The number of plane waves    |
 | is 'npw' in each processor.                                        |
 <<<<<<<<<<<<<<<<<<<<<<<<<<<<<<<<<<<<<<<<<<<<<<<<<<<<<<<<<<<<<<<<<<<<<<





 SETUP THE PLANE WAVE BASIS
 energy cutoff for charge/potential (unit:Ry) = 400
            fft grid for charge/potential = [ 40, 40, 243 ]
                        fft grid division = [ 1, 1, 1 ]
        big fft grid for charge/potential = [ 40, 40, 243 ]
                                     nbxx = 388800
                                     nrxx = 388800

 SETUP PLANE WAVES FOR CHARGE/POTENTIAL
                    number of plane waves = 146065
                         number of sticks = 913

 PARALLEL PW FOR CHARGE/POTENTIAL
     PROC   COLUMNS(POT)             PW
        1            913         146065
 --------------- sum -------------------
        1            913         146065
                            number of |g| = 6809
                                  max |g| = 334.317
                                  min |g| = 0

 SETUP THE ELECTRONS NUMBER
            electron number of element Mo = 14
      total electron number of element Mo = 14
             electron number of element S = 6
       total electron number of element S = 12
            AUTOSET number of electrons:  = 26
 DONE : SETUP UNITCELL Time : 0.0504643 (SEC)





 >>>>>>>>>>>>>>>>>>>>>>>>>>>>>>>>>>>>>>>>>>>>>>>>>>>>>>>>>>>>>>>>>>>>>>
 |                                                                    |
 | Doing symmetry analysis:                                           |
 | We calculate the norm of 3 vectors and the angles between them,    |
 | the type of Bravais lattice is given. We can judge if the unticell |
 | is a primitive cell. Finally we give the point group operation for |
 | this unitcell. We use the point group operations to do symmetry |
 | analysis on given k-point mesh and the charge density.             |
 |                                                                    |
 <<<<<<<<<<<<<<<<<<<<<<<<<<<<<<<<<<<<<<<<<<<<<<<<<<<<<<<<<<<<<<<<<<<<<<




 LATTICE VECTORS: (CARTESIAN COORDINATE: IN UNIT OF A0)
                   +1                  +0                  +0
                 -0.5           +0.866025                  +0
                   +0                  +0            +6.57895
                       right hand lattice = 1
                                   NORM_A = 1
                                   NORM_B = 1
                                   NORM_C = 6.57895
                           ALPHA (DEGREE) = 90
                           BETA  (DEGREE) = 90
                           GAMMA (DEGREE) = 120

 The lattice vectors have been changed (STRU_SIMPLE.cif)

(for optimal symmetric configuration:)
                             BRAVAIS TYPE = 4
                     BRAVAIS LATTICE NAME = 04. Hexagonal cell
                                    ibrav = 4
                                    IBRAV = 4
                                  BRAVAIS = HEXAGONAL CELL
                       LATTICE CONSTANT A = 1
                                C/A RATIO = 6.57895
Original cell was already a primitive cell.
                        ROTATION MATRICES = 24
              PURE POINT GROUP OPERATIONS = 6
                   SPACE GROUP OPERATIONS = 12
                                       C2 = 0
                                       C3 = 2
                                       C4 = 0
                                       C6 = 0
                                       S1 = 3
                                       S3 = 0
                                       S4 = 0
                                       S6 = 0
                              POINT GROUP = C_3v
                                       C2 = 3
                                       C3 = 2
                                       C4 = 0
                                       C6 = 0
                                       S1 = 4
                                       S3 = 2
                                       S4 = 0
                                       S6 = 0
               POINT GROUP IN SPACE GROUP = D_3h
 DONE : SYMMETRY Time : 0.0724984 (SEC)





 >>>>>>>>>>>>>>>>>>>>>>>>>>>>>>>>>>>>>>>>>>>>>>>>>>>>>>>>>>>>>>>>>>>>>>
 |                                                                    |
 | Setup K-points                                                     |
 | We setup the k-points according to input parameters.               |
 | The reduced k-points are set according to symmetry operations.     |
 | We treat the spin as another set of k-points.                      |
 |                                                                    |
 <<<<<<<<<<<<<<<<<<<<<<<<<<<<<<<<<<<<<<<<<<<<<<<<<<<<<<<<<<<<<<<<<<<<<<





 SETUP K-POINTS
                                    nspin = 1
                   Input type of k points = Monkhorst-Pack(Gamma)
                                   nkstot = 64
                       right hand lattice = 1
(for reciprocal lattice: )
                             BRAVAIS TYPE = 4
                     BRAVAIS LATTICE NAME = 04. Hexagonal cell
                                    ibrav = 4
                       right hand lattice = 1
(for k-lattice: )
                             BRAVAIS TYPE = 4
                     BRAVAIS LATTICE NAME = 04. Hexagonal cell
                                    ibrav = 4
                       right hand lattice = 1
                        ROTATION MATRICES = 24
                               nkstot_ibz = 10
      IBZ             DirectX             DirectY             DirectZ              Weight    ibz2bz
        1                   0                   0                   0            0.015625         0
        2              -0.125               0.125                   0             0.09375         1
        3               -0.25                0.25                   0             0.09375         2
        4              -0.375               0.375                   0             0.09375         3
        5                 0.5                 0.5                   0            0.046875         4
        6               -0.25               0.125                   0             0.09375         9
        7              -0.375                0.25                   0              0.1875        10
        8                 0.5               0.375                   0              0.1875        11
        9                 0.5                0.25                   0             0.09375        18
       10               0.375               0.375                   0             0.09375        19
                               nkstot now = 10

  KPOINTS            DIRECT_X            DIRECT_Y            DIRECT_Z              WEIGHT
        1                   0                   0                   0            0.015625
        2              -0.125               0.125                   0             0.09375
        3               -0.25                0.25                   0             0.09375
        4              -0.375               0.375                   0             0.09375
        5                 0.5                 0.5                   0            0.046875
        6               -0.25               0.125                   0             0.09375
        7              -0.375                0.25                   0              0.1875
        8                 0.5               0.375                   0              0.1875
        9                 0.5                0.25                   0             0.09375
       10               0.375               0.375                   0             0.09375

           k-point number in this process = 10
       minimum distributed K point number = 10

  KPOINTS         CARTESIAN_X         CARTESIAN_Y         CARTESIAN_Z              WEIGHT
        1                   0                   0                   0             0.03125
        2              -0.125           0.0721688                   0              0.1875
        3               -0.25            0.144338                   0              0.1875
        4              -0.375            0.216506                   0              0.1875
        5                 0.5            0.866025                   0             0.09375
        6               -0.25                   0                   0              0.1875
        7              -0.375           0.0721688                   0               0.375
        8                 0.5            0.721688                   0               0.375
        9                 0.5             0.57735                   0              0.1875
       10               0.375            0.649519                   0              0.1875

  KPOINTS            DIRECT_X            DIRECT_Y            DIRECT_Z              WEIGHT
        1                   0                   0                   0             0.03125
        2              -0.125               0.125                   0              0.1875
        3               -0.25                0.25                   0              0.1875
        4              -0.375               0.375                   0              0.1875
        5                 0.5                 0.5                   0             0.09375
        6               -0.25               0.125                   0              0.1875
        7              -0.375                0.25                   0               0.375
        8                 0.5               0.375                   0               0.375
        9                 0.5                0.25                   0              0.1875
       10               0.375               0.375                   0              0.1875
 DONE : INIT K-POINTS Time : 0.137413 (SEC)





 >>>>>>>>>>>>>>>>>>>>>>>>>>>>>>>>>>>>>>>>>>>>>>>>>>>>>>>>>>>>>>>>>>>>>>
 |                                                                    |
 | Setup plane waves of wave functions:                               |
 | Use the energy cutoff and the lattice vectors to generate the      |
 | dimensions of FFT grid. The number of FFT grid on each processor   |
 | is 'nrxx'. The number of plane wave basis in reciprocal space is   |
 | different for charege/potential and wave functions. We also set    |
 | the 'sticks' for the parallel of FFT. The number of plane wave of  |
 | each k-point is 'npwk[ik]' in each processor                       |
 <<<<<<<<<<<<<<<<<<<<<<<<<<<<<<<<<<<<<<<<<<<<<<<<<<<<<<<<<<<<<<<<<<<<<<





 SETUP PLANE WAVES FOR WAVE FUNCTIONS
     energy cutoff for wavefunc (unit:Ry) = 100
              fft grid for wave functions = [ 40, 40, 243 ]
                    number of plane waves = 24907
                         number of sticks = 283

 PARALLEL PW FOR WAVE FUNCTIONS
     PROC   COLUMNS(POT)             PW
        1            283          24907
 --------------- sum -------------------
        1            283          24907
 DONE : INIT PLANEWAVE Time : 0.150386 (SEC)

                           occupied bands = 13
                                   NBANDS = 23
                                     npwx = 18298

 Warning_Memory_Consuming allocated:  Psi_PW 64.2172 MB

 SETUP NONLOCAL PSEUDOPOTENTIALS IN PLANE WAVE BASIS
 Mo non-local projectors:
 projector 1 L=0
 projector 2 L=0
 projector 3 L=1
 projector 4 L=1
 projector 5 L=2
 projector 6 L=2
 S non-local projectors:
 projector 1 L=0
 projector 2 L=0
 projector 3 L=1
 projector 4 L=1
      TOTAL NUMBER OF NONLOCAL PROJECTORS = 34
 DONE : LOCAL POTENTIAL Time : 0.180528 (SEC)


 Init Non-Local PseudoPotential table : 
 Init Non-Local-Pseudopotential done.
 DONE : NON-LOCAL POTENTIAL Time : 0.20619 (SEC)


 Make real space PAO into reciprocal space.
       max mesh points in Pseudopotential = 601
     dq(describe PAO in reciprocal space) = 0.01
                                    max q = 1206

 number of pseudo atomic orbitals for Mo is 0

 number of pseudo atomic orbitals for S is 0
 DONE : INIT BASIS Time : 0.206229 (SEC)


 -------------------------------------------
 SELF-CONSISTENT
 -------------------------------------------

 Warning_Memory_Consuming allocated:  Veff<PW>::porter 5.93262 MB

 Warning_Memory_Consuming allocated:  Veff<PW>::porter1 5.93262 MB

 Warning_Memory_Consuming allocated:  Meta<PW>::porter 5.93262 MB
                                 init_chg = atomic
 DONE : INIT SCF Time : 0.286303 (SEC)


 PW ALGORITHM --------------- ION=   1  ELEC=   1--------------------------------

 Warning_Memory_Consuming allocated:  DiagSub::hpsi 6.42172 MB

 Warning_Memory_Consuming allocated:  DiagSub::evctemp 6.36171 MB

 Warning_Memory_Consuming allocated:  DiagSub::evctemp 6.38031 MB

 Warning_Memory_Consuming allocated:  DiagSub::evctemp 6.40558 MB

 Warning_Memory_Consuming allocated:  DiagSub::evctemp 6.41119 MB

 Warning_Memory_Consuming allocated:  DiagSub::evctemp 6.42172 MB
Average iterative diagonalization steps: 10.2435 ; where current threshold is: 0.01 . 

 Warning_Memory_Consuming allocated:  ElecSPW::wfcr 5.93262 MB

 Warning_Memory_Consuming allocated:  ElecSPW::wfcr_a 5.93262 MB

 Warning_Memory_Consuming allocated:  ChgMix::Rrho 59.3262 MB

 Warning_Memory_Consuming allocated:  ChgMix::dRrho 56.3599 MB

 Warning_Memory_Consuming allocated:  ChgMix::drho 56.3599 MB

 Density error is 0.750971832129
                          Error Threshold = 0.01

       Energy                       Rydberg                            eV
       E_KohnSham                -177.702790335                -2417.77049905
         E_Harris                -177.773540918                -2418.73311013
          E_Fermi               +0.126430762706                +1.72017877529

 PW ALGORITHM --------------- ION=   1  ELEC=   2--------------------------------
Average iterative diagonalization steps: 2.15652173913 ; where current threshold is: 0.0028883532005 . 

 Density error is 0.245167705958
                          Error Threshold = 0.0028883532005

       Energy                       Rydberg                            eV
       E_KohnSham                 -177.87230696                -2420.07689106
         E_Harris                 -196.31882283                -2671.05461513
          E_Fermi              +0.0563628411767               +0.766855795473

 PW ALGORITHM --------------- ION=   1  ELEC=   3--------------------------------
Average iterative diagonalization steps: 2.31739130435 ; where current threshold is: 0.000942952715222 . 

 Density error is 0.0390848043639
                          Error Threshold = 0.000942952715222

       Energy                       Rydberg                            eV
       E_KohnSham                 -177.86836751                -2420.02329209
         E_Harris                -167.156046038                -2274.27468127
          E_Fermi              +0.0667957880921               +0.908803320453

 PW ALGORITHM --------------- ION=   1  ELEC=   4--------------------------------
Average iterative diagonalization steps: 4.00434782609 ; where current threshold is: 0.00015032617063 . 

 Density error is 0.00665014561207
                          Error Threshold = 0.00015032617063

       Energy                       Rydberg                            eV
       E_KohnSham                -177.875784188                -2420.12420117
         E_Harris                -177.653499072                -2417.09985702
          E_Fermi              +0.0544880587701               +0.741348072232

 PW ALGORITHM --------------- ION=   1  ELEC=   5--------------------------------
Average iterative diagonalization steps: 3.27826086957 ; where current threshold is: 2.55774831234e-05 . 

 Density error is 0.00341705006418
                          Error Threshold = 2.55774831234e-05

       Energy                       Rydberg                            eV
       E_KohnSham                -177.877003442                -2420.14078997
         E_Harris                -175.747028818                 -2391.1609985
          E_Fermi              +0.0534508662539               +0.727236344089

 PW ALGORITHM --------------- ION=   1  ELEC=   6--------------------------------
Average iterative diagonalization steps: 2.16086956522 ; where current threshold is: 1.31425002468e-05 . 

 Density error is 0.00188524182794
                          Error Threshold = 1.31425002468e-05

       Energy                       Rydberg                            eV
       E_KohnSham                 -177.87687889                -2420.13909535
         E_Harris                -176.253387253                -2398.05035844
          E_Fermi              +0.0556990055426               +0.757823848313

 PW ALGORITHM --------------- ION=   1  ELEC=   7--------------------------------
Average iterative diagonalization steps: 3.5652173913 ; where current threshold is: 7.25093010746e-06 . 

 Density error is 0.0312224688072
                          Error Threshold = 7.25093010746e-06

       Energy                       Rydberg                            eV
       E_KohnSham                 -177.87643351                -2420.13303566
         E_Harris                -176.908042183                -2406.95739571
          E_Fermi              +0.0673074432977               +0.915764746661

 PW ALGORITHM --------------- ION=   1  ELEC=   8--------------------------------
Average iterative diagonalization steps: 2.56956521739 ; where current threshold is: 7.25093010746e-06 . 

 Density error is 0.000598708169941
                          Error Threshold = 7.25093010746e-06

       Energy                       Rydberg                            eV
       E_KohnSham                -177.877010493                -2420.14088591
         E_Harris                -181.253959368                -2466.08663247
          E_Fermi              +0.0617334767538               +0.839927041202

 PW ALGORITHM --------------- ION=   1  ELEC=   9--------------------------------
Average iterative diagonalization steps: 3.27826086957 ; where current threshold is: 2.30272373054e-06 . 

 Density error is 0.00123686264694
                          Error Threshold = 2.30272373054e-06

       Energy                       Rydberg                            eV
       E_KohnSham                -177.877121197                -2420.14239211
         E_Harris                -177.778367813                 -2418.7987834
          E_Fermi              +0.0585326709115               +0.796377843555

 PW ALGORITHM --------------- ION=   1  ELEC=  10--------------------------------
Average iterative diagonalization steps: 2.71739130435 ; where current threshold is: 2.30272373054e-06 . 

 Density error is 0.00197841776987
                          Error Threshold = 2.30272373054e-06

       Energy                       Rydberg                            eV
       E_KohnSham                -177.877074269                -2420.14175363
         E_Harris                -176.775491365                -2405.15394932
          E_Fermi              +0.0603822474628                +0.82154262354

 PW ALGORITHM --------------- ION=   1  ELEC=  11--------------------------------
Average iterative diagonalization steps: 2.51304347826 ; where current threshold is: 2.30272373054e-06 . 

 Density error is 0.00069690310966
                          Error Threshold = 2.30272373054e-06

       Energy                       Rydberg                            eV
       E_KohnSham                -177.877080397                  -2420.141837
         E_Harris                -176.524378813                -2401.73738777
          E_Fermi              +0.0623249729887               +0.847974760342

 PW ALGORITHM --------------- ION=   1  ELEC=  12--------------------------------
Average iterative diagonalization steps: 2.16086956522 ; where current threshold is: 2.30272373054e-06 . 

 Density error is 0.000570053164591
                          Error Threshold = 2.30272373054e-06

       Energy                       Rydberg                            eV
       E_KohnSham                -177.877085307                -2420.14190381
         E_Harris                -176.971078269                -2407.81504567
          E_Fermi              +0.0627604791983               +0.853900126308

 PW ALGORITHM --------------- ION=   1  ELEC=  13--------------------------------
Average iterative diagonalization steps: 2.02608695652 ; where current threshold is: 2.1925121715e-06 . 

 Density error is 0.000634445708606
                          Error Threshold = 2.1925121715e-06

       Energy                       Rydberg                            eV
       E_KohnSham                -177.877050739                -2420.14143349
         E_Harris                -177.046552317                -2408.84192276
          E_Fermi              +0.0628223566225               +0.854742011854

 PW ALGORITHM --------------- ION=   1  ELEC=  14--------------------------------
Average iterative diagonalization steps: 2.63043478261 ; where current threshold is: 2.1925121715e-06 . 

 Density error is 0.000256042066371
                          Error Threshold = 2.1925121715e-06

       Energy                       Rydberg                            eV
       E_KohnSham                -177.877042868                -2420.14132639
         E_Harris                -177.065358369                -2409.09779224
          E_Fermi              +0.0648449832296               +0.882261258637

 PW ALGORITHM --------------- ION=   1  ELEC=  15--------------------------------
Average iterative diagonalization steps: 2.90869565217 ; where current threshold is: 9.84777178352e-07 . 

 Density error is 0.000120011168649
                          Error Threshold = 9.84777178352e-07

       Energy                       Rydberg                            eV
       E_KohnSham                -177.877040901                -2420.14129964
         E_Harris                -177.299821705                -2412.28782957
          E_Fermi              +0.0658030237788               +0.895296069021

 PW ALGORITHM --------------- ION=   1  ELEC=  16--------------------------------
Average iterative diagonalization steps: 2.48260869565 ; where current threshold is: 4.61581417882e-07 . 

 Density error is 6.84635715178e-05
                          Error Threshold = 4.61581417882e-07

       Energy                       Rydberg                            eV
       E_KohnSham                -177.877038886                -2420.14127221
         E_Harris                -177.453248362                -2414.37530633
          E_Fermi              +0.0665218929732               +0.905076786182

 PW ALGORITHM --------------- ION=   1  ELEC=  17--------------------------------
Average iterative diagonalization steps: 3.02173913043 ; where current threshold is: 2.63321428915e-07 . 

 Density error is 3.10304195404e-05
                          Error Threshold = 2.63321428915e-07

       Energy                       Rydberg                            eV
       E_KohnSham                -177.877039993                -2420.14128727
         E_Harris                -177.571697379                -2415.98688788
          E_Fermi              +0.0680860000286               +0.926357554417

 PW ALGORITHM --------------- ION=   1  ELEC=  18--------------------------------
Average iterative diagonalization steps: 2.4347826087 ; where current threshold is: 1.19347767463e-07 . 

 Density error is 2.74194794896e-05
                          Error Threshold = 1.19347767463e-07

       Energy                       Rydberg                            eV
       E_KohnSham                 -177.87704138                -2420.14130614
         E_Harris                -177.669991646                -2417.32424999
          E_Fermi              +0.0684055054835               +0.930704649146

 PW ALGORITHM --------------- ION=   1  ELEC=  19--------------------------------
Average iterative diagonalization steps: 2.02173913043 ; where current threshold is: 1.05459536498e-07 . 

 Density error is 3.61263089108e-05
                          Error Threshold = 1.05459536498e-07

       Energy                       Rydberg                            eV
       E_KohnSham                -177.877042836                -2420.14132596
         E_Harris                -177.684870388                -2417.52668566
          E_Fermi               +0.068371871191                +0.93024703112

 PW ALGORITHM --------------- ION=   1  ELEC=  20--------------------------------
Average iterative diagonalization steps: 2.78695652174 ; where current threshold is: 1.05459536498e-07 . 

 Density error is 2.2357579957e-05
                          Error Threshold = 1.05459536498e-07

       Energy                       Rydberg                            eV
       E_KohnSham                -177.877044256                -2420.14134528
         E_Harris                -177.652346316                -2417.08417296
          E_Fermi              +0.0692395245244               +0.942052060342

 PW ALGORITHM --------------- ION=   1  ELEC=  21--------------------------------
Average iterative diagonalization steps: 2.28260869565 ; where current threshold is: 8.59906921422e-08 . 

 Density error is 1.71322662402e-05
                          Error Threshold = 8.59906921422e-08

       Energy                       Rydberg                            eV
       E_KohnSham                -177.877049293                -2420.14141381
         E_Harris                 -177.69938748                -2417.72420084
          E_Fermi              +0.0696511947798               +0.947653121513

 PW ALGORITHM --------------- ION=   1  ELEC=  22--------------------------------
Average iterative diagonalization steps: 2.89130434783 ; where current threshold is: 6.5893331693e-08 . 

 Density error is 1.10384390302e-05
                          Error Threshold = 6.5893331693e-08

       Energy                       Rydberg                            eV
       E_KohnSham                -177.877053165                -2420.14146649
         E_Harris                -177.762228449                -2418.57919609
          E_Fermi              +0.0705391241323               +0.959734020128

 PW ALGORITHM --------------- ION=   1  ELEC=  23--------------------------------
Average iterative diagonalization steps: 2.79130434783 ; where current threshold is: 4.24555347314e-08 . 

 Density error is 9.29810784406e-06
                          Error Threshold = 4.24555347314e-08

       Energy                       Rydberg                            eV
       E_KohnSham                -177.877052422                -2420.14145638
         E_Harris                -177.778076911                -2418.79482547
          E_Fermi              +0.0708946285085               +0.964570905308

 PW ALGORITHM --------------- ION=   1  ELEC=  24--------------------------------
Average iterative diagonalization steps: 2.15217391304 ; where current threshold is: 3.57619532464e-08 . 

 Density error is 9.11604802732e-06
                          Error Threshold = 3.57619532464e-08

       Energy                       Rydberg                            eV
       E_KohnSham                -177.877052323                -2420.14145504
         E_Harris                -177.756542236                -2418.50183119
          E_Fermi               +0.070851714876               +0.963987035385

 PW ALGORITHM --------------- ION=   1  ELEC=  25--------------------------------
Average iterative diagonalization steps: 2.0347826087 ; where current threshold is: 3.5061723182e-08 . 

 Density error is 9.01220711585e-06
                          Error Threshold = 3.5061723182e-08

       Energy                       Rydberg                            eV
       E_KohnSham                -177.877054165                 -2420.1414801
         E_Harris                -177.763619254                -2418.59811896
          E_Fermi              +0.0708336210426               +0.963740856152

 PW ALGORITHM --------------- ION=   1  ELEC=  26--------------------------------
Average iterative diagonalization steps: 2.37391304348 ; where current threshold is: 3.4662335061e-08 . 

 Density error is 7.49583324184e-06
                          Error Threshold = 3.4662335061e-08

       Energy                       Rydberg                            eV
       E_KohnSham                -177.877061425                -2420.14157888
         E_Harris                -177.775430393                -2418.75881774
          E_Fermi              +0.0711367918181               +0.967865706166

 PW ALGORITHM --------------- ION=   1  ELEC=  27--------------------------------
Average iterative diagonalization steps: 3.58260869565 ; where current threshold is: 2.88301278532e-08 . 

 Density error is 3.37984368942e-06
                          Error Threshold = 2.88301278532e-08

       Energy                       Rydberg                            eV
       E_KohnSham                -177.877061777                -2420.14158367
         E_Harris                -177.808643284                -2419.21070231
          E_Fermi              +0.0721630951785               +0.981829279744

 PW ALGORITHM --------------- ION=   1  ELEC=  28--------------------------------
Average iterative diagonalization steps: 2.19130434783 ; where current threshold is: 1.29993988054e-08 . 

 Density error is 3.66839347383e-06
                          Error Threshold = 1.29993988054e-08

       Energy                       Rydberg                            eV
       E_KohnSham                -177.877063506                 -2420.1416072
         E_Harris                -177.829297112                -2419.49171205
          E_Fermi              +0.0722620682528               +0.983175877504

 PW ALGORITHM --------------- ION=   1  ELEC=  29--------------------------------
Average iterative diagonalization steps: 2.98260869565 ; where current threshold is: 1.29993988054e-08 . 

 Density error is 2.88555327879e-06
                          Error Threshold = 1.29993988054e-08

       Energy                       Rydberg                            eV
       E_KohnSham                -177.877070153                -2420.14169763
         E_Harris                -177.844545017                -2419.69917045
          E_Fermi              +0.0725071675768               +0.986510624885

 PW ALGORITHM --------------- ION=   1  ELEC=  30--------------------------------
Average iterative diagonalization steps: 4.26956521739 ; where current threshold is: 1.10982818415e-08 . 

 Density error is 2.56391413099e-07
                          Error Threshold = 1.10982818415e-08

       Energy                       Rydberg                            eV
       E_KohnSham                -177.877070434                -2420.14170145
         E_Harris                -177.873224615                 -2420.0893764
          E_Fermi              +0.0735775257828                +1.00107359539

 PW ALGORITHM --------------- ION=   1  ELEC=  31--------------------------------
Average iterative diagonalization steps: 3.61739130435 ; where current threshold is: 9.86120819612e-10 . 

 Density error is 3.02661123191e-07
                          Error Threshold = 9.86120819612e-10

       Energy                       Rydberg                            eV
       E_KohnSham                 -177.87707001                -2420.14169568
         E_Harris                -177.871535563                -2420.06639566
          E_Fermi               +0.073610431987                +1.00152130726

 PW ALGORITHM --------------- ION=   1  ELEC=  32--------------------------------
Average iterative diagonalization steps: 3.61739130435 ; where current threshold is: 9.86120819612e-10 . 

 Density error is 3.24128277279e-07
                          Error Threshold = 9.86120819612e-10

       Energy                       Rydberg                            eV
       E_KohnSham                -177.877070768                -2420.14170599
         E_Harris                -177.871152681                -2420.06118629
          E_Fermi              +0.0735330478978                +1.00046844272

 PW ALGORITHM --------------- ION=   1  ELEC=  33--------------------------------
Average iterative diagonalization steps: 3.95652173913 ; where current threshold is: 9.86120819612e-10 . 

 Density error is 1.94901121085e-07
                          Error Threshold = 9.86120819612e-10

       Energy                       Rydberg                            eV
       E_KohnSham                -177.877072428                -2420.14172858
         E_Harris                 -177.87301214                -2420.08648553
          E_Fermi              +0.0736437499778                +1.00197462179

 PW ALGORITHM --------------- ION=   1  ELEC=  34--------------------------------
Average iterative diagonalization steps: 4.66956521739 ; where current threshold is: 7.49619696482e-10 . 

 Density error is 9.8031150788e-09
                          Error Threshold = 7.49619696482e-10

           Energy                       Rydberg                            eV
       E_KohnSham                 -177.87707283                -2420.14173405
   E_KS(sigma->0)                 -177.87707283                -2420.14173405
         E_Harris                -177.879449958                -2420.17407653
           E_band                -30.3061928018                -412.336906791
       E_one_elec                -951.898240656                -12951.2399891
        E_Hartree                +476.405384939                +6481.82779305
             E_xc                -23.9814176441                -326.283926077
          E_Ewald                +321.597200532                +4375.55438808
   E_entropy(-TS)                            +0                            +0
          E_descf                            +0                            +0
            E_exx                            +0                            +0
          E_Fermi              +0.0739413200252                +1.00602326998

 charge density convergence is achieved
 final etot is -2420.141734 eV
 EFERMI = 1.00602327 eV

 STATE ENERGY(eV) AND OCCUPATIONS    NSPIN == 1
 1/10 kpoint (Cartesian) = 0.0000 0.0000 0.0000 (18127 pws)
       1       -61.3735      0.0312500
       2       -35.5473      0.0312500
       3       -35.0062      0.0312500
       4       -35.0062      0.0312500
       5       -13.4395      0.0312500
       6       -13.3282      0.0312500
       7       -5.14637      0.0312500
       8       -3.44498      0.0312500
       9       -2.62059      0.0312500
      10      -0.509212      0.0312500
      11      -0.509212      0.0312500
      12        1.00602      0.0312500
      13        1.00602      0.0312500
      14        1.98753        0.00000
      15        1.98753        0.00000
      16        2.14630        0.00000
      17        2.14630        0.00000
      18        2.49667        0.00000
      19        4.72690        0.00000
      20        5.17671        0.00000
      21        6.27214        0.00000
      22        6.60043        0.00000
      23        8.24073        0.00000

 2/10 kpoint (Cartesian) = -0.12500 0.072169 0.0000 (18180 pws)
       1       -61.3650       0.187500
       2       -35.5376       0.187500
       3       -35.0776       0.187500
       4       -35.0231       0.187500
       5       -13.2063       0.187500
       6       -13.1077       0.187500
       7       -4.78488       0.187500
       8       -3.34154       0.187500
       9       -2.34046       0.187500
      10      -0.874840       0.187500
      11      -0.171359       0.187500
      12       0.309576       0.187500
      13       0.761848       0.187500
      14       0.790849        0.00000
      15        1.35612        0.00000
      16        1.72885        0.00000
      17        2.05186        0.00000
      18        2.74364        0.00000
      19        5.19056        0.00000
      20        5.47554        0.00000
      21        6.54544        0.00000
      22        7.04957        0.00000
      23        8.48081        0.00000

 3/10 kpoint (Cartesian) = -0.25000 0.14434 0.0000 (18252 pws)
       1       -61.3445       0.187500
       2       -35.5140       0.187500
       3       -35.2473       0.187500
       4       -35.0637       0.187500
       5       -12.5598       0.187500
       6       -12.4970       0.187500
       7       -3.93342       0.187500
       8       -3.13552       0.187500
       9       -2.14108       0.187500
      10       -1.79876       0.187500
      11       -1.70171       0.187500
      12      -0.303010       0.187500
      13       0.244500       0.187500
      14       0.601703        0.00000
      15       0.748182        0.00000
      16        1.34597        0.00000
      17        1.82956        0.00000
      18        2.89993        0.00000
      19        6.26884        0.00000
      20        6.33234        0.00000
      21        7.34652        0.00000
      22        7.91231        0.00000
      23        8.67251        0.00000

 4/10 kpoint (Cartesian) = -0.37500 0.21651 0.0000 (18268 pws)
       1       -61.3238       0.187500
       2       -35.4903       0.187500
       3       -35.4135       0.187500
       4       -35.1039       0.187500
       5       -11.7207       0.187500
       6       -11.7090       0.187500
       7       -4.01941       0.187500
       8       -3.80571       0.187500
       9       -3.11720       0.187500
      10       -2.80326       0.187500
      11       -1.83007       0.187500
      12      -0.199646       0.187500
      13       0.519781       0.187500
      14       0.618871        0.00000
      15       0.645923        0.00000
      16        1.61710        0.00000
      17        2.14038        0.00000
      18        3.15341        0.00000
      19        6.92650        0.00000
      20        7.19074        0.00000
      21        7.92593        0.00000
      22        8.28702        0.00000
      23        8.39332        0.00000

 5/10 kpoint (Cartesian) = 0.50000 0.86603 0.0000 (18298 pws)
       1       -61.3152      0.0937500
       2       -35.4813      0.0937500
       3       -35.4804      0.0937500
       4       -35.1205      0.0937500
       5       -11.2886      0.0937500
       6       -11.2677      0.0937500
       7       -4.80432      0.0937500
       8       -4.60518      0.0937500
       9       -3.12751      0.0937500
      10       -2.79245      0.0937500
      11       -1.50899      0.0937500
      12      -0.367515      0.0937500
      13       0.365593      0.0937500
      14       0.722927        0.00000
      15       0.971605        0.00000
      16        1.53201        0.00000
      17        2.72425        0.00000
      18        3.86821        0.00000
      19        6.42086        0.00000
      20        6.69902        0.00000
      21        7.80585        0.00000
      22        8.13347        0.00000
      23        8.94731        0.00000

 6/10 kpoint (Cartesian) = -0.25000 0.0000 0.0000 (18213 pws)
       1       -61.3505       0.187500
       2       -35.5209       0.187500
       3       -35.1901       0.187500
       4       -35.0599       0.187500
       5       -12.7649       0.187500
       6       -12.6905       0.187500
       7       -4.15531       0.187500
       8       -3.17529       0.187500
       9       -1.87987       0.187500
      10       -1.57552       0.187500
      11      -0.972646       0.187500
      12      -0.382964       0.187500
      13      0.0950282       0.187500
      14       0.402176        0.00000
      15        1.09842        0.00000
      16        1.25669        0.00000
      17        1.64674        0.00000
      18        2.91499        0.00000
      19        5.94746        0.00000
      20        6.05716        0.00000
      21        7.08814        0.00000
      22        7.78252        0.00000
      23        8.71054        0.00000

 7/10 kpoint (Cartesian) = -0.37500 0.072169 0.0000 (18259 pws)
       1       -61.3299       0.375000
       2       -35.4972       0.375000
       3       -35.3404       0.375000
       4       -35.1179       0.375000
       5       -12.0049       0.375000
       6       -11.9739       0.375000
       7       -3.39475       0.375000
       8       -3.07839       0.375000
       9       -2.90719       0.375000
      10       -2.67506       0.375000
      11       -1.69268       0.375000
      12      -0.596270       0.375000
      13      -0.395210       0.375000
      14     -0.0171641        0.00000
      15       0.833307        0.00000
      16        1.26389        0.00000
      17        1.85335        0.00000
      18        3.33894        0.00000
      19        7.07770        0.00000
      20        7.16469        0.00000
      21        7.98311        0.00000
      22        8.10888        0.00000
      23        8.76605        0.00000

 8/10 kpoint (Cartesian) = 0.50000 0.72169 0.0000 (18251 pws)
       1       -61.3152       0.375000
       2       -35.4804       0.375000
       3       -35.4444       0.375000
       4       -35.1593       0.375000
       5       -11.3126       0.375000
       6       -11.2976       0.375000
       7       -4.39726       0.375000
       8       -4.22063       0.375000
       9       -2.85235       0.375000
      10       -2.72261       0.375000
      11       -1.57627       0.375000
      12       -1.07696       0.375000
      13      -0.522150       0.375000
      14       0.654207        0.00000
      15       0.789547        0.00000
      16        1.26229        0.00000
      17        1.88129        0.00000
      18        4.66363        0.00000
      19        6.89301        0.00000
      20        7.10085        0.00000
      21        8.59414        0.00000
      22        8.72770        0.00000
      23        9.19802        0.00000

 9/10 kpoint (Cartesian) = 0.50000 0.57735 0.0000 (18257 pws)
       1       -61.3153       0.187500
       2       -35.4805       0.187500
       3       -35.3927       0.187500
       4       -35.2128       0.187500
       5       -11.3361       0.187500
       6       -11.3267       0.187500
       7       -3.76614       0.187500
       8       -3.58105       0.187500
       9       -2.77244       0.187500
      10       -2.56165       0.187500
      11       -1.91759       0.187500
      12       -1.82373       0.187500
      13       -1.00002       0.187500
      14    0.000563984        0.00000
      15       0.324492        0.00000
      16        1.25969        0.00000
      17        1.75529        0.00000
      18        5.03246        0.00000
      19        7.51939        0.00000
      20        7.76101        0.00000
      21        8.59898        0.00000
      22        8.65678        0.00000
      23        8.88194        0.00000

 10/10 kpoint (Cartesian) = 0.37500 0.64952 0.0000 (18241 pws)
       1       -61.3092       0.187500
       2       -35.4735       0.187500
       3       -35.3967       0.187500
       4       -35.2698       0.187500
       5       -11.0198       0.187500
       6       -10.9892       0.187500
       7       -4.00250       0.187500
       8       -3.89315       0.187500
       9       -2.59567       0.187500
      10       -2.58876       0.187500
      11       -2.46249       0.187500
      12       -2.29368       0.187500
      13      -0.808052       0.187500
      14     -0.0274727        0.00000
      15       0.658384        0.00000
      16        1.20793        0.00000
      17        1.44306        0.00000
      18        6.23757        0.00000
      19        7.01964        0.00000
      20        7.49524        0.00000
      21        8.57325        0.00000
      22        8.78784        0.00000
      23        9.12621        0.00000



 --------------------------------------------
 !FINAL_ETOT_IS -2420.141734045129 eV
 --------------------------------------------






  |CLASS_NAME---------|NAME---------------|TIME(Sec)-----|CALLS----|AVG------|PER%-------
                                      total         76.693        17       4.5   1.0e+02%
                 Driver         driver_line         76.684         1       77.    1.e+02%
                   Ions            opt_ions         76.473         1       76.    1.e+02%
          ESolver_KS_PW                 Run         76.473         1       76.    1.e+02%
               PW_Basis          recip2real        0.33015       246    0.0013      0.43%
              Potential  update_from_charge         1.0394        35     0.030       1.4%
              Potential           cal_v_eff         1.0350        35     0.030       1.3%
           H_Hartree_pw           v_hartree        0.16297        35    0.0047      0.21%
               PW_Basis          real2recip        0.39497       347    0.0011      0.52%
                  PotXC           cal_v_eff        0.83263        35     0.024       1.1%
          XC_Functional                v_xc        0.81361        35     0.023       1.1%
               Symmetry       rhog_symmetry        0.35138        35     0.010      0.46%
              HSolverPW               solve         74.280        34       2.2       97.%
               Nonlocal              getvnl        0.30188       340   0.00089      0.39%
            pp_cell_vnl              getvnl        0.30154       340   0.00089      0.39%
        DiagoIterAssist      diagH_subspace         13.966       340     0.041       18.%
             OperatorPW                hPsi         56.393     24417    0.0023       74.%
               Operator          EkineticPW        0.35255     24417   1.4e-05      0.46%
               Operator              VeffPW         53.239     24417    0.0022       69.%
             PW_Basis_K          recip2real         37.251     36317    0.0010       49.%
             PW_Basis_K    gathers_scatterp         6.2139     36317   0.00017       8.1%
             PW_Basis_K          real2recip         19.900     31897   0.00062       26.%
             PW_Basis_K    gatherp_scatters         2.4665     31897   7.7e-05       3.2%
               Operator          NonlocalPW         2.0310     24417   8.3e-05       2.6%
               Nonlocal     add_nonlocal_pp         1.1566     24417   4.7e-05       1.5%
        DiagoIterAssist     LAPACK_subspace        0.12404       340   0.00036      0.16%
                DiagoCG           diag_once         54.527       340      0.16       71.%
            ElecStatePW            psiToRho         4.8813        34      0.14       6.4%
                 Charge             mix_rho        0.30310        33    0.0092      0.40%
                 Charge        Pulay_mixing        0.29776        33    0.0090      0.39%
 ----------------------------------------------------------------------------------------

 NAME---------------|MEMORY(MB)--------
               total          332.2
              Psi_PW          64.22
        ChgMix::Rrho          59.33
       ChgMix::dRrho          56.36
        ChgMix::drho          56.36
           FFT::grid          11.87
       DiagSub::hpsi          6.422
    DiagSub::evctemp          6.422
    Veff<PW>::porter          5.933
   Veff<PW>::porter1          5.933
    Meta<PW>::porter          5.933
       ElecSPW::wfcr          5.933
     ElecSPW::wfcr_a          5.933
            VNL::vkb          4.746
        SF::strucFac          4.458
        PW_B_K::gcar          4.188
            Chg::rho          2.966
       Chg::rho_save          2.966
       Chg::rho_core          2.966
       Pot::veff_fix          2.966
           Pot::veff          2.966
   ChgMix::rho_save2          2.966
           VNL::vkb1          2.513
         PW_B_K::gk2          1.396
            VNL::ylm          1.256
   YlmReal::Ylm_Real          1.256
           Chg::rhog          1.114
      Chg::rhog_save          1.114
      Chg::rhog_core          1.114
 -------------   < 1.0 MB has been ignored ----------------
 ----------------------------------------------------------

 Start  Time  : Sun Dec  3 13:55:53 2023
 Finish Time  : Sun Dec  3 13:57:09 2023
 Total  Time  : 0 h 1 mins 16 secs 
