                                                                                     
                              ABACUS v3.3.2

               Atomic-orbital Based Ab-initio Computation at UStc                    

                     Website: http://abacus.ustc.edu.cn/                             
               Documentation: https://abacus.deepmodeling.com/                       
                  Repository: https://github.com/abacusmodeling/abacus-develop       
                              https://github.com/deepmodeling/abacus-develop         
                      Commit: e39b50e (Fri Aug 18 16:14:25 2023 +0800)

    Start Time is Sun Dec  3 13:59:45 2023
                                                                                     
 ------------------------------------------------------------------------------------

 READING GENERAL INFORMATION
                           global_out_dir = OUT.ABACUS/
                           global_in_card = INPUT
                               pseudo_dir = 
                              orbital_dir = 
                                    DRANK = 1
                                    DSIZE = 1
                                   DCOLOR = 1
                                    GRANK = 1
                                    GSIZE = 1
 The esolver type has been set to : ksdft_pw




 >>>>>>>>>>>>>>>>>>>>>>>>>>>>>>>>>>>>>>>>>>>>>>>>>>>>>>>>>>>>>>>>>>>>>>
 |                                                                    |
 | Reading atom information in unitcell:                              |
 | From the input file and the structure file we know the number of   |
 | different elments in this unitcell, then we list the detail        |
 | information for each element, especially the zeta and polar atomic |
 | orbital number for each element. The total atom number is counted. |
 | We calculate the nearest atom distance for each atom and show the  |
 | Cartesian and Direct coordinates for each atom. We list the file   |
 | address for atomic orbitals. The volume and the lattice vectors    |
 | in real and reciprocal space is also shown.                        |
 |                                                                    |
 <<<<<<<<<<<<<<<<<<<<<<<<<<<<<<<<<<<<<<<<<<<<<<<<<<<<<<<<<<<<<<<<<<<<<<




 READING UNITCELL INFORMATION
                                    ntype = 2
                  lattice constant (Bohr) = 5.74477
              lattice constant (Angstrom) = 3.04

 READING ATOM TYPE 1
                               atom label = Mo
                      L=0, number of zeta = 1
                      L=1, number of zeta = 1
                      L=2, number of zeta = 1
             number of atom for this type = 1

 READING ATOM TYPE 2
                               atom label = S
                      L=0, number of zeta = 1
                      L=1, number of zeta = 1
                      L=2, number of zeta = 1
             number of atom for this type = 2

                        TOTAL ATOM NUMBER = 3

 DIRECT COORDINATES
         atom                   x                   y                   z                 mag                  vx                  vy                  vz
     taud_Mo1            0.666667            0.333333           0.0879121                   0                   0                   0                   0
      taud_S1                   0                   0                   0                   0                   0                   0                   0
      taud_S2                   0                   0            0.175824                   0                   0                   0                   0


                          Volume (Bohr^3) = 982.983
                             Volume (A^3) = 145.663

 Lattice vectors: (Cartesian coordinate: in unit of a_0)
                   +1                  +0                  +0
                 -0.5           +0.866025                  +0
                   +0                  +0            +5.98684
 Reciprocal vectors: (Cartesian coordinate: in unit of 2 pi/a_0)
                   +1            +0.57735                  -0
                   +0             +1.1547                  -0
                   +0                  -0           +0.167033




 >>>>>>>>>>>>>>>>>>>>>>>>>>>>>>>>>>>>>>>>>>>>>>>>>>>>>>>>>>>>>>>>>>>>>>
 |                                                                    |
 | Reading pseudopotentials files:                                    |
 | The pseudopotential file is in UPF format. The 'NC' indicates that |
 | the type of pseudopotential is 'norm conserving'. Functional of    |
 | exchange and correlation is decided by 4 given parameters in UPF   |
 | file.  We also read in the 'core correction' if there exists.      |
 | Also we can read the valence electrons number and the maximal      |
 | angular momentum used in this pseudopotential. We also read in the |
 | trail wave function, trail atomic density and local-pseudopotential|
 | on logrithmic grid. The non-local pseudopotential projector is also|
 | read in if there is any.                                           |
 |                                                                    |
 <<<<<<<<<<<<<<<<<<<<<<<<<<<<<<<<<<<<<<<<<<<<<<<<<<<<<<<<<<<<<<<<<<<<<<




                PAO radial cut off (Bohr) = 15

 Read in pseudopotential file is Mo_ONCV_PBE-1.0.upf
                     pseudopotential type = NC
          exchange-correlation functional = PBE
                 nonlocal core correction = 0
                        valence electrons = 14
                                     lmax = 2
                           number of zeta = 0
                     number of projectors = 6
                           L of projector = 0
                           L of projector = 0
                           L of projector = 1
                           L of projector = 1
                           L of projector = 2
                           L of projector = 2
                PAO radial cut off (Bohr) = 15

 Read in pseudopotential file is S_ONCV_PBE-1.0.upf
                     pseudopotential type = NC
          exchange-correlation functional = PBE
                 nonlocal core correction = 0
                        valence electrons = 6
                                     lmax = 1
                           number of zeta = 0
                     number of projectors = 4
                           L of projector = 0
                           L of projector = 0
                           L of projector = 1
                           L of projector = 1
     initial pseudo atomic orbital number = 0
                                   NLOCAL = 27

%%%%%%%%%%%%%%%%%%%%%%%%%%%%%%%%%%%%%%%%%%%%%%%%%%%%%%%%%%%%%%%%%%%%%%%%%%%%%%%%%%%%%%%%%%%%%%%%%%%%%%%%%%
 Warning: the number of valence electrons in pseudopotential > 6 for Mo: [Kr] 4d5 5s1
 Pseudopotentials with additional electrons can yield (more) accurate outcomes, but may be less efficient.
 If you're confident that your chosen pseudopotential is appropriate, you can safely ignore this warning.
%%%%%%%%%%%%%%%%%%%%%%%%%%%%%%%%%%%%%%%%%%%%%%%%%%%%%%%%%%%%%%%%%%%%%%%%%%%%%%%%%%%%%%%%%%%%%%%%%%%%%%%%%%
                  

 Warning_Memory_Consuming allocated:  FFT::grid 10.9863 MB




 >>>>>>>>>>>>>>>>>>>>>>>>>>>>>>>>>>>>>>>>>>>>>>>>>>>>>>>>>>>>>>>>>>>>>>
 |                                                                    |
 | Setup plane waves of charge/potential:                             |
 | Use the energy cutoff and the lattice vectors to generate the      |
 | dimensions of FFT grid. The number of FFT grid on each processor   |
 | is 'nrxx'. The number of plane wave basis in reciprocal space is   |
 | different for charege/potential and wave functions. We also set    |
 | the 'sticks' for the parallel of FFT. The number of plane waves    |
 | is 'npw' in each processor.                                        |
 <<<<<<<<<<<<<<<<<<<<<<<<<<<<<<<<<<<<<<<<<<<<<<<<<<<<<<<<<<<<<<<<<<<<<<





 SETUP THE PLANE WAVE BASIS
 energy cutoff for charge/potential (unit:Ry) = 400
            fft grid for charge/potential = [ 40, 40, 225 ]
                        fft grid division = [ 1, 1, 1 ]
        big fft grid for charge/potential = [ 40, 40, 225 ]
                                     nbxx = 360000
                                     nrxx = 360000

 SETUP PLANE WAVES FOR CHARGE/POTENTIAL
                    number of plane waves = 132963
                         number of sticks = 913

 PARALLEL PW FOR CHARGE/POTENTIAL
     PROC   COLUMNS(POT)             PW
        1            913         132963
 --------------- sum -------------------
        1            913         132963
                            number of |g| = 6200
                                  max |g| = 334.383
                                  min |g| = 0

 SETUP THE ELECTRONS NUMBER
            electron number of element Mo = 14
      total electron number of element Mo = 14
             electron number of element S = 6
       total electron number of element S = 12
            AUTOSET number of electrons:  = 26
 DONE : SETUP UNITCELL Time : 0.0474607 (SEC)





 >>>>>>>>>>>>>>>>>>>>>>>>>>>>>>>>>>>>>>>>>>>>>>>>>>>>>>>>>>>>>>>>>>>>>>
 |                                                                    |
 | Doing symmetry analysis:                                           |
 | We calculate the norm of 3 vectors and the angles between them,    |
 | the type of Bravais lattice is given. We can judge if the unticell |
 | is a primitive cell. Finally we give the point group operation for |
 | this unitcell. We use the point group operations to do symmetry |
 | analysis on given k-point mesh and the charge density.             |
 |                                                                    |
 <<<<<<<<<<<<<<<<<<<<<<<<<<<<<<<<<<<<<<<<<<<<<<<<<<<<<<<<<<<<<<<<<<<<<<




 LATTICE VECTORS: (CARTESIAN COORDINATE: IN UNIT OF A0)
                   +1                  +0                  +0
                 -0.5           +0.866025                  +0
                   +0                  +0            +5.98684
                       right hand lattice = 1
                                   NORM_A = 1
                                   NORM_B = 1
                                   NORM_C = 5.98684
                           ALPHA (DEGREE) = 90
                           BETA  (DEGREE) = 90
                           GAMMA (DEGREE) = 120

 The lattice vectors have been changed (STRU_SIMPLE.cif)

(for optimal symmetric configuration:)
                             BRAVAIS TYPE = 4
                     BRAVAIS LATTICE NAME = 04. Hexagonal cell
                                    ibrav = 4
                                    IBRAV = 4
                                  BRAVAIS = HEXAGONAL CELL
                       LATTICE CONSTANT A = 1
                                C/A RATIO = 5.98684
Original cell was already a primitive cell.
                        ROTATION MATRICES = 24
              PURE POINT GROUP OPERATIONS = 6
                   SPACE GROUP OPERATIONS = 12
                                       C2 = 0
                                       C3 = 2
                                       C4 = 0
                                       C6 = 0
                                       S1 = 3
                                       S3 = 0
                                       S4 = 0
                                       S6 = 0
                              POINT GROUP = C_3v
                                       C2 = 3
                                       C3 = 2
                                       C4 = 0
                                       C6 = 0
                                       S1 = 4
                                       S3 = 2
                                       S4 = 0
                                       S6 = 0
               POINT GROUP IN SPACE GROUP = D_3h
 DONE : SYMMETRY Time : 0.0695731 (SEC)





 >>>>>>>>>>>>>>>>>>>>>>>>>>>>>>>>>>>>>>>>>>>>>>>>>>>>>>>>>>>>>>>>>>>>>>
 |                                                                    |
 | Setup K-points                                                     |
 | We setup the k-points according to input parameters.               |
 | The reduced k-points are set according to symmetry operations.     |
 | We treat the spin as another set of k-points.                      |
 |                                                                    |
 <<<<<<<<<<<<<<<<<<<<<<<<<<<<<<<<<<<<<<<<<<<<<<<<<<<<<<<<<<<<<<<<<<<<<<





 SETUP K-POINTS
                                    nspin = 1
                   Input type of k points = Monkhorst-Pack(Gamma)
                                   nkstot = 64
                       right hand lattice = 1
(for reciprocal lattice: )
                             BRAVAIS TYPE = 4
                     BRAVAIS LATTICE NAME = 04. Hexagonal cell
                                    ibrav = 4
                       right hand lattice = 1
(for k-lattice: )
                             BRAVAIS TYPE = 4
                     BRAVAIS LATTICE NAME = 04. Hexagonal cell
                                    ibrav = 4
                       right hand lattice = 1
                        ROTATION MATRICES = 24
                               nkstot_ibz = 10
      IBZ             DirectX             DirectY             DirectZ              Weight    ibz2bz
        1                   0                   0                   0            0.015625         0
        2              -0.125               0.125                   0             0.09375         1
        3               -0.25                0.25                   0             0.09375         2
        4              -0.375               0.375                   0             0.09375         3
        5                 0.5                 0.5                   0            0.046875         4
        6               -0.25               0.125                   0             0.09375         9
        7              -0.375                0.25                   0              0.1875        10
        8                 0.5               0.375                   0              0.1875        11
        9                 0.5                0.25                   0             0.09375        18
       10               0.375               0.375                   0             0.09375        19
                               nkstot now = 10

  KPOINTS            DIRECT_X            DIRECT_Y            DIRECT_Z              WEIGHT
        1                   0                   0                   0            0.015625
        2              -0.125               0.125                   0             0.09375
        3               -0.25                0.25                   0             0.09375
        4              -0.375               0.375                   0             0.09375
        5                 0.5                 0.5                   0            0.046875
        6               -0.25               0.125                   0             0.09375
        7              -0.375                0.25                   0              0.1875
        8                 0.5               0.375                   0              0.1875
        9                 0.5                0.25                   0             0.09375
       10               0.375               0.375                   0             0.09375

           k-point number in this process = 10
       minimum distributed K point number = 10

  KPOINTS         CARTESIAN_X         CARTESIAN_Y         CARTESIAN_Z              WEIGHT
        1                   0                   0                   0             0.03125
        2              -0.125           0.0721688                   0              0.1875
        3               -0.25            0.144338                   0              0.1875
        4              -0.375            0.216506                   0              0.1875
        5                 0.5            0.866025                   0             0.09375
        6               -0.25                   0                   0              0.1875
        7              -0.375           0.0721688                   0               0.375
        8                 0.5            0.721688                   0               0.375
        9                 0.5             0.57735                   0              0.1875
       10               0.375            0.649519                   0              0.1875

  KPOINTS            DIRECT_X            DIRECT_Y            DIRECT_Z              WEIGHT
        1                   0                   0                   0             0.03125
        2              -0.125               0.125                   0              0.1875
        3               -0.25                0.25                   0              0.1875
        4              -0.375               0.375                   0              0.1875
        5                 0.5                 0.5                   0             0.09375
        6               -0.25               0.125                   0              0.1875
        7              -0.375                0.25                   0               0.375
        8                 0.5               0.375                   0               0.375
        9                 0.5                0.25                   0              0.1875
       10               0.375               0.375                   0              0.1875
 DONE : INIT K-POINTS Time : 0.134353 (SEC)





 >>>>>>>>>>>>>>>>>>>>>>>>>>>>>>>>>>>>>>>>>>>>>>>>>>>>>>>>>>>>>>>>>>>>>>
 |                                                                    |
 | Setup plane waves of wave functions:                               |
 | Use the energy cutoff and the lattice vectors to generate the      |
 | dimensions of FFT grid. The number of FFT grid on each processor   |
 | is 'nrxx'. The number of plane wave basis in reciprocal space is   |
 | different for charege/potential and wave functions. We also set    |
 | the 'sticks' for the parallel of FFT. The number of plane wave of  |
 | each k-point is 'npwk[ik]' in each processor                       |
 <<<<<<<<<<<<<<<<<<<<<<<<<<<<<<<<<<<<<<<<<<<<<<<<<<<<<<<<<<<<<<<<<<<<<<





 SETUP PLANE WAVES FOR WAVE FUNCTIONS
     energy cutoff for wavefunc (unit:Ry) = 100
              fft grid for wave functions = [ 40, 40, 225 ]
                    number of plane waves = 22663
                         number of sticks = 283

 PARALLEL PW FOR WAVE FUNCTIONS
     PROC   COLUMNS(POT)             PW
        1            283          22663
 --------------- sum -------------------
        1            283          22663
 DONE : INIT PLANEWAVE Time : 0.146486 (SEC)

                           occupied bands = 13
                                   NBANDS = 23
                                     npwx = 16658

 Warning_Memory_Consuming allocated:  Psi_PW 58.4616 MB

 SETUP NONLOCAL PSEUDOPOTENTIALS IN PLANE WAVE BASIS
 Mo non-local projectors:
 projector 1 L=0
 projector 2 L=0
 projector 3 L=1
 projector 4 L=1
 projector 5 L=2
 projector 6 L=2
 S non-local projectors:
 projector 1 L=0
 projector 2 L=0
 projector 3 L=1
 projector 4 L=1
      TOTAL NUMBER OF NONLOCAL PROJECTORS = 34
 DONE : LOCAL POTENTIAL Time : 0.175888 (SEC)


 Init Non-Local PseudoPotential table : 
 Init Non-Local-Pseudopotential done.
 DONE : NON-LOCAL POTENTIAL Time : 0.202675 (SEC)


 Make real space PAO into reciprocal space.
       max mesh points in Pseudopotential = 601
     dq(describe PAO in reciprocal space) = 0.01
                                    max q = 1206

 number of pseudo atomic orbitals for Mo is 0

 number of pseudo atomic orbitals for S is 0
 DONE : INIT BASIS Time : 0.202788 (SEC)


 -------------------------------------------
 SELF-CONSISTENT
 -------------------------------------------

 Warning_Memory_Consuming allocated:  Veff<PW>::porter 5.49316 MB

 Warning_Memory_Consuming allocated:  Veff<PW>::porter1 5.49316 MB

 Warning_Memory_Consuming allocated:  Meta<PW>::porter 5.49316 MB
                                 init_chg = atomic
 DONE : INIT SCF Time : 0.279781 (SEC)


 PW ALGORITHM --------------- ION=   1  ELEC=   1--------------------------------

 Warning_Memory_Consuming allocated:  DiagSub::hpsi 5.84616 MB

 Warning_Memory_Consuming allocated:  DiagSub::evctemp 5.78474 MB

 Warning_Memory_Consuming allocated:  DiagSub::evctemp 5.80896 MB

 Warning_Memory_Consuming allocated:  DiagSub::evctemp 5.82651 MB

 Warning_Memory_Consuming allocated:  DiagSub::evctemp 5.84055 MB

 Warning_Memory_Consuming allocated:  DiagSub::evctemp 5.84616 MB
Average iterative diagonalization steps: 10.6609 ; where current threshold is: 0.01 . 

 Warning_Memory_Consuming allocated:  ElecSPW::wfcr 5.49316 MB

 Warning_Memory_Consuming allocated:  ElecSPW::wfcr_a 5.49316 MB
 Notice: Threshold on eigenvalues was too large.
 hsover_error=0.26 > DRHO=0.106549
 Origin diag_ethr = 0.01
 New    diag_ethr = 0.000409804
Average iterative diagonalization steps: 8.17391 ; where current threshold is: 0.000409804 . 

 Warning_Memory_Consuming allocated:  ChgMix::Rrho 54.9316 MB

 Warning_Memory_Consuming allocated:  ChgMix::dRrho 52.1851 MB

 Warning_Memory_Consuming allocated:  ChgMix::drho 52.1851 MB

 Density error is 0.105242255295
                          Error Threshold = 0.000409804458935

       Energy                       Rydberg                            eV
       E_KohnSham                -178.333253464                   -2426.34839
         E_Harris                -178.344206794                -2426.49741769
          E_Fermi              -0.0495132605344               -0.673662469826

 PW ALGORITHM --------------- ION=   1  ELEC=   2--------------------------------
Average iterative diagonalization steps: 2.00434782609 ; where current threshold is: 0.000404777904983 . 

 Density error is 0.0775120293489
                          Error Threshold = 0.000404777904983

       Energy                       Rydberg                            eV
       E_KohnSham                -178.304078984                -2425.95145083
         E_Harris                 -175.88977927                -2393.10321803
          E_Fermi              -0.0506346631751               -0.688919935492

 PW ALGORITHM --------------- ION=   1  ELEC=   3--------------------------------
Average iterative diagonalization steps: 3.03913043478 ; where current threshold is: 0.000298123189803 . 

 Density error is 0.0215559874759
                          Error Threshold = 0.000298123189803

       Energy                       Rydberg                            eV
       E_KohnSham                -178.314991943                -2426.09992925
         E_Harris                -175.235981906                -2384.20784855
          E_Fermi              -0.0504321636465               -0.686164788061

 PW ALGORITHM --------------- ION=   1  ELEC=   4--------------------------------
Average iterative diagonalization steps: 2.18260869565 ; where current threshold is: 8.29076441382e-05 . 

 Density error is 0.00751792695247
                          Error Threshold = 8.29076441382e-05

       Energy                       Rydberg                            eV
       E_KohnSham                -178.313788589                -2426.08355678
         E_Harris                -174.486150877                -2374.00587402
          E_Fermi              -0.0385854779846               -0.524982360645

 PW ALGORITHM --------------- ION=   1  ELEC=   5--------------------------------
Average iterative diagonalization steps: 3.64347826087 ; where current threshold is: 2.89151036633e-05 . 

 Density error is 0.00808929940247
                          Error Threshold = 2.89151036633e-05

       Energy                       Rydberg                            eV
       E_KohnSham                -178.314207429                -2426.08925538
         E_Harris                 -176.25005224                -2398.00498326
          E_Fermi               -0.017114678789               -0.232857150971

 PW ALGORITHM --------------- ION=   1  ELEC=   6--------------------------------
Average iterative diagonalization steps: 2.80434782609 ; where current threshold is: 2.89151036633e-05 . 

 Density error is 0.00749229423639
                          Error Threshold = 2.89151036633e-05

       Energy                       Rydberg                            eV
       E_KohnSham                -178.314347851                -2426.09116593
         E_Harris                 -179.00133323                -2435.43808153
          E_Fermi              -0.0305046378688               -0.415036890442

 PW ALGORITHM --------------- ION=   1  ELEC=   7--------------------------------
Average iterative diagonalization steps: 2.38695652174 ; where current threshold is: 2.88165162938e-05 . 

 Density error is 0.00104921381953
                          Error Threshold = 2.88165162938e-05

       Energy                       Rydberg                            eV
       E_KohnSham                -178.315106596                -2426.10148918
         E_Harris                -176.511270062                -2401.55903406
          E_Fermi               -0.023599004764               -0.321080931919

 PW ALGORITHM --------------- ION=   1  ELEC=   8--------------------------------
Average iterative diagonalization steps: 3.11304347826 ; where current threshold is: 4.03543776744e-06 . 

 Density error is 0.000891763707211
                          Error Threshold = 4.03543776744e-06

       Energy                       Rydberg                            eV
       E_KohnSham                -178.315084404                -2426.10118725
         E_Harris                -177.034793372                -2408.68193411
          E_Fermi              -0.0229641583902               -0.312443403882

 PW ALGORITHM --------------- ION=   1  ELEC=   9--------------------------------
Average iterative diagonalization steps: 2.20434782609 ; where current threshold is: 3.42986041235e-06 . 

 Density error is 0.000439751138684
                          Error Threshold = 3.42986041235e-06

       Energy                       Rydberg                            eV
       E_KohnSham                -178.315028954                -2426.10043281
         E_Harris                 -177.13822631                -2410.08921143
          E_Fermi              -0.0204325399198               -0.277998967522

 PW ALGORITHM --------------- ION=   1  ELEC=  10--------------------------------
Average iterative diagonalization steps: 3.42608695652 ; where current threshold is: 1.6913505334e-06 . 

 Density error is 0.000275517817865
                          Error Threshold = 1.6913505334e-06

       Energy                       Rydberg                            eV
       E_KohnSham                -178.315056776                -2426.10081135
         E_Harris                -177.531581868                -2415.44108835
          E_Fermi              -0.0155021110227               -0.210917040937

 PW ALGORITHM --------------- ION=   1  ELEC=  11--------------------------------
Average iterative diagonalization steps: 2.05652173913 ; where current threshold is: 1.05968391486e-06 . 

 Density error is 0.000264517702043
                          Error Threshold = 1.05968391486e-06

       Energy                       Rydberg                            eV
       E_KohnSham                -178.315052656                -2426.10075529
         E_Harris                -177.849116588                -2419.76136986
          E_Fermi               -0.015981201131               -0.217435396266

 PW ALGORITHM --------------- ION=   1  ELEC=  12--------------------------------
Average iterative diagonalization steps: 2.45217391304 ; where current threshold is: 1.01737577709e-06 . 

 Density error is 0.000267532389549
                          Error Threshold = 1.01737577709e-06

       Energy                       Rydberg                            eV
       E_KohnSham                 -178.31497221                -2426.09966077
         E_Harris                -177.790171076                -2418.95937503
          E_Fermi              -0.0140790784308               -0.191555689247

 PW ALGORITHM --------------- ION=   1  ELEC=  13--------------------------------
Average iterative diagonalization steps: 3.45217391304 ; where current threshold is: 1.01737577709e-06 . 

 Density error is 0.000133736499369
                          Error Threshold = 1.01737577709e-06

       Energy                       Rydberg                            eV
       E_KohnSham                 -178.31500526                -2426.10011044
         E_Harris                -177.975078137                -2421.47516466
          E_Fermi              -0.0112500135455               -0.153064286797

 PW ALGORITHM --------------- ION=   1  ELEC=  14--------------------------------
Average iterative diagonalization steps: 2.25652173913 ; where current threshold is: 5.14371151417e-07 . 

 Density error is 0.000144377464272
                          Error Threshold = 5.14371151417e-07

       Energy                       Rydberg                            eV
       E_KohnSham                -178.315007203                -2426.10013687
         E_Harris                -177.861659629                 -2419.9320267
          E_Fermi              -0.0113646620396               -0.154624159583

 PW ALGORITHM --------------- ION=   1  ELEC=  15--------------------------------
Average iterative diagonalization steps: 2 ; where current threshold is: 5.14371151417e-07 . 

 Density error is 0.000144746245428
                          Error Threshold = 5.14371151417e-07

       Energy                       Rydberg                            eV
       E_KohnSham                -178.315009939                 -2426.1001741
         E_Harris                -177.832181839                -2419.53096079
          E_Fermi               -0.011363244473                 -0.1546048726

 PW ALGORITHM --------------- ION=   1  ELEC=  16--------------------------------
Average iterative diagonalization steps: 2.33043478261 ; where current threshold is: 5.14371151417e-07 . 

 Density error is 0.000137031198181
                          Error Threshold = 5.14371151417e-07

       Energy                       Rydberg                            eV
       E_KohnSham                -178.315012061                -2426.10020297
         E_Harris                -177.822864462                -2419.40419136
          E_Fermi              -0.0117592220772               -0.159992424297

 PW ALGORITHM --------------- ION=   1  ELEC=  17--------------------------------
Average iterative diagonalization steps: 2.07826086957 ; where current threshold is: 5.14371151417e-07 . 

 Density error is 0.000137939827656
                          Error Threshold = 5.14371151417e-07

       Energy                       Rydberg                            eV
       E_KohnSham                 -178.31501022                -2426.10017792
         E_Harris                -177.858765542                -2419.89265062
          E_Fermi              -0.0119900231863               -0.163132634486

 PW ALGORITHM --------------- ION=   1  ELEC=  18--------------------------------
Average iterative diagonalization steps: 2.44347826087 ; where current threshold is: 5.14371151417e-07 . 

 Density error is 0.000120380451123
                          Error Threshold = 5.14371151417e-07

       Energy                       Rydberg                            eV
       E_KohnSham                -178.315013287                -2426.10021964
         E_Harris                -177.866731223                -2420.00102927
          E_Fermi              -0.0107023776525               -0.145613318222

 PW ALGORITHM --------------- ION=   1  ELEC=  19--------------------------------
Average iterative diagonalization steps: 2 ; where current threshold is: 4.63001735088e-07 . 

 Density error is 0.000122751175546
                          Error Threshold = 4.63001735088e-07

       Energy                       Rydberg                            eV
       E_KohnSham                -178.315013261                 -2426.1002193
         E_Harris                -177.860183754                -2419.91194639
          E_Fermi              -0.0105792143739               -0.143937595848

 PW ALGORITHM --------------- ION=   1  ELEC=  20--------------------------------
Average iterative diagonalization steps: 2.22173913043 ; where current threshold is: 4.63001735088e-07 . 

 Density error is 0.000128032821025
                          Error Threshold = 4.63001735088e-07

       Energy                       Rydberg                            eV
       E_KohnSham                -178.315021078                -2426.10032565
         E_Harris                 -177.86001505                -2419.90965104
          E_Fermi              -0.0101931257357               -0.138684590436

 PW ALGORITHM --------------- ION=   1  ELEC=  21--------------------------------
Average iterative diagonalization steps: 2.44347826087 ; where current threshold is: 4.63001735088e-07 . 

 Density error is 0.000153859696346
                          Error Threshold = 4.63001735088e-07

       Energy                       Rydberg                            eV
       E_KohnSham                -178.315025341                -2426.10038365
         E_Harris                -177.839625448                -2419.63223628
          E_Fermi             -0.00984019462331               -0.133882716306

 PW ALGORITHM --------------- ION=   1  ELEC=  22--------------------------------
Average iterative diagonalization steps: 2 ; where current threshold is: 4.63001735088e-07 . 

 Density error is 0.000169369038414
                          Error Threshold = 4.63001735088e-07

       Energy                       Rydberg                            eV
       E_KohnSham                -178.315016161                -2426.10025876
         E_Harris                -177.785751552                -2418.89924432
          E_Fermi             -0.00988319616392               -0.134467782281

 PW ALGORITHM --------------- ION=   1  ELEC=  23--------------------------------
Average iterative diagonalization steps: 2 ; where current threshold is: 4.63001735088e-07 . 

 Density error is 0.000135406523556
                          Error Threshold = 4.63001735088e-07

       Energy                       Rydberg                            eV
       E_KohnSham                -178.315004968                -2426.10010646
         E_Harris                 -177.76761103                -2418.65242986
          E_Fermi             -0.00973322057747               -0.132427259744

 PW ALGORITHM --------------- ION=   1  ELEC=  24--------------------------------
Average iterative diagonalization steps: 2.22173913043 ; where current threshold is: 4.63001735088e-07 . 

 Density error is 9.78246063622e-05
                          Error Threshold = 4.63001735088e-07

       Energy                       Rydberg                            eV
       E_KohnSham                -178.315007319                -2426.10013845
         E_Harris                -177.825918038                 -2419.4457374
          E_Fermi              -0.0090918060035               -0.123700366758

 PW ALGORITHM --------------- ION=   1  ELEC=  25--------------------------------
Average iterative diagonalization steps: 2.47391304348 ; where current threshold is: 3.76248486008e-07 . 

 Density error is 8.99238980751e-05
                          Error Threshold = 3.76248486008e-07

       Energy                       Rydberg                            eV
       E_KohnSham                -178.315017026                -2426.10027053
         E_Harris                -177.916537467                -2420.67867799
          E_Fermi             -0.00814487766444               -0.110816745749

 PW ALGORITHM --------------- ION=   1  ELEC=  26--------------------------------
Average iterative diagonalization steps: 2.71739130435 ; where current threshold is: 3.45861146443e-07 . 

 Density error is 0.000103968298763
                          Error Threshold = 3.45861146443e-07

       Energy                       Rydberg                            eV
       E_KohnSham                -178.315012412                -2426.10020774
         E_Harris                -177.928337494                -2420.83922559
          E_Fermi             -0.00737744385532               -0.100375273107

 PW ALGORITHM --------------- ION=   1  ELEC=  27--------------------------------
Average iterative diagonalization steps: 2.62173913043 ; where current threshold is: 3.45861146443e-07 . 

 Density error is 5.69610704412e-05
                          Error Threshold = 3.45861146443e-07

       Energy                       Rydberg                            eV
       E_KohnSham                -178.315012975                 -2426.1002154
         E_Harris                -177.927825084                -2420.83225389
          E_Fermi             -0.00559212976399              -0.0760848287456

 PW ALGORITHM --------------- ION=   1  ELEC=  28--------------------------------
Average iterative diagonalization steps: 2.3347826087 ; where current threshold is: 2.19081040159e-07 . 

 Density error is 3.63638228241e-05
                          Error Threshold = 2.19081040159e-07

       Energy                       Rydberg                            eV
       E_KohnSham                -178.315011051                -2426.10018923
         E_Harris                -178.013683148                -2422.00041278
          E_Fermi              -0.0046743209887              -0.0635973997274

 PW ALGORITHM --------------- ION=   1  ELEC=  29--------------------------------
Average iterative diagonalization steps: 2.77391304348 ; where current threshold is: 1.39860857016e-07 . 

 Density error is 2.39430141253e-05
                          Error Threshold = 1.39860857016e-07

       Energy                       Rydberg                            eV
       E_KohnSham                -178.315022645                -2426.10034697
         E_Harris                -178.092666575                -2423.07503744
          E_Fermi             -0.00326023040708              -0.0443577103291

 PW ALGORITHM --------------- ION=   1  ELEC=  30--------------------------------
Average iterative diagonalization steps: 3.38260869565 ; where current threshold is: 9.20885158666e-08 . 

 Density error is 1.76149228437e-05
                          Error Threshold = 9.20885158666e-08

       Energy                       Rydberg                            eV
       E_KohnSham                 -178.31502596                -2426.10039208
         E_Harris                -178.226373803                 -2424.8942176
          E_Fermi              -0.0010418984485               -0.014175755637

 PW ALGORITHM --------------- ION=   1  ELEC=  31--------------------------------
Average iterative diagonalization steps: 2.79130434783 ; where current threshold is: 6.77497032449e-08 . 

 Density error is 8.94737995144e-06
                          Error Threshold = 6.77497032449e-08

       Energy                       Rydberg                            eV
       E_KohnSham                -178.315026952                -2426.10040556
         E_Harris                -178.270200434                -2425.49050951
          E_Fermi             -0.00116252219389              -0.0158169258883

 PW ALGORITHM --------------- ION=   1  ELEC=  32--------------------------------
Average iterative diagonalization steps: 2.25217391304 ; where current threshold is: 3.44129998132e-08 . 

 Density error is 9.6193991322e-06
                          Error Threshold = 3.44129998132e-08

       Energy                       Rydberg                            eV
       E_KohnSham                -178.315037234                -2426.10054546
         E_Harris                -178.230203174                -2424.94631886
          E_Fermi            -0.000878757827617              -0.0119561136177

 PW ALGORITHM --------------- ION=   1  ELEC=  33--------------------------------
Average iterative diagonalization steps: 3.9347826087 ; where current threshold is: 3.44129998132e-08 . 

 Density error is 2.58867629967e-06
                          Error Threshold = 3.44129998132e-08

       Energy                       Rydberg                            eV
       E_KohnSham                -178.315045546                -2426.10065855
         E_Harris                -178.281616639                -2425.64583494
          E_Fermi            +0.000431009651394             +0.00586418715195

 PW ALGORITHM --------------- ION=   1  ELEC=  34--------------------------------
Average iterative diagonalization steps: 5.36956521739 ; where current threshold is: 9.95644730642e-09 . 

 Density error is 1.12737638908e-07
                          Error Threshold = 9.95644730642e-09

       Energy                       Rydberg                            eV
       E_KohnSham                 -178.31504833                -2426.10069643
         E_Harris                -178.311313485                -2426.04988127
          E_Fermi             +0.00175615485282              +0.0238937125687

 PW ALGORITHM --------------- ION=   1  ELEC=  35--------------------------------
Average iterative diagonalization steps: 6.8 ; where current threshold is: 4.33606303491e-10 . 

 Density error is 8.04203600345e-08
                          Error Threshold = 4.33606303491e-10

       Energy                       Rydberg                            eV
       E_KohnSham                -178.315047317                -2426.10068265
         E_Harris                -178.322216491                -2426.19822427
          E_Fermi             +0.00225751704397              +0.0307150951301

 PW ALGORITHM --------------- ION=   1  ELEC=  36--------------------------------
Average iterative diagonalization steps: 5.4652173913 ; where current threshold is: 3.09309077056e-10 . 

 Density error is 9.64395777813e-08
                          Error Threshold = 3.09309077056e-10

       Energy                       Rydberg                            eV
       E_KohnSham                -178.315047093                 -2426.1006796
         E_Harris                -178.310802374                -2426.04292724
          E_Fermi             +0.00197424875582              +0.0268610323486

 PW ALGORITHM --------------- ION=   1  ELEC=  37--------------------------------
Average iterative diagonalization steps: 5.18260869565 ; where current threshold is: 3.09309077056e-10 . 

 Density error is 6.65907394599e-08
                          Error Threshold = 3.09309077056e-10

       Energy                       Rydberg                            eV
       E_KohnSham                -178.315048055                -2426.10069269
         E_Harris                -178.305832255                -2425.97530531
          E_Fermi             +0.00188191673421              +0.0256047907469

 PW ALGORITHM --------------- ION=   1  ELEC=  38--------------------------------
Average iterative diagonalization steps: 5.72173913043 ; where current threshold is: 2.56118228692e-10 . 

 Density error is 6.1107591749e-08
                          Error Threshold = 2.56118228692e-10

       Energy                       Rydberg                            eV
       E_KohnSham                -178.315047971                -2426.10069154
         E_Harris                -178.313820548                 -2426.0839916
          E_Fermi             +0.00220909717667              +0.0300563090384

 PW ALGORITHM --------------- ION=   1  ELEC=  39--------------------------------
Average iterative diagonalization steps: 4.36086956522 ; where current threshold is: 2.35029199035e-10 . 

 Density error is 8.1161526097e-08
                          Error Threshold = 2.35029199035e-10

       Energy                       Rydberg                            eV
       E_KohnSham                -178.315047693                -2426.10068776
         E_Harris                -178.316183077                -2426.11613546
          E_Fermi              +0.0021907448916              +0.0298066133902

 PW ALGORITHM --------------- ION=   1  ELEC=  40--------------------------------
Average iterative diagonalization steps: 5.33913043478 ; where current threshold is: 2.35029199035e-10 . 

 Density error is 9.87084128512e-08
                          Error Threshold = 2.35029199035e-10

       Energy                       Rydberg                            eV
       E_KohnSham                -178.315047855                -2426.10068997
         E_Harris                 -178.31184788                -2426.05715208
          E_Fermi             +0.00208293354351              +0.0283397647471

 PW ALGORITHM --------------- ION=   1  ELEC=  41--------------------------------
Average iterative diagonalization steps: 4.51304347826 ; where current threshold is: 2.35029199035e-10 . 

 Density error is 8.40218494904e-08
                          Error Threshold = 2.35029199035e-10

       Energy                       Rydberg                            eV
       E_KohnSham                -178.315048903                -2426.10070423
         E_Harris                -178.311983883                -2426.05900249
          E_Fermi             +0.00213936749835              +0.0291075880935

 PW ALGORITHM --------------- ION=   1  ELEC=  42--------------------------------
Average iterative diagonalization steps: 6.03043478261 ; where current threshold is: 2.35029199035e-10 . 

 Density error is 1.06621541039e-07
                          Error Threshold = 2.35029199035e-10

       Energy                       Rydberg                            eV
       E_KohnSham                -178.315049695                  -2426.100715
         E_Harris                -178.318227133                -2426.14394626
          E_Fermi             +0.00234618983286              +0.0319215503165

 PW ALGORITHM --------------- ION=   1  ELEC=  43--------------------------------
Average iterative diagonalization steps: 5.36086956522 ; where current threshold is: 2.35029199035e-10 . 

 Density error is 2.31850832357e-07
                          Error Threshold = 2.35029199035e-10

       Energy                       Rydberg                            eV
       E_KohnSham                -178.315050024                -2426.10071948
         E_Harris                -178.325519661                 -2426.2431662
          E_Fermi             +0.00253323022881              +0.0344663654577

 PW ALGORITHM --------------- ION=   1  ELEC=  44--------------------------------
Average iterative diagonalization steps: 4.83913043478 ; where current threshold is: 2.35029199035e-10 . 

 Density error is 2.63803987236e-07
                          Error Threshold = 2.35029199035e-10

       Energy                       Rydberg                            eV
       E_KohnSham                -178.315048129                 -2426.1006937
         E_Harris                -178.327605195                -2426.27154135
          E_Fermi              +0.0025974336129              +0.0353398973121

 PW ALGORITHM --------------- ION=   1  ELEC=  45--------------------------------
Average iterative diagonalization steps: 7.14347826087 ; where current threshold is: 2.35029199035e-10 . 

 Density error is 3.75985221296e-07
                          Error Threshold = 2.35029199035e-10

       Energy                       Rydberg                            eV
       E_KohnSham                -178.315047844                -2426.10068982
         E_Harris                -178.320640284                -2426.17677887
          E_Fermi             +0.00230187515485              +0.0313186181906

 PW ALGORITHM --------------- ION=   1  ELEC=  46--------------------------------
Average iterative diagonalization steps: 5.30869565217 ; where current threshold is: 2.35029199035e-10 . 

 Density error is 4.24983951985e-07
                          Error Threshold = 2.35029199035e-10

       Energy                       Rydberg                            eV
       E_KohnSham                -178.315047747                 -2426.1006885
         E_Harris                -178.316817302                -2426.12476453
          E_Fermi             +0.00220389312509              +0.0299855042843

 PW ALGORITHM --------------- ION=   1  ELEC=  47--------------------------------
Average iterative diagonalization steps: 5.06086956522 ; where current threshold is: 2.35029199035e-10 . 

 Density error is 3.11866148519e-07
                          Error Threshold = 2.35029199035e-10

       Energy                       Rydberg                            eV
       E_KohnSham                -178.315047493                -2426.10068505
         E_Harris                -178.316091574                 -2426.1148905
          E_Fermi             +0.00224746406522              +0.0305783173373

 PW ALGORITHM --------------- ION=   1  ELEC=  48--------------------------------
Average iterative diagonalization steps: 5.62608695652 ; where current threshold is: 2.35029199035e-10 . 

 Density error is 3.47290536201e-07
                          Error Threshold = 2.35029199035e-10

       Energy                       Rydberg                            eV
       E_KohnSham                -178.315048225                -2426.10069501
         E_Harris                -178.314133346                -2426.08824744
          E_Fermi             +0.00206752398026              +0.0281301068831

 PW ALGORITHM --------------- ION=   1  ELEC=  49--------------------------------
Average iterative diagonalization steps: 6.6 ; where current threshold is: 2.35029199035e-10 . 

 Density error is 2.02925466633e-07
                          Error Threshold = 2.35029199035e-10

       Energy                       Rydberg                            eV
       E_KohnSham                -178.315047831                -2426.10068965
         E_Harris                -178.316993056                -2426.12715579
          E_Fermi             +0.00227863043394              +0.0310023575378

 PW ALGORITHM --------------- ION=   1  ELEC=  50--------------------------------
Average iterative diagonalization steps: 5.31739130435 ; where current threshold is: 2.35029199035e-10 . 

 Density error is 1.15027656111e-07
                          Error Threshold = 2.35029199035e-10

       Energy                       Rydberg                            eV
       E_KohnSham                -178.315047793                -2426.10068913
         E_Harris                -178.315381874                -2426.10523453
          E_Fermi             +0.00217845699579              +0.0296394279907

 PW ALGORITHM --------------- ION=   1  ELEC=  51--------------------------------
Average iterative diagonalization steps: 4.20434782609 ; where current threshold is: 2.35029199035e-10 . 

 Density error is 5.88724502557e-08
                          Error Threshold = 2.35029199035e-10

       Energy                       Rydberg                            eV
       E_KohnSham                -178.315048258                -2426.10069545
         E_Harris                -178.313562152                -2426.08047594
          E_Fermi             +0.00215917435449              +0.0293770741965

 PW ALGORITHM --------------- ION=   1  ELEC=  52--------------------------------
Average iterative diagonalization steps: 5.34782608696 ; where current threshold is: 2.26432500983e-10 . 

 Density error is 6.63453714342e-08
                          Error Threshold = 2.26432500983e-10

       Energy                       Rydberg                            eV
       E_KohnSham                -178.315047413                -2426.10068395
         E_Harris                -178.317278016                -2426.13103287
          E_Fermi             +0.00227625526232                +0.03097004167

 PW ALGORITHM --------------- ION=   1  ELEC=  53--------------------------------
Average iterative diagonalization steps: 6.13913043478 ; where current threshold is: 2.26432500983e-10 . 

 Density error is 1.44366185133e-08
                          Error Threshold = 2.26432500983e-10

       Energy                       Rydberg                            eV
       E_KohnSham                 -178.31504741                -2426.10068392
         E_Harris                -178.315401211                -2426.10549762
          E_Fermi             +0.00213174714895               +0.029003907921

 PW ALGORITHM --------------- ION=   1  ELEC=  54--------------------------------
Average iterative diagonalization steps: 4.56086956522 ; where current threshold is: 5.55254558203e-11 . 

 Density error is 1.12323049436e-08
                          Error Threshold = 5.55254558203e-11

       Energy                       Rydberg                            eV
       E_KohnSham                -178.315047725                 -2426.1006882
         E_Harris                -178.315732529                -2426.11000543
          E_Fermi             +0.00213177753214              +0.0290043213054

 PW ALGORITHM --------------- ION=   1  ELEC=  55--------------------------------
Average iterative diagonalization steps: 6.53913043478 ; where current threshold is: 4.320117286e-11 . 

 Density error is 2.25350886314e-08
                          Error Threshold = 4.320117286e-11

       Energy                       Rydberg                            eV
       E_KohnSham                -178.315047524                -2426.10068546
         E_Harris                -178.318729522                -2426.15078162
          E_Fermi             +0.00222823355392              +0.0303166728081

 PW ALGORITHM --------------- ION=   1  ELEC=  56--------------------------------
Average iterative diagonalization steps: 5.8 ; where current threshold is: 4.320117286e-11 . 

 Density error is 1.34073325599e-08
                          Error Threshold = 4.320117286e-11

       Energy                       Rydberg                            eV
       E_KohnSham                -178.315047582                -2426.10068625
         E_Harris                -178.318712093                -2426.15054448
          E_Fermi             +0.00217114117024              +0.0295398910776

 PW ALGORITHM --------------- ION=   1  ELEC=  57--------------------------------
Average iterative diagonalization steps: 5.02173913043 ; where current threshold is: 4.320117286e-11 . 

 Density error is 1.34205727273e-08
                          Error Threshold = 4.320117286e-11

       Energy                       Rydberg                            eV
       E_KohnSham                -178.315047488                -2426.10068498
         E_Harris                -178.317833891                -2426.13859593
          E_Fermi             +0.00216560848008              +0.0294646149662

 PW ALGORITHM --------------- ION=   1  ELEC=  58--------------------------------
Average iterative diagonalization steps: 5.2347826087 ; where current threshold is: 4.320117286e-11 . 

 Density error is 7.39071694849e-09
                          Error Threshold = 4.320117286e-11

           Energy                       Rydberg                            eV
       E_KohnSham                -178.315047315                -2426.10068263
   E_KS(sigma->0)                -178.315047315                -2426.10068263
         E_Harris                -178.317289393                -2426.13118766
           E_band                -30.9064072484                -420.503243287
       E_one_elec                -1046.65841331                -14240.5182807
        E_Hartree                +524.059068505                +7130.18942024
             E_xc                -24.8359322463                -337.910193692
          E_Ewald                +369.120229737                +5022.13837149
   E_entropy(-TS)                            +0                            +0
          E_descf                            +0                            +0
            E_exx                            +0                            +0
          E_Fermi             +0.00213118448881               +0.028996252537

 charge density convergence is achieved
 final etot is -2426.1006826 eV
 EFERMI = 0.028996252537 eV

 STATE ENERGY(eV) AND OCCUPATIONS    NSPIN == 1
 1/10 kpoint (Cartesian) = 0.0000 0.0000 0.0000 (16483 pws)
       1       -60.6016      0.0312500
       2       -34.8653      0.0312500
       3       -34.4572      0.0312500
       4       -34.4572      0.0312500
       5       -14.4357      0.0312500
       6       -13.1449      0.0312500
       7       -5.89720      0.0312500
       8       -2.26128      0.0312500
       9       -2.26128      0.0312500
      10       -2.15701      0.0312500
      11       -1.03223      0.0312500
      12       -1.03223      0.0312500
      13      -0.404632      0.0312500
      14        3.29666        0.00000
      15        3.29666        0.00000
      16        3.42648        0.00000
      17        3.42648        0.00000
      18        5.35340        0.00000
      19        5.58453        0.00000
      20        6.40007        0.00000
      21        7.10498        0.00000
      22        7.85880        0.00000
      23        9.20782        0.00000

 2/10 kpoint (Cartesian) = -0.12500 0.072169 0.0000 (16552 pws)
       1       -60.5914       0.187500
       2       -34.8466       0.187500
       3       -34.5459       0.187500
       4       -34.4770       0.187500
       5       -14.1612       0.187500
       6       -13.0205       0.187500
       7       -5.59262       0.187500
       8       -2.82156       0.187500
       9       -2.75414       0.187500
      10       -1.97679       0.187500
      11       -1.43785       0.187500
      12      -0.934132       0.187500
      13      -0.440289       0.187500
      14        2.68766        0.00000
      15        3.01123        0.00000
      16        3.15081        0.00000
      17        3.68438        0.00000
      18        5.72638        0.00000
      19        5.92616        0.00000
      20        6.79282        0.00000
      21        8.08643        0.00000
      22        8.17868        0.00000
      23        9.55844        0.00000

 3/10 kpoint (Cartesian) = -0.25000 0.14434 0.0000 (16602 pws)
       1       -60.5669       0.187500
       2       -34.8011       0.187500
       3       -34.7555       0.187500
       4       -34.5243       0.187500
       5       -13.4267       0.187500
       6       -12.6898       0.187500
       7       -5.13400       0.187500
       8       -3.78366       0.187500
       9       -3.70409       0.187500
      10       -2.18622       0.187500
      11       -1.43315       0.187500
      12       -1.28606       0.187500
      13      -0.871608       0.187500
      14        2.15996        0.00000
      15        2.73199        0.00000
      16        3.29169        0.00000
      17        4.29662        0.00000
      18        6.64485        0.00000
      19        6.86415        0.00000
      20        7.68670        0.00000
      21        8.89583        0.00000
      22        8.90943        0.00000
      23        9.67760        0.00000

 4/10 kpoint (Cartesian) = -0.37500 0.21651 0.0000 (16642 pws)
       1       -60.5422       0.187500
       2       -34.9591       0.187500
       3       -34.7554       0.187500
       4       -34.5713       0.187500
       5       -12.5254       0.187500
       6       -12.3007       0.187500
       7       -5.67707       0.187500
       8       -4.77029       0.187500
       9       -3.99437       0.187500
      10       -2.76253       0.187500
      11       -1.98155       0.187500
      12      -0.967109       0.187500
      13      -0.672215       0.187500
      14        2.69048        0.00000
      15        2.73718        0.00000
      16        3.92267        0.00000
      17        4.62556        0.00000
      18        7.75593        0.00000
      19        7.84048        0.00000
      20        7.84915        0.00000
      21        8.83055        0.00000
      22        9.00294        0.00000
      23        9.93931        0.00000

 5/10 kpoint (Cartesian) = 0.50000 0.86603 0.0000 (16658 pws)
       1       -60.5320      0.0937500
       2       -35.0417      0.0937500
       3       -34.7363      0.0937500
       4       -34.5906      0.0937500
       5       -12.1149      0.0937500
       6       -12.0625      0.0937500
       7       -6.13257      0.0937500
       8       -5.20051      0.0937500
       9       -4.21877      0.0937500
      10       -2.97040      0.0937500
      11       -2.15840      0.0937500
      12      -0.606042      0.0937500
      13      -0.483053      0.0937500
      14        2.93478        0.00000
      15        3.25126        0.00000
      16        4.12546        0.00000
      17        4.70625        0.00000
      18        6.69494        0.00000
      19        8.15602        0.00000
      20        8.42200        0.00000
      21        9.24489        0.00000
      22        9.93499        0.00000
      23        10.3093        0.00000

 6/10 kpoint (Cartesian) = -0.25000 0.0000 0.0000 (16579 pws)
       1       -60.5741       0.187500
       2       -34.8145       0.187500
       3       -34.6850       0.187500
       4       -34.5205       0.187500
       5       -13.6550       0.187500
       6       -12.7909       0.187500
       7       -5.15592       0.187500
       8       -3.50392       0.187500
       9       -3.33680       0.187500
      10       -2.48862       0.187500
      11       -1.60125       0.187500
      12      -0.833463       0.187500
      13      -0.659836       0.187500
      14        2.09602        0.00000
      15        2.80847        0.00000
      16        2.88904        0.00000
      17        4.26375        0.00000
      18        6.37563        0.00000
      19        6.58223        0.00000
      20        7.44261        0.00000
      21        8.77647        0.00000
      22        9.20729        0.00000
      23        10.1284        0.00000

 7/10 kpoint (Cartesian) = -0.37500 0.072169 0.0000 (16603 pws)
       1       -60.5494       0.375000
       2       -34.8698       0.375000
       3       -34.7689       0.375000
       4       -34.5894       0.375000
       5       -12.8206       0.375000
       6       -12.4164       0.375000
       7       -5.22312       0.375000
       8       -4.28832       0.375000
       9       -3.75067       0.375000
      10       -3.24373       0.375000
      11       -1.78727       0.375000
      12       -1.31648       0.375000
      13      -0.637426       0.375000
      14        2.03174        0.00000
      15        3.00437        0.00000
      16        3.31184        0.00000
      17        4.68385        0.00000
      18        7.52196        0.00000
      19        7.71995        0.00000
      20        8.59358        0.00000
      21        8.84205        0.00000
      22        9.38969        0.00000
      23        10.0499        0.00000

 8/10 kpoint (Cartesian) = 0.50000 0.72169 0.0000 (16599 pws)
       1       -60.5320       0.375000
       2       -34.9967       0.375000
       3       -34.7364       0.375000
       4       -34.6386       0.375000
       5       -12.0998       0.375000
       6       -12.0857       0.375000
       7       -5.78725       0.375000
       8       -5.18583       0.375000
       9       -4.02229       0.375000
      10       -3.21544       0.375000
      11       -1.96933       0.375000
      12       -1.76739       0.375000
      13      -0.272247       0.375000
      14        2.66881        0.00000
      15        3.41189        0.00000
      16        3.84226        0.00000
      17        4.64586        0.00000
      18        7.18409        0.00000
      19        8.82403        0.00000
      20        8.85191        0.00000
      21        9.66872        0.00000
      22        10.0912        0.00000
      23        10.3606        0.00000

 9/10 kpoint (Cartesian) = 0.50000 0.57735 0.0000 (16603 pws)
       1       -60.5320       0.187500
       2       -34.9343       0.187500
       3       -34.7365       0.187500
       4       -34.7040       0.187500
       5       -12.1082       0.187500
       6       -12.0845       0.187500
       7       -5.34678       0.187500
       8       -5.15761       0.187500
       9       -3.54886       0.187500
      10       -3.46707       0.187500
      11       -2.95080       0.187500
      12       -1.74573       0.187500
      13      -0.346417       0.187500
      14        2.41372        0.00000
      15        3.21557        0.00000
      16        3.54536        0.00000
      17        5.10216        0.00000
      18        7.98839        0.00000
      19        8.73289        0.00000
      20        8.95407        0.00000
      21        9.73727        0.00000
      22        10.1966        0.00000
      23        10.3249        0.00000

 10/10 kpoint (Cartesian) = 0.37500 0.64952 0.0000 (16631 pws)
       1       -60.5247       0.187500
       2       -34.9406       0.187500
       3       -34.7718       0.187500
       4       -34.7230       0.187500
       5       -11.9214       0.187500
       6       -11.7685       0.187500
       7       -5.62484       0.187500
       8       -5.24284       0.187500
       9       -3.99577       0.187500
      10       -3.18846       0.187500
      11       -3.17799       0.187500
      12       -2.24233       0.187500
      13      0.0289963       0.187500
      14        2.51678        0.00000
      15        3.12314        0.00000
      16        3.82548        0.00000
      17        5.38020        0.00000
      18        7.38193        0.00000
      19        8.70905        0.00000
      20        9.78505        0.00000
      21        10.0865        0.00000
      22        10.3389        0.00000
      23        10.8927        0.00000



 --------------------------------------------
 !FINAL_ETOT_IS -2426.100682625069 eV
 --------------------------------------------






  |CLASS_NAME---------|NAME---------------|TIME(Sec)-----|CALLS----|AVG------|PER%-------
                                      total         157.86        17       9.3   1.0e+02%
                 Driver         driver_line         157.85         1   1.6e+02    1.e+02%
                   Ions            opt_ions         157.64         1   1.6e+02    1.e+02%
          ESolver_KS_PW                 Run         157.64         1   1.6e+02    1.e+02%
               PW_Basis          recip2real        0.51948       415    0.0013      0.33%
              Potential  update_from_charge         1.6580        59     0.028       1.1%
              Potential           cal_v_eff         1.6533        59     0.028       1.0%
           H_Hartree_pw           v_hartree        0.25763        59    0.0044      0.16%
               PW_Basis          real2recip        0.62785       590    0.0011      0.40%
                  PotXC           cal_v_eff         1.3296        59     0.023      0.84%
          XC_Functional                v_xc         1.2990        59     0.022      0.82%
               Symmetry       rhog_symmetry        0.54564        60    0.0091      0.35%
              HSolverPW               solve         154.21        59       2.6       98.%
               Nonlocal              getvnl        0.48724       590   0.00083      0.31%
            pp_cell_vnl              getvnl        0.48667       590   0.00082      0.31%
        DiagoIterAssist      diagH_subspace         22.203       580     0.038       14.%
             OperatorPW                hPsi         113.59     55255    0.0021       72.%
               Operator          EkineticPW        0.81009     55255   1.5e-05      0.51%
               Operator              VeffPW         105.89     55255    0.0019       67.%
             PW_Basis_K          recip2real         73.436     75685   0.00097       47.%
             PW_Basis_K    gathers_scatterp         12.518     75685   0.00017       7.9%
             PW_Basis_K          real2recip         38.690     68015   0.00057       25.%
             PW_Basis_K    gatherp_scatters         5.1429     68015   7.6e-05       3.3%
               Operator          NonlocalPW         4.4855     55255   8.1e-05       2.8%
               Nonlocal     add_nonlocal_pp         2.5842     55255   4.7e-05       1.6%
        DiagoIterAssist     LAPACK_subspace        0.20815       580   0.00036      0.13%
                DiagoCG           diag_once         122.89       590      0.21       78.%
            ElecStatePW            psiToRho         8.0623        59      0.14       5.1%
                 Charge             mix_rho        0.47348        57    0.0083      0.30%
                 Charge        Pulay_mixing        0.46569        57    0.0082      0.30%
 ----------------------------------------------------------------------------------------

 NAME---------------|MEMORY(MB)--------
               total          306.0
              Psi_PW          58.46
        ChgMix::Rrho          54.93
       ChgMix::dRrho          52.19
        ChgMix::drho          52.19
           FFT::grid          10.99
       DiagSub::hpsi          5.846
    DiagSub::evctemp          5.846
    Veff<PW>::porter          5.493
   Veff<PW>::porter1          5.493
    Meta<PW>::porter          5.493
       ElecSPW::wfcr          5.493
     ElecSPW::wfcr_a          5.493
            VNL::vkb          4.321
        SF::strucFac          4.058
        PW_B_K::gcar          3.813
            Chg::rho          2.747
       Chg::rho_save          2.747
       Chg::rho_core          2.747
       Pot::veff_fix          2.747
           Pot::veff          2.747
   ChgMix::rho_save2          2.747
           VNL::vkb1          2.288
         PW_B_K::gk2          1.271
            VNL::ylm          1.144
   YlmReal::Ylm_Real          1.144
           Chg::rhog          1.014
      Chg::rhog_save          1.014
      Chg::rhog_core          1.014
 -------------   < 1.0 MB has been ignored ----------------
 ----------------------------------------------------------

 Start  Time  : Sun Dec  3 13:59:45 2023
 Finish Time  : Sun Dec  3 14:02:23 2023
 Total  Time  : 0 h 2 mins 38 secs 
