                                                                                     
                              ABACUS v3.3.2

               Atomic-orbital Based Ab-initio Computation at UStc                    

                     Website: http://abacus.ustc.edu.cn/                             
               Documentation: https://abacus.deepmodeling.com/                       
                  Repository: https://github.com/abacusmodeling/abacus-develop       
                              https://github.com/deepmodeling/abacus-develop         
                      Commit: e39b50e (Fri Aug 18 16:14:25 2023 +0800)

    Start Time is Sun Dec  3 11:58:09 2023
                                                                                     
 ------------------------------------------------------------------------------------

 READING GENERAL INFORMATION
                           global_out_dir = OUT.ABACUS/
                           global_in_card = INPUT
                               pseudo_dir = 
                              orbital_dir = 
                                    DRANK = 1
                                    DSIZE = 1
                                   DCOLOR = 1
                                    GRANK = 1
                                    GSIZE = 1
 The esolver type has been set to : ksdft_pw




 >>>>>>>>>>>>>>>>>>>>>>>>>>>>>>>>>>>>>>>>>>>>>>>>>>>>>>>>>>>>>>>>>>>>>>
 |                                                                    |
 | Reading atom information in unitcell:                              |
 | From the input file and the structure file we know the number of   |
 | different elments in this unitcell, then we list the detail        |
 | information for each element, especially the zeta and polar atomic |
 | orbital number for each element. The total atom number is counted. |
 | We calculate the nearest atom distance for each atom and show the  |
 | Cartesian and Direct coordinates for each atom. We list the file   |
 | address for atomic orbitals. The volume and the lattice vectors    |
 | in real and reciprocal space is also shown.                        |
 |                                                                    |
 <<<<<<<<<<<<<<<<<<<<<<<<<<<<<<<<<<<<<<<<<<<<<<<<<<<<<<<<<<<<<<<<<<<<<<




 READING UNITCELL INFORMATION
                                    ntype = 2
                  lattice constant (Bohr) = 5.78256
              lattice constant (Angstrom) = 3.06

 READING ATOM TYPE 1
                               atom label = Mo
                      L=0, number of zeta = 1
                      L=1, number of zeta = 1
                      L=2, number of zeta = 1
             number of atom for this type = 1

 READING ATOM TYPE 2
                               atom label = S
                      L=0, number of zeta = 1
                      L=1, number of zeta = 1
                      L=2, number of zeta = 1
             number of atom for this type = 2

                        TOTAL ATOM NUMBER = 3

 DIRECT COORDINATES
         atom                   x                   y                   z                 mag                  vx                  vy                  vz
     taud_Mo1            0.666667            0.333333                 0.1                   0                   0                   0                   0
      taud_S1                   0                   0                   0                   0                   0                   0                   0
      taud_S2                   0                   0                 0.2                   0                   0                   0                   0


                          Volume (Bohr^3) = 1094.46
                             Volume (A^3) = 162.182

 Lattice vectors: (Cartesian coordinate: in unit of a_0)
                   +1                  +0                  +0
                 -0.5           +0.866025                  +0
                   +0                  +0            +6.53595
 Reciprocal vectors: (Cartesian coordinate: in unit of 2 pi/a_0)
                   +1            +0.57735                  -0
                   +0             +1.1547                  -0
                   +0                  -0              +0.153




 >>>>>>>>>>>>>>>>>>>>>>>>>>>>>>>>>>>>>>>>>>>>>>>>>>>>>>>>>>>>>>>>>>>>>>
 |                                                                    |
 | Reading pseudopotentials files:                                    |
 | The pseudopotential file is in UPF format. The 'NC' indicates that |
 | the type of pseudopotential is 'norm conserving'. Functional of    |
 | exchange and correlation is decided by 4 given parameters in UPF   |
 | file.  We also read in the 'core correction' if there exists.      |
 | Also we can read the valence electrons number and the maximal      |
 | angular momentum used in this pseudopotential. We also read in the |
 | trail wave function, trail atomic density and local-pseudopotential|
 | on logrithmic grid. The non-local pseudopotential projector is also|
 | read in if there is any.                                           |
 |                                                                    |
 <<<<<<<<<<<<<<<<<<<<<<<<<<<<<<<<<<<<<<<<<<<<<<<<<<<<<<<<<<<<<<<<<<<<<<




                PAO radial cut off (Bohr) = 15

 Read in pseudopotential file is Mo_ONCV_PBE-1.0.upf
                     pseudopotential type = NC
          exchange-correlation functional = PBE
                 nonlocal core correction = 0
                        valence electrons = 14
                                     lmax = 2
                           number of zeta = 0
                     number of projectors = 6
                           L of projector = 0
                           L of projector = 0
                           L of projector = 1
                           L of projector = 1
                           L of projector = 2
                           L of projector = 2
                PAO radial cut off (Bohr) = 15

 Read in pseudopotential file is S_ONCV_PBE-1.0.upf
                     pseudopotential type = NC
          exchange-correlation functional = PBE
                 nonlocal core correction = 0
                        valence electrons = 6
                                     lmax = 1
                           number of zeta = 0
                     number of projectors = 4
                           L of projector = 0
                           L of projector = 0
                           L of projector = 1
                           L of projector = 1
     initial pseudo atomic orbital number = 0
                                   NLOCAL = 27

%%%%%%%%%%%%%%%%%%%%%%%%%%%%%%%%%%%%%%%%%%%%%%%%%%%%%%%%%%%%%%%%%%%%%%%%%%%%%%%%%%%%%%%%%%%%%%%%%%%%%%%%%%
 Warning: the number of valence electrons in pseudopotential > 6 for Mo: [Kr] 4d5 5s1
 Pseudopotentials with additional electrons can yield (more) accurate outcomes, but may be less efficient.
 If you're confident that your chosen pseudopotential is appropriate, you can safely ignore this warning.
%%%%%%%%%%%%%%%%%%%%%%%%%%%%%%%%%%%%%%%%%%%%%%%%%%%%%%%%%%%%%%%%%%%%%%%%%%%%%%%%%%%%%%%%%%%%%%%%%%%%%%%%%%
                  

 Warning_Memory_Consuming allocated:  FFT::grid 11.8652 MB




 >>>>>>>>>>>>>>>>>>>>>>>>>>>>>>>>>>>>>>>>>>>>>>>>>>>>>>>>>>>>>>>>>>>>>>
 |                                                                    |
 | Setup plane waves of charge/potential:                             |
 | Use the energy cutoff and the lattice vectors to generate the      |
 | dimensions of FFT grid. The number of FFT grid on each processor   |
 | is 'nrxx'. The number of plane wave basis in reciprocal space is   |
 | different for charege/potential and wave functions. We also set    |
 | the 'sticks' for the parallel of FFT. The number of plane waves    |
 | is 'npw' in each processor.                                        |
 <<<<<<<<<<<<<<<<<<<<<<<<<<<<<<<<<<<<<<<<<<<<<<<<<<<<<<<<<<<<<<<<<<<<<<





 SETUP THE PLANE WAVE BASIS
 energy cutoff for charge/potential (unit:Ry) = 400
            fft grid for charge/potential = [ 40, 40, 243 ]
                        fft grid division = [ 1, 1, 1 ]
        big fft grid for charge/potential = [ 40, 40, 243 ]
                                     nbxx = 388800
                                     nrxx = 388800

 SETUP PLANE WAVES FOR CHARGE/POTENTIAL
                    number of plane waves = 148033
                         number of sticks = 925

 PARALLEL PW FOR CHARGE/POTENTIAL
     PROC   COLUMNS(POT)             PW
        1            925         148033
 --------------- sum -------------------
        1            925         148033
                            number of |g| = 6888
                                  max |g| = 338.795
                                  min |g| = 0

 SETUP THE ELECTRONS NUMBER
            electron number of element Mo = 14
      total electron number of element Mo = 14
             electron number of element S = 6
       total electron number of element S = 12
            AUTOSET number of electrons:  = 26
 DONE : SETUP UNITCELL Time : 0.0707717 (SEC)





 >>>>>>>>>>>>>>>>>>>>>>>>>>>>>>>>>>>>>>>>>>>>>>>>>>>>>>>>>>>>>>>>>>>>>>
 |                                                                    |
 | Doing symmetry analysis:                                           |
 | We calculate the norm of 3 vectors and the angles between them,    |
 | the type of Bravais lattice is given. We can judge if the unticell |
 | is a primitive cell. Finally we give the point group operation for |
 | this unitcell. We use the point group operations to do symmetry |
 | analysis on given k-point mesh and the charge density.             |
 |                                                                    |
 <<<<<<<<<<<<<<<<<<<<<<<<<<<<<<<<<<<<<<<<<<<<<<<<<<<<<<<<<<<<<<<<<<<<<<




 LATTICE VECTORS: (CARTESIAN COORDINATE: IN UNIT OF A0)
                   +1                  +0                  +0
                 -0.5           +0.866025                  +0
                   +0                  +0            +6.53595
                       right hand lattice = 1
                                   NORM_A = 1
                                   NORM_B = 1
                                   NORM_C = 6.53595
                           ALPHA (DEGREE) = 90
                           BETA  (DEGREE) = 90
                           GAMMA (DEGREE) = 120

 The lattice vectors have been changed (STRU_SIMPLE.cif)

(for optimal symmetric configuration:)
                             BRAVAIS TYPE = 4
                     BRAVAIS LATTICE NAME = 04. Hexagonal cell
                                    ibrav = 4
                                    IBRAV = 4
                                  BRAVAIS = HEXAGONAL CELL
                       LATTICE CONSTANT A = 1
                                C/A RATIO = 6.53595
Original cell was already a primitive cell.
                        ROTATION MATRICES = 24
              PURE POINT GROUP OPERATIONS = 6
                   SPACE GROUP OPERATIONS = 12
                                       C2 = 0
                                       C3 = 2
                                       C4 = 0
                                       C6 = 0
                                       S1 = 3
                                       S3 = 0
                                       S4 = 0
                                       S6 = 0
                              POINT GROUP = C_3v
                                       C2 = 3
                                       C3 = 2
                                       C4 = 0
                                       C6 = 0
                                       S1 = 4
                                       S3 = 2
                                       S4 = 0
                                       S6 = 0
               POINT GROUP IN SPACE GROUP = D_3h
 DONE : SYMMETRY Time : 0.0927947 (SEC)





 >>>>>>>>>>>>>>>>>>>>>>>>>>>>>>>>>>>>>>>>>>>>>>>>>>>>>>>>>>>>>>>>>>>>>>
 |                                                                    |
 | Setup K-points                                                     |
 | We setup the k-points according to input parameters.               |
 | The reduced k-points are set according to symmetry operations.     |
 | We treat the spin as another set of k-points.                      |
 |                                                                    |
 <<<<<<<<<<<<<<<<<<<<<<<<<<<<<<<<<<<<<<<<<<<<<<<<<<<<<<<<<<<<<<<<<<<<<<





 SETUP K-POINTS
                                    nspin = 1
                   Input type of k points = Monkhorst-Pack(Gamma)
                                   nkstot = 64
                       right hand lattice = 1
(for reciprocal lattice: )
                             BRAVAIS TYPE = 4
                     BRAVAIS LATTICE NAME = 04. Hexagonal cell
                                    ibrav = 4
                       right hand lattice = 1
(for k-lattice: )
                             BRAVAIS TYPE = 4
                     BRAVAIS LATTICE NAME = 04. Hexagonal cell
                                    ibrav = 4
                       right hand lattice = 1
                        ROTATION MATRICES = 24
                               nkstot_ibz = 10
      IBZ             DirectX             DirectY             DirectZ              Weight    ibz2bz
        1                   0                   0                   0            0.015625         0
        2              -0.125               0.125                   0             0.09375         1
        3               -0.25                0.25                   0             0.09375         2
        4              -0.375               0.375                   0             0.09375         3
        5                 0.5                 0.5                   0            0.046875         4
        6               -0.25               0.125                   0             0.09375         9
        7              -0.375                0.25                   0              0.1875        10
        8                 0.5               0.375                   0              0.1875        11
        9                 0.5                0.25                   0             0.09375        18
       10               0.375               0.375                   0             0.09375        19
                               nkstot now = 10

  KPOINTS            DIRECT_X            DIRECT_Y            DIRECT_Z              WEIGHT
        1                   0                   0                   0            0.015625
        2              -0.125               0.125                   0             0.09375
        3               -0.25                0.25                   0             0.09375
        4              -0.375               0.375                   0             0.09375
        5                 0.5                 0.5                   0            0.046875
        6               -0.25               0.125                   0             0.09375
        7              -0.375                0.25                   0              0.1875
        8                 0.5               0.375                   0              0.1875
        9                 0.5                0.25                   0             0.09375
       10               0.375               0.375                   0             0.09375

           k-point number in this process = 10
       minimum distributed K point number = 10

  KPOINTS         CARTESIAN_X         CARTESIAN_Y         CARTESIAN_Z              WEIGHT
        1                   0                   0                   0             0.03125
        2              -0.125           0.0721688                   0              0.1875
        3               -0.25            0.144338                   0              0.1875
        4              -0.375            0.216506                   0              0.1875
        5                 0.5            0.866025                   0             0.09375
        6               -0.25                   0                   0              0.1875
        7              -0.375           0.0721688                   0               0.375
        8                 0.5            0.721688                   0               0.375
        9                 0.5             0.57735                   0              0.1875
       10               0.375            0.649519                   0              0.1875

  KPOINTS            DIRECT_X            DIRECT_Y            DIRECT_Z              WEIGHT
        1                   0                   0                   0             0.03125
        2              -0.125               0.125                   0              0.1875
        3               -0.25                0.25                   0              0.1875
        4              -0.375               0.375                   0              0.1875
        5                 0.5                 0.5                   0             0.09375
        6               -0.25               0.125                   0              0.1875
        7              -0.375                0.25                   0               0.375
        8                 0.5               0.375                   0               0.375
        9                 0.5                0.25                   0              0.1875
       10               0.375               0.375                   0              0.1875
 DONE : INIT K-POINTS Time : 0.157458 (SEC)





 >>>>>>>>>>>>>>>>>>>>>>>>>>>>>>>>>>>>>>>>>>>>>>>>>>>>>>>>>>>>>>>>>>>>>>
 |                                                                    |
 | Setup plane waves of wave functions:                               |
 | Use the energy cutoff and the lattice vectors to generate the      |
 | dimensions of FFT grid. The number of FFT grid on each processor   |
 | is 'nrxx'. The number of plane wave basis in reciprocal space is   |
 | different for charege/potential and wave functions. We also set    |
 | the 'sticks' for the parallel of FFT. The number of plane wave of  |
 | each k-point is 'npwk[ik]' in each processor                       |
 <<<<<<<<<<<<<<<<<<<<<<<<<<<<<<<<<<<<<<<<<<<<<<<<<<<<<<<<<<<<<<<<<<<<<<





 SETUP PLANE WAVES FOR WAVE FUNCTIONS
     energy cutoff for wavefunc (unit:Ry) = 100
              fft grid for wave functions = [ 40, 40, 243 ]
                    number of plane waves = 25183
                         number of sticks = 283

 PARALLEL PW FOR WAVE FUNCTIONS
     PROC   COLUMNS(POT)             PW
        1            283          25183
 --------------- sum -------------------
        1            283          25183
 DONE : INIT PLANEWAVE Time : 0.170664 (SEC)

                           occupied bands = 13
                                   NBANDS = 23
                                     npwx = 18534

 Warning_Memory_Consuming allocated:  Psi_PW 65.0455 MB

 SETUP NONLOCAL PSEUDOPOTENTIALS IN PLANE WAVE BASIS
 Mo non-local projectors:
 projector 1 L=0
 projector 2 L=0
 projector 3 L=1
 projector 4 L=1
 projector 5 L=2
 projector 6 L=2
 S non-local projectors:
 projector 1 L=0
 projector 2 L=0
 projector 3 L=1
 projector 4 L=1
      TOTAL NUMBER OF NONLOCAL PROJECTORS = 34
 DONE : LOCAL POTENTIAL Time : 0.202523 (SEC)


 Init Non-Local PseudoPotential table : 
 Init Non-Local-Pseudopotential done.
 DONE : NON-LOCAL POTENTIAL Time : 0.228229 (SEC)


 Make real space PAO into reciprocal space.
       max mesh points in Pseudopotential = 601
     dq(describe PAO in reciprocal space) = 0.01
                                    max q = 1206

 number of pseudo atomic orbitals for Mo is 0

 number of pseudo atomic orbitals for S is 0
 DONE : INIT BASIS Time : 0.228268 (SEC)


 -------------------------------------------
 SELF-CONSISTENT
 -------------------------------------------

 Warning_Memory_Consuming allocated:  Veff<PW>::porter 5.93262 MB

 Warning_Memory_Consuming allocated:  Veff<PW>::porter1 5.93262 MB

 Warning_Memory_Consuming allocated:  Meta<PW>::porter 5.93262 MB
                                 init_chg = atomic
 DONE : INIT SCF Time : 0.316642 (SEC)


 PW ALGORITHM --------------- ION=   1  ELEC=   1--------------------------------

 Warning_Memory_Consuming allocated:  DiagSub::hpsi 6.50455 MB

 Warning_Memory_Consuming allocated:  DiagSub::evctemp 6.47121 MB

 Warning_Memory_Consuming allocated:  DiagSub::evctemp 6.47998 MB

 Warning_Memory_Consuming allocated:  DiagSub::evctemp 6.48911 MB

 Warning_Memory_Consuming allocated:  DiagSub::evctemp 6.49542 MB

 Warning_Memory_Consuming allocated:  DiagSub::evctemp 6.50455 MB
Average iterative diagonalization steps: 10.5 ; where current threshold is: 0.01 . 

 Warning_Memory_Consuming allocated:  ElecSPW::wfcr 5.93262 MB

 Warning_Memory_Consuming allocated:  ElecSPW::wfcr_a 5.93262 MB
 Notice: Threshold on eigenvalues was too large.
 hsover_error=0.26 > DRHO=0.202428
 Origin diag_ethr = 0.01
 New    diag_ethr = 0.000778571
Average iterative diagonalization steps: 6.26522 ; where current threshold is: 0.000778571 . 

 Warning_Memory_Consuming allocated:  ChgMix::Rrho 59.3262 MB

 Warning_Memory_Consuming allocated:  ChgMix::dRrho 56.3599 MB

 Warning_Memory_Consuming allocated:  ChgMix::drho 56.3599 MB

 Density error is 0.141696824848
                          Error Threshold = 0.000778570913443

       Energy                       Rydberg                            eV
       E_KohnSham                -178.177248663                -2424.22583578
         E_Harris                -178.194960191                -2424.46681348
          E_Fermi              -0.0255434442037               -0.347536387716

 PW ALGORITHM --------------- ION=   1  ELEC=   2--------------------------------
Average iterative diagonalization steps: 2.01304347826 ; where current threshold is: 0.000544987787877 . 

 Density error is 0.0657542787604
                          Error Threshold = 0.000544987787877

       Energy                       Rydberg                            eV
       E_KohnSham                -178.167353803                 -2424.0912093
         E_Harris                -181.121741772                -2464.28771978
          E_Fermi              -0.0323257431907               -0.439814299478

 PW ALGORITHM --------------- ION=   1  ELEC=   3--------------------------------
Average iterative diagonalization steps: 2.65652173913 ; where current threshold is: 0.000252901072155 . 

 Density error is 0.0485735064934
                          Error Threshold = 0.000252901072155

       Energy                       Rydberg                            eV
       E_KohnSham                -178.165901162                -2424.07144511
         E_Harris                -177.335575671                -2412.77428723
          E_Fermi              -0.0422388842373                -0.57468950279

 PW ALGORITHM --------------- ION=   1  ELEC=   4--------------------------------
Average iterative diagonalization steps: 2.27391304348 ; where current threshold is: 0.000186821178821 . 

 Density error is 0.0125774266069
                          Error Threshold = 0.000186821178821

       Energy                       Rydberg                            eV
       E_KohnSham                -178.168524406                -2424.10713618
         E_Harris                -172.983064795                -2353.55533872
          E_Fermi              -0.0297762421598               -0.405126558401

 PW ALGORITHM --------------- ION=   1  ELEC=   5--------------------------------
Average iterative diagonalization steps: 3.15217391304 ; where current threshold is: 4.8374717719e-05 . 

 Density error is 0.00257457808576
                          Error Threshold = 4.8374717719e-05

       Energy                       Rydberg                            eV
       E_KohnSham                -178.171919061                -2424.15332282
         E_Harris                -178.481368597                -2428.36359976
          E_Fermi              -0.0327778285134               -0.445965235849

 PW ALGORITHM --------------- ION=   1  ELEC=   6--------------------------------
Average iterative diagonalization steps: 2.8347826087 ; where current threshold is: 9.90222340676e-06 . 

 Density error is 0.00424363973417
                          Error Threshold = 9.90222340676e-06

       Energy                       Rydberg                            eV
       E_KohnSham                -178.170488127                -2424.13385397
         E_Harris                -176.892733579                -2406.74911147
          E_Fermi              -0.0337240899457               -0.458839783125

 PW ALGORITHM --------------- ION=   1  ELEC=   7--------------------------------
Average iterative diagonalization steps: 3.48260869565 ; where current threshold is: 9.90222340676e-06 . 

 Density error is 0.00852906306142
                          Error Threshold = 9.90222340676e-06

       Energy                       Rydberg                            eV
       E_KohnSham                -178.170020388                -2424.12749006
         E_Harris                -176.939597125                -2407.38672273
          E_Fermi              -0.0277776516065               -0.377934338907

 PW ALGORITHM --------------- ION=   1  ELEC=   8--------------------------------
Average iterative diagonalization steps: 2.13043478261 ; where current threshold is: 9.90222340676e-06 . 

 Density error is 0.000477407536682
                          Error Threshold = 9.90222340676e-06

       Energy                       Rydberg                            eV
       E_KohnSham                -178.170635055                -2424.13585302
         E_Harris                -175.507541235                -2387.90260276
          E_Fermi              -0.0228523213951                 -0.3109217835

 PW ALGORITHM --------------- ION=   1  ELEC=   9--------------------------------
Average iterative diagonalization steps: 3.27391304348 ; where current threshold is: 1.83618283339e-06 . 

 Density error is 0.00118496963121
                          Error Threshold = 1.83618283339e-06

       Energy                       Rydberg                            eV
       E_KohnSham                -178.170603641                -2424.13542561
         E_Harris                -177.532024341                -2415.44710852
          E_Fermi              -0.0220481210974               -0.299980077119

 PW ALGORITHM --------------- ION=   1  ELEC=  10--------------------------------
Average iterative diagonalization steps: 2.2652173913 ; where current threshold is: 1.83618283339e-06 . 

 Density error is 0.000315083032974
                          Error Threshold = 1.83618283339e-06

       Energy                       Rydberg                            eV
       E_KohnSham                -178.170620967                -2424.13566135
         E_Harris                -176.898402665                -2406.82624334
          E_Fermi              -0.0200696529202               -0.273061636597

 PW ALGORITHM --------------- ION=   1  ELEC=  11--------------------------------
Average iterative diagonalization steps: 2.62173913043 ; where current threshold is: 1.21185781913e-06 . 

 Density error is 0.000263828559714
                          Error Threshold = 1.21185781913e-06

       Energy                       Rydberg                            eV
       E_KohnSham                -178.170581304                -2424.13512171
         E_Harris                -177.481288458                 -2414.7568114
          E_Fermi              -0.0184543733709               -0.251084630863

 PW ALGORITHM --------------- ION=   1  ELEC=  12--------------------------------
Average iterative diagonalization steps: 3.14347826087 ; where current threshold is: 1.01472522967e-06 . 

 Density error is 0.000194779818027
                          Error Threshold = 1.01472522967e-06

       Energy                       Rydberg                            eV
       E_KohnSham                -178.170581566                -2424.13512527
         E_Harris                -177.802929461                -2419.13296176
          E_Fermi              -0.0147364822815               -0.200500127505

 PW ALGORITHM --------------- ION=   1  ELEC=  13--------------------------------
Average iterative diagonalization steps: 2 ; where current threshold is: 7.49153146256e-07 . 

 Density error is 0.000146647781406
                          Error Threshold = 7.49153146256e-07

       Energy                       Rydberg                            eV
       E_KohnSham                -178.170577621                -2424.13507159
         E_Harris                 -177.87605395                -2420.12787148
          E_Fermi              -0.0152209761755                -0.20709200511

 PW ALGORITHM --------------- ION=   1  ELEC=  14--------------------------------
Average iterative diagonalization steps: 2.33043478261 ; where current threshold is: 5.64029928485e-07 . 

 Density error is 0.000131620675229
                          Error Threshold = 5.64029928485e-07

       Energy                       Rydberg                            eV
       E_KohnSham                -178.170565462                -2424.13490617
         E_Harris                -177.794032155                 -2419.0119077
          E_Fermi              -0.0141935529715               -0.193113195278

 PW ALGORITHM --------------- ION=   1  ELEC=  15--------------------------------
Average iterative diagonalization steps: 2.96956521739 ; where current threshold is: 5.06233366265e-07 . 

 Density error is 8.20393787357e-05
                          Error Threshold = 5.06233366265e-07

       Energy                       Rydberg                            eV
       E_KohnSham                -178.170564946                -2424.13489914
         E_Harris                -177.874059888                -2420.10074087
          E_Fermi              -0.0117663584253               -0.160089519294

 PW ALGORITHM --------------- ION=   1  ELEC=  16--------------------------------
Average iterative diagonalization steps: 2.34347826087 ; where current threshold is: 3.1553607206e-07 . 

 Density error is 7.96024516957e-05
                          Error Threshold = 3.1553607206e-07

       Energy                       Rydberg                            eV
       E_KohnSham                -178.170565262                -2424.13490344
         E_Harris                -177.817878732                -2419.33635702
          E_Fermi               -0.011257484384               -0.153165932769

 PW ALGORITHM --------------- ION=   1  ELEC=  17--------------------------------
Average iterative diagonalization steps: 2 ; where current threshold is: 3.06163275753e-07 . 

 Density error is 7.96992835422e-05
                          Error Threshold = 3.06163275753e-07

       Energy                       Rydberg                            eV
       E_KohnSham                -178.170565175                -2424.13490227
         E_Harris                -177.792994665                -2418.99779193
          E_Fermi              -0.0111640095636               -0.151894142592

 PW ALGORITHM --------------- ION=   1  ELEC=  18--------------------------------
Average iterative diagonalization steps: 2 ; where current threshold is: 3.06163275753e-07 . 

 Density error is 7.90694786519e-05
                          Error Threshold = 3.06163275753e-07

       Energy                       Rydberg                            eV
       E_KohnSham                -178.170565583                -2424.13490781
         E_Harris                -177.788937838                -2418.94259597
          E_Fermi               -0.011153838175                -0.15175575375

 PW ALGORITHM --------------- ION=   1  ELEC=  19--------------------------------
Average iterative diagonalization steps: 2 ; where current threshold is: 3.04113379431e-07 . 

 Density error is 7.57676242365e-05
                          Error Threshold = 3.04113379431e-07

       Energy                       Rydberg                            eV
       E_KohnSham                -178.170567499                -2424.13493388
         E_Harris                -177.794163432                -2419.01369381
          E_Fermi              -0.0110345421041               -0.150132647437

 PW ALGORITHM --------------- ION=   1  ELEC=  20--------------------------------
Average iterative diagonalization steps: 2.93043478261 ; where current threshold is: 2.91413939371e-07 . 

 Density error is 4.12585067718e-05
                          Error Threshold = 2.91413939371e-07

       Energy                       Rydberg                            eV
       E_KohnSham                -178.170569572                -2424.13496208
         E_Harris                -177.864196775                -2419.96654634
          E_Fermi             -0.00856726017611               -0.116563554644

 PW ALGORITHM --------------- ION=   1  ELEC=  21--------------------------------
Average iterative diagonalization steps: 2.14782608696 ; where current threshold is: 1.58686564507e-07 . 

 Density error is 3.9677131338e-05
                          Error Threshold = 1.58686564507e-07

       Energy                       Rydberg                            eV
       E_KohnSham                -178.170571485                -2424.13498811
         E_Harris                -177.930869296                -2420.87367251
          E_Fermi             -0.00843374347469               -0.114746966726

 PW ALGORITHM --------------- ION=   1  ELEC=  22--------------------------------
Average iterative diagonalization steps: 2.33043478261 ; where current threshold is: 1.526043513e-07 . 

 Density error is 3.18678376545e-05
                          Error Threshold = 1.526043513e-07

       Energy                       Rydberg                            eV
       E_KohnSham                -178.170574682                -2424.13503161
         E_Harris                -177.957322711                -2421.23358969
          E_Fermi             -0.00759798860404               -0.103375938354

 PW ALGORITHM --------------- ION=   1  ELEC=  23--------------------------------
Average iterative diagonalization steps: 2.8 ; where current threshold is: 1.22568606363e-07 . 

 Density error is 2.38369532192e-05
                          Error Threshold = 1.22568606363e-07

       Energy                       Rydberg                            eV
       E_KohnSham                -178.170575831                -2424.13504724
         E_Harris                -177.990514823                -2421.68519154
          E_Fermi             -0.00662182920525              -0.0900946083742

 PW ALGORITHM --------------- ION=   1  ELEC=  24--------------------------------
Average iterative diagonalization steps: 2.0347826087 ; where current threshold is: 9.16805893046e-08 . 

 Density error is 2.15747962691e-05
                          Error Threshold = 9.16805893046e-08

       Energy                       Rydberg                            eV
       E_KohnSham                -178.170587201                -2424.13520193
         E_Harris                -177.995790666                -2421.75697307
          E_Fermi             -0.00633132614245              -0.0861421114337

 PW ALGORITHM --------------- ION=   1  ELEC=  25--------------------------------
Average iterative diagonalization steps: 3.36956521739 ; where current threshold is: 8.29799856505e-08 . 

 Density error is 8.17446875214e-06
                          Error Threshold = 8.29799856505e-08

       Energy                       Rydberg                            eV
       E_KohnSham                -178.170587268                -2424.13520285
         E_Harris                -178.065328308                -2422.70308124
          E_Fermi             -0.00395664905936              -0.0538329721937

 PW ALGORITHM --------------- ION=   1  ELEC=  26--------------------------------
Average iterative diagonalization steps: 2.27391304348 ; where current threshold is: 3.14402644313e-08 . 

 Density error is 7.34760800942e-06
                          Error Threshold = 3.14402644313e-08

       Energy                       Rydberg                            eV
       E_KohnSham                -178.170591993                -2424.13526713
         E_Harris                -178.095664554                -2423.11582704
          E_Fermi             -0.00400207560123              -0.0544510320035

 PW ALGORITHM --------------- ION=   1  ELEC=  27--------------------------------
Average iterative diagonalization steps: 3.18695652174 ; where current threshold is: 2.82600308055e-08 . 

 Density error is 4.13279154058e-06
                          Error Threshold = 2.82600308055e-08

       Energy                       Rydberg                            eV
       E_KohnSham                -178.170602384                -2424.13540851
         E_Harris                -178.098447792                -2423.15369493
          E_Fermi             -0.00319204296774               -0.043429972622

 PW ALGORITHM --------------- ION=   1  ELEC=  28--------------------------------
Average iterative diagonalization steps: 4.58695652174 ; where current threshold is: 1.58953520792e-08 . 

 Density error is 3.56653320827e-07
                          Error Threshold = 1.58953520792e-08

       Energy                       Rydberg                            eV
       E_KohnSham                -178.170602371                -2424.13540834
         E_Harris                -178.152718336                -2423.89208356
          E_Fermi             -0.00124736978054              -0.0169713365284

 PW ALGORITHM --------------- ION=   1  ELEC=  29--------------------------------
Average iterative diagonalization steps: 4.0347826087 ; where current threshold is: 1.37174354164e-09 . 

 Density error is 3.46340349403e-07
                          Error Threshold = 1.37174354164e-09

       Energy                       Rydberg                            eV
       E_KohnSham                -178.170602643                -2424.13541204
         E_Harris                -178.161959448                -2424.01781534
          E_Fermi             -0.00127736159377              -0.0173793960816

 PW ALGORITHM --------------- ION=   1  ELEC=  30--------------------------------
Average iterative diagonalization steps: 3.30434782609 ; where current threshold is: 1.33207826693e-09 . 

 Density error is 2.74265680759e-07
                          Error Threshold = 1.33207826693e-09

       Energy                       Rydberg                            eV
       E_KohnSham                -178.170603454                -2424.13542307
         E_Harris                -178.161780864                -2424.01538558
          E_Fermi             -0.00122372156941              -0.0166495861095

 PW ALGORITHM --------------- ION=   1  ELEC=  31--------------------------------
Average iterative diagonalization steps: 4.36086956522 ; where current threshold is: 1.05486800292e-09 . 

 Density error is 9.19384574391e-08
                          Error Threshold = 1.05486800292e-09

       Energy                       Rydberg                            eV
       E_KohnSham                -178.170604132                 -2424.1354323
         E_Harris                -178.166882488                -2424.08479673
          E_Fermi             -0.00102600355103              -0.0139594944623

 PW ALGORITHM --------------- ION=   1  ELEC=  32--------------------------------
Average iterative diagonalization steps: 5.03913043478 ; where current threshold is: 3.53609451689e-10 . 

 Density error is 3.95465622474e-08
                          Error Threshold = 3.53609451689e-10

       Energy                       Rydberg                            eV
       E_KohnSham                -178.170604175                -2424.13543288
         E_Harris                -178.170917881                -2424.13970108
          E_Fermi            -0.000867376255601              -0.0118012593861

 PW ALGORITHM --------------- ION=   1  ELEC=  33--------------------------------
Average iterative diagonalization steps: 3.84782608696 ; where current threshold is: 1.5210216249e-10 . 

 Density error is 3.71101986016e-08
                          Error Threshold = 1.5210216249e-10

       Energy                       Rydberg                            eV
       E_KohnSham                -178.170604204                -2424.13543327
         E_Harris                -178.165038136                -2424.05970304
          E_Fermi            -0.000862258963898              -0.0117316350606

 PW ALGORITHM --------------- ION=   1  ELEC=  34--------------------------------
Average iterative diagonalization steps: 4.2347826087 ; where current threshold is: 1.42731533083e-10 . 

 Density error is 4.80195559281e-08
                          Error Threshold = 1.42731533083e-10

       Energy                       Rydberg                            eV
       E_KohnSham                -178.170603949                -2424.13542981
         E_Harris                 -178.16501471                -2424.05938431
          E_Fermi            -0.000865222554563              -0.0117719567802

 PW ALGORITHM --------------- ION=   1  ELEC=  35--------------------------------
Average iterative diagonalization steps: 5.44782608696 ; where current threshold is: 1.42731533083e-10 . 

 Density error is 4.16119647264e-08
                          Error Threshold = 1.42731533083e-10

       Energy                       Rydberg                            eV
       E_KohnSham                -178.170603591                -2424.13542494
         E_Harris                -178.161302746                -2424.00888045
          E_Fermi            -0.000976142224837              -0.0132810963162

 PW ALGORITHM --------------- ION=   1  ELEC=  36--------------------------------
Average iterative diagonalization steps: 5.38695652174 ; where current threshold is: 1.42731533083e-10 . 

 Density error is 8.07822475139e-08
                          Error Threshold = 1.42731533083e-10

       Energy                       Rydberg                            eV
       E_KohnSham                -178.170603119                -2424.13541852
         E_Harris                -178.158942581                -2423.97676876
          E_Fermi             -0.00110700970817              -0.0150616397725

 PW ALGORITHM --------------- ION=   1  ELEC=  37--------------------------------
Average iterative diagonalization steps: 4.44782608696 ; where current threshold is: 1.42731533083e-10 . 

 Density error is 1.23494597593e-07
                          Error Threshold = 1.42731533083e-10

       Energy                       Rydberg                            eV
       E_KohnSham                -178.170603222                -2424.13541992
         E_Harris                -178.155567004                -2423.93084167
          E_Fermi             -0.00121536603889              -0.0165359032845

 PW ALGORITHM --------------- ION=   1  ELEC=  38--------------------------------
Average iterative diagonalization steps: 3.95217391304 ; where current threshold is: 1.42731533083e-10 . 

 Density error is 1.11230393705e-07
                          Error Threshold = 1.42731533083e-10

       Energy                       Rydberg                            eV
       E_KohnSham                -178.170604275                -2424.13543424
         E_Harris                 -178.15708381                -2423.95147888
          E_Fermi             -0.00119219111114              -0.0162205922164

 PW ALGORITHM --------------- ION=   1  ELEC=  39--------------------------------
Average iterative diagonalization steps: 5.72173913043 ; where current threshold is: 1.42731533083e-10 . 

 Density error is 5.61665146044e-09
                          Error Threshold = 1.42731533083e-10

           Energy                       Rydberg                            eV
       E_KohnSham                -178.170604451                -2424.13543664
   E_KS(sigma->0)                -178.170604451                -2424.13543664
         E_Harris                -178.165382381                -2424.06438673
           E_band                -30.9805482758                -421.511983715
       E_one_elec                -1077.85588984                -14664.9817247
        E_Hartree                +539.263533565                 +7337.0567801
             E_xc                -24.3011945894                -330.634714623
          E_Ewald                +384.722946417                +5234.42422262
   E_entropy(-TS)                            +0                            +0
          E_descf                            +0                            +0
            E_exx                            +0                            +0
          E_Fermi            -0.000873984217825              -0.0118911653245

 charge density convergence is achieved
 final etot is -2424.1354366 eV
 EFERMI = -0.011891165324 eV

 STATE ENERGY(eV) AND OCCUPATIONS    NSPIN == 1
 1/10 kpoint (Cartesian) = 0.0000 0.0000 0.0000 (18439 pws)
       1       -61.3810      0.0312500
       2       -35.5047      0.0312500
       3       -35.0953      0.0312500
       4       -35.0953      0.0312500
       5       -13.9189      0.0312500
       6       -13.4609      0.0312500
       7       -5.57072      0.0312500
       8       -3.18905      0.0312500
       9       -1.91561      0.0312500
      10       -1.19593      0.0312500
      11       -1.19593      0.0312500
      12     -0.0118913      0.0312500
      13     -0.0118912      0.0312500
      14        2.11614        0.00000
      15        2.11614        0.00000
      16        2.43293        0.00000
      17        2.43293        0.00000
      18        4.31176        0.00000
      19        4.88976        0.00000
      20        5.33525        0.00000
      21        6.37018        0.00000
      22        6.82828        0.00000
      23        8.44489        0.00000

 2/10 kpoint (Cartesian) = -0.12500 0.072169 0.0000 (18464 pws)
       1       -61.3729       0.187500
       2       -35.4933       0.187500
       3       -35.1651       0.187500
       4       -35.1117       0.187500
       5       -13.6761       0.187500
       6       -13.2715       0.187500
       7       -5.23166       0.187500
       8       -3.25024       0.187500
       9       -1.79648       0.187500
      10       -1.70284       0.187500
      11      -0.916854       0.187500
      12      -0.574368       0.187500
      13      -0.361893       0.187500
      14        1.20297        0.00000
      15        1.89243        0.00000
      16        1.95929        0.00000
      17        2.55053        0.00000
      18        4.69697        0.00000
      19        5.25192        0.00000
      20        5.67317        0.00000
      21        6.67891        0.00000
      22        7.18058        0.00000
      23        8.84965        0.00000

 3/10 kpoint (Cartesian) = -0.25000 0.14434 0.0000 (18490 pws)
       1       -61.3534       0.187500
       2       -35.4657       0.187500
       3       -35.3309       0.187500
       4       -35.1509       0.187500
       5       -13.0081       0.187500
       6       -12.7524       0.187500
       7       -4.47179       0.187500
       8       -3.53591       0.187500
       9       -3.09448       0.187500
      10       -2.05687       0.187500
      11       -1.62144       0.187500
      12       -1.01791       0.187500
      13      -0.319144       0.187500
      14       0.482211        0.00000
      15        1.63215        0.00000
      16        1.81299        0.00000
      17        2.65112        0.00000
      18        5.26446        0.00000
      19        6.22166        0.00000
      20        6.39366        0.00000
      21        7.20263        0.00000
      22        8.10955        0.00000
      23        8.77971        0.00000

 4/10 kpoint (Cartesian) = -0.37500 0.21651 0.0000 (18508 pws)
       1       -61.3337       0.187500
       2       -35.4932       0.187500
       3       -35.4379       0.187500
       4       -35.1898       0.187500
       5       -12.1491       0.187500
       6       -12.0992       0.187500
       7       -4.86415       0.187500
       8       -4.48532       0.187500
       9       -3.75678       0.187500
      10       -2.86877       0.187500
      11       -1.59575       0.187500
      12       -1.53319       0.187500
      13      -0.100378       0.187500
      14        1.22867        0.00000
      15        2.06596        0.00000
      16        2.08183        0.00000
      17        2.62886        0.00000
      18        5.26806        0.00000
      19        7.17516        0.00000
      20        7.30440        0.00000
      21        7.92879        0.00000
      22        8.23427        0.00000
      23        8.80363        0.00000

 5/10 kpoint (Cartesian) = 0.50000 0.86603 0.0000 (18534 pws)
       1       -61.3256      0.0937500
       2       -35.5594      0.0937500
       3       -35.4264      0.0937500
       4       -35.2058      0.0937500
       5       -11.7624      0.0937500
       6       -11.6872      0.0937500
       7       -5.58354      0.0937500
       8       -5.10567      0.0937500
       9       -3.76547      0.0937500
      10       -2.99303      0.0937500
      11       -1.72108      0.0937500
      12       -1.33786      0.0937500
      13      -0.140362      0.0937500
      14        1.80389        0.00000
      15        2.24904        0.00000
      16        2.50299        0.00000
      17        2.60078        0.00000
      18        5.26709        0.00000
      19        7.02911        0.00000
      20        7.33529        0.00000
      21        7.75408        0.00000
      22        8.62384        0.00000
      23        9.40563        0.00000

 6/10 kpoint (Cartesian) = -0.25000 0.0000 0.0000 (18425 pws)
       1       -61.3591       0.187500
       2       -35.4738       0.187500
       3       -35.2750       0.187500
       4       -35.1473       0.187500
       5       -13.2192       0.187500
       6       -12.9156       0.187500
       7       -4.65010       0.187500
       8       -3.36562       0.187500
       9       -2.64993       0.187500
      10       -1.74289       0.187500
      11       -1.56883       0.187500
      12      -0.794701       0.187500
      13      -0.583518       0.187500
      14       0.438181        0.00000
      15        1.61565        0.00000
      16        1.75537        0.00000
      17        2.56355        0.00000
      18        5.20178        0.00000
      19        5.92036        0.00000
      20        6.20321        0.00000
      21        7.04108        0.00000
      22        7.83377        0.00000
      23        9.16235        0.00000

 7/10 kpoint (Cartesian) = -0.37500 0.072169 0.0000 (18483 pws)
       1       -61.3395       0.375000
       2       -35.4461       0.375000
       3       -35.4218       0.375000
       4       -35.2035       0.375000
       5       -12.4392       0.375000
       6       -12.3135       0.375000
       7       -4.16742       0.375000
       8       -3.80769       0.375000
       9       -3.70306       0.375000
      10       -2.97683       0.375000
      11       -1.76762       0.375000
      12       -1.50670       0.375000
      13      -0.489353       0.375000
      14       0.382555        0.00000
      15        1.83953        0.00000
      16        2.11873        0.00000
      17        2.51511        0.00000
      18        5.57306        0.00000
      19        7.01390        0.00000
      20        7.08203        0.00000
      21        7.90565        0.00000
      22        8.76335        0.00000
      23        9.13818        0.00000

 8/10 kpoint (Cartesian) = 0.50000 0.72169 0.0000 (18474 pws)
       1       -61.3256       0.375000
       2       -35.5233       0.375000
       3       -35.4264       0.375000
       4       -35.2438       0.375000
       5       -11.7733       0.375000
       6       -11.7184       0.375000
       7       -5.18562       0.375000
       8       -4.81171       0.375000
       9       -3.59635       0.375000
      10       -3.02577       0.375000
      11       -2.13891       0.375000
      12       -1.78559       0.375000
      13      -0.579840       0.375000
      14        1.41001        0.00000
      15        1.88048        0.00000
      16        2.46952        0.00000
      17        2.64017        0.00000
      18        5.69012        0.00000
      19        7.49637        0.00000
      20        7.78944        0.00000
      21        8.84060        0.00000
      22        9.20922        0.00000
      23        9.37974        0.00000

 9/10 kpoint (Cartesian) = 0.50000 0.57735 0.0000 (18481 pws)
       1       -61.3256       0.187500
       2       -35.4728       0.187500
       3       -35.4265       0.187500
       4       -35.2961       0.187500
       5       -11.7842       0.187500
       6       -11.7485       0.187500
       7       -4.59530       0.187500
       8       -4.30450       0.187500
       9       -3.44322       0.187500
      10       -3.38477       0.187500
      11       -2.61110       0.187500
      12       -2.32288       0.187500
      13      -0.693458       0.187500
      14       0.817804        0.00000
      15        1.37635        0.00000
      16        2.60817        0.00000
      17        2.86401        0.00000
      18        6.07327        0.00000
      19        7.86605        0.00000
      20        8.08777        0.00000
      21        8.81567        0.00000
      22        9.31559        0.00000
      23        9.34300        0.00000

 10/10 kpoint (Cartesian) = 0.37500 0.64952 0.0000 (18471 pws)
       1       -61.3198       0.187500
       2       -35.4767       0.187500
       3       -35.4183       0.187500
       4       -35.3516       0.187500
       5       -11.5249       0.187500
       6       -11.4068       0.187500
       7       -4.77300       0.187500
       8       -4.70035       0.187500
       9       -3.44536       0.187500
      10       -3.21022       0.187500
      11       -3.01956       0.187500
      12       -2.92286       0.187500
      13      -0.497332       0.187500
      14        1.11036        0.00000
      15        1.56070        0.00000
      16        2.13616        0.00000
      17        3.14308        0.00000
      18        6.40742        0.00000
      19        7.52431        0.00000
      20        8.45742        0.00000
      21        9.09051        0.00000
      22        9.40290        0.00000
      23        9.83183        0.00000



 --------------------------------------------
 !FINAL_ETOT_IS -2424.135436640754 eV
 --------------------------------------------






  |CLASS_NAME---------|NAME---------------|TIME(Sec)-----|CALLS----|AVG------|PER%-------
                                      total         142.75        17       8.4   1.0e+02%
                 Driver         driver_line         142.73         1   1.4e+02    1.e+02%
                   Ions            opt_ions         142.50         1   1.4e+02    1.e+02%
          ESolver_KS_PW                 Run         142.50         1   1.4e+02    1.e+02%
               PW_Basis          recip2real        0.48396       282    0.0017      0.34%
              Potential  update_from_charge         1.4513        40     0.036       1.0%
              Potential           cal_v_eff         1.4466        40     0.036       1.0%
           H_Hartree_pw           v_hartree        0.20539        40    0.0051      0.14%
               PW_Basis          real2recip        0.63707       400    0.0016      0.45%
               PW_Basis    gatherp_scatters        0.15402       400   0.00039      0.11%
                  PotXC           cal_v_eff         1.1893        40     0.030      0.83%
          XC_Functional                v_xc         1.1668        40     0.029      0.82%
               Symmetry       rhog_symmetry        0.41391        41     0.010      0.29%
              HSolverPW               solve         139.34        40       3.5       98.%
               Nonlocal              getvnl        0.68555       400    0.0017      0.48%
            pp_cell_vnl              getvnl        0.68516       400    0.0017      0.48%
        DiagoIterAssist      diagH_subspace         22.304       390     0.057       16.%
             OperatorPW                hPsi         103.39     32059    0.0032       72.%
               Operator          EkineticPW         1.2191     32059   3.8e-05      0.85%
               Operator              VeffPW         92.598     32059    0.0029       65.%
             PW_Basis_K          recip2real         57.455     45839    0.0013       40.%
             PW_Basis_K    gathers_scatterp         9.2822     45839   0.00020       6.5%
             PW_Basis_K          real2recip         36.414     40639   0.00090       26.%
             PW_Basis_K    gatherp_scatters         10.853     40639   0.00027       7.6%
               Operator          NonlocalPW         7.5147     32059   0.00023       5.3%
               Nonlocal     add_nonlocal_pp         4.2096     32059   0.00013       2.9%
        DiagoIterAssist     LAPACK_subspace        0.16940       390   0.00043      0.12%
                DiagoCG           diag_once         108.07       400      0.27       76.%
            ElecStatePW            psiToRho         7.6647        40      0.19       5.4%
                 Charge             mix_rho        0.65391        38     0.017      0.46%
                 Charge        Pulay_mixing        0.64567        38     0.017      0.45%
 ----------------------------------------------------------------------------------------

 NAME---------------|MEMORY(MB)--------
               total          333.5
              Psi_PW          65.05
        ChgMix::Rrho          59.33
       ChgMix::dRrho          56.36
        ChgMix::drho          56.36
           FFT::grid          11.87
       DiagSub::hpsi          6.505
    DiagSub::evctemp          6.505
    Veff<PW>::porter          5.933
   Veff<PW>::porter1          5.933
    Meta<PW>::porter          5.933
       ElecSPW::wfcr          5.933
     ElecSPW::wfcr_a          5.933
            VNL::vkb          4.808
        SF::strucFac          4.518
        PW_B_K::gcar          4.242
            Chg::rho          2.966
       Chg::rho_save          2.966
       Chg::rho_core          2.966
       Pot::veff_fix          2.966
           Pot::veff          2.966
   ChgMix::rho_save2          2.966
           VNL::vkb1          2.545
         PW_B_K::gk2          1.414
            VNL::ylm          1.273
   YlmReal::Ylm_Real          1.273
           Chg::rhog          1.129
      Chg::rhog_save          1.129
      Chg::rhog_core          1.129
 -------------   < 1.0 MB has been ignored ----------------
 ----------------------------------------------------------

 Start  Time  : Sun Dec  3 11:58:09 2023
 Finish Time  : Sun Dec  3 12:00:32 2023
 Total  Time  : 0 h 2 mins 23 secs 
