                                                                                     
                              ABACUS v3.3.2

               Atomic-orbital Based Ab-initio Computation at UStc                    

                     Website: http://abacus.ustc.edu.cn/                             
               Documentation: https://abacus.deepmodeling.com/                       
                  Repository: https://github.com/abacusmodeling/abacus-develop       
                              https://github.com/deepmodeling/abacus-develop         
                      Commit: e39b50e (Fri Aug 18 16:14:25 2023 +0800)

 Sun Dec  3 11:58:09 2023
 MAKE THE DIR         : OUT.ABACUS/

%%%%%%%%%%%%%%%%%%%%%%%%%%%%%%%%%%%%%%%%%%%%%%%%%%%%%%%%%%%%%%%%%%%%%%%%%%%%%%%%%%%%%%%%%%%%%%%%%%%%%%%%%
 Warning: the number of valence electrons in pseudopotential > 6 for Mo: [Kr] 4d5 5s1
 Pseudopotentials with additional electrons can yield (more) accurate outcomes, but may be less efficient.
 If you're confident that your chosen pseudopotential is appropriate, you can safely ignore this warning.
%%%%%%%%%%%%%%%%%%%%%%%%%%%%%%%%%%%%%%%%%%%%%%%%%%%%%%%%%%%%%%%%%%%%%%%%%%%%%%%%%%%%%%%%%%%%%%%%%%%%%%%%%

 UNIFORM GRID DIM     : 40 * 40 * 243
 UNIFORM GRID DIM(BIG): 40 * 40 * 243
 DONE(0.0707864  SEC) : SETUP UNITCELL
 DONE(0.0928009  SEC) : SYMMETRY
 DONE(0.157465   SEC) : INIT K-POINTS
 ---------------------------------------------------------
 Self-consistent calculations for electrons
 ---------------------------------------------------------
 SPIN    KPOINTS         PROCESSORS  
 1       10              1           
 ---------------------------------------------------------
 Use plane wave basis
 ---------------------------------------------------------
 ELEMENT NATOM       XC          
 Mo      1           
 S       2           
 ---------------------------------------------------------
 Initial plane wave basis and FFT box
 ---------------------------------------------------------
 DONE(0.170671   SEC) : INIT PLANEWAVE
 MEMORY FOR PSI (MB)  : 65.0455
 DONE(0.202533   SEC) : LOCAL POTENTIAL
 DONE(0.228233   SEC) : NON-LOCAL POTENTIAL
 DONE(0.228271   SEC) : INIT BASIS
 -------------------------------------------
 SELF-CONSISTENT : 
 -------------------------------------------
 START CHARGE      : atomic
 DONE(0.316671   SEC) : INIT SCF
 ITER   ETOT(eV)       EDIFF(eV)      DRHO       TIME(s)    
 CG1    -2.424226e+03  0.000000e+00   1.417e-01  1.477e+01  
 CG2    -2.424091e+03  1.346265e-01   6.575e-02  2.394e+00  
 CG3    -2.424071e+03  1.976420e-02   4.857e-02  2.627e+00  
 CG4    -2.424107e+03  -3.569107e-02  1.258e-02  2.466e+00  
 CG5    -2.424153e+03  -4.618665e-02  2.575e-03  3.499e+00  
 CG6    -2.424134e+03  1.946886e-02   4.244e-03  2.944e+00  
 CG7    -2.424127e+03  6.363911e-03   8.529e-03  3.487e+00  
 CG8    -2.424136e+03  -8.362968e-03  4.774e-04  2.353e+00  
 CG9    -2.424135e+03  4.274110e-04   1.185e-03  3.572e+00  
 CG10   -2.424136e+03  -2.357332e-04  3.151e-04  3.163e+00  
 CG11   -2.424135e+03  5.396348e-04   2.638e-04  3.547e+00  
 CG12   -2.424135e+03  -3.560283e-06  1.948e-04  3.257e+00  
 CG13   -2.424135e+03  5.367811e-05   1.466e-04  2.274e+00  
 CG14   -2.424135e+03  1.654291e-04   1.316e-04  2.563e+00  
 CG15   -2.424135e+03  7.026592e-06   8.204e-05  3.103e+00  
 CG16   -2.424135e+03  -4.302971e-06  7.960e-05  2.614e+00  
 CG17   -2.424135e+03  1.174888e-06   7.970e-05  2.308e+00  
 CG18   -2.424135e+03  -5.542424e-06  7.907e-05  2.322e+00  
 CG19   -2.424135e+03  -2.606847e-05  7.577e-05  2.316e+00  
 CG20   -2.424135e+03  -2.820327e-05  4.126e-05  3.139e+00  
 CG21   -2.424135e+03  -2.602686e-05  3.968e-05  2.445e+00  
 CG22   -2.424135e+03  -4.350489e-05  3.187e-05  2.616e+00  
 CG23   -2.424135e+03  -1.563170e-05  2.384e-05  3.022e+00  
 CG24   -2.424135e+03  -1.546898e-04  2.157e-05  2.297e+00  
 CG25   -2.424135e+03  -9.187910e-07  8.174e-06  3.400e+00  
 CG26   -2.424135e+03  -6.427945e-05  7.348e-06  2.422e+00  
 CG27   -2.424135e+03  -1.413783e-04  4.133e-06  3.365e+00  
 CG28   -2.424135e+03  1.741723e-07   3.567e-07  4.602e+00  
 CG29   -2.424135e+03  -3.700468e-06  3.463e-07  4.108e+00  
 CG30   -2.424135e+03  -1.102966e-05  2.743e-07  3.464e+00  
 CG31   -2.424135e+03  -9.237374e-06  9.194e-08  4.406e+00  
 CG32   -2.424135e+03  -5.741170e-07  3.955e-08  4.997e+00  
 CG33   -2.424135e+03  -3.951678e-07  3.711e-08  3.942e+00  
 CG34   -2.424135e+03  3.460642e-06   4.802e-08  4.234e+00  
 CG35   -2.424135e+03  4.873981e-06   4.161e-08  5.278e+00  
 CG36   -2.424135e+03  6.422417e-06   8.078e-08  5.243e+00  
 CG37   -2.424135e+03  -1.400742e-06  1.235e-07  4.406e+00  
 CG38   -2.424135e+03  -1.432440e-05  1.112e-07  3.968e+00  
 CG39   -2.424135e+03  -2.399471e-06  5.617e-09  5.476e+00  

  |CLASS_NAME---------|NAME---------------|TIME(Sec)-----|CALLS----|AVG------|PER%-------
                       total               142.75         17        8.4       1e+02     %
   Driver              driver_line         142.73         1         1.4e+02   1e+02     %
   Ions                opt_ions            142.5          1         1.4e+02   1e+02     %
   ESolver_KS_PW       Run                 142.5          1         1.4e+02   1e+02     %
   PW_Basis            recip2real          0.48396        282       0.0017    0.34      %
   Potential           update_from_charge  1.4513         40        0.036     1         %
   Potential           cal_v_eff           1.4466         40        0.036     1         %
   H_Hartree_pw        v_hartree           0.20539        40        0.0051    0.14      %
   PW_Basis            real2recip          0.63707        400       0.0016    0.45      %
   PW_Basis            gatherp_scatters    0.15402        400       0.00039   0.11      %
   PotXC               cal_v_eff           1.1893         40        0.03      0.83      %
   XC_Functional       v_xc                1.1668         40        0.029     0.82      %
   Symmetry            rhog_symmetry       0.41391        41        0.01      0.29      %
   HSolverPW           solve               139.34         40        3.5       98        %
   Nonlocal            getvnl              0.68555        400       0.0017    0.48      %
   pp_cell_vnl         getvnl              0.68516        400       0.0017    0.48      %
   DiagoIterAssist     diagH_subspace      22.304         390       0.057     16        %
   OperatorPW          hPsi                103.39         32059     0.0032    72        %
   Operator            EkineticPW          1.2191         32059     3.8e-05   0.85      %
   Operator            VeffPW              92.598         32059     0.0029    65        %
   PW_Basis_K          recip2real          57.455         45839     0.0013    40        %
   PW_Basis_K          gathers_scatterp    9.2822         45839     0.0002    6.5       %
   PW_Basis_K          real2recip          36.414         40639     0.0009    26        %
   PW_Basis_K          gatherp_scatters    10.853         40639     0.00027   7.6       %
   Operator            NonlocalPW          7.5147         32059     0.00023   5.3       %
   Nonlocal            add_nonlocal_pp     4.2096         32059     0.00013   2.9       %
   DiagoIterAssist     LAPACK_subspace     0.1694         390       0.00043   0.12      %
   DiagoCG             diag_once           108.07         400       0.27      76        %
   ElecStatePW         psiToRho            7.6647         40        0.19      5.4       %
   Charge              mix_rho             0.65391        38        0.017     0.46      %
   Charge              Pulay_mixing        0.64567        38        0.017     0.45      %
 ----------------------------------------------------------------------------------------

 START  Time  : Sun Dec  3 11:58:09 2023
 FINISH Time  : Sun Dec  3 12:00:32 2023
 TOTAL  Time  : 143
 SEE INFORMATION IN : OUT.ABACUS/
