                                                                                     
                              ABACUS v3.3.2

               Atomic-orbital Based Ab-initio Computation at UStc                    

                     Website: http://abacus.ustc.edu.cn/                             
               Documentation: https://abacus.deepmodeling.com/                       
                  Repository: https://github.com/abacusmodeling/abacus-develop       
                              https://github.com/deepmodeling/abacus-develop         
                      Commit: e39b50e (Fri Aug 18 16:14:25 2023 +0800)

 Sat Dec  2 14:24:40 2023
 MAKE THE DIR         : OUT.ABACUS/

%%%%%%%%%%%%%%%%%%%%%%%%%%%%%%%%%%%%%%%%%%%%%%%%%%%%%%%%%%%%%%%%%%%%%%%%%%%%%%%%%%%%%%%%%%%%%%%%%%%%%%%%%
 Warning: the number of valence electrons in pseudopotential > 6 for Mo: [Kr] 4d5 5s1
 Pseudopotentials with additional electrons can yield (more) accurate outcomes, but may be less efficient.
 If you're confident that your chosen pseudopotential is appropriate, you can safely ignore this warning.
%%%%%%%%%%%%%%%%%%%%%%%%%%%%%%%%%%%%%%%%%%%%%%%%%%%%%%%%%%%%%%%%%%%%%%%%%%%%%%%%%%%%%%%%%%%%%%%%%%%%%%%%%

 UNIFORM GRID DIM     : 27 * 27 * 160
 UNIFORM GRID DIM(BIG): 27 * 27 * 160
 DONE(0.0590711  SEC) : SETUP UNITCELL
 DONE(0.08196    SEC) : SYMMETRY
 DONE(0.14683    SEC) : INIT K-POINTS
 ---------------------------------------------------------
 Self-consistent calculations for electrons
 ---------------------------------------------------------
 SPIN    KPOINTS         PROCESSORS  
 1       7               1           
 ---------------------------------------------------------
 Use plane wave basis
 ---------------------------------------------------------
 ELEMENT NATOM       XC          
 Mo      1           
 S       2           
 ---------------------------------------------------------
 Initial plane wave basis and FFT box
 ---------------------------------------------------------
 DONE(0.151111   SEC) : INIT PLANEWAVE
 MEMORY FOR PSI (MB)  : 16.0813
 DONE(0.173677   SEC) : LOCAL POTENTIAL
 DONE(0.192334   SEC) : NON-LOCAL POTENTIAL
 DONE(0.192366   SEC) : INIT BASIS
 -------------------------------------------
 SELF-CONSISTENT : 
 -------------------------------------------
 START CHARGE      : atomic
 DONE(0.232806   SEC) : INIT SCF
 ITER   ETOT(eV)       EDIFF(eV)      DRHO       TIME(s)    
 CG1    -2.425267e+03  0.000000e+00   1.801e-01  4.538e+00  
 CG2    -2.425117e+03  1.495412e-01   7.498e-02  5.420e-01  
 CG3    -2.425163e+03  -4.614565e-02  3.952e-02  6.942e-01  
 CG4    -2.425190e+03  -2.662753e-02  6.032e-03  6.774e-01  
 CG5    -2.425245e+03  -5.506350e-02  2.548e-03  1.039e+00  
 CG6    -2.425181e+03  6.449798e-02   1.402e-02  9.372e-01  
 CG7    -2.425207e+03  -2.667878e-02  6.914e-04  1.065e+00  
 CG8    -2.425207e+03  3.422218e-04   3.530e-04  6.303e-01  
 CG9    -2.425206e+03  6.670996e-04   1.420e-03  9.852e-01  
 CG10   -2.425207e+03  -7.787896e-04  2.500e-04  7.111e-01  
 CG11   -2.425207e+03  3.824459e-04   2.092e-04  6.243e-01  
 CG12   -2.425207e+03  4.280149e-05   1.908e-04  8.209e-01  
 CG13   -2.425207e+03  -3.382411e-05  1.145e-04  5.600e-01  
 CG14   -2.425207e+03  8.487225e-05   1.050e-04  5.701e-01  
 CG15   -2.425207e+03  4.128590e-05   7.919e-05  6.964e-01  
 CG16   -2.425207e+03  -2.689586e-05  6.370e-05  7.200e-01  
 CG17   -2.425207e+03  -5.893361e-05  4.771e-05  6.754e-01  
 CG18   -2.425207e+03  -2.401628e-05  3.261e-05  7.699e-01  
 CG19   -2.425207e+03  -6.415505e-05  3.219e-05  6.172e-01  
 CG20   -2.425207e+03  -1.880991e-04  2.300e-05  6.890e-01  
 CG21   -2.425207e+03  -2.407173e-05  8.636e-06  8.689e-01  
 CG22   -2.425207e+03  -1.143964e-04  7.766e-06  6.668e-01  
 CG23   -2.425207e+03  -9.428819e-05  2.793e-06  9.313e-01  
 CG24   -2.425207e+03  -3.135331e-05  5.720e-07  1.133e+00  
 CG25   -2.425207e+03  -1.643966e-05  1.569e-07  1.365e+00  
 CG26   -2.425207e+03  -3.415638e-06  1.893e-08  1.360e+00  
 CG27   -2.425207e+03  1.315834e-07   2.956e-08  1.564e+00  
 CG28   -2.425207e+03  -1.114530e-06  6.542e-09  8.937e-01  

  |CLASS_NAME---------|NAME---------------|TIME(Sec)-----|CALLS----|AVG------|PER%-------
                       total               27.589         17        1.6       1e+02     %
   Driver              driver_line         27.571         1         28        1e+02     %
   Ions                opt_ions            27.388         1         27        99        %
   ESolver_KS_PW       Run                 27.388         1         27        99        %
   Potential           update_from_charge  0.35113        29        0.012     1.3       %
   Potential           cal_v_eff           0.34875        29        0.012     1.3       %
   PW_Basis            real2recip          0.1263         260       0.00049   0.46      %
   PotXC               cal_v_eff           0.28978        29        0.01      1.1       %
   XC_Functional       v_xc                0.28552        29        0.0098    1         %
   HSolverPW           solve               26.702         29        0.92      97        %
   Nonlocal            getvnl              0.12153        203       0.0006    0.44      %
   pp_cell_vnl         getvnl              0.1214         203       0.0006    0.44      %
   DiagoIterAssist     diagH_subspace      3.3389         196       0.017     12        %
   OperatorPW          hPsi                15.668         16055     0.00098   57        %
   Operator            EkineticPW          0.20924        16055     1.3e-05   0.76      %
   Operator            VeffPW              13.745         16055     0.00086   50        %
   PW_Basis_K          recip2real          9.1846         23006     0.0004    33        %
   PW_Basis_K          gathers_scatterp    0.85664        23006     3.7e-05   3.1       %
   PW_Basis_K          real2recip          5.4107         20367     0.00027   20        %
   PW_Basis_K          gatherp_scatters    1.486          20367     7.3e-05   5.4       %
   Operator            NonlocalPW          1.0333         16055     6.4e-05   3.7       %
   Nonlocal            add_nonlocal_pp     0.58026        16055     3.6e-05   2.1       %
   DiagoCG             diag_once           21.949         203       0.11      80        %
   ElecStatePW         psiToRho            1.1323         29        0.039     4.1       %
   Charge              mix_rho             0.11279        27        0.0042    0.41      %
   Charge              Pulay_mixing        0.1115         27        0.0041    0.4       %
 ----------------------------------------------------------------------------------------

 START  Time  : Sat Dec  2 14:24:40 2023
 FINISH Time  : Sat Dec  2 14:25:07 2023
 TOTAL  Time  : 27
 SEE INFORMATION IN : OUT.ABACUS/
