                                                                                     
                              ABACUS v3.3.2

               Atomic-orbital Based Ab-initio Computation at UStc                    

                     Website: http://abacus.ustc.edu.cn/                             
               Documentation: https://abacus.deepmodeling.com/                       
                  Repository: https://github.com/abacusmodeling/abacus-develop       
                              https://github.com/deepmodeling/abacus-develop         
                      Commit: e39b50e (Fri Aug 18 16:14:25 2023 +0800)

    Start Time is Sat Dec  2 15:47:07 2023
                                                                                     
 ------------------------------------------------------------------------------------

 READING GENERAL INFORMATION
                           global_out_dir = OUT.ABACUS/
                           global_in_card = INPUT
                               pseudo_dir = 
                              orbital_dir = 
                                    DRANK = 1
                                    DSIZE = 1
                                   DCOLOR = 1
                                    GRANK = 1
                                    GSIZE = 1
 The esolver type has been set to : ksdft_pw




 >>>>>>>>>>>>>>>>>>>>>>>>>>>>>>>>>>>>>>>>>>>>>>>>>>>>>>>>>>>>>>>>>>>>>>
 |                                                                    |
 | Reading atom information in unitcell:                              |
 | From the input file and the structure file we know the number of   |
 | different elments in this unitcell, then we list the detail        |
 | information for each element, especially the zeta and polar atomic |
 | orbital number for each element. The total atom number is counted. |
 | We calculate the nearest atom distance for each atom and show the  |
 | Cartesian and Direct coordinates for each atom. We list the file   |
 | address for atomic orbitals. The volume and the lattice vectors    |
 | in real and reciprocal space is also shown.                        |
 |                                                                    |
 <<<<<<<<<<<<<<<<<<<<<<<<<<<<<<<<<<<<<<<<<<<<<<<<<<<<<<<<<<<<<<<<<<<<<<




 READING UNITCELL INFORMATION
                                    ntype = 2
                  lattice constant (Bohr) = 6.01361
              lattice constant (Angstrom) = 3.18226

 READING ATOM TYPE 1
                               atom label = Mo
                      L=0, number of zeta = 1
                      L=1, number of zeta = 1
                      L=2, number of zeta = 1
             number of atom for this type = 1

 READING ATOM TYPE 2
                               atom label = S
                      L=0, number of zeta = 1
                      L=1, number of zeta = 1
                      L=2, number of zeta = 1
             number of atom for this type = 2

                        TOTAL ATOM NUMBER = 3

 CARTESIAN COORDINATES ( UNIT = 6.01361 Bohr ).
         atom                   x                   y                   z                 mag                  vx                  vy                  vz
     tauc_Mo1      0.499999563584      0.288675091973       2.89260288735                   0                   0                   0                   0
      tauc_S1                   0                   0      0.328706604822                   0                   0                   0                   0
      tauc_S2                   0                   0       2.31408230988                   0                   0                   0                   0


                          Volume (Bohr^3) = 591.833664863
                             Volume (A^3) = 87.7005960082

 Lattice vectors: (Cartesian coordinate: in unit of a_0)
                   +1                  +0                  +0
                 -0.5     +0.866025403784                  +0
                   +0                  +0         +3.14241686
 Reciprocal vectors: (Cartesian coordinate: in unit of 2 pi/a_0)
                   +1      +0.57735026919                  -0
                   +0      +1.15470053838                  -0
                   +0                  -0     +0.318226398518




 >>>>>>>>>>>>>>>>>>>>>>>>>>>>>>>>>>>>>>>>>>>>>>>>>>>>>>>>>>>>>>>>>>>>>>
 |                                                                    |
 | Reading pseudopotentials files:                                    |
 | The pseudopotential file is in UPF format. The 'NC' indicates that |
 | the type of pseudopotential is 'norm conserving'. Functional of    |
 | exchange and correlation is decided by 4 given parameters in UPF   |
 | file.  We also read in the 'core correction' if there exists.      |
 | Also we can read the valence electrons number and the maximal      |
 | angular momentum used in this pseudopotential. We also read in the |
 | trail wave function, trail atomic density and local-pseudopotential|
 | on logrithmic grid. The non-local pseudopotential projector is also|
 | read in if there is any.                                           |
 |                                                                    |
 <<<<<<<<<<<<<<<<<<<<<<<<<<<<<<<<<<<<<<<<<<<<<<<<<<<<<<<<<<<<<<<<<<<<<<




                PAO radial cut off (Bohr) = 15

 Read in pseudopotential file is Mo_ONCV_PBE-1.0.upf
                     pseudopotential type = NC
          exchange-correlation functional = PBE
                 nonlocal core correction = 0
                        valence electrons = 14
                                     lmax = 2
                           number of zeta = 0
                     number of projectors = 6
                           L of projector = 0
                           L of projector = 0
                           L of projector = 1
                           L of projector = 1
                           L of projector = 2
                           L of projector = 2
                PAO radial cut off (Bohr) = 15

 Read in pseudopotential file is S_ONCV_PBE-1.0.upf
                     pseudopotential type = NC
          exchange-correlation functional = PBE
                 nonlocal core correction = 0
                        valence electrons = 6
                                     lmax = 1
                           number of zeta = 0
                     number of projectors = 4
                           L of projector = 0
                           L of projector = 0
                           L of projector = 1
                           L of projector = 1
     initial pseudo atomic orbital number = 0
                                   NLOCAL = 27

%%%%%%%%%%%%%%%%%%%%%%%%%%%%%%%%%%%%%%%%%%%%%%%%%%%%%%%%%%%%%%%%%%%%%%%%%%%%%%%%%%%%%%%%%%%%%%%%%%%%%%%%%%
 Warning: the number of valence electrons in pseudopotential > 6 for Mo: [Kr] 4d5 5s1
 Pseudopotentials with additional electrons can yield (more) accurate outcomes, but may be less efficient.
 If you're confident that your chosen pseudopotential is appropriate, you can safely ignore this warning.
%%%%%%%%%%%%%%%%%%%%%%%%%%%%%%%%%%%%%%%%%%%%%%%%%%%%%%%%%%%%%%%%%%%%%%%%%%%%%%%%%%%%%%%%%%%%%%%%%%%%%%%%%%
                  

 Warning_Memory_Consuming allocated:  FFT::grid 6.103515625 MB




 >>>>>>>>>>>>>>>>>>>>>>>>>>>>>>>>>>>>>>>>>>>>>>>>>>>>>>>>>>>>>>>>>>>>>>
 |                                                                    |
 | Setup plane waves of charge/potential:                             |
 | Use the energy cutoff and the lattice vectors to generate the      |
 | dimensions of FFT grid. The number of FFT grid on each processor   |
 | is 'nrxx'. The number of plane wave basis in reciprocal space is   |
 | different for charege/potential and wave functions. We also set    |
 | the 'sticks' for the parallel of FFT. The number of plane waves    |
 | is 'npw' in each processor.                                        |
 <<<<<<<<<<<<<<<<<<<<<<<<<<<<<<<<<<<<<<<<<<<<<<<<<<<<<<<<<<<<<<<<<<<<<<





 SETUP THE PLANE WAVE BASIS
 energy cutoff for charge/potential (unit:Ry) = 400
            fft grid for charge/potential = [ 40, 40, 125 ]
                        fft grid division = [ 1, 1, 1 ]
        big fft grid for charge/potential = [ 40, 40, 125 ]
                                     nbxx = 200000
                                     nrxx = 200000

 SETUP PLANE WAVES FOR CHARGE/POTENTIAL
                    number of plane waves = 80035
                         number of sticks = 1003

 PARALLEL PW FOR CHARGE/POTENTIAL
     PROC   COLUMNS(POT)             PW
        1           1003          80035
 --------------- sum -------------------
        1           1003          80035
                            number of |g| = 3698
                                  max |g| = 366.401115779
                                  min |g| = 0

 SETUP THE ELECTRONS NUMBER
            electron number of element Mo = 14
      total electron number of element Mo = 14
             electron number of element S = 6
       total electron number of element S = 12
            AUTOSET number of electrons:  = 26
 DONE : SETUP UNITCELL Time : 0.0593494903296 (SEC)





 >>>>>>>>>>>>>>>>>>>>>>>>>>>>>>>>>>>>>>>>>>>>>>>>>>>>>>>>>>>>>>>>>>>>>>
 |                                                                    |
 | Doing symmetry analysis:                                           |
 | We calculate the norm of 3 vectors and the angles between them,    |
 | the type of Bravais lattice is given. We can judge if the unticell |
 | is a primitive cell. Finally we give the point group operation for |
 | this unitcell. We use the point group operations to do symmetry |
 | analysis on given k-point mesh and the charge density.             |
 |                                                                    |
 <<<<<<<<<<<<<<<<<<<<<<<<<<<<<<<<<<<<<<<<<<<<<<<<<<<<<<<<<<<<<<<<<<<<<<




 LATTICE VECTORS: (CARTESIAN COORDINATE: IN UNIT OF A0)
                   +1                  +0                  +0
                 -0.5     +0.866025403784                  +0
                   +0                  +0         +3.14241686
                       right hand lattice = 1
                                   NORM_A = 1
                                   NORM_B = 1
                                   NORM_C = 3.14241686
                           ALPHA (DEGREE) = 90
                           BETA  (DEGREE) = 90
                           GAMMA (DEGREE) = 120

 The lattice vectors have been changed (STRU_SIMPLE.cif)

(for optimal symmetric configuration:)
                             BRAVAIS TYPE = 4
                     BRAVAIS LATTICE NAME = 04. Hexagonal cell
                                    ibrav = 4
                                    IBRAV = 4
                                  BRAVAIS = HEXAGONAL CELL
                       LATTICE CONSTANT A = 1
                                C/A RATIO = 3.14241686
Original cell was already a primitive cell.
                        ROTATION MATRICES = 24
              PURE POINT GROUP OPERATIONS = 6
                   SPACE GROUP OPERATIONS = 12
                                       C2 = 0
                                       C3 = 2
                                       C4 = 0
                                       C6 = 0
                                       S1 = 3
                                       S3 = 0
                                       S4 = 0
                                       S6 = 0
                              POINT GROUP = C_3v
                                       C2 = 3
                                       C3 = 2
                                       C4 = 0
                                       C6 = 0
                                       S1 = 4
                                       S3 = 2
                                       S4 = 0
                                       S6 = 0
               POINT GROUP IN SPACE GROUP = D_3h
 DONE : SYMMETRY Time : 0.0814146734774 (SEC)





 >>>>>>>>>>>>>>>>>>>>>>>>>>>>>>>>>>>>>>>>>>>>>>>>>>>>>>>>>>>>>>>>>>>>>>
 |                                                                    |
 | Setup K-points                                                     |
 | We setup the k-points according to input parameters.               |
 | The reduced k-points are set according to symmetry operations.     |
 | We treat the spin as another set of k-points.                      |
 |                                                                    |
 <<<<<<<<<<<<<<<<<<<<<<<<<<<<<<<<<<<<<<<<<<<<<<<<<<<<<<<<<<<<<<<<<<<<<<





 SETUP K-POINTS
                                    nspin = 1
                   Input type of k points = Monkhorst-Pack(Gamma)
                                   nkstot = 64
                       right hand lattice = 1
(for reciprocal lattice: )
                             BRAVAIS TYPE = 4
                     BRAVAIS LATTICE NAME = 04. Hexagonal cell
                                    ibrav = 4
                       right hand lattice = 1
(for k-lattice: )
                             BRAVAIS TYPE = 4
                     BRAVAIS LATTICE NAME = 04. Hexagonal cell
                                    ibrav = 4
                       right hand lattice = 1
                        ROTATION MATRICES = 24
                               nkstot_ibz = 10
      IBZ             DirectX             DirectY             DirectZ              Weight    ibz2bz
        1                   0                   0                   0            0.015625         0
        2              -0.125               0.125                   0             0.09375         1
        3               -0.25                0.25                   0             0.09375         2
        4              -0.375               0.375                   0             0.09375         3
        5                 0.5                 0.5                   0            0.046875         4
        6               -0.25               0.125                   0             0.09375         9
        7              -0.375                0.25                   0              0.1875        10
        8                 0.5               0.375                   0              0.1875        11
        9                 0.5                0.25                   0             0.09375        18
       10               0.375               0.375                   0             0.09375        19
                               nkstot now = 10

  KPOINTS            DIRECT_X            DIRECT_Y            DIRECT_Z              WEIGHT
        1                   0                   0                   0            0.015625
        2              -0.125               0.125                   0             0.09375
        3               -0.25                0.25                   0             0.09375
        4              -0.375               0.375                   0             0.09375
        5                 0.5                 0.5                   0            0.046875
        6               -0.25               0.125                   0             0.09375
        7              -0.375                0.25                   0              0.1875
        8                 0.5               0.375                   0              0.1875
        9                 0.5                0.25                   0             0.09375
       10               0.375               0.375                   0             0.09375

           k-point number in this process = 10
       minimum distributed K point number = 10

  KPOINTS         CARTESIAN_X         CARTESIAN_Y         CARTESIAN_Z              WEIGHT
        1                   0                   0                   0             0.03125
        2              -0.125     0.0721687836487                   0              0.1875
        3               -0.25      0.144337567297                   0              0.1875
        4              -0.375      0.216506350946                   0              0.1875
        5                 0.5      0.866025403784                   0             0.09375
        6               -0.25                   0                   0              0.1875
        7              -0.375     0.0721687836487                   0               0.375
        8                 0.5      0.721687836487                   0               0.375
        9                 0.5       0.57735026919                   0              0.1875
       10               0.375      0.649519052838                   0              0.1875

  KPOINTS            DIRECT_X            DIRECT_Y            DIRECT_Z              WEIGHT
        1                   0                   0                   0             0.03125
        2              -0.125               0.125                   0              0.1875
        3               -0.25                0.25                   0              0.1875
        4              -0.375               0.375                   0              0.1875
        5                 0.5                 0.5                   0             0.09375
        6               -0.25               0.125                   0              0.1875
        7              -0.375                0.25                   0               0.375
        8                 0.5               0.375                   0               0.375
        9                 0.5                0.25                   0              0.1875
       10               0.375               0.375                   0              0.1875
 DONE : INIT K-POINTS Time : 0.146559493616 (SEC)





 >>>>>>>>>>>>>>>>>>>>>>>>>>>>>>>>>>>>>>>>>>>>>>>>>>>>>>>>>>>>>>>>>>>>>>
 |                                                                    |
 | Setup plane waves of wave functions:                               |
 | Use the energy cutoff and the lattice vectors to generate the      |
 | dimensions of FFT grid. The number of FFT grid on each processor   |
 | is 'nrxx'. The number of plane wave basis in reciprocal space is   |
 | different for charege/potential and wave functions. We also set    |
 | the 'sticks' for the parallel of FFT. The number of plane wave of  |
 | each k-point is 'npwk[ik]' in each processor                       |
 <<<<<<<<<<<<<<<<<<<<<<<<<<<<<<<<<<<<<<<<<<<<<<<<<<<<<<<<<<<<<<<<<<<<<<





 SETUP PLANE WAVES FOR WAVE FUNCTIONS
     energy cutoff for wavefunc (unit:Ry) = 100
              fft grid for wave functions = [ 40, 40, 125 ]
                    number of plane waves = 13471
                         number of sticks = 301

 PARALLEL PW FOR WAVE FUNCTIONS
     PROC   COLUMNS(POT)             PW
        1            301          13471
 --------------- sum -------------------
        1            301          13471
 DONE : INIT PLANEWAVE Time : 0.154415624216 (SEC)

                           occupied bands = 13
                                   NBANDS = 23
                                     npwx = 10093

 Warning_Memory_Consuming allocated:  Psi_PW 35.4216003418 MB

 SETUP NONLOCAL PSEUDOPOTENTIALS IN PLANE WAVE BASIS
 Mo non-local projectors:
 projector 1 L=0
 projector 2 L=0
 projector 3 L=1
 projector 4 L=1
 projector 5 L=2
 projector 6 L=2
 S non-local projectors:
 projector 1 L=0
 projector 2 L=0
 projector 3 L=1
 projector 4 L=1
      TOTAL NUMBER OF NONLOCAL PROJECTORS = 34
 DONE : LOCAL POTENTIAL Time : 0.181063881144 (SEC)


 Init Non-Local PseudoPotential table : 
 Init Non-Local-Pseudopotential done.
 DONE : NON-LOCAL POTENTIAL Time : 0.206755574793 (SEC)


 Make real space PAO into reciprocal space.
       max mesh points in Pseudopotential = 601
     dq(describe PAO in reciprocal space) = 0.01
                                    max q = 1206

 number of pseudo atomic orbitals for Mo is 0

 number of pseudo atomic orbitals for S is 0
 DONE : INIT BASIS Time : 0.20679249987 (SEC)


 -------------------------------------------
 SELF-CONSISTENT
 -------------------------------------------
                                 init_chg = atomic
 DONE : INIT SCF Time : 0.270762 (SEC)


 PW ALGORITHM --------------- ION=   1  ELEC=   1--------------------------------
Average iterative diagonalization steps: 9.94783 ; where current threshold is: 0.01 . 
 Notice: Threshold on eigenvalues was too large.
 hsover_error=0.26 > DRHO=0.217845
 Origin diag_ethr = 0.01
 New    diag_ethr = 0.000837866
Average iterative diagonalization steps: 6.39565 ; where current threshold is: 0.000837866 . 

 Warning_Memory_Consuming allocated:  ChgMix::Rrho 30.5176 MB

 Warning_Memory_Consuming allocated:  ChgMix::dRrho 28.9917 MB

 Warning_Memory_Consuming allocated:  ChgMix::drho 28.9917 MB

 Density error is 0.184408064066
                          Error Threshold = 0.000837866266106

       Energy                       Rydberg                            eV
       E_KohnSham                -178.254502618                -2425.27692976
         E_Harris                -178.277702038                -2425.59257407
          E_Fermi               +0.300928560931                 +4.0943431196

 PW ALGORITHM --------------- ION=   1  ELEC=   2--------------------------------
Average iterative diagonalization steps: 2 ; where current threshold is: 0.000709261784871 . 

 Density error is 0.07377062653
                          Error Threshold = 0.000709261784871

       Energy                       Rydberg                            eV
       E_KohnSham                -178.244750286                -2425.14424248
         E_Harris                -182.119344918                -2477.86080692
          E_Fermi               +0.287662451749                +3.91384844443

 PW ALGORITHM --------------- ION=   1  ELEC=   3--------------------------------
Average iterative diagonalization steps: 2.42173913043 ; where current threshold is: 0.000283733178962 . 

 Density error is 0.0370509361027
                          Error Threshold = 0.000283733178962

       Energy                       Rydberg                            eV
       E_KohnSham                -178.247131739                -2425.17664381
         E_Harris                 -178.94823569                -2434.71565243
          E_Fermi               +0.271550408131                 +3.6946328448

 PW ALGORITHM --------------- ION=   1  ELEC=   4--------------------------------
Average iterative diagonalization steps: 2.47826086957 ; where current threshold is: 0.000142503600395 . 

 Density error is 0.00512269885683
                          Error Threshold = 0.000142503600395

       Energy                       Rydberg                            eV
       E_KohnSham                -178.248684096                -2425.19776471
         E_Harris                -175.615962566                -2389.37775065
          E_Fermi               +0.283663873533                 +3.8594449968

 PW ALGORITHM --------------- ION=   1  ELEC=   5--------------------------------
Average iterative diagonalization steps: 3.73043478261 ; where current threshold is: 1.97026879109e-05 . 

 Density error is 0.00249872083587
                          Error Threshold = 1.97026879109e-05

       Energy                       Rydberg                            eV
       E_KohnSham                -178.251357645                 -2425.2341402
         E_Harris                -177.489982717                -2414.87510287
          E_Fermi                +0.28858287096                +3.92637139026

 PW ALGORITHM --------------- ION=   1  ELEC=   6--------------------------------
Average iterative diagonalization steps: 2.30434782609 ; where current threshold is: 9.61046475335e-06 . 

 Density error is 0.00530117675381
                          Error Threshold = 9.61046475335e-06

       Energy                       Rydberg                            eV
       E_KohnSham                -178.248953292                -2425.20142731
         E_Harris                -178.081502754                -2422.92314586
          E_Fermi               +0.289236558811                +3.93526526974

 PW ALGORITHM --------------- ION=   1  ELEC=   7--------------------------------
Average iterative diagonalization steps: 3.21304347826 ; where current threshold is: 9.61046475335e-06 . 

 Density error is 0.00127469588237
                          Error Threshold = 9.61046475335e-06

       Energy                       Rydberg                            eV
       E_KohnSham                -178.249596333                -2425.21017633
         E_Harris                -178.421320933                -2427.54660937
          E_Fermi               +0.290951734042                +3.95860142595

 PW ALGORITHM --------------- ION=   1  ELEC=   8--------------------------------
Average iterative diagonalization steps: 2.06086956522 ; where current threshold is: 4.90267647066e-06 . 

 Density error is 0.00022705439479
                          Error Threshold = 4.90267647066e-06

       Energy                       Rydberg                            eV
       E_KohnSham                -178.249707485                -2425.21168863
         E_Harris                 -177.58344707                -2416.14675063
          E_Fermi               +0.293688262831                +3.99583381023

 PW ALGORITHM --------------- ION=   1  ELEC=   9--------------------------------
Average iterative diagonalization steps: 3.41739130435 ; where current threshold is: 8.73286133808e-07 . 

 Density error is 0.000282868738038
                          Error Threshold = 8.73286133808e-07

       Energy                       Rydberg                            eV
       E_KohnSham                -178.249697994                -2425.21155949
         E_Harris                 -178.19546779                -2424.47371972
          E_Fermi               +0.293735450741                +3.99647583467

 PW ALGORITHM --------------- ION=   1  ELEC=  10--------------------------------
Average iterative diagonalization steps: 2.45217391304 ; where current threshold is: 8.73286133808e-07 . 

 Density error is 0.000156802279525
                          Error Threshold = 8.73286133808e-07

       Energy                       Rydberg                            eV
       E_KohnSham                -178.249749716                -2425.21226321
         E_Harris                -177.943742938                -2421.04882741
          E_Fermi                +0.29613309487                 +4.0290974566

 PW ALGORITHM --------------- ION=   1  ELEC=  11--------------------------------
Average iterative diagonalization steps: 2.23913043478 ; where current threshold is: 6.03085690482e-07 . 

 Density error is 0.000132394312437
                          Error Threshold = 6.03085690482e-07

       Energy                       Rydberg                            eV
       E_KohnSham                -178.249720612                -2425.21186723
         E_Harris                -178.324569028                -2426.23023217
          E_Fermi               +0.296515406746                +4.03429907654

 PW ALGORITHM --------------- ION=   1  ELEC=  12--------------------------------
Average iterative diagonalization steps: 3.03043478261 ; where current threshold is: 5.09208893989e-07 . 

 Density error is 1.45035907661e-05
                          Error Threshold = 5.09208893989e-07

       Energy                       Rydberg                            eV
       E_KohnSham                -178.249731669                -2425.21201767
         E_Harris                 -178.35417357                -2426.63302264
          E_Fermi               +0.297466489156                +4.04723921658

 PW ALGORITHM --------------- ION=   1  ELEC=  13--------------------------------
Average iterative diagonalization steps: 3.07391304348 ; where current threshold is: 5.5783041408e-08 . 

 Density error is 3.74240484475e-06
                          Error Threshold = 5.5783041408e-08

       Energy                       Rydberg                            eV
       E_KohnSham                -178.249733103                -2425.21203718
         E_Harris                -178.257044881                -2425.31151903
          E_Fermi               +0.297284084417                +4.04475747278

 PW ALGORITHM --------------- ION=   1  ELEC=  14--------------------------------
Average iterative diagonalization steps: 2.71304347826 ; where current threshold is: 1.43938647875e-08 . 

 Density error is 7.80491945361e-06
                          Error Threshold = 1.43938647875e-08

       Energy                       Rydberg                            eV
       E_KohnSham                -178.249731653                -2425.21201745
         E_Harris                 -178.23334118                -2424.98901362
          E_Fermi               +0.297434841882                +4.04680863332

 PW ALGORITHM --------------- ION=   1  ELEC=  15--------------------------------
Average iterative diagonalization steps: 3.24782608696 ; where current threshold is: 1.43938647875e-08 . 

 Density error is 3.38672877409e-06
                          Error Threshold = 1.43938647875e-08

       Energy                       Rydberg                            eV
       E_KohnSham                -178.249731223                 -2425.2120116
         E_Harris                -178.273269042                -2425.53226006
          E_Fermi               +0.297788933821                +4.05162630132

 PW ALGORITHM --------------- ION=   1  ELEC=  16--------------------------------
Average iterative diagonalization steps: 2.43043478261 ; where current threshold is: 1.30258799003e-08 . 

 Density error is 2.35812476718e-07
                          Error Threshold = 1.30258799003e-08

       Energy                       Rydberg                            eV
       E_KohnSham                -178.249731372                -2425.21201362
         E_Harris                -178.271235757                 -2425.5045958
          E_Fermi               +0.297763568871                +4.05128119346

 PW ALGORITHM --------------- ION=   1  ELEC=  17--------------------------------
Average iterative diagonalization steps: 3.81739130435 ; where current threshold is: 9.069710643e-10 . 

 Density error is 4.77821801257e-08
                          Error Threshold = 9.069710643e-10

       Energy                       Rydberg                            eV
       E_KohnSham                -178.249731387                -2425.21201383
         E_Harris                -178.248942632                -2425.20128227
          E_Fermi                +0.29777460238                +4.05143131206

 PW ALGORITHM --------------- ION=   1  ELEC=  18--------------------------------
Average iterative diagonalization steps: 3.57391304348 ; where current threshold is: 1.83777615868e-10 . 

 Density error is 1.61627295306e-08
                          Error Threshold = 1.83777615868e-10

       Energy                       Rydberg                            eV
       E_KohnSham                -178.249731387                -2425.21201383
         E_Harris                -178.248897743                -2425.20067152
          E_Fermi               +0.297818872658                +4.05203364009

 PW ALGORITHM --------------- ION=   1  ELEC=  19--------------------------------
Average iterative diagonalization steps: 3.14782608696 ; where current threshold is: 6.21643443484e-11 . 

 Density error is 3.13661820344e-09
                          Error Threshold = 6.21643443484e-11

           Energy                       Rydberg                            eV
       E_KohnSham                -178.249731388                -2425.21201385
   E_KS(sigma->0)                -178.249731388                -2425.21201385
         E_Harris                -178.249123777                -2425.20374687
           E_band                -22.6610859541                -308.319891844
       E_one_elec                 -281.15137318                -3825.26067578
        E_Hartree                +145.078347681                +1973.89218489
             E_xc                -24.3148401479                 -330.82037197
          E_Ewald                -17.8618657415                -243.023150996
   E_entropy(-TS)                            +0                            +0
          E_descf                            +0                            +0
            E_exx                            +0                            +0
          E_Fermi                +0.29782933304                +4.05217596088

 charge density convergence is achieved
 final etot is -2425.2120139 eV
 EFERMI = 4.0521759609 eV

 STATE ENERGY(eV) AND OCCUPATIONS    NSPIN == 1
 1/10 kpoint (Cartesian) = 0.0000 0.0000 0.0000 (10093 pws)
       1       -57.0031      0.0312500
       2       -31.0770      0.0312500
       3       -30.8242      0.0312500
       4       -30.8242      0.0312500
       5       -9.31131      0.0312500
       6       -8.67633      0.0312500
       7      -0.969416      0.0312500
       8        1.78115      0.0312500
       9        2.71488      0.0312500
      10        2.71488      0.0312500
      11        3.22614      0.0312500
      12        3.63808      0.0312500
      13        3.63810      0.0312500
      14        6.39750        0.00000
      15        6.39751        0.00000
      16        6.61943        0.00000
      17        6.61944        0.00000
      18        8.65416        0.00000
      19        10.5594        0.00000
      20        12.0418        0.00000
      21        12.8201        0.00000
      22        14.0190        0.00000
      23        14.4239        0.00000

 2/10 kpoint (Cartesian) = -0.12500 0.072169 0.0000 (10027 pws)
       1       -56.9982       0.187500
       2       -31.0685       0.187500
       3       -30.8722       0.187500
       4       -30.8355       0.187500
       5       -9.09964       0.187500
       6       -8.53565       0.187500
       7      -0.682539       0.187500
       8        1.57924       0.187500
       9        2.17159       0.187500
      10        2.93080       0.187500
      11        3.26905       0.187500
      12        3.31459       0.187500
      13        3.32980       0.187500
      14        5.75622        0.00000
      15        6.22161        0.00000
      16        6.32138        0.00000
      17        6.82390        0.00000
      18        9.09918        0.00000
      19        11.0982        0.00000
      20        12.4476        0.00000
      21        13.3621        0.00000
      22        13.8377        0.00000
      23        14.3230        0.00000

 3/10 kpoint (Cartesian) = -0.25000 0.14434 0.0000 (10011 pws)
       1       -56.9862       0.187500
       2       -31.0481       0.187500
       3       -30.9867       0.187500
       4       -30.8627       0.187500
       5       -8.52938       0.187500
       6       -8.15861       0.187500
       7     -0.0650956       0.187500
       8       0.986136       0.187500
       9        1.00273       0.187500
      10        2.43641       0.187500
      11        2.70656       0.187500
      12        3.13026       0.187500
      13        3.41290       0.187500
      14        5.35096        0.00000
      15        5.99461        0.00000
      16        6.43417        0.00000
      17        7.11534        0.00000
      18        9.85316        0.00000
      19        11.3498        0.00000
      20        12.8417        0.00000
      21        13.2884        0.00000
      22        13.3927        0.00000
      23        14.2420        0.00000

 4/10 kpoint (Cartesian) = -0.37500 0.21651 0.0000 (9972 pws)
       1       -56.9742       0.187500
       2       -31.0993       0.187500
       3       -31.0277       0.187500
       4       -30.8897       0.187500
       5       -7.83042       0.187500
       6       -7.70775       0.187500
       7      -0.496454       0.187500
       8      0.0552202       0.187500
       9       0.623144       0.187500
      10        1.89521       0.187500
      11        2.22988       0.187500
      12        3.10523       0.187500
      13        3.72801       0.187500
      14        5.91137        0.00000
      15        6.17337        0.00000
      16        6.88292        0.00000
      17        7.24901        0.00000
      18        10.2613        0.00000
      19        11.0554        0.00000
      20        12.0806        0.00000
      21        12.9659        0.00000
      22        13.1429        0.00000
      23        14.0955        0.00000

 5/10 kpoint (Cartesian) = 0.50000 0.86603 0.0000 (9974 pws)
       1       -56.9692      0.0937500
       2       -31.1454      0.0937500
       3       -31.0192      0.0937500
       4       -30.9008      0.0937500
       5       -7.48913      0.0937500
       6       -7.47743      0.0937500
       7       -1.03525      0.0937500
       8      -0.413238      0.0937500
       9       0.624546      0.0937500
      10        1.76864      0.0937500
      11        2.05638      0.0937500
      12        3.32400      0.0937500
      13        3.77999      0.0937500
      14        6.41592        0.00000
      15        6.41927        0.00000
      16        7.09292        0.00000
      17        7.27618        0.00000
      18        9.82284        0.00000
      19        11.1914        0.00000
      20        11.8570        0.00000
      21        12.7894        0.00000
      22        13.1443        0.00000
      23        14.0294        0.00000

 6/10 kpoint (Cartesian) = -0.25000 0.0000 0.0000 (10015 pws)
       1       -56.9897       0.187500
       2       -31.0541       0.187500
       3       -30.9481       0.187500
       4       -30.8601       0.187500
       5       -8.70738       0.187500
       6       -8.27538       0.187500
       7      -0.199020       0.187500
       8        1.28645       0.187500
       9        1.36443       0.187500
      10        2.27048       0.187500
      11        3.06016       0.187500
      12        3.21773       0.187500
      13        3.35581       0.187500
      14        5.26253        0.00000
      15        6.03547        0.00000
      16        6.20501        0.00000
      17        7.09188        0.00000
      18        9.68842        0.00000
      19        11.4731        0.00000
      20        12.8840        0.00000
      21        13.7487        0.00000
      22        13.7865        0.00000
      23        14.4739        0.00000

 7/10 kpoint (Cartesian) = -0.37500 0.072169 0.0000 (9990 pws)
       1       -56.9777       0.375000
       2       -31.0498       0.375000
       3       -31.0337       0.375000
       4       -30.8989       0.375000
       5       -8.06002       0.375000
       6       -7.85013       0.375000
       7      0.0483834       0.375000
       8       0.608860       0.375000
       9       0.652793       0.375000
      10        1.46111       0.375000
      11        2.67212       0.375000
      12        2.67387       0.375000
      13        3.62558       0.375000
      14        5.28161        0.00000
      15        6.33080        0.00000
      16        6.46142        0.00000
      17        7.27749        0.00000
      18        10.4908        0.00000
      19        11.2340        0.00000
      20        12.9707        0.00000
      21        13.6084        0.00000
      22        13.6239        0.00000
      23        14.2514        0.00000

 8/10 kpoint (Cartesian) = 0.50000 0.72169 0.0000 (9993 pws)
       1       -56.9692       0.375000
       2       -31.1203       0.375000
       3       -31.0192       0.375000
       4       -30.9268       0.375000
       5       -7.49675       0.375000
       6       -7.49047       0.375000
       7      -0.701988       0.375000
       8      -0.232014       0.375000
       9       0.730556       0.375000
      10        1.50447       0.375000
      11        2.06741       0.375000
      12        2.56036       0.375000
      13        3.81418       0.375000
      14        5.96873        0.00000
      15        6.66329        0.00000
      16        6.72618        0.00000
      17        7.36979        0.00000
      18        10.1987        0.00000
      19        11.6287        0.00000
      20        12.7743        0.00000
      21        13.2396        0.00000
      22        13.4631        0.00000
      23        13.8878        0.00000

 9/10 kpoint (Cartesian) = 0.50000 0.57735 0.0000 (9990 pws)
       1       -56.9692       0.187500
       2       -31.0854       0.187500
       3       -31.0192       0.187500
       4       -30.9626       0.187500
       5       -7.51566       0.187500
       6       -7.49181       0.187500
       7      -0.227984       0.187500
       8      0.0451283       0.187500
       9       0.897492       0.187500
      10        1.07555       0.187500
      11        1.70853       0.187500
      12        2.17902       0.187500
      13        3.80762       0.187500
      14        5.62860        0.00000
      15        6.28229        0.00000
      16        6.78906        0.00000
      17        7.59657        0.00000
      18        10.7102        0.00000
      19        11.8162        0.00000
      20        12.9405        0.00000
      21        13.2786        0.00000
      22        13.9619        0.00000
      23        14.0020        0.00000

 10/10 kpoint (Cartesian) = 0.37500 0.64952 0.0000 (9992 pws)
       1       -56.9657       0.187500
       2       -31.0884       0.187500
       3       -31.0132       0.187500
       4       -31.0007       0.187500
       5       -7.32328       0.187500
       6       -7.25956       0.187500
       7      -0.307341       0.187500
       8      -0.281590       0.187500
       9       0.841720       0.187500
      10        1.26686       0.187500
      11        1.29432       0.187500
      12        1.72168       0.187500
      13        4.05218       0.187500
      14        6.04149        0.00000
      15        6.15434        0.00000
      16        6.68785        0.00000
      17        7.81594        0.00000
      18        10.6057        0.00000
      19        11.7836        0.00000
      20        13.2421        0.00000
      21        13.4707        0.00000
      22        13.9832        0.00000
      23        14.1838        0.00000



 --------------------------------------------
 !FINAL_ETOT_IS -2425.212013852360 eV
 --------------------------------------------






  |CLASS_NAME---------|NAME---------------|TIME(Sec)-----|CALLS----|AVG------|PER%-------
                                      total         39.816        17       2.3   1.0e+02%
                 Driver         driver_line         39.798         1       40.    1.e+02%
                   Ions            opt_ions         39.593         1       40.       99.%
          ESolver_KS_PW                 Run         39.593         1       40.       99.%
               PW_Basis          recip2real        0.16068       142    0.0011      0.40%
              Potential  update_from_charge        0.43492        20     0.022       1.1%
              Potential           cal_v_eff        0.43129        20     0.022       1.1%
               PW_Basis          real2recip        0.19735       200   0.00099      0.50%
                  PotXC           cal_v_eff        0.35439        20     0.018      0.89%
          XC_Functional                v_xc        0.34917        20     0.017      0.88%
               Symmetry       rhog_symmetry        0.11558        21    0.0055      0.29%
              HSolverPW               solve         38.720        20       1.9       97.%
               Nonlocal              getvnl        0.13815       200   0.00069      0.35%
            pp_cell_vnl              getvnl        0.13796       200   0.00069      0.35%
        DiagoIterAssist      diagH_subspace         5.8577       190     0.031       15.%
             OperatorPW                hPsi         27.343     15760    0.0017       69.%
               Operator          EkineticPW        0.21944     15760   1.4e-05      0.55%
               Operator              VeffPW         25.251     15760    0.0016       63.%
             PW_Basis_K          recip2real         16.832     22540   0.00075       42.%
             PW_Basis_K    gathers_scatterp         2.8030     22540   0.00012       7.0%
             PW_Basis_K          real2recip         10.170     19940   0.00051       26.%
             PW_Basis_K    gatherp_scatters         1.3969     19940   7.0e-05       3.5%
               Operator          NonlocalPW         1.2368     15760   7.8e-05       3.1%
               Nonlocal     add_nonlocal_pp        0.73870     15760   4.7e-05       1.9%
                DiagoCG           diag_once         30.305       200      0.15       76.%
            ElecStatePW            psiToRho         2.0876        20      0.10       5.2%
                 Charge             mix_rho        0.12197        18    0.0068      0.31%
                 Charge        Pulay_mixing        0.12078        18    0.0067      0.30%
 ----------------------------------------------------------------------------------------

 NAME---------------|MEMORY(MB)--------
               total          174.8
              Psi_PW          35.42
        ChgMix::Rrho          30.52
       ChgMix::dRrho          28.99
        ChgMix::drho          28.99
           FFT::grid          6.104
       DiagSub::hpsi          3.542
    DiagSub::evctemp          3.542
    Veff<PW>::porter          3.052
   Veff<PW>::porter1          3.052
    Meta<PW>::porter          3.052
       ElecSPW::wfcr          3.052
     ElecSPW::wfcr_a          3.052
            VNL::vkb          2.618
        SF::strucFac          2.442
        PW_B_K::gcar          2.310
            Chg::rho          1.526
       Chg::rho_save          1.526
       Chg::rho_core          1.526
       Pot::veff_fix          1.526
           Pot::veff          1.526
   ChgMix::rho_save2          1.526
           VNL::vkb1          1.386
 -------------   < 1.0 MB has been ignored ----------------
 ----------------------------------------------------------

 Start  Time  : Sat Dec  2 15:47:07 2023
 Finish Time  : Sat Dec  2 15:47:47 2023
 Total  Time  : 0 h 0 mins 40 secs 
