                                                                                     
                              ABACUS v3.3.2

               Atomic-orbital Based Ab-initio Computation at UStc                    

                     Website: http://abacus.ustc.edu.cn/                             
               Documentation: https://abacus.deepmodeling.com/                       
                  Repository: https://github.com/abacusmodeling/abacus-develop       
                              https://github.com/deepmodeling/abacus-develop         
                      Commit: e39b50e (Fri Aug 18 16:14:25 2023 +0800)

    Start Time is Sat Dec  2 15:39:21 2023
                                                                                     
 ------------------------------------------------------------------------------------

 READING GENERAL INFORMATION
                           global_out_dir = OUT.ABACUS/
                           global_in_card = INPUT
                               pseudo_dir = 
                              orbital_dir = 
                                    DRANK = 1
                                    DSIZE = 1
                                   DCOLOR = 1
                                    GRANK = 1
                                    GSIZE = 1
 The esolver type has been set to : ksdft_pw




 >>>>>>>>>>>>>>>>>>>>>>>>>>>>>>>>>>>>>>>>>>>>>>>>>>>>>>>>>>>>>>>>>>>>>>
 |                                                                    |
 | Reading atom information in unitcell:                              |
 | From the input file and the structure file we know the number of   |
 | different elments in this unitcell, then we list the detail        |
 | information for each element, especially the zeta and polar atomic |
 | orbital number for each element. The total atom number is counted. |
 | We calculate the nearest atom distance for each atom and show the  |
 | Cartesian and Direct coordinates for each atom. We list the file   |
 | address for atomic orbitals. The volume and the lattice vectors    |
 | in real and reciprocal space is also shown.                        |
 |                                                                    |
 <<<<<<<<<<<<<<<<<<<<<<<<<<<<<<<<<<<<<<<<<<<<<<<<<<<<<<<<<<<<<<<<<<<<<<




 READING UNITCELL INFORMATION
                                    ntype = 2
                  lattice constant (Bohr) = 6.01361
              lattice constant (Angstrom) = 3.18226

 READING ATOM TYPE 1
                               atom label = Mo
                      L=0, number of zeta = 1
                      L=1, number of zeta = 1
                      L=2, number of zeta = 1
             number of atom for this type = 1

 READING ATOM TYPE 2
                               atom label = S
                      L=0, number of zeta = 1
                      L=1, number of zeta = 1
                      L=2, number of zeta = 1
             number of atom for this type = 2

                        TOTAL ATOM NUMBER = 3

 CARTESIAN COORDINATES ( UNIT = 6.01361 Bohr ).
         atom                   x                   y                   z                 mag                  vx                  vy                  vz
     tauc_Mo1      0.499999563584      0.288675091973       2.89260288735                   0                   0                   0                   0
      tauc_S1                   0                   0       3.47112346482                   0                   0                   0                   0
      tauc_S2                   0                   0       2.31408230988                   0                   0                   0                   0


                          Volume (Bohr^3) = 1183.66733161
                             Volume (A^3) = 175.401192295

 Lattice vectors: (Cartesian coordinate: in unit of a_0)
                   +1                  +0                  +0
                 -0.5     +0.866025403784                  +0
                   +0                  +0         +6.28483373
 Reciprocal vectors: (Cartesian coordinate: in unit of 2 pi/a_0)
                   +1      +0.57735026919                  -0
                   +0      +1.15470053838                  -0
                   +0                  -0     +0.159113199006




 >>>>>>>>>>>>>>>>>>>>>>>>>>>>>>>>>>>>>>>>>>>>>>>>>>>>>>>>>>>>>>>>>>>>>>
 |                                                                    |
 | Reading pseudopotentials files:                                    |
 | The pseudopotential file is in UPF format. The 'NC' indicates that |
 | the type of pseudopotential is 'norm conserving'. Functional of    |
 | exchange and correlation is decided by 4 given parameters in UPF   |
 | file.  We also read in the 'core correction' if there exists.      |
 | Also we can read the valence electrons number and the maximal      |
 | angular momentum used in this pseudopotential. We also read in the |
 | trail wave function, trail atomic density and local-pseudopotential|
 | on logrithmic grid. The non-local pseudopotential projector is also|
 | read in if there is any.                                           |
 |                                                                    |
 <<<<<<<<<<<<<<<<<<<<<<<<<<<<<<<<<<<<<<<<<<<<<<<<<<<<<<<<<<<<<<<<<<<<<<




                PAO radial cut off (Bohr) = 15

 Read in pseudopotential file is Mo_ONCV_PBE-1.0.upf
                     pseudopotential type = NC
          exchange-correlation functional = PBE
                 nonlocal core correction = 0
                        valence electrons = 14
                                     lmax = 2
                           number of zeta = 0
                     number of projectors = 6
                           L of projector = 0
                           L of projector = 0
                           L of projector = 1
                           L of projector = 1
                           L of projector = 2
                           L of projector = 2
                PAO radial cut off (Bohr) = 15

 Read in pseudopotential file is S_ONCV_PBE-1.0.upf
                     pseudopotential type = NC
          exchange-correlation functional = PBE
                 nonlocal core correction = 0
                        valence electrons = 6
                                     lmax = 1
                           number of zeta = 0
                     number of projectors = 4
                           L of projector = 0
                           L of projector = 0
                           L of projector = 1
                           L of projector = 1
     initial pseudo atomic orbital number = 0
                                   NLOCAL = 27

%%%%%%%%%%%%%%%%%%%%%%%%%%%%%%%%%%%%%%%%%%%%%%%%%%%%%%%%%%%%%%%%%%%%%%%%%%%%%%%%%%%%%%%%%%%%%%%%%%%%%%%%%%
 Warning: the number of valence electrons in pseudopotential > 6 for Mo: [Kr] 4d5 5s1
 Pseudopotentials with additional electrons can yield (more) accurate outcomes, but may be less efficient.
 If you're confident that your chosen pseudopotential is appropriate, you can safely ignore this warning.
%%%%%%%%%%%%%%%%%%%%%%%%%%%%%%%%%%%%%%%%%%%%%%%%%%%%%%%%%%%%%%%%%%%%%%%%%%%%%%%%%%%%%%%%%%%%%%%%%%%%%%%%%%
                  

 Warning_Memory_Consuming allocated:  FFT::grid 11.865234375 MB




 >>>>>>>>>>>>>>>>>>>>>>>>>>>>>>>>>>>>>>>>>>>>>>>>>>>>>>>>>>>>>>>>>>>>>>
 |                                                                    |
 | Setup plane waves of charge/potential:                             |
 | Use the energy cutoff and the lattice vectors to generate the      |
 | dimensions of FFT grid. The number of FFT grid on each processor   |
 | is 'nrxx'. The number of plane wave basis in reciprocal space is   |
 | different for charege/potential and wave functions. We also set    |
 | the 'sticks' for the parallel of FFT. The number of plane waves    |
 | is 'npw' in each processor.                                        |
 <<<<<<<<<<<<<<<<<<<<<<<<<<<<<<<<<<<<<<<<<<<<<<<<<<<<<<<<<<<<<<<<<<<<<<





 SETUP THE PLANE WAVE BASIS
 energy cutoff for charge/potential (unit:Ry) = 400
            fft grid for charge/potential = [ 40, 40, 243 ]
                        fft grid division = [ 1, 1, 1 ]
        big fft grid for charge/potential = [ 40, 40, 243 ]
                                     nbxx = 388800
                                     nrxx = 388800

 SETUP PLANE WAVES FOR CHARGE/POTENTIAL
                    number of plane waves = 159979
                         number of sticks = 1003

 PARALLEL PW FOR CHARGE/POTENTIAL
     PROC   COLUMNS(POT)             PW
        1           1003         159979
 --------------- sum -------------------
        1           1003         159979
                            number of |g| = 7350
                                  max |g| = 366.408882564
                                  min |g| = 0

 SETUP THE ELECTRONS NUMBER
            electron number of element Mo = 14
      total electron number of element Mo = 14
             electron number of element S = 6
       total electron number of element S = 12
            AUTOSET number of electrons:  = 26
 DONE : SETUP UNITCELL Time : 0.0839861892164 (SEC)





 >>>>>>>>>>>>>>>>>>>>>>>>>>>>>>>>>>>>>>>>>>>>>>>>>>>>>>>>>>>>>>>>>>>>>>
 |                                                                    |
 | Doing symmetry analysis:                                           |
 | We calculate the norm of 3 vectors and the angles between them,    |
 | the type of Bravais lattice is given. We can judge if the unticell |
 | is a primitive cell. Finally we give the point group operation for |
 | this unitcell. We use the point group operations to do symmetry |
 | analysis on given k-point mesh and the charge density.             |
 |                                                                    |
 <<<<<<<<<<<<<<<<<<<<<<<<<<<<<<<<<<<<<<<<<<<<<<<<<<<<<<<<<<<<<<<<<<<<<<




 LATTICE VECTORS: (CARTESIAN COORDINATE: IN UNIT OF A0)
                   +1                  +0                  +0
                 -0.5     +0.866025403784                  +0
                   +0                  +0         +6.28483373
                       right hand lattice = 1
                                   NORM_A = 1
                                   NORM_B = 1
                                   NORM_C = 6.28483373
                           ALPHA (DEGREE) = 90
                           BETA  (DEGREE) = 90
                           GAMMA (DEGREE) = 120

 The lattice vectors have been changed (STRU_SIMPLE.cif)

(for optimal symmetric configuration:)
                             BRAVAIS TYPE = 4
                     BRAVAIS LATTICE NAME = 04. Hexagonal cell
                                    ibrav = 4
                                    IBRAV = 4
                                  BRAVAIS = HEXAGONAL CELL
                       LATTICE CONSTANT A = 1
                                C/A RATIO = 6.28483373
Original cell was already a primitive cell.
                        ROTATION MATRICES = 24
              PURE POINT GROUP OPERATIONS = 6
                   SPACE GROUP OPERATIONS = 12
                                       C2 = 0
                                       C3 = 2
                                       C4 = 0
                                       C6 = 0
                                       S1 = 3
                                       S3 = 0
                                       S4 = 0
                                       S6 = 0
                              POINT GROUP = C_3v
                                       C2 = 3
                                       C3 = 2
                                       C4 = 0
                                       C6 = 0
                                       S1 = 4
                                       S3 = 2
                                       S4 = 0
                                       S6 = 0
               POINT GROUP IN SPACE GROUP = D_3h
 DONE : SYMMETRY Time : 0.107668649405 (SEC)





 >>>>>>>>>>>>>>>>>>>>>>>>>>>>>>>>>>>>>>>>>>>>>>>>>>>>>>>>>>>>>>>>>>>>>>
 |                                                                    |
 | Setup K-points                                                     |
 | We setup the k-points according to input parameters.               |
 | The reduced k-points are set according to symmetry operations.     |
 | We treat the spin as another set of k-points.                      |
 |                                                                    |
 <<<<<<<<<<<<<<<<<<<<<<<<<<<<<<<<<<<<<<<<<<<<<<<<<<<<<<<<<<<<<<<<<<<<<<





 SETUP K-POINTS
                                    nspin = 1
                   Input type of k points = Monkhorst-Pack(Gamma)
                                   nkstot = 64
                       right hand lattice = 1
(for reciprocal lattice: )
                             BRAVAIS TYPE = 4
                     BRAVAIS LATTICE NAME = 04. Hexagonal cell
                                    ibrav = 4
                       right hand lattice = 1
(for k-lattice: )
                             BRAVAIS TYPE = 4
                     BRAVAIS LATTICE NAME = 04. Hexagonal cell
                                    ibrav = 4
                       right hand lattice = 1
                        ROTATION MATRICES = 24
                               nkstot_ibz = 10
      IBZ             DirectX             DirectY             DirectZ              Weight    ibz2bz
        1                   0                   0                   0            0.015625         0
        2              -0.125               0.125                   0             0.09375         1
        3               -0.25                0.25                   0             0.09375         2
        4              -0.375               0.375                   0             0.09375         3
        5                 0.5                 0.5                   0            0.046875         4
        6               -0.25               0.125                   0             0.09375         9
        7              -0.375                0.25                   0              0.1875        10
        8                 0.5               0.375                   0              0.1875        11
        9                 0.5                0.25                   0             0.09375        18
       10               0.375               0.375                   0             0.09375        19
                               nkstot now = 10

  KPOINTS            DIRECT_X            DIRECT_Y            DIRECT_Z              WEIGHT
        1                   0                   0                   0            0.015625
        2              -0.125               0.125                   0             0.09375
        3               -0.25                0.25                   0             0.09375
        4              -0.375               0.375                   0             0.09375
        5                 0.5                 0.5                   0            0.046875
        6               -0.25               0.125                   0             0.09375
        7              -0.375                0.25                   0              0.1875
        8                 0.5               0.375                   0              0.1875
        9                 0.5                0.25                   0             0.09375
       10               0.375               0.375                   0             0.09375

           k-point number in this process = 10
       minimum distributed K point number = 10

  KPOINTS         CARTESIAN_X         CARTESIAN_Y         CARTESIAN_Z              WEIGHT
        1                   0                   0                   0             0.03125
        2              -0.125     0.0721687836487                   0              0.1875
        3               -0.25      0.144337567297                   0              0.1875
        4              -0.375      0.216506350946                   0              0.1875
        5                 0.5      0.866025403784                   0             0.09375
        6               -0.25                   0                   0              0.1875
        7              -0.375     0.0721687836487                   0               0.375
        8                 0.5      0.721687836487                   0               0.375
        9                 0.5       0.57735026919                   0              0.1875
       10               0.375      0.649519052838                   0              0.1875

  KPOINTS            DIRECT_X            DIRECT_Y            DIRECT_Z              WEIGHT
        1                   0                   0                   0             0.03125
        2              -0.125               0.125                   0              0.1875
        3               -0.25                0.25                   0              0.1875
        4              -0.375               0.375                   0              0.1875
        5                 0.5                 0.5                   0             0.09375
        6               -0.25               0.125                   0              0.1875
        7              -0.375                0.25                   0               0.375
        8                 0.5               0.375                   0               0.375
        9                 0.5                0.25                   0              0.1875
       10               0.375               0.375                   0              0.1875
 DONE : INIT K-POINTS Time : 0.177323572338 (SEC)





 >>>>>>>>>>>>>>>>>>>>>>>>>>>>>>>>>>>>>>>>>>>>>>>>>>>>>>>>>>>>>>>>>>>>>>
 |                                                                    |
 | Setup plane waves of wave functions:                               |
 | Use the energy cutoff and the lattice vectors to generate the      |
 | dimensions of FFT grid. The number of FFT grid on each processor   |
 | is 'nrxx'. The number of plane wave basis in reciprocal space is   |
 | different for charege/potential and wave functions. We also set    |
 | the 'sticks' for the parallel of FFT. The number of plane wave of  |
 | each k-point is 'npwk[ik]' in each processor                       |
 <<<<<<<<<<<<<<<<<<<<<<<<<<<<<<<<<<<<<<<<<<<<<<<<<<<<<<<<<<<<<<<<<<<<<<





 SETUP PLANE WAVES FOR WAVE FUNCTIONS
     energy cutoff for wavefunc (unit:Ry) = 100
              fft grid for wave functions = [ 40, 40, 243 ]
                    number of plane waves = 26929
                         number of sticks = 301

 PARALLEL PW FOR WAVE FUNCTIONS
     PROC   COLUMNS(POT)             PW
        1            301          26929
 --------------- sum -------------------
        1            301          26929
 DONE : INIT PLANEWAVE Time : 0.192290162668 (SEC)

                           occupied bands = 13
                                   NBANDS = 23
                                     npwx = 20137

 Warning_Memory_Consuming allocated:  Psi_PW 70.6712341309 MB

 SETUP NONLOCAL PSEUDOPOTENTIALS IN PLANE WAVE BASIS
 Mo non-local projectors:
 projector 1 L=0
 projector 2 L=0
 projector 3 L=1
 projector 4 L=1
 projector 5 L=2
 projector 6 L=2
 S non-local projectors:
 projector 1 L=0
 projector 2 L=0
 projector 3 L=1
 projector 4 L=1
      TOTAL NUMBER OF NONLOCAL PROJECTORS = 34

 Warning_Memory_Consuming allocated:  VNL::vkb 5.22352600098 MB
 DONE : LOCAL POTENTIAL Time : 0.236927457154 (SEC)


 Init Non-Local PseudoPotential table : 
 Init Non-Local-Pseudopotential done.
 DONE : NON-LOCAL POTENTIAL Time : 0.262807490304 (SEC)


 Make real space PAO into reciprocal space.
       max mesh points in Pseudopotential = 601
     dq(describe PAO in reciprocal space) = 0.01
                                    max q = 1206

 number of pseudo atomic orbitals for Mo is 0

 number of pseudo atomic orbitals for S is 0
 DONE : INIT BASIS Time : 0.262863697484 (SEC)


 -------------------------------------------
 SELF-CONSISTENT
 -------------------------------------------

 Warning_Memory_Consuming allocated:  Veff<PW>::porter 5.9326171875 MB

 Warning_Memory_Consuming allocated:  Veff<PW>::porter1 5.9326171875 MB

 Warning_Memory_Consuming allocated:  Meta<PW>::porter 5.9326171875 MB
                                 init_chg = atomic
 DONE : INIT SCF Time : 0.357761 (SEC)


 PW ALGORITHM --------------- ION=   1  ELEC=   1--------------------------------

 Warning_Memory_Consuming allocated:  DiagSub::hpsi 7.06712 MB

 Warning_Memory_Consuming allocated:  DiagSub::evctemp 7.06712 MB
Average iterative diagonalization steps: 10.3304 ; where current threshold is: 0.01 . 

 Warning_Memory_Consuming allocated:  ElecSPW::wfcr 5.93262 MB

 Warning_Memory_Consuming allocated:  ElecSPW::wfcr_a 5.93262 MB
 Notice: Threshold on eigenvalues was too large.
 hsover_error=0.26 > DRHO=0.243035
 Origin diag_ethr = 0.01
 New    diag_ethr = 0.000934752
Average iterative diagonalization steps: 6.04348 ; where current threshold is: 0.000934752 . 

 Warning_Memory_Consuming allocated:  ChgMix::Rrho 59.3262 MB

 Warning_Memory_Consuming allocated:  ChgMix::dRrho 56.3599 MB

 Warning_Memory_Consuming allocated:  ChgMix::drho 56.3599 MB

 Density error is 0.183433146149
                          Error Threshold = 0.000934751805335

       Energy                       Rydberg                            eV
       E_KohnSham                -178.254206505                -2425.27290093
         E_Harris                -178.277318033                -2425.58734941
          E_Fermi              -0.0778852549347                -1.05968325729

 PW ALGORITHM --------------- ION=   1  ELEC=   2--------------------------------
Average iterative diagonalization steps: 2 ; where current threshold is: 0.000705512100572 . 

 Density error is 0.0749827983523
                          Error Threshold = 0.000705512100572

       Energy                       Rydberg                            eV
       E_KohnSham                -178.243381845                -2425.12562388
         E_Harris                -182.469593207                -2482.62617935
          E_Fermi              -0.0909739160971                -1.23776362829

 PW ALGORITHM --------------- ION=   1  ELEC=   3--------------------------------
Average iterative diagonalization steps: 2.53913043478 ; where current threshold is: 0.000288395378278 . 

 Density error is 0.0390745049586
                          Error Threshold = 0.000288395378278

       Energy                       Rydberg                            eV
       E_KohnSham                -178.245958087                -2425.16067546
         E_Harris                -178.452633272                -2427.97263561
          E_Fermi               -0.107740834909                -1.46588926204

 PW ALGORITHM --------------- ION=   1  ELEC=   4--------------------------------
Average iterative diagonalization steps: 2.42608695652 ; where current threshold is: 0.000150286557533 . 

 Density error is 0.00507883280094
                          Error Threshold = 0.000150286557533

       Energy                       Rydberg                            eV
       E_KohnSham                -178.248588554                 -2425.1964648
         E_Harris                -173.991464731                -2367.27532371
          E_Fermi              -0.0914209535413                -1.24384588476

 PW ALGORITHM --------------- ION=   1  ELEC=   5--------------------------------
Average iterative diagonalization steps: 4.08260869565 ; where current threshold is: 1.95339723113e-05 . 

 Density error is 0.00289286886661
                          Error Threshold = 1.95339723113e-05

       Energy                       Rydberg                            eV
       E_KohnSham                 -178.25296079                -2425.25595211
         E_Harris                -177.451652352                 -2414.3535915
          E_Fermi              -0.0899511627145                -1.22384835464

 PW ALGORITHM --------------- ION=   1  ELEC=   6--------------------------------
Average iterative diagonalization steps: 3.37391304348 ; where current threshold is: 1.11264187177e-05 . 

 Density error is 0.00956608148704
                          Error Threshold = 1.11264187177e-05

       Energy                       Rydberg                            eV
       E_KohnSham                -178.248511832                -2425.19542094
         E_Harris                -177.370517432                -2413.24969428
          E_Fermi              -0.0895682171824                -1.21863811338

 PW ALGORITHM --------------- ION=   1  ELEC=   7--------------------------------
Average iterative diagonalization steps: 3.78260869565 ; where current threshold is: 1.11264187177e-05 . 

 Density error is 0.000849910228821
                          Error Threshold = 1.11264187177e-05

       Energy                       Rydberg                            eV
       E_KohnSham                -178.249821506                -2425.21323996
         E_Harris                -178.163919268                -2424.04448006
          E_Fermi              -0.0849471393107                -1.15576512343

 PW ALGORITHM --------------- ION=   1  ELEC=   8--------------------------------
Average iterative diagonalization steps: 2.52173913043 ; where current threshold is: 3.26888549547e-06 . 

 Density error is 0.000366056481704
                          Error Threshold = 3.26888549547e-06

       Energy                       Rydberg                            eV
       E_KohnSham                -178.249859606                -2425.21375834
         E_Harris                -177.221044583                -2411.21601184
          E_Fermi               -0.082438643577                -1.12163528804

 PW ALGORITHM --------------- ION=   1  ELEC=   9--------------------------------
Average iterative diagonalization steps: 3.34347826087 ; where current threshold is: 1.40790954502e-06 . 

 Density error is 0.000640025294661
                          Error Threshold = 1.40790954502e-06

       Energy                       Rydberg                            eV
       E_KohnSham                  -178.2498512                -2425.21364397
         E_Harris                -177.808679362                -2419.21119318
          E_Fermi               -0.082680255512                -1.12492258706

 PW ALGORITHM --------------- ION=   1  ELEC=  10--------------------------------
Average iterative diagonalization steps: 2.71739130435 ; where current threshold is: 1.40790954502e-06 . 

 Density error is 0.000192026257348
                          Error Threshold = 1.40790954502e-06

       Energy                       Rydberg                            eV
       E_KohnSham                -178.249875277                -2425.21397155
         E_Harris                -177.316759786                -2412.51828398
          E_Fermi              -0.0799817031111                -1.08820689806

 PW ALGORITHM --------------- ION=   1  ELEC=  11--------------------------------
Average iterative diagonalization steps: 2.82173913043 ; where current threshold is: 7.38562528263e-07 . 

 Density error is 0.000165152701908
                          Error Threshold = 7.38562528263e-07

       Energy                       Rydberg                            eV
       E_KohnSham                -178.249839357                -2425.21348284
         E_Harris                -177.751848231                -2418.43796598
          E_Fermi              -0.0788640748049                -1.07300078484

 PW ALGORITHM --------------- ION=   1  ELEC=  12--------------------------------
Average iterative diagonalization steps: 3.27826086957 ; where current threshold is: 6.35202699645e-07 . 

 Density error is 9.99033660482e-05
                          Error Threshold = 6.35202699645e-07

       Energy                       Rydberg                            eV
       E_KohnSham                -178.249852066                -2425.21365576
         E_Harris                -177.865928757                -2419.99011116
          E_Fermi              -0.0763215352402                -1.03840775937

 PW ALGORITHM --------------- ION=   1  ELEC=  13--------------------------------
Average iterative diagonalization steps: 2.43043478261 ; where current threshold is: 3.8424371557e-07 . 

 Density error is 0.000106916205735
                          Error Threshold = 3.8424371557e-07

       Energy                       Rydberg                            eV
       E_KohnSham                -178.249848518                -2425.21360748
         E_Harris                -177.822212693                -2419.39532359
          E_Fermi              -0.0767654007658                -1.04444685967

 PW ALGORITHM --------------- ION=   1  ELEC=  14--------------------------------
Average iterative diagonalization steps: 2.3347826087 ; where current threshold is: 3.8424371557e-07 . 

 Density error is 9.18132099578e-05
                          Error Threshold = 3.8424371557e-07

       Energy                       Rydberg                            eV
       E_KohnSham                -178.249841847                -2425.21351672
         E_Harris                -177.851747662                -2419.79716747
          E_Fermi              -0.0758035071375                -1.03135962545

 PW ALGORITHM --------------- ION=   1  ELEC=  15--------------------------------
Average iterative diagonalization steps: 2.87826086957 ; where current threshold is: 3.53127730607e-07 . 

 Density error is 6.61627318224e-05
                          Error Threshold = 3.53127730607e-07

       Energy                       Rydberg                            eV
       E_KohnSham                -178.249841028                -2425.21350557
         E_Harris                -177.944806478                -2421.06329761
          E_Fermi              -0.0741661806528                -1.00908265578

 PW ALGORITHM --------------- ION=   1  ELEC=  16--------------------------------
Average iterative diagonalization steps: 2.62608695652 ; where current threshold is: 2.54472045471e-07 . 

 Density error is 5.58194197588e-05
                          Error Threshold = 2.54472045471e-07

       Energy                       Rydberg                            eV
       E_KohnSham                -178.249841609                -2425.21351348
         E_Harris                -177.945482227                -2421.07249164
          E_Fermi              -0.0732810028662               -0.997039194135

 PW ALGORITHM --------------- ION=   1  ELEC=  17--------------------------------
Average iterative diagonalization steps: 2.92608695652 ; where current threshold is: 2.14690075995e-07 . 

 Density error is 4.09847923546e-05
                          Error Threshold = 2.14690075995e-07

       Energy                       Rydberg                            eV
       E_KohnSham                -178.249845983                -2425.21357299
         E_Harris                -177.992206849                -2421.70821274
          E_Fermi              -0.0717933423133               -0.976798533926

 PW ALGORITHM --------------- ION=   1  ELEC=  18--------------------------------
Average iterative diagonalization steps: 2.99565217391 ; where current threshold is: 1.57633816748e-07 . 

 Density error is 3.09161219357e-05
                          Error Threshold = 1.57633816748e-07

       Energy                       Rydberg                            eV
       E_KohnSham                -178.249846404                -2425.21357873
         E_Harris                -178.047529209                -2422.46091206
          E_Fermi              -0.0707587668624               -0.962722412782

 PW ALGORITHM --------------- ION=   1  ELEC=  19--------------------------------
Average iterative diagonalization steps: 2 ; where current threshold is: 1.18908161291e-07 . 

 Density error is 3.01011061686e-05
                          Error Threshold = 1.18908161291e-07

       Energy                       Rydberg                            eV
       E_KohnSham                 -178.24984776                -2425.21359717
         E_Harris                 -178.03497747                 -2422.2901369
          E_Fermi              -0.0706728316614               -0.961553204389

 PW ALGORITHM --------------- ION=   1  ELEC=  20--------------------------------
Average iterative diagonalization steps: 2.21739130435 ; where current threshold is: 1.15773485264e-07 . 

 Density error is 2.76680292464e-05
                          Error Threshold = 1.15773485264e-07

       Energy                       Rydberg                            eV
       E_KohnSham                -178.249854541                -2425.21368943
         E_Harris                -178.044661521                -2422.42189517
          E_Fermi              -0.0703038652301               -0.956533158554

 PW ALGORITHM --------------- ION=   1  ELEC=  21--------------------------------
Average iterative diagonalization steps: 3.0347826087 ; where current threshold is: 1.06415497102e-07 . 

 Density error is 1.58809470419e-05
                          Error Threshold = 1.06415497102e-07

       Energy                       Rydberg                            eV
       E_KohnSham                -178.249856624                -2425.21371777
         E_Harris                -178.073597807                -2422.81559353
          E_Fermi              -0.0688918767696               -0.937322069981

 PW ALGORITHM --------------- ION=   1  ELEC=  22--------------------------------
Average iterative diagonalization steps: 2.7 ; where current threshold is: 6.10805655458e-08 . 

 Density error is 1.33461096009e-05
                          Error Threshold = 6.10805655458e-08

       Energy                       Rydberg                            eV
       E_KohnSham                 -178.24986272                -2425.21380071
         E_Harris                 -178.10852273                -2423.29077149
          E_Fermi              -0.0684719547718               -0.931608738094

 PW ALGORITHM --------------- ION=   1  ELEC=  23--------------------------------
Average iterative diagonalization steps: 3.19565217391 ; where current threshold is: 5.13311907726e-08 . 

 Density error is 7.76494290147e-06
                          Error Threshold = 5.13311907726e-08

       Energy                       Rydberg                            eV
       E_KohnSham                 -178.24986538                 -2425.2138369
         E_Harris                -178.136575112                -2423.67244373
          E_Fermi              -0.0674348304939               -0.917497938381

 PW ALGORITHM --------------- ION=   1  ELEC=  24--------------------------------
Average iterative diagonalization steps: 3.12608695652 ; where current threshold is: 2.98651650057e-08 . 

 Density error is 5.53757553916e-06
                          Error Threshold = 2.98651650057e-08

       Energy                       Rydberg                            eV
       E_KohnSham                -178.249865685                -2425.21384105
         E_Harris                -178.155166199                -2423.92538844
          E_Fermi              -0.0669027663663               -0.910258834544

 PW ALGORITHM --------------- ION=   1  ELEC=  25--------------------------------
Average iterative diagonalization steps: 2.05217391304 ; where current threshold is: 2.12983674583e-08 . 

 Density error is 5.27794559699e-06
                          Error Threshold = 2.12983674583e-08

       Energy                       Rydberg                            eV
       E_KohnSham                  -178.2498747                -2425.21396371
         E_Harris                -178.161482412                -2424.01132493
          E_Fermi              -0.0668501773006               -0.909543323598

 PW ALGORITHM --------------- ION=   1  ELEC=  26--------------------------------
Average iterative diagonalization steps: 4.20869565217 ; where current threshold is: 2.02997907577e-08 . 

 Density error is 9.3137351345e-07
                          Error Threshold = 2.02997907577e-08

       Energy                       Rydberg                            eV
       E_KohnSham                -178.249876544                 -2425.2139888
         E_Harris                 -178.20310434                -2424.57762032
          E_Fermi              -0.0652568081581               -0.887864424243

 PW ALGORITHM --------------- ION=   1  ELEC=  27--------------------------------
Average iterative diagonalization steps: 4.18260869565 ; where current threshold is: 3.58220582096e-09 . 

 Density error is 4.77927447165e-07
                          Error Threshold = 3.58220582096e-09

       Energy                       Rydberg                            eV
       E_KohnSham                -178.249878278                -2425.21401239
         E_Harris                -178.220080407                -2424.80859155
          E_Fermi              -0.0649486319374               -0.883671471654

 PW ALGORITHM --------------- ION=   1  ELEC=  28--------------------------------
Average iterative diagonalization steps: 4.85652173913 ; where current threshold is: 1.8381824891e-09 . 

 Density error is 1.32213301079e-07
                          Error Threshold = 1.8381824891e-09

       Energy                       Rydberg                            eV
       E_KohnSham                -178.249879998                -2425.21403579
         E_Harris                -178.234769399                -2425.00844554
          E_Fermi              -0.0645399272153               -0.878110758633

 PW ALGORITHM --------------- ION=   1  ELEC=  29--------------------------------
Average iterative diagonalization steps: 5.44782608696 ; where current threshold is: 5.08512696456e-10 . 

 Density error is 5.91246827578e-09
                          Error Threshold = 5.08512696456e-10

           Energy                       Rydberg                            eV
       E_KohnSham                 -178.24988015                -2425.21403786
   E_KS(sigma->0)                 -178.24988015                -2425.21403786
         E_Harris                -178.245978806                -2425.16095735
           E_band                -32.0754682668                -436.409134446
       E_one_elec                 -1045.8415204                -14229.4038824
        E_Hartree                +522.715506185                +7111.90931708
             E_xc                -24.3144650366                 -330.81526832
          E_Ewald                +369.190599098                +5023.09579577
   E_entropy(-TS)                            +0                            +0
          E_descf                            +0                            +0
            E_exx                            +0                            +0
          E_Fermi              -0.0641781016182                -0.87318786883

 charge density convergence is achieved
 final etot is -2425.2140379 eV
 EFERMI = -0.87318786883 eV

 STATE ENERGY(eV) AND OCCUPATIONS    NSPIN == 1
 1/10 kpoint (Cartesian) = 0.0000 0.0000 0.0000 (20137 pws)
       1       -61.9288      0.0312500
       2       -36.0031      0.0312500
       3       -35.7497      0.0312500
       4       -35.7497      0.0312500
       5       -14.2382      0.0312500
       6       -13.6037      0.0312500
       7       -5.89189      0.0312500
       8       -3.16439      0.0312500
       9       -2.21122      0.0312500
      10       -2.21122      0.0312500
      11       -1.68529      0.0312500
      12       -1.28851      0.0312500
      13       -1.28849      0.0312500
      14        1.47084        0.00000
      15        1.47085        0.00000
      16        1.69268        0.00000
      17        1.69270        0.00000
      18        4.04800        0.00000
      19        4.59264        0.00000
      20        4.96151        0.00000
      21        5.78345        0.00000
      22        6.47492        0.00000
      23        7.66141        0.00000

 2/10 kpoint (Cartesian) = -0.12500 0.072169 0.0000 (20045 pws)
       1       -61.9238       0.187500
       2       -35.9946       0.187500
       3       -35.7977       0.187500
       4       -35.7610       0.187500
       5       -14.0266       0.187500
       6       -13.4630       0.187500
       7       -5.60500       0.187500
       8       -3.36049       0.187500
       9       -2.75465       0.187500
      10       -1.99537       0.187500
      11       -1.64701       0.187500
      12       -1.61203       0.187500
      13       -1.60025       0.187500
      14       0.841890        0.00000
      15        1.29507        0.00000
      16        1.38534        0.00000
      17        1.89717        0.00000
      18        4.48637        0.00000
      19        4.91385        0.00000
      20        5.35094        0.00000
      21        6.22139        0.00000
      22        6.79318        0.00000
      23        8.19315        0.00000

 3/10 kpoint (Cartesian) = -0.25000 0.14434 0.0000 (20021 pws)
       1       -61.9118       0.187500
       2       -35.9742       0.187500
       3       -35.9122       0.187500
       4       -35.7882       0.187500
       5       -13.4563       0.187500
       6       -13.0860       0.187500
       7       -4.98820       0.187500
       8       -3.94479       0.187500
       9       -3.92352       0.187500
      10       -2.49554       0.187500
      11       -2.22010       0.187500
      12       -1.79323       0.187500
      13       -1.51354       0.187500
      14       0.439744        0.00000
      15        1.06842        0.00000
      16        1.48770        0.00000
      17        2.18860        0.00000
      18        5.22792        0.00000
      19        5.78706        0.00000
      20        6.09265        0.00000
      21        6.76615        0.00000
      22        7.61490        0.00000
      23        8.23252        0.00000

 4/10 kpoint (Cartesian) = -0.37500 0.21651 0.0000 (19940 pws)
       1       -61.8998       0.187500
       2       -36.0248       0.187500
       3       -35.9538       0.187500
       4       -35.8152       0.187500
       5       -12.7575       0.187500
       6       -12.6351       0.187500
       7       -5.42270       0.187500
       8       -4.87245       0.187500
       9       -4.30158       0.187500
      10       -3.03549       0.187500
      11       -2.69681       0.187500
      12       -1.81843       0.187500
      13       -1.19880       0.187500
      14       0.992920        0.00000
      15        1.24763        0.00000
      16        1.94039        0.00000
      17        2.32224        0.00000
      18        5.37576        0.00000
      19        6.42556        0.00000
      20        6.83401        0.00000
      21        7.39840        0.00000
      22        7.63213        0.00000
      23        8.32175        0.00000

 5/10 kpoint (Cartesian) = 0.50000 0.86603 0.0000 (19966 pws)
       1       -61.8949      0.0937500
       2       -36.0709      0.0937500
       3       -35.9453      0.0937500
       4       -35.8263      0.0937500
       5       -12.4164      0.0937500
       6       -12.4045      0.0937500
       7       -5.96168      0.0937500
       8       -5.34057      0.0937500
       9       -4.30068      0.0937500
      10       -3.16107      0.0937500
      11       -2.87032      0.0937500
      12       -1.59996      0.0937500
      13       -1.14693      0.0937500
      14        1.49033        0.00000
      15        1.49661        0.00000
      16        2.15622        0.00000
      17        2.34938        0.00000
      18        4.94068        0.00000
      19        6.34887        0.00000
      20        6.89037        0.00000
      21        7.56232        0.00000
      22        8.40653        0.00000
      23        8.98572        0.00000

 6/10 kpoint (Cartesian) = -0.25000 0.0000 0.0000 (20035 pws)
       1       -61.9153       0.187500
       2       -35.9802       0.187500
       3       -35.8736       0.187500
       4       -35.7856       0.187500
       5       -13.6343       0.187500
       6       -13.2027       0.187500
       7       -5.12165       0.187500
       8       -3.64759       0.187500
       9       -3.56200       0.187500
      10       -2.65668       0.187500
      11       -1.86531       0.187500
      12       -1.71279       0.187500
      13       -1.56755       0.187500
      14       0.351248        0.00000
      15        1.11066        0.00000
      16        1.26532        0.00000
      17        2.15925        0.00000
      18        5.07820        0.00000
      19        5.51231        0.00000
      20        5.93142        0.00000
      21        6.68520        0.00000
      22        7.37229        0.00000
      23        8.62575        0.00000

 7/10 kpoint (Cartesian) = -0.37500 0.072169 0.0000 (19994 pws)
       1       -61.9034       0.375000
       2       -35.9753       0.375000
       3       -35.9598       0.375000
       4       -35.8244       0.375000
       5       -12.9870       0.375000
       6       -12.7775       0.375000
       7       -4.87707       0.375000
       8       -4.31938       0.375000
       9       -4.27194       0.375000
      10       -3.46802       0.375000
      11       -2.25679       0.375000
      12       -2.25209       0.375000
      13       -1.30028       0.375000
      14       0.366769        0.00000
      15        1.40575        0.00000
      16        1.52449        0.00000
      17        2.34058        0.00000
      18        5.72417        0.00000
      19        6.49678        0.00000
      20        6.57108        0.00000
      21        7.32743        0.00000
      22        8.22005        0.00000
      23        8.57980        0.00000

 8/10 kpoint (Cartesian) = 0.50000 0.72169 0.0000 (19983 pws)
       1       -61.8949       0.375000
       2       -36.0458       0.375000
       3       -35.9453       0.375000
       4       -35.8523       0.375000
       5       -12.4238       0.375000
       6       -12.4178       0.375000
       7       -5.62842       0.375000
       8       -5.15927       0.375000
       9       -4.19455       0.375000
      10       -3.42406       0.375000
      11       -2.86066       0.375000
      12       -2.36567       0.375000
      13       -1.11092       0.375000
      14        1.04702        0.00000
      15        1.73914        0.00000
      16        1.79692        0.00000
      17        2.43319        0.00000
      18        5.30901        0.00000
      19        6.88691        0.00000
      20        7.49963        0.00000
      21        8.14417        0.00000
      22        8.57094        0.00000
      23        8.92081        0.00000

 9/10 kpoint (Cartesian) = 0.50000 0.57735 0.0000 (19982 pws)
       1       -61.8949       0.187500
       2       -36.0109       0.187500
       3       -35.9453       0.187500
       4       -35.8881       0.187500
       5       -12.4428       0.187500
       6       -12.4191       0.187500
       7       -5.15437       0.187500
       8       -4.88189       0.187500
       9       -4.02744       0.187500
      10       -3.85293       0.187500
      11       -3.21792       0.187500
      12       -2.74941       0.187500
      13       -1.11804       0.187500
      14       0.709759        0.00000
      15        1.35261        0.00000
      16        1.86427        0.00000
      17        2.65802        0.00000
      18        5.80339        0.00000
      19        7.17486        0.00000
      20        7.62350        0.00000
      21        8.10155        0.00000
      22        8.73175        0.00000
      23        9.01100        0.00000

 10/10 kpoint (Cartesian) = 0.37500 0.64952 0.0000 (19990 pws)
       1       -61.8913       0.187500
       2       -36.0139       0.187500
       3       -35.9393       0.187500
       4       -35.9262       0.187500
       5       -12.2506       0.187500
       6       -12.1867       0.187500
       7       -5.23428       0.187500
       8       -5.20811       0.187500
       9       -4.08395       0.187500
      10       -3.66079       0.187500
      11       -3.63172       0.187500
      12       -3.20693       0.187500
      13      -0.873188       0.187500
      14        1.11682        0.00000
      15        1.22546        0.00000
      16        1.76641        0.00000
      17        2.88147        0.00000
      18        5.72430        0.00000
      19        6.88143        0.00000
      20        8.25305        0.00000
      21        8.50443        0.00000
      22        9.03514        0.00000
      23        9.34622        0.00000



 --------------------------------------------
 !FINAL_ETOT_IS -2425.214037856420 eV
 --------------------------------------------






  |CLASS_NAME---------|NAME---------------|TIME(Sec)-----|CALLS----|AVG------|PER%-------
                                      total         114.03        17       6.7   1.0e+02%
                 Driver         driver_line         114.01         1   1.1e+02    1.e+02%
                   Ions            opt_ions         113.75         1   1.1e+02    1.e+02%
          ESolver_KS_PW                 Run         113.75         1   1.1e+02    1.e+02%
               PW_Basis          recip2real        0.45316       212    0.0021      0.40%
              Potential  update_from_charge         1.2175        30     0.041       1.1%
              Potential           cal_v_eff         1.2114        30     0.040       1.1%
           H_Hartree_pw           v_hartree        0.19029        30    0.0063      0.17%
               PW_Basis          real2recip        0.57533       300    0.0019      0.50%
                  PotXC           cal_v_eff        0.98695        30     0.033      0.87%
          XC_Functional                v_xc        0.97169        30     0.032      0.85%
               Symmetry       rhog_symmetry        0.33419        31     0.011      0.29%
              HSolverPW               solve         111.18        30       3.7       98.%
               Nonlocal              getvnl        0.57677       300    0.0019      0.51%
            pp_cell_vnl              getvnl        0.57643       300    0.0019      0.51%
        DiagoIterAssist      diagH_subspace         18.241       290     0.063       16.%
             OperatorPW                hPsi         84.108     23858    0.0035       74.%
               Operator          EkineticPW        0.92141     23858   3.9e-05      0.81%
               Operator              VeffPW         76.098     23858    0.0032       67.%
             PW_Basis_K          recip2real         50.037     34138    0.0015       44.%
             PW_Basis_K    gathers_scatterp         7.5583     34138   0.00022       6.6%
             PW_Basis_K          real2recip         30.252     30238    0.0010       27.%
             PW_Basis_K    gatherp_scatters         3.6005     30238   0.00012       3.2%
               Operator          NonlocalPW         5.7650     23858   0.00024       5.1%
               Nonlocal     add_nonlocal_pp         3.2533     23858   0.00014       2.9%
        DiagoIterAssist     LAPACK_subspace        0.13272       290   0.00046      0.12%
                DiagoCG           diag_once         85.399       300      0.28       75.%
            ElecStatePW            psiToRho         6.3130        30      0.21       5.5%
                 Charge             mix_rho        0.48249        28     0.017      0.42%
                 Charge        Pulay_mixing        0.47535        28     0.017      0.42%
 ----------------------------------------------------------------------------------------

 NAME---------------|MEMORY(MB)--------
               total          342.2
              Psi_PW          70.67
        ChgMix::Rrho          59.33
       ChgMix::dRrho          56.36
        ChgMix::drho          56.36
           FFT::grid          11.87
       DiagSub::hpsi          7.067
    DiagSub::evctemp          7.067
    Veff<PW>::porter          5.933
   Veff<PW>::porter1          5.933
    Meta<PW>::porter          5.933
       ElecSPW::wfcr          5.933
     ElecSPW::wfcr_a          5.933
            VNL::vkb          5.224
        SF::strucFac          4.882
        PW_B_K::gcar          4.609
            Chg::rho          2.966
       Chg::rho_save          2.966
       Chg::rho_core          2.966
       Pot::veff_fix          2.966
           Pot::veff          2.966
   ChgMix::rho_save2          2.966
           VNL::vkb1          2.765
         PW_B_K::gk2          1.536
            VNL::ylm          1.383
   YlmReal::Ylm_Real          1.383
           Chg::rhog          1.221
      Chg::rhog_save          1.221
      Chg::rhog_core          1.221
 -------------   < 1.0 MB has been ignored ----------------
 ----------------------------------------------------------

 Start  Time  : Sat Dec  2 15:39:21 2023
 Finish Time  : Sat Dec  2 15:41:15 2023
 Total  Time  : 0 h 1 mins 54 secs 
