                                                                                     
                              ABACUS v3.3.2

               Atomic-orbital Based Ab-initio Computation at UStc                    

                     Website: http://abacus.ustc.edu.cn/                             
               Documentation: https://abacus.deepmodeling.com/                       
                  Repository: https://github.com/abacusmodeling/abacus-develop       
                              https://github.com/deepmodeling/abacus-develop         
                      Commit: e39b50e (Fri Aug 18 16:14:25 2023 +0800)

    Start Time is Sat Dec  2 15:47:06 2023
                                                                                     
 ------------------------------------------------------------------------------------

 READING GENERAL INFORMATION
                           global_out_dir = OUT.ABACUS/
                           global_in_card = INPUT
                               pseudo_dir = 
                              orbital_dir = 
                                    DRANK = 1
                                    DSIZE = 1
                                   DCOLOR = 1
                                    GRANK = 1
                                    GSIZE = 1
 The esolver type has been set to : ksdft_pw




 >>>>>>>>>>>>>>>>>>>>>>>>>>>>>>>>>>>>>>>>>>>>>>>>>>>>>>>>>>>>>>>>>>>>>>
 |                                                                    |
 | Reading atom information in unitcell:                              |
 | From the input file and the structure file we know the number of   |
 | different elments in this unitcell, then we list the detail        |
 | information for each element, especially the zeta and polar atomic |
 | orbital number for each element. The total atom number is counted. |
 | We calculate the nearest atom distance for each atom and show the  |
 | Cartesian and Direct coordinates for each atom. We list the file   |
 | address for atomic orbitals. The volume and the lattice vectors    |
 | in real and reciprocal space is also shown.                        |
 |                                                                    |
 <<<<<<<<<<<<<<<<<<<<<<<<<<<<<<<<<<<<<<<<<<<<<<<<<<<<<<<<<<<<<<<<<<<<<<




 READING UNITCELL INFORMATION
                                    ntype = 2
                  lattice constant (Bohr) = 6.01361
              lattice constant (Angstrom) = 3.18226

 READING ATOM TYPE 1
                               atom label = Mo
                      L=0, number of zeta = 1
                      L=1, number of zeta = 1
                      L=2, number of zeta = 1
             number of atom for this type = 1

 READING ATOM TYPE 2
                               atom label = S
                      L=0, number of zeta = 1
                      L=1, number of zeta = 1
                      L=2, number of zeta = 1
             number of atom for this type = 2

                        TOTAL ATOM NUMBER = 3

 CARTESIAN COORDINATES ( UNIT = 6.01361 Bohr ).
         atom                   x                   y                   z                 mag                  vx                  vy                  vz
     tauc_Mo1      0.499999563584      0.288675091973       1.32139445735                   0                   0                   0                   0
      tauc_S1                   0                   0       0.32870660482                   0                   0                   0                   0
      tauc_S2                   0                   0      0.742873879881                   0                   0                   0                   0


                          Volume (Bohr^3) = 295.916832431
                             Volume (A^3) = 43.8502980041

 Lattice vectors: (Cartesian coordinate: in unit of a_0)
                   +1                  +0                  +0
                 -0.5     +0.866025403784                  +0
                   +0                  +0         +1.57120843
 Reciprocal vectors: (Cartesian coordinate: in unit of 2 pi/a_0)
                   +1      +0.57735026919                  -0
                   +0      +1.15470053838                  -0
                   +0                  -0     +0.636452797036




 >>>>>>>>>>>>>>>>>>>>>>>>>>>>>>>>>>>>>>>>>>>>>>>>>>>>>>>>>>>>>>>>>>>>>>
 |                                                                    |
 | Reading pseudopotentials files:                                    |
 | The pseudopotential file is in UPF format. The 'NC' indicates that |
 | the type of pseudopotential is 'norm conserving'. Functional of    |
 | exchange and correlation is decided by 4 given parameters in UPF   |
 | file.  We also read in the 'core correction' if there exists.      |
 | Also we can read the valence electrons number and the maximal      |
 | angular momentum used in this pseudopotential. We also read in the |
 | trail wave function, trail atomic density and local-pseudopotential|
 | on logrithmic grid. The non-local pseudopotential projector is also|
 | read in if there is any.                                           |
 |                                                                    |
 <<<<<<<<<<<<<<<<<<<<<<<<<<<<<<<<<<<<<<<<<<<<<<<<<<<<<<<<<<<<<<<<<<<<<<




                PAO radial cut off (Bohr) = 15

 Read in pseudopotential file is Mo_ONCV_PBE-1.0.upf
                     pseudopotential type = NC
          exchange-correlation functional = PBE
                 nonlocal core correction = 0
                        valence electrons = 14
                                     lmax = 2
                           number of zeta = 0
                     number of projectors = 6
                           L of projector = 0
                           L of projector = 0
                           L of projector = 1
                           L of projector = 1
                           L of projector = 2
                           L of projector = 2
                PAO radial cut off (Bohr) = 15

 Read in pseudopotential file is S_ONCV_PBE-1.0.upf
                     pseudopotential type = NC
          exchange-correlation functional = PBE
                 nonlocal core correction = 0
                        valence electrons = 6
                                     lmax = 1
                           number of zeta = 0
                     number of projectors = 4
                           L of projector = 0
                           L of projector = 0
                           L of projector = 1
                           L of projector = 1
     initial pseudo atomic orbital number = 0
                                   NLOCAL = 27

%%%%%%%%%%%%%%%%%%%%%%%%%%%%%%%%%%%%%%%%%%%%%%%%%%%%%%%%%%%%%%%%%%%%%%%%%%%%%%%%%%%%%%%%%%%%%%%%%%%%%%%%%%
 Warning: the number of valence electrons in pseudopotential > 6 for Mo: [Kr] 4d5 5s1
 Pseudopotentials with additional electrons can yield (more) accurate outcomes, but may be less efficient.
 If you're confident that your chosen pseudopotential is appropriate, you can safely ignore this warning.
%%%%%%%%%%%%%%%%%%%%%%%%%%%%%%%%%%%%%%%%%%%%%%%%%%%%%%%%%%%%%%%%%%%%%%%%%%%%%%%%%%%%%%%%%%%%%%%%%%%%%%%%%%
                  




 >>>>>>>>>>>>>>>>>>>>>>>>>>>>>>>>>>>>>>>>>>>>>>>>>>>>>>>>>>>>>>>>>>>>>>
 |                                                                    |
 | Setup plane waves of charge/potential:                             |
 | Use the energy cutoff and the lattice vectors to generate the      |
 | dimensions of FFT grid. The number of FFT grid on each processor   |
 | is 'nrxx'. The number of plane wave basis in reciprocal space is   |
 | different for charege/potential and wave functions. We also set    |
 | the 'sticks' for the parallel of FFT. The number of plane waves    |
 | is 'npw' in each processor.                                        |
 <<<<<<<<<<<<<<<<<<<<<<<<<<<<<<<<<<<<<<<<<<<<<<<<<<<<<<<<<<<<<<<<<<<<<<





 SETUP THE PLANE WAVE BASIS
 energy cutoff for charge/potential (unit:Ry) = 400
            fft grid for charge/potential = [ 40, 40, 64 ]
                        fft grid division = [ 1, 1, 1 ]
        big fft grid for charge/potential = [ 40, 40, 64 ]
                                     nbxx = 102400
                                     nrxx = 102400

 SETUP PLANE WAVES FOR CHARGE/POTENTIAL
                    number of plane waves = 40015
                         number of sticks = 1003

 PARALLEL PW FOR CHARGE/POTENTIAL
     PROC   COLUMNS(POT)             PW
        1           1003          40015
 --------------- sum -------------------
        1           1003          40015
                            number of |g| = 1871
                                  max |g| = 365.999022294
                                  min |g| = 0

 SETUP THE ELECTRONS NUMBER
            electron number of element Mo = 14
      total electron number of element Mo = 14
             electron number of element S = 6
       total electron number of element S = 12
            AUTOSET number of electrons:  = 26
 DONE : SETUP UNITCELL Time : 0.0495730619878 (SEC)





 >>>>>>>>>>>>>>>>>>>>>>>>>>>>>>>>>>>>>>>>>>>>>>>>>>>>>>>>>>>>>>>>>>>>>>
 |                                                                    |
 | Doing symmetry analysis:                                           |
 | We calculate the norm of 3 vectors and the angles between them,    |
 | the type of Bravais lattice is given. We can judge if the unticell |
 | is a primitive cell. Finally we give the point group operation for |
 | this unitcell. We use the point group operations to do symmetry |
 | analysis on given k-point mesh and the charge density.             |
 |                                                                    |
 <<<<<<<<<<<<<<<<<<<<<<<<<<<<<<<<<<<<<<<<<<<<<<<<<<<<<<<<<<<<<<<<<<<<<<




 LATTICE VECTORS: (CARTESIAN COORDINATE: IN UNIT OF A0)
                   +1                  +0                  +0
                 -0.5     +0.866025403784                  +0
                   +0                  +0         +1.57120843
                       right hand lattice = 1
                                   NORM_A = 1
                                   NORM_B = 1
                                   NORM_C = 1.57120843
                           ALPHA (DEGREE) = 90
                           BETA  (DEGREE) = 90
                           GAMMA (DEGREE) = 120

 The lattice vectors have been changed (STRU_SIMPLE.cif)

(for optimal symmetric configuration:)
                             BRAVAIS TYPE = 4
                     BRAVAIS LATTICE NAME = 04. Hexagonal cell
                                    ibrav = 4
                                    IBRAV = 4
                                  BRAVAIS = HEXAGONAL CELL
                       LATTICE CONSTANT A = 1
                                C/A RATIO = 1.57120843
Original cell was already a primitive cell.
                        ROTATION MATRICES = 24
              PURE POINT GROUP OPERATIONS = 6
                   SPACE GROUP OPERATIONS = 12
                                       C2 = 0
                                       C3 = 2
                                       C4 = 0
                                       C6 = 0
                                       S1 = 3
                                       S3 = 0
                                       S4 = 0
                                       S6 = 0
                              POINT GROUP = C_3v
                                       C2 = 3
                                       C3 = 2
                                       C4 = 0
                                       C6 = 0
                                       S1 = 4
                                       S3 = 2
                                       S4 = 0
                                       S6 = 0
               POINT GROUP IN SPACE GROUP = D_3h
 DONE : SYMMETRY Time : 0.071944674477 (SEC)





 >>>>>>>>>>>>>>>>>>>>>>>>>>>>>>>>>>>>>>>>>>>>>>>>>>>>>>>>>>>>>>>>>>>>>>
 |                                                                    |
 | Setup K-points                                                     |
 | We setup the k-points according to input parameters.               |
 | The reduced k-points are set according to symmetry operations.     |
 | We treat the spin as another set of k-points.                      |
 |                                                                    |
 <<<<<<<<<<<<<<<<<<<<<<<<<<<<<<<<<<<<<<<<<<<<<<<<<<<<<<<<<<<<<<<<<<<<<<





 SETUP K-POINTS
                                    nspin = 1
                   Input type of k points = Monkhorst-Pack(Gamma)
                                   nkstot = 64
                       right hand lattice = 1
(for reciprocal lattice: )
                             BRAVAIS TYPE = 4
                     BRAVAIS LATTICE NAME = 04. Hexagonal cell
                                    ibrav = 4
                       right hand lattice = 1
(for k-lattice: )
                             BRAVAIS TYPE = 4
                     BRAVAIS LATTICE NAME = 04. Hexagonal cell
                                    ibrav = 4
                       right hand lattice = 1
                        ROTATION MATRICES = 24
                               nkstot_ibz = 10
      IBZ             DirectX             DirectY             DirectZ              Weight    ibz2bz
        1                   0                   0                   0            0.015625         0
        2              -0.125               0.125                   0             0.09375         1
        3               -0.25                0.25                   0             0.09375         2
        4              -0.375               0.375                   0             0.09375         3
        5                 0.5                 0.5                   0            0.046875         4
        6               -0.25               0.125                   0             0.09375         9
        7              -0.375                0.25                   0              0.1875        10
        8                 0.5               0.375                   0              0.1875        11
        9                 0.5                0.25                   0             0.09375        18
       10               0.375               0.375                   0             0.09375        19
                               nkstot now = 10

  KPOINTS            DIRECT_X            DIRECT_Y            DIRECT_Z              WEIGHT
        1                   0                   0                   0            0.015625
        2              -0.125               0.125                   0             0.09375
        3               -0.25                0.25                   0             0.09375
        4              -0.375               0.375                   0             0.09375
        5                 0.5                 0.5                   0            0.046875
        6               -0.25               0.125                   0             0.09375
        7              -0.375                0.25                   0              0.1875
        8                 0.5               0.375                   0              0.1875
        9                 0.5                0.25                   0             0.09375
       10               0.375               0.375                   0             0.09375

           k-point number in this process = 10
       minimum distributed K point number = 10

  KPOINTS         CARTESIAN_X         CARTESIAN_Y         CARTESIAN_Z              WEIGHT
        1                   0                   0                   0             0.03125
        2              -0.125     0.0721687836487                   0              0.1875
        3               -0.25      0.144337567297                   0              0.1875
        4              -0.375      0.216506350946                   0              0.1875
        5                 0.5      0.866025403784                   0             0.09375
        6               -0.25                   0                   0              0.1875
        7              -0.375     0.0721687836487                   0               0.375
        8                 0.5      0.721687836487                   0               0.375
        9                 0.5       0.57735026919                   0              0.1875
       10               0.375      0.649519052838                   0              0.1875

  KPOINTS            DIRECT_X            DIRECT_Y            DIRECT_Z              WEIGHT
        1                   0                   0                   0             0.03125
        2              -0.125               0.125                   0              0.1875
        3               -0.25                0.25                   0              0.1875
        4              -0.375               0.375                   0              0.1875
        5                 0.5                 0.5                   0             0.09375
        6               -0.25               0.125                   0              0.1875
        7              -0.375                0.25                   0               0.375
        8                 0.5               0.375                   0               0.375
        9                 0.5                0.25                   0              0.1875
       10               0.375               0.375                   0              0.1875
 DONE : INIT K-POINTS Time : 0.136895231903 (SEC)





 >>>>>>>>>>>>>>>>>>>>>>>>>>>>>>>>>>>>>>>>>>>>>>>>>>>>>>>>>>>>>>>>>>>>>>
 |                                                                    |
 | Setup plane waves of wave functions:                               |
 | Use the energy cutoff and the lattice vectors to generate the      |
 | dimensions of FFT grid. The number of FFT grid on each processor   |
 | is 'nrxx'. The number of plane wave basis in reciprocal space is   |
 | different for charege/potential and wave functions. We also set    |
 | the 'sticks' for the parallel of FFT. The number of plane wave of  |
 | each k-point is 'npwk[ik]' in each processor                       |
 <<<<<<<<<<<<<<<<<<<<<<<<<<<<<<<<<<<<<<<<<<<<<<<<<<<<<<<<<<<<<<<<<<<<<<





 SETUP PLANE WAVES FOR WAVE FUNCTIONS
     energy cutoff for wavefunc (unit:Ry) = 100
              fft grid for wave functions = [ 40, 40, 64 ]
                    number of plane waves = 6741
                         number of sticks = 301

 PARALLEL PW FOR WAVE FUNCTIONS
     PROC   COLUMNS(POT)             PW
        1            301           6741
 --------------- sum -------------------
        1            301           6741
 DONE : INIT PLANEWAVE Time : 0.141224771738 (SEC)

                           occupied bands = 13
                                   NBANDS = 23
                                     npwx = 5071

 Warning_Memory_Consuming allocated:  Psi_PW 17.7967834473 MB

 SETUP NONLOCAL PSEUDOPOTENTIALS IN PLANE WAVE BASIS
 Mo non-local projectors:
 projector 1 L=0
 projector 2 L=0
 projector 3 L=1
 projector 4 L=1
 projector 5 L=2
 projector 6 L=2
 S non-local projectors:
 projector 1 L=0
 projector 2 L=0
 projector 3 L=1
 projector 4 L=1
      TOTAL NUMBER OF NONLOCAL PROJECTORS = 34
 DONE : LOCAL POTENTIAL Time : 0.157006038353 (SEC)


 Init Non-Local PseudoPotential table : 
 Init Non-Local-Pseudopotential done.
 DONE : NON-LOCAL POTENTIAL Time : 0.182808836922 (SEC)


 Make real space PAO into reciprocal space.
       max mesh points in Pseudopotential = 601
     dq(describe PAO in reciprocal space) = 0.01
                                    max q = 1206

 number of pseudo atomic orbitals for Mo is 0

 number of pseudo atomic orbitals for S is 0
 DONE : INIT BASIS Time : 0.182846052572 (SEC)


 -------------------------------------------
 SELF-CONSISTENT
 -------------------------------------------
                                 init_chg = atomic
 DONE : INIT SCF Time : 0.211435 (SEC)


 PW ALGORITHM --------------- ION=   1  ELEC=   1--------------------------------
Average iterative diagonalization steps: 10.3478 ; where current threshold is: 0.01 . 

 Warning_Memory_Consuming allocated:  ChgMix::Rrho 15.625 MB

 Warning_Memory_Consuming allocated:  ChgMix::dRrho 14.8438 MB

 Warning_Memory_Consuming allocated:  ChgMix::drho 14.8438 MB

 Density error is 0.39522861561
                          Error Threshold = 0.01

       Energy                       Rydberg                            eV
       E_KohnSham                -176.945544388                -2407.46763939
         E_Harris                -176.990573006                -2408.08028517
          E_Fermi                +1.10864880237                +15.0839407931

 PW ALGORITHM --------------- ION=   1  ELEC=   2--------------------------------
Average iterative diagonalization steps: 2.58695652174 ; where current threshold is: 0.00152011006004 . 

 Density error is 0.28212486745
                          Error Threshold = 0.00152011006004

       Energy                       Rydberg                            eV
       E_KohnSham                -176.909511652                -2406.97738886
         E_Harris                -176.674588975                -2403.78110186
          E_Fermi                +1.10468383299                +15.0299946171

 PW ALGORITHM --------------- ION=   1  ELEC=   3--------------------------------
Average iterative diagonalization steps: 2.4 ; where current threshold is: 0.00108509564404 . 

 Density error is 0.0531333434174
                          Error Threshold = 0.00108509564404

       Energy                       Rydberg                            eV
       E_KohnSham                -176.943847052                -2407.44454595
         E_Harris                  -176.5839668                -2402.54812392
          E_Fermi                +1.11501159871                +15.1705110786

 PW ALGORITHM --------------- ION=   1  ELEC=   4--------------------------------
Average iterative diagonalization steps: 2.12608695652 ; where current threshold is: 0.000204359013144 . 

 Density error is 0.0307857273697
                          Error Threshold = 0.000204359013144

       Energy                       Rydberg                            eV
       E_KohnSham                -176.940114783                -2407.39376583
         E_Harris                -175.903794817                -2393.29390933
          E_Fermi                +1.12427108938                +15.2964929122

 PW ALGORITHM --------------- ION=   1  ELEC=   5--------------------------------
Average iterative diagonalization steps: 2.15217391304 ; where current threshold is: 0.00011840664373 . 

 Density error is 0.00467926267812
                          Error Threshold = 0.00011840664373

       Energy                       Rydberg                            eV
       E_KohnSham                -176.942940634                -2407.43221349
         E_Harris                -176.324765353                -2399.02150732
          E_Fermi                +1.13771417386                +15.4793954598

 PW ALGORITHM --------------- ION=   1  ELEC=   6--------------------------------
Average iterative diagonalization steps: 2.24782608696 ; where current threshold is: 1.79971641466e-05 . 

 Density error is 0.00334420886691
                          Error Threshold = 1.79971641466e-05

       Energy                       Rydberg                            eV
       E_KohnSham                -176.942027373                -2407.41978795
         E_Harris                -177.062348316                -2409.05683836
          E_Fermi                +1.13701415454                +15.4698712084

 PW ALGORITHM --------------- ION=   1  ELEC=   7--------------------------------
Average iterative diagonalization steps: 2.88695652174 ; where current threshold is: 1.28623417958e-05 . 

 Density error is 0.000693141111294
                          Error Threshold = 1.28623417958e-05

       Energy                       Rydberg                            eV
       E_KohnSham                 -176.94296967                -2407.43260855
         E_Harris                -176.899614572                -2406.84273219
          E_Fermi                +1.13288939427                +15.4137509659

 PW ALGORITHM --------------- ION=   1  ELEC=   8--------------------------------
Average iterative diagonalization steps: 2.20869565217 ; where current threshold is: 2.66592735113e-06 . 

 Density error is 0.000570428820484
                          Error Threshold = 2.66592735113e-06

       Energy                       Rydberg                            eV
       E_KohnSham                -176.943048323                -2407.43367868
         E_Harris                -176.788085987                -2405.32530794
          E_Fermi                +1.13344570732                +15.4213199932

 PW ALGORITHM --------------- ION=   1  ELEC=   9--------------------------------
Average iterative diagonalization steps: 2 ; where current threshold is: 2.19395700186e-06 . 

 Density error is 0.00079521403297
                          Error Threshold = 2.19395700186e-06

       Energy                       Rydberg                            eV
       E_KohnSham                -176.942522322                -2407.42652208
         E_Harris                -176.771028145                -2405.09322409
          E_Fermi                +1.13264884986                +15.4104781912

 PW ALGORITHM --------------- ION=   1  ELEC=  10--------------------------------
Average iterative diagonalization steps: 3.02173913043 ; where current threshold is: 2.19395700186e-06 . 

 Density error is 0.000341238611688
                          Error Threshold = 2.19395700186e-06

       Energy                       Rydberg                            eV
       E_KohnSham                -176.942784911                -2407.43009478
         E_Harris                -176.859955173                -2406.30313837
          E_Fermi                +1.13857680054                 +15.491132098

 PW ALGORITHM --------------- ION=   1  ELEC=  11--------------------------------
Average iterative diagonalization steps: 2 ; where current threshold is: 1.3124561988e-06 . 

 Density error is 3.82076600068e-05
                          Error Threshold = 1.3124561988e-06

       Energy                       Rydberg                            eV
       E_KohnSham                -176.942798201                 -2407.4302756
         E_Harris                -177.062684946                -2409.06141844
          E_Fermi                +1.13686019815                +15.4677765242

 PW ALGORITHM --------------- ION=   1  ELEC=  12--------------------------------
Average iterative diagonalization steps: 2.76956521739 ; where current threshold is: 1.46952538488e-07 . 

 Density error is 2.64392339848e-06
                          Error Threshold = 1.46952538488e-07

       Energy                       Rydberg                            eV
       E_KohnSham                -176.942804936                -2407.43036724
         E_Harris                -176.981496075                -2407.95678718
          E_Fermi                +1.13624620861                 +15.459422768

 PW ALGORITHM --------------- ION=   1  ELEC=  13--------------------------------
Average iterative diagonalization steps: 3.24347826087 ; where current threshold is: 1.0168936148e-08 . 

 Density error is 8.73635108131e-07
                          Error Threshold = 1.0168936148e-08

       Energy                       Rydberg                            eV
       E_KohnSham                -176.942806304                -2407.43038584
         E_Harris                -176.946187148                -2407.47638458
          E_Fermi                +1.13614391031                +15.4580309282

 PW ALGORITHM --------------- ION=   1  ELEC=  14--------------------------------
Average iterative diagonalization steps: 2.65652173913 ; where current threshold is: 3.36013503127e-09 . 

 Density error is 3.64733050184e-06
                          Error Threshold = 3.36013503127e-09

       Energy                       Rydberg                            eV
       E_KohnSham                -176.942805937                -2407.43038085
         E_Harris                -176.935508537                -2407.33109463
          E_Fermi                +1.13605143461                +15.4567727318

 PW ALGORITHM --------------- ION=   1  ELEC=  15--------------------------------
Average iterative diagonalization steps: 2.93913043478 ; where current threshold is: 3.36013503127e-09 . 

 Density error is 2.74275841497e-07
                          Error Threshold = 3.36013503127e-09

       Energy                       Rydberg                            eV
       E_KohnSham                -176.942806505                -2407.43038858
         E_Harris                -176.930408793                -2407.26170905
          E_Fermi                +1.13625008582                +15.4594755201

 PW ALGORITHM --------------- ION=   1  ELEC=  16--------------------------------
Average iterative diagonalization steps: 3.2 ; where current threshold is: 1.05490708268e-09 . 

 Density error is 3.7269861713e-07
                          Error Threshold = 1.05490708268e-09

       Energy                       Rydberg                            eV
       E_KohnSham                -176.942806649                -2407.43039053
         E_Harris                 -176.94028952                -2407.39614325
          E_Fermi                +1.13630063723                +15.4601633073

 PW ALGORITHM --------------- ION=   1  ELEC=  17--------------------------------
Average iterative diagonalization steps: 2.13913043478 ; where current threshold is: 1.05490708268e-09 . 

 Density error is 2.62132710846e-07
                          Error Threshold = 1.05490708268e-09

       Energy                       Rydberg                            eV
       E_KohnSham                -176.942806603                -2407.43038992
         E_Harris                -176.941109628                -2407.40730138
          E_Fermi                +1.13629847008                +15.4601338217

 PW ALGORITHM --------------- ION=   1  ELEC=  18--------------------------------
Average iterative diagonalization steps: 2.28695652174 ; where current threshold is: 1.00820273402e-09 . 

 Density error is 3.29647126385e-08
                          Error Threshold = 1.00820273402e-09

       Energy                       Rydberg                            eV
       E_KohnSham                -176.942806592                -2407.43038976
         E_Harris                -176.941260715                -2407.40935703
          E_Fermi                +1.13630112093                +15.4601698885

 PW ALGORITHM --------------- ION=   1  ELEC=  19--------------------------------
Average iterative diagonalization steps: 3.33043478261 ; where current threshold is: 1.26787356302e-10 . 

 Density error is 2.84260896908e-08
                          Error Threshold = 1.26787356302e-10

       Energy                       Rydberg                            eV
       E_KohnSham                -176.942806611                -2407.43039003
         E_Harris                -176.941876002                -2407.41772844
          E_Fermi                +1.13629289587                +15.4600579807

 PW ALGORITHM --------------- ION=   1  ELEC=  20--------------------------------
Average iterative diagonalization steps: 2.87826086957 ; where current threshold is: 1.09331114196e-10 . 

 Density error is 1.12672302314e-08
                          Error Threshold = 1.09331114196e-10

       Energy                       Rydberg                            eV
       E_KohnSham                -176.942806629                -2407.43039027
         E_Harris                -176.941721372                -2407.41562459
          E_Fermi                +1.13629387253                +15.4600712689

 PW ALGORITHM --------------- ION=   1  ELEC=  21--------------------------------
Average iterative diagonalization steps: 2 ; where current threshold is: 4.33355008902e-11 . 

 Density error is 1.12845552142e-08
                          Error Threshold = 4.33355008902e-11

       Energy                       Rydberg                            eV
       E_KohnSham                 -176.94280663                -2407.43039029
         E_Harris                -176.942013863                -2407.41960413
          E_Fermi                +1.13629401618                +15.4600732233

 PW ALGORITHM --------------- ION=   1  ELEC=  22--------------------------------
Average iterative diagonalization steps: 2.16086956522 ; where current threshold is: 4.33355008902e-11 . 

 Density error is 1.13188639795e-08
                          Error Threshold = 4.33355008902e-11

       Energy                       Rydberg                            eV
       E_KohnSham                -176.942806628                -2407.43039025
         E_Harris                -176.941955239                -2407.41880651
          E_Fermi                +1.13629320251                +15.4600621529

 PW ALGORITHM --------------- ION=   1  ELEC=  23--------------------------------
Average iterative diagonalization steps: 2.02608695652 ; where current threshold is: 4.33355008902e-11 . 

 Density error is 1.2933241651e-09
                          Error Threshold = 4.33355008902e-11

           Energy                       Rydberg                            eV
       E_KohnSham                -176.942806628                -2407.43039025
   E_KS(sigma->0)                -176.942806628                -2407.43039025
         E_Harris                -176.942115045                -2407.42098078
           E_band                -5.36271217513                -72.9634423158
       E_one_elec                -35.8550288821                -487.832694752
        E_Hartree                +31.8312360855                +433.086185146
             E_xc                -25.4473987656                -346.229622491
          E_Ewald                -147.471615066                -2006.45425816
   E_entropy(-TS)                            +0                            +0
          E_descf                            +0                            +0
            E_exx                            +0                            +0
          E_Fermi                +1.13630159915                +15.4601763949

 charge density convergence is achieved
 final etot is -2407.4303903 eV
 EFERMI = 15.460176395 eV

 STATE ENERGY(eV) AND OCCUPATIONS    NSPIN == 1
 1/10 kpoint (Cartesian) = 0.0000 0.0000 0.0000 (5071 pws)
       1       -45.8387      0.0312500
       2       -19.8590      0.0312500
       3       -19.8590      0.0312500
       4       -19.7773      0.0312500
       5       -7.39688      0.0312500
       6        3.35704      0.0312500
       7        5.25653      0.0312500
       8        8.10462      0.0312500
       9        8.10463      0.0312500
      10        12.1792      0.0312500
      11        14.1061      0.0312500
      12        14.1061      0.0312500
      13        14.5020      0.0312500
      14        14.5020        0.00000
      15        18.4032        0.00000
      16        18.4328        0.00000
      17        18.5142        0.00000
      18        18.5142        0.00000
      19        21.4014        0.00000
      20        21.4014        0.00000
      21        21.4759        0.00000
      22        21.9043        0.00000
      23        22.5272        0.00000

 2/10 kpoint (Cartesian) = -0.12500 0.072169 0.0000 (5007 pws)
       1       -45.8333       0.187500
       2       -19.9111       0.187500
       3       -19.8711       0.187500
       4       -19.7675       0.187500
       5       -7.28791       0.187500
       6        3.43879       0.187500
       7        5.35097       0.187500
       8        7.52216       0.187500
       9        7.97731       0.187500
      10        12.5852       0.187500
      11        13.8628       0.187500
      12        14.0688       0.187500
      13        14.1825       0.187500
      14        14.4057        0.00000
      15        17.9790        0.00000
      16        18.3334        0.00000
      17        18.8433        0.00000
      18        19.1173        0.00000
      19        20.5128        0.00000
      20        21.8240        0.00000
      21        21.9655        0.00000
      22        22.0511        0.00000
      23        23.0537        0.00000

 3/10 kpoint (Cartesian) = -0.25000 0.14434 0.0000 (4993 pws)
       1       -45.8204       0.187500
       2       -20.0350       0.187500
       3       -19.9001       0.187500
       4       -19.7438       0.187500
       5       -7.00985       0.187500
       6        3.65530       0.187500
       7        5.20692       0.187500
       8        6.82196       0.187500
       9        7.68751       0.187500
      10        12.7286       0.187500
      11        12.9994       0.187500
      12        13.5736       0.187500
      13        14.1654       0.187500
      14        15.2481        0.00000
      15        17.3525        0.00000
      16        17.9881        0.00000
      17        19.3010        0.00000
      18        19.4376        0.00000
      19        20.7871        0.00000
      20        22.0888        0.00000
      21        22.2295        0.00000
      22        23.2683        0.00000
      23        23.8296        0.00000

 4/10 kpoint (Cartesian) = -0.37500 0.21651 0.0000 (4986 pws)
       1       -45.8075       0.187500
       2       -20.1566       0.187500
       3       -19.9289       0.187500
       4       -19.7200       0.187500
       5       -6.70622       0.187500
       6        3.90674       0.187500
       7        4.48430       0.187500
       8        6.89371       0.187500
       9        7.41969       0.187500
      10        11.9492       0.187500
      11        12.4350       0.187500
      12        13.0935       0.187500
      13        15.0729       0.187500
      14        16.3561        0.00000
      15        17.1316        0.00000
      16        17.8696        0.00000
      17        19.1066        0.00000
      18        19.8537        0.00000
      19        20.2165        0.00000
      20        22.3300        0.00000
      21        22.7632        0.00000
      22        23.3189        0.00000
      23        23.5050        0.00000

 5/10 kpoint (Cartesian) = 0.50000 0.86603 0.0000 (4974 pws)
       1       -45.8021      0.0937500
       2       -20.2063      0.0937500
       3       -19.9408      0.0937500
       4       -19.7101      0.0937500
       5       -6.57130      0.0937500
       6        4.02447      0.0937500
       7        4.12752      0.0937500
       8        7.00142      0.0937500
       9        7.31442      0.0937500
      10        11.5220      0.0937500
      11        12.3366      0.0937500
      12        12.9186      0.0937500
      13        15.4091      0.0937500
      14        16.9641        0.00000
      15        17.1072        0.00000
      16        18.2431        0.00000
      17        19.0690        0.00000
      18        19.8144        0.00000
      19        19.9891        0.00000
      20        22.0304        0.00000
      21        22.3791        0.00000
      22        22.7851        0.00000
      23        23.1014        0.00000

 6/10 kpoint (Cartesian) = -0.25000 0.0000 0.0000 (4999 pws)
       1       -45.8242       0.187500
       2       -19.9932       0.187500
       3       -19.8975       0.187500
       4       -19.7507       0.187500
       5       -7.09387       0.187500
       6        3.58952       0.187500
       7        5.34644       0.187500
       8        6.98173       0.187500
       9        7.64953       0.187500
      10        12.9839       0.187500
      11        13.2806       0.187500
      12        13.6950       0.187500
      13        13.7579       0.187500
      14        15.0838        0.00000
      15        17.5441        0.00000
      16        18.1387        0.00000
      17        19.1723        0.00000
      18        19.7455        0.00000
      19        20.3947        0.00000
      20        21.4644        0.00000
      21        22.2049        0.00000
      22        23.2672        0.00000
      23        23.7885        0.00000

 7/10 kpoint (Cartesian) = -0.37500 0.072169 0.0000 (4990 pws)
       1       -45.8113       0.375000
       2       -20.1032       0.375000
       3       -19.9391       0.375000
       4       -19.7269       0.375000
       5       -6.79952       0.375000
       6        3.83408       0.375000
       7        4.87326       0.375000
       8        6.86011       0.375000
       9        7.17978       0.375000
      10        12.1180       0.375000
      11        12.8900       0.375000
      12        13.3758       0.375000
      13        14.3807       0.375000
      14        16.1351        0.00000
      15        17.1921        0.00000
      16        17.9425        0.00000
      17        19.4825        0.00000
      18        19.4972        0.00000
      19        20.6619        0.00000
      20        22.0054        0.00000
      21        22.3243        0.00000
      22        23.7447        0.00000
      23        24.3656        0.00000

 8/10 kpoint (Cartesian) = 0.50000 0.72169 0.0000 (4995 pws)
       1       -45.8021       0.375000
       2       -20.1793       0.375000
       3       -19.9690       0.375000
       4       -19.7101       0.375000
       5       -6.57434       0.375000
       6        4.03699       0.375000
       7        4.35797       0.375000
       8        6.73821       0.375000
       9        7.12830       0.375000
      10        11.3230       0.375000
      11        12.7759       0.375000
      12        13.1722       0.375000
      13        15.2702       0.375000
      14        16.6538        0.00000
      15        17.0153        0.00000
      16        18.3686        0.00000
      17        19.3754        0.00000
      18        19.6669        0.00000
      19        20.0996        0.00000
      20        21.4221        0.00000
      21        22.3809        0.00000
      22        23.6672        0.00000
      23        24.0282        0.00000

 9/10 kpoint (Cartesian) = 0.50000 0.57735 0.0000 (4996 pws)
       1       -45.8021       0.187500
       2       -20.1416       0.187500
       3       -20.0078       0.187500
       4       -19.7101       0.187500
       5       -6.57737       0.187500
       6        4.04962       0.187500
       7        4.68778       0.187500
       8        6.23064       0.187500
       9        7.11620       0.187500
      10        11.1644       0.187500
      11        13.3475       0.187500
      12        13.3898       0.187500
      13        14.8276       0.187500
      14        16.5210        0.00000
      15        16.9253        0.00000
      16        18.4700        0.00000
      17        19.4094        0.00000
      18        19.5871        0.00000
      19        20.4679        0.00000
      20        21.9144        0.00000
      21        22.3863        0.00000
      22        22.8822        0.00000
      23        24.7447        0.00000

 10/10 kpoint (Cartesian) = 0.37500 0.64952 0.0000 (5002 pws)
       1       -45.7983       0.187500
       2       -20.1448       0.187500
       3       -20.0488       0.187500
       4       -19.7031       0.187500
       5       -6.48146       0.187500
       6        4.15337       0.187500
       7        4.71693       0.187500
       8        5.74504       0.187500
       9        7.20852       0.187500
      10        10.7691       0.187500
      11        13.4371       0.187500
      12        13.5566       0.187500
      13        15.4602       0.187500
      14        16.1985        0.00000
      15        16.7538        0.00000
      16        18.9317        0.00000
      17        19.2680        0.00000
      18        19.3834        0.00000
      19        20.0533        0.00000
      20        21.9072        0.00000
      21        22.4037        0.00000
      22        24.0125        0.00000
      23        24.4020        0.00000



 --------------------------------------------
 !FINAL_ETOT_IS -2407.430390253013 eV
 --------------------------------------------






  |CLASS_NAME---------|NAME---------------|TIME(Sec)-----|CALLS----|AVG------|PER%-------
                                      total         27.201        17       1.6   1.0e+02%
                 Driver         driver_line         27.185         1       27.    1.e+02%
                   Ions            opt_ions         27.010         1       27.       99.%
          ESolver_KS_PW                 Run         27.010         1       27.       99.%
              Potential  update_from_charge        0.27468        24     0.011       1.0%
              Potential           cal_v_eff        0.27330        24     0.011       1.0%
               PW_Basis          real2recip        0.10703       237   0.00045      0.39%
                  PotXC           cal_v_eff        0.22809        24    0.0095      0.84%
          XC_Functional                v_xc        0.22505        24    0.0094      0.83%
              HSolverPW               solve         26.462        23       1.2       97.%
               Nonlocal              getvnl        0.12464       230   0.00054      0.46%
            pp_cell_vnl              getvnl        0.12449       230   0.00054      0.46%
        DiagoIterAssist      diagH_subspace         3.8012       230     0.017       14.%
             OperatorPW                hPsi         16.121     15320    0.0011       59.%
               Operator          EkineticPW        0.19337     15320   1.3e-05      0.71%
               Operator              VeffPW         13.710     15320   0.00089       50.%
             PW_Basis_K          recip2real         9.3371     23370   0.00040       34.%
             PW_Basis_K    gathers_scatterp        0.86498     23370   3.7e-05       3.2%
             PW_Basis_K          real2recip         5.3803     20380   0.00026       20.%
             PW_Basis_K    gatherp_scatters         1.6830     20380   8.3e-05       6.2%
               Operator          NonlocalPW         1.7073     15320   0.00011       6.3%
               Nonlocal     add_nonlocal_pp        0.55764     15320   3.6e-05       2.1%
                DiagoCG           diag_once         21.109       230     0.092       78.%
            ElecStatePW            psiToRho         1.2589        23     0.055       4.6%
 ----------------------------------------------------------------------------------------

 NAME---------------|MEMORY(MB)--------
               total          89.16
              Psi_PW          17.80
        ChgMix::Rrho          15.62
       ChgMix::dRrho          14.84
        ChgMix::drho          14.84
           FFT::grid          3.125
       DiagSub::hpsi          1.780
    DiagSub::evctemp          1.780
    Veff<PW>::porter          1.562
   Veff<PW>::porter1          1.562
    Meta<PW>::porter          1.562
       ElecSPW::wfcr          1.562
     ElecSPW::wfcr_a          1.562
            VNL::vkb          1.315
        SF::strucFac          1.221
        PW_B_K::gcar          1.161
 -------------   < 1.0 MB has been ignored ----------------
 ----------------------------------------------------------

 Start  Time  : Sat Dec  2 15:47:06 2023
 Finish Time  : Sat Dec  2 15:47:33 2023
 Total  Time  : 0 h 0 mins 27 secs 
