                                                                                     
                              ABACUS v3.3.2

               Atomic-orbital Based Ab-initio Computation at UStc                    

                     Website: http://abacus.ustc.edu.cn/                             
               Documentation: https://abacus.deepmodeling.com/                       
                  Repository: https://github.com/abacusmodeling/abacus-develop       
                              https://github.com/deepmodeling/abacus-develop         
                      Commit: e39b50e (Fri Aug 18 16:14:25 2023 +0800)

    Start Time is Sat Dec  2 15:39:21 2023
                                                                                     
 ------------------------------------------------------------------------------------

 READING GENERAL INFORMATION
                           global_out_dir = OUT.ABACUS/
                           global_in_card = INPUT
                               pseudo_dir = 
                              orbital_dir = 
                                    DRANK = 1
                                    DSIZE = 1
                                   DCOLOR = 1
                                    GRANK = 1
                                    GSIZE = 1
 The esolver type has been set to : ksdft_pw




 >>>>>>>>>>>>>>>>>>>>>>>>>>>>>>>>>>>>>>>>>>>>>>>>>>>>>>>>>>>>>>>>>>>>>>
 |                                                                    |
 | Reading atom information in unitcell:                              |
 | From the input file and the structure file we know the number of   |
 | different elments in this unitcell, then we list the detail        |
 | information for each element, especially the zeta and polar atomic |
 | orbital number for each element. The total atom number is counted. |
 | We calculate the nearest atom distance for each atom and show the  |
 | Cartesian and Direct coordinates for each atom. We list the file   |
 | address for atomic orbitals. The volume and the lattice vectors    |
 | in real and reciprocal space is also shown.                        |
 |                                                                    |
 <<<<<<<<<<<<<<<<<<<<<<<<<<<<<<<<<<<<<<<<<<<<<<<<<<<<<<<<<<<<<<<<<<<<<<




 READING UNITCELL INFORMATION
                                    ntype = 2
                  lattice constant (Bohr) = 6.01361
              lattice constant (Angstrom) = 3.18226

 READING ATOM TYPE 1
                               atom label = Mo
                      L=0, number of zeta = 1
                      L=1, number of zeta = 1
                      L=2, number of zeta = 1
             number of atom for this type = 1

 READING ATOM TYPE 2
                               atom label = S
                      L=0, number of zeta = 1
                      L=1, number of zeta = 1
                      L=2, number of zeta = 1
             number of atom for this type = 2

                        TOTAL ATOM NUMBER = 3

 CARTESIAN COORDINATES ( UNIT = 6.01361 Bohr ).
         atom                   x                   y                   z                 mag                  vx                  vy                  vz
     tauc_Mo1      0.499999563584      0.288675091973       2.89260288735                   0                   0                   0                   0
      tauc_S1                   0                   0       3.47112346482                   0                   0                   0                   0
      tauc_S2                   0                   0       2.31408230988                   0                   0                   0                   0


                          Volume (Bohr^3) = 1124.48396437
                             Volume (A^3) = 166.631132583

 Lattice vectors: (Cartesian coordinate: in unit of a_0)
                   +1                  +0                  +0
                 -0.5     +0.866025403784                  +0
                   +0                  +0         +5.97059204
 Reciprocal vectors: (Cartesian coordinate: in unit of 2 pi/a_0)
                   +1      +0.57735026919                  -0
                   +0      +1.15470053838                  -0
                   +0                  -0     +0.167487577999




 >>>>>>>>>>>>>>>>>>>>>>>>>>>>>>>>>>>>>>>>>>>>>>>>>>>>>>>>>>>>>>>>>>>>>>
 |                                                                    |
 | Reading pseudopotentials files:                                    |
 | The pseudopotential file is in UPF format. The 'NC' indicates that |
 | the type of pseudopotential is 'norm conserving'. Functional of    |
 | exchange and correlation is decided by 4 given parameters in UPF   |
 | file.  We also read in the 'core correction' if there exists.      |
 | Also we can read the valence electrons number and the maximal      |
 | angular momentum used in this pseudopotential. We also read in the |
 | trail wave function, trail atomic density and local-pseudopotential|
 | on logrithmic grid. The non-local pseudopotential projector is also|
 | read in if there is any.                                           |
 |                                                                    |
 <<<<<<<<<<<<<<<<<<<<<<<<<<<<<<<<<<<<<<<<<<<<<<<<<<<<<<<<<<<<<<<<<<<<<<




                PAO radial cut off (Bohr) = 15

 Read in pseudopotential file is Mo_ONCV_PBE-1.0.upf
                     pseudopotential type = NC
          exchange-correlation functional = PBE
                 nonlocal core correction = 0
                        valence electrons = 14
                                     lmax = 2
                           number of zeta = 0
                     number of projectors = 6
                           L of projector = 0
                           L of projector = 0
                           L of projector = 1
                           L of projector = 1
                           L of projector = 2
                           L of projector = 2
                PAO radial cut off (Bohr) = 15

 Read in pseudopotential file is S_ONCV_PBE-1.0.upf
                     pseudopotential type = NC
          exchange-correlation functional = PBE
                 nonlocal core correction = 0
                        valence electrons = 6
                                     lmax = 1
                           number of zeta = 0
                     number of projectors = 4
                           L of projector = 0
                           L of projector = 0
                           L of projector = 1
                           L of projector = 1
     initial pseudo atomic orbital number = 0
                                   NLOCAL = 27

%%%%%%%%%%%%%%%%%%%%%%%%%%%%%%%%%%%%%%%%%%%%%%%%%%%%%%%%%%%%%%%%%%%%%%%%%%%%%%%%%%%%%%%%%%%%%%%%%%%%%%%%%%
 Warning: the number of valence electrons in pseudopotential > 6 for Mo: [Kr] 4d5 5s1
 Pseudopotentials with additional electrons can yield (more) accurate outcomes, but may be less efficient.
 If you're confident that your chosen pseudopotential is appropriate, you can safely ignore this warning.
%%%%%%%%%%%%%%%%%%%%%%%%%%%%%%%%%%%%%%%%%%%%%%%%%%%%%%%%%%%%%%%%%%%%%%%%%%%%%%%%%%%%%%%%%%%%%%%%%%%%%%%%%%
                  

 Warning_Memory_Consuming allocated:  FFT::grid 11.71875 MB




 >>>>>>>>>>>>>>>>>>>>>>>>>>>>>>>>>>>>>>>>>>>>>>>>>>>>>>>>>>>>>>>>>>>>>>
 |                                                                    |
 | Setup plane waves of charge/potential:                             |
 | Use the energy cutoff and the lattice vectors to generate the      |
 | dimensions of FFT grid. The number of FFT grid on each processor   |
 | is 'nrxx'. The number of plane wave basis in reciprocal space is   |
 | different for charege/potential and wave functions. We also set    |
 | the 'sticks' for the parallel of FFT. The number of plane waves    |
 | is 'npw' in each processor.                                        |
 <<<<<<<<<<<<<<<<<<<<<<<<<<<<<<<<<<<<<<<<<<<<<<<<<<<<<<<<<<<<<<<<<<<<<<





 SETUP THE PLANE WAVE BASIS
 energy cutoff for charge/potential (unit:Ry) = 400
            fft grid for charge/potential = [ 40, 40, 240 ]
                        fft grid division = [ 1, 1, 1 ]
        big fft grid for charge/potential = [ 40, 40, 240 ]
                                     nbxx = 384000
                                     nrxx = 384000

 SETUP PLANE WAVES FOR CHARGE/POTENTIAL
                    number of plane waves = 151795
                         number of sticks = 1003

 PARALLEL PW FOR CHARGE/POTENTIAL
     PROC   COLUMNS(POT)             PW
        1           1003         151795
 --------------- sum -------------------
        1           1003         151795
                            number of |g| = 6975
                                  max |g| = 366.320852956
                                  min |g| = 0

 SETUP THE ELECTRONS NUMBER
            electron number of element Mo = 14
      total electron number of element Mo = 14
             electron number of element S = 6
       total electron number of element S = 12
            AUTOSET number of electrons:  = 26
 DONE : SETUP UNITCELL Time : 0.0763108115643 (SEC)





 >>>>>>>>>>>>>>>>>>>>>>>>>>>>>>>>>>>>>>>>>>>>>>>>>>>>>>>>>>>>>>>>>>>>>>
 |                                                                    |
 | Doing symmetry analysis:                                           |
 | We calculate the norm of 3 vectors and the angles between them,    |
 | the type of Bravais lattice is given. We can judge if the unticell |
 | is a primitive cell. Finally we give the point group operation for |
 | this unitcell. We use the point group operations to do symmetry |
 | analysis on given k-point mesh and the charge density.             |
 |                                                                    |
 <<<<<<<<<<<<<<<<<<<<<<<<<<<<<<<<<<<<<<<<<<<<<<<<<<<<<<<<<<<<<<<<<<<<<<




 LATTICE VECTORS: (CARTESIAN COORDINATE: IN UNIT OF A0)
                   +1                  +0                  +0
                 -0.5     +0.866025403784                  +0
                   +0                  +0         +5.97059204
                       right hand lattice = 1
                                   NORM_A = 1
                                   NORM_B = 1
                                   NORM_C = 5.97059204
                           ALPHA (DEGREE) = 90
                           BETA  (DEGREE) = 90
                           GAMMA (DEGREE) = 120

 The lattice vectors have been changed (STRU_SIMPLE.cif)

(for optimal symmetric configuration:)
                             BRAVAIS TYPE = 4
                     BRAVAIS LATTICE NAME = 04. Hexagonal cell
                                    ibrav = 4
                                    IBRAV = 4
                                  BRAVAIS = HEXAGONAL CELL
                       LATTICE CONSTANT A = 1
                                C/A RATIO = 5.97059204
Original cell was already a primitive cell.
                        ROTATION MATRICES = 24
              PURE POINT GROUP OPERATIONS = 6
                   SPACE GROUP OPERATIONS = 12
                                       C2 = 0
                                       C3 = 2
                                       C4 = 0
                                       C6 = 0
                                       S1 = 3
                                       S3 = 0
                                       S4 = 0
                                       S6 = 0
                              POINT GROUP = C_3v
                                       C2 = 3
                                       C3 = 2
                                       C4 = 0
                                       C6 = 0
                                       S1 = 4
                                       S3 = 2
                                       S4 = 0
                                       S6 = 0
               POINT GROUP IN SPACE GROUP = D_3h
 DONE : SYMMETRY Time : 0.09855363518 (SEC)





 >>>>>>>>>>>>>>>>>>>>>>>>>>>>>>>>>>>>>>>>>>>>>>>>>>>>>>>>>>>>>>>>>>>>>>
 |                                                                    |
 | Setup K-points                                                     |
 | We setup the k-points according to input parameters.               |
 | The reduced k-points are set according to symmetry operations.     |
 | We treat the spin as another set of k-points.                      |
 |                                                                    |
 <<<<<<<<<<<<<<<<<<<<<<<<<<<<<<<<<<<<<<<<<<<<<<<<<<<<<<<<<<<<<<<<<<<<<<





 SETUP K-POINTS
                                    nspin = 1
                   Input type of k points = Monkhorst-Pack(Gamma)
                                   nkstot = 64
                       right hand lattice = 1
(for reciprocal lattice: )
                             BRAVAIS TYPE = 4
                     BRAVAIS LATTICE NAME = 04. Hexagonal cell
                                    ibrav = 4
                       right hand lattice = 1
(for k-lattice: )
                             BRAVAIS TYPE = 4
                     BRAVAIS LATTICE NAME = 04. Hexagonal cell
                                    ibrav = 4
                       right hand lattice = 1
                        ROTATION MATRICES = 24
                               nkstot_ibz = 10
      IBZ             DirectX             DirectY             DirectZ              Weight    ibz2bz
        1                   0                   0                   0            0.015625         0
        2              -0.125               0.125                   0             0.09375         1
        3               -0.25                0.25                   0             0.09375         2
        4              -0.375               0.375                   0             0.09375         3
        5                 0.5                 0.5                   0            0.046875         4
        6               -0.25               0.125                   0             0.09375         9
        7              -0.375                0.25                   0              0.1875        10
        8                 0.5               0.375                   0              0.1875        11
        9                 0.5                0.25                   0             0.09375        18
       10               0.375               0.375                   0             0.09375        19
                               nkstot now = 10

  KPOINTS            DIRECT_X            DIRECT_Y            DIRECT_Z              WEIGHT
        1                   0                   0                   0            0.015625
        2              -0.125               0.125                   0             0.09375
        3               -0.25                0.25                   0             0.09375
        4              -0.375               0.375                   0             0.09375
        5                 0.5                 0.5                   0            0.046875
        6               -0.25               0.125                   0             0.09375
        7              -0.375                0.25                   0              0.1875
        8                 0.5               0.375                   0              0.1875
        9                 0.5                0.25                   0             0.09375
       10               0.375               0.375                   0             0.09375

           k-point number in this process = 10
       minimum distributed K point number = 10

  KPOINTS         CARTESIAN_X         CARTESIAN_Y         CARTESIAN_Z              WEIGHT
        1                   0                   0                   0             0.03125
        2              -0.125     0.0721687836487                   0              0.1875
        3               -0.25      0.144337567297                   0              0.1875
        4              -0.375      0.216506350946                   0              0.1875
        5                 0.5      0.866025403784                   0             0.09375
        6               -0.25                   0                   0              0.1875
        7              -0.375     0.0721687836487                   0               0.375
        8                 0.5      0.721687836487                   0               0.375
        9                 0.5       0.57735026919                   0              0.1875
       10               0.375      0.649519052838                   0              0.1875

  KPOINTS            DIRECT_X            DIRECT_Y            DIRECT_Z              WEIGHT
        1                   0                   0                   0             0.03125
        2              -0.125               0.125                   0              0.1875
        3               -0.25                0.25                   0              0.1875
        4              -0.375               0.375                   0              0.1875
        5                 0.5                 0.5                   0             0.09375
        6               -0.25               0.125                   0              0.1875
        7              -0.375                0.25                   0               0.375
        8                 0.5               0.375                   0               0.375
        9                 0.5                0.25                   0              0.1875
       10               0.375               0.375                   0              0.1875
 DONE : INIT K-POINTS Time : 0.16346195899 (SEC)





 >>>>>>>>>>>>>>>>>>>>>>>>>>>>>>>>>>>>>>>>>>>>>>>>>>>>>>>>>>>>>>>>>>>>>>
 |                                                                    |
 | Setup plane waves of wave functions:                               |
 | Use the energy cutoff and the lattice vectors to generate the      |
 | dimensions of FFT grid. The number of FFT grid on each processor   |
 | is 'nrxx'. The number of plane wave basis in reciprocal space is   |
 | different for charege/potential and wave functions. We also set    |
 | the 'sticks' for the parallel of FFT. The number of plane wave of  |
 | each k-point is 'npwk[ik]' in each processor                       |
 <<<<<<<<<<<<<<<<<<<<<<<<<<<<<<<<<<<<<<<<<<<<<<<<<<<<<<<<<<<<<<<<<<<<<<





 SETUP PLANE WAVES FOR WAVE FUNCTIONS
     energy cutoff for wavefunc (unit:Ry) = 100
              fft grid for wave functions = [ 40, 40, 240 ]
                    number of plane waves = 25615
                         number of sticks = 301

 PARALLEL PW FOR WAVE FUNCTIONS
     PROC   COLUMNS(POT)             PW
        1            301          25615
 --------------- sum -------------------
        1            301          25615
 DONE : INIT PLANEWAVE Time : 0.176908059046 (SEC)

                           occupied bands = 13
                                   NBANDS = 23
                                     npwx = 19075

 Warning_Memory_Consuming allocated:  Psi_PW 66.9441223145 MB

 SETUP NONLOCAL PSEUDOPOTENTIALS IN PLANE WAVE BASIS
 Mo non-local projectors:
 projector 1 L=0
 projector 2 L=0
 projector 3 L=1
 projector 4 L=1
 projector 5 L=2
 projector 6 L=2
 S non-local projectors:
 projector 1 L=0
 projector 2 L=0
 projector 3 L=1
 projector 4 L=1
      TOTAL NUMBER OF NONLOCAL PROJECTORS = 34
 DONE : LOCAL POTENTIAL Time : 0.211525326595 (SEC)


 Init Non-Local PseudoPotential table : 
 Init Non-Local-Pseudopotential done.
 DONE : NON-LOCAL POTENTIAL Time : 0.238053094596 (SEC)


 Make real space PAO into reciprocal space.
       max mesh points in Pseudopotential = 601
     dq(describe PAO in reciprocal space) = 0.01
                                    max q = 1206

 number of pseudo atomic orbitals for Mo is 0

 number of pseudo atomic orbitals for S is 0
 DONE : INIT BASIS Time : 0.238162739202 (SEC)


 -------------------------------------------
 SELF-CONSISTENT
 -------------------------------------------

 Warning_Memory_Consuming allocated:  Veff<PW>::porter 5.859375 MB

 Warning_Memory_Consuming allocated:  Veff<PW>::porter1 5.859375 MB

 Warning_Memory_Consuming allocated:  Meta<PW>::porter 5.859375 MB
                                 init_chg = atomic
 DONE : INIT SCF Time : 0.320318 (SEC)


 PW ALGORITHM --------------- ION=   1  ELEC=   1--------------------------------

 Warning_Memory_Consuming allocated:  DiagSub::hpsi 6.69441 MB

 Warning_Memory_Consuming allocated:  DiagSub::evctemp 6.69441 MB
Average iterative diagonalization steps: 10.4913 ; where current threshold is: 0.01 . 

 Warning_Memory_Consuming allocated:  ElecSPW::wfcr 5.85938 MB

 Warning_Memory_Consuming allocated:  ElecSPW::wfcr_a 5.85938 MB

 Warning_Memory_Consuming allocated:  ChgMix::Rrho 58.5938 MB

 Warning_Memory_Consuming allocated:  ChgMix::dRrho 55.6641 MB

 Warning_Memory_Consuming allocated:  ChgMix::drho 55.6641 MB

 Density error is 0.26313233683
                          Error Threshold = 0.01

       Energy                       Rydberg                            eV
       E_KohnSham                -178.165961594                -2424.07226732
         E_Harris                -178.198515206                -2424.51518195
          E_Fermi              -0.0545128599248               -0.741685509253

 PW ALGORITHM --------------- ION=   1  ELEC=   2--------------------------------
Average iterative diagonalization steps: 3.55217391304 ; where current threshold is: 0.00101204744935 . 

 Density error is 0.062551845297
                          Error Threshold = 0.00101204744935

       Energy                       Rydberg                            eV
       E_KohnSham                -178.248984956                -2425.20185811
         E_Harris                -184.981747699                 -2516.8057947
          E_Fermi              -0.0749240455915                -1.01939393726

 PW ALGORITHM --------------- ION=   1  ELEC=   3--------------------------------
Average iterative diagonalization steps: 2.77391304348 ; where current threshold is: 0.000240584020373 . 

 Density error is 0.0350762733378
                          Error Threshold = 0.000240584020373

       Energy                       Rydberg                            eV
       E_KohnSham                -178.246144132                -2425.16320673
         E_Harris                -177.614258341                -2416.56595948
          E_Fermi              -0.0820283879455                -1.11605347381

 PW ALGORITHM --------------- ION=   1  ELEC=   4--------------------------------
Average iterative diagonalization steps: 2.98260869565 ; where current threshold is: 0.000134908743607 . 

 Density error is 0.0154948444509
                          Error Threshold = 0.000134908743607

       Energy                       Rydberg                            eV
       E_KohnSham                -178.248580975                -2425.19636168
         E_Harris                 -175.26915962                 -2384.6592545
          E_Fermi              -0.0816700017403                -1.11117737934

 PW ALGORITHM --------------- ION=   1  ELEC=   5--------------------------------
Average iterative diagonalization steps: 2.53913043478 ; where current threshold is: 5.95955555806e-05 . 

 Density error is 0.00207178758488
                          Error Threshold = 5.95955555806e-05

       Energy                       Rydberg                            eV
       E_KohnSham                -178.249848737                -2425.21361046
         E_Harris                -175.124231013                -2382.68739964
          E_Fermi              -0.0717515345432               -0.976229710031

 PW ALGORITHM --------------- ION=   1  ELEC=   6--------------------------------
Average iterative diagonalization steps: 3.85217391304 ; where current threshold is: 7.96841378801e-06 . 

 Density error is 0.00401676096117
                          Error Threshold = 7.96841378801e-06

       Energy                       Rydberg                            eV
       E_KohnSham                -178.248756549                -2425.19875048
         E_Harris                -177.183809311                -2410.70939997
          E_Fermi              -0.0645104087472               -0.877709139271

 PW ALGORITHM --------------- ION=   1  ELEC=   7--------------------------------
Average iterative diagonalization steps: 4.12608695652 ; where current threshold is: 7.96841378801e-06 . 

 Density error is 0.00630423387003
                          Error Threshold = 7.96841378801e-06

       Energy                       Rydberg                            eV
       E_KohnSham                -178.249029895                -2425.20246955
         E_Harris                -178.653850299                -2430.71033371
          E_Fermi              -0.0669929511125               -0.911485860965

 PW ALGORITHM --------------- ION=   1  ELEC=   8--------------------------------
Average iterative diagonalization steps: 3.35217391304 ; where current threshold is: 7.96841378801e-06 . 

 Density error is 0.000754845108793
                          Error Threshold = 7.96841378801e-06

       Energy                       Rydberg                            eV
       E_KohnSham                -178.249952578                -2425.21502329
         E_Harris                -176.158001743                -2396.75257199
          E_Fermi              -0.0627445080578               -0.853682827793

 PW ALGORITHM --------------- ION=   1  ELEC=   9--------------------------------
Average iterative diagonalization steps: 2.24782608696 ; where current threshold is: 2.90325041843e-06 . 

 Density error is 0.000678751430618
                          Error Threshold = 2.90325041843e-06

       Energy                       Rydberg                            eV
       E_KohnSham                -178.249976277                -2425.21534573
         E_Harris                -178.046850278                -2422.45167474
          E_Fermi              -0.0627325879877               -0.853520646918

 PW ALGORITHM --------------- ION=   1  ELEC=  10--------------------------------
Average iterative diagonalization steps: 2.19565217391 ; where current threshold is: 2.61058242545e-06 . 

 Density error is 0.000870257640966
                          Error Threshold = 2.61058242545e-06

       Energy                       Rydberg                            eV
       E_KohnSham                -178.249845548                -2425.21356708
         E_Harris                -178.032273024                -2422.25334101
          E_Fermi              -0.0616683384504               -0.839040789118

 PW ALGORITHM --------------- ION=   1  ELEC=  11--------------------------------
Average iterative diagonalization steps: 3.06086956522 ; where current threshold is: 2.61058242545e-06 . 

 Density error is 0.000251794922803
                          Error Threshold = 2.61058242545e-06

       Energy                       Rydberg                            eV
       E_KohnSham                -178.249886036                -2425.21411795
         E_Harris                -178.204098173                 -2424.5911421
          E_Fermi              -0.0597382865268               -0.812781085521

 PW ALGORITHM --------------- ION=   1  ELEC=  12--------------------------------
Average iterative diagonalization steps: 2.17391304348 ; where current threshold is: 9.6844201078e-07 . 

 Density error is 0.000315094704872
                          Error Threshold = 9.6844201078e-07

       Energy                       Rydberg                            eV
       E_KohnSham                 -178.24989224                -2425.21420235
         E_Harris                -177.928111937                -2420.83615673
          E_Fermi              -0.0592210279248               -0.805743421194

 PW ALGORITHM --------------- ION=   1  ELEC=  13--------------------------------
Average iterative diagonalization steps: 2.8347826087 ; where current threshold is: 9.6844201078e-07 . 

 Density error is 0.00041956153727
                          Error Threshold = 9.6844201078e-07

       Energy                       Rydberg                            eV
       E_KohnSham                -178.249889406                -2425.21416379
         E_Harris                -178.032761092                -2422.25998153
          E_Fermi              -0.0574672632288               -0.781882228378

 PW ALGORITHM --------------- ION=   1  ELEC=  14--------------------------------
Average iterative diagonalization steps: 3.2 ; where current threshold is: 9.6844201078e-07 . 

 Density error is 0.000506506695015
                          Error Threshold = 9.6844201078e-07

       Energy                       Rydberg                            eV
       E_KohnSham                -178.249884915                -2425.21410269
         E_Harris                -178.188767529                -2424.38255799
          E_Fermi              -0.0552460846535               -0.751661543477

 PW ALGORITHM --------------- ION=   1  ELEC=  15--------------------------------
Average iterative diagonalization steps: 2.16086956522 ; where current threshold is: 9.6844201078e-07 . 

 Density error is 0.000414645923283
                          Error Threshold = 9.6844201078e-07

       Energy                       Rydberg                            eV
       E_KohnSham                -178.249894064                -2425.21422716
         E_Harris                -178.266412559                -2425.43897283
          E_Fermi              -0.0554631054324               -0.754614262655

 PW ALGORITHM --------------- ION=   1  ELEC=  16--------------------------------
Average iterative diagonalization steps: 2.12608695652 ; where current threshold is: 9.6844201078e-07 . 

 Density error is 0.00048272638426
                          Error Threshold = 9.6844201078e-07

       Energy                       Rydberg                            eV
       E_KohnSham                -178.249919035                -2425.21456692
         E_Harris                -178.241109008                -2425.09470034
          E_Fermi              -0.0543993422127               -0.740141021545

 PW ALGORITHM --------------- ION=   1  ELEC=  17--------------------------------
Average iterative diagonalization steps: 2.61739130435 ; where current threshold is: 9.6844201078e-07 . 

 Density error is 0.000667396952315
                          Error Threshold = 9.6844201078e-07

       Energy                       Rydberg                            eV
       E_KohnSham                 -178.24992322                -2425.21462386
         E_Harris                -178.342092679                -2426.46865368
          E_Fermi               -0.052179005701               -0.709931793508

 PW ALGORITHM --------------- ION=   1  ELEC=  18--------------------------------
Average iterative diagonalization steps: 2 ; where current threshold is: 9.6844201078e-07 . 

 Density error is 0.000672928599737
                          Error Threshold = 9.6844201078e-07

       Energy                       Rydberg                            eV
       E_KohnSham                -178.249930338                 -2425.2147207
         E_Harris                -178.433107066                -2427.70696795
          E_Fermi              -0.0521641520807               -0.709729699636

 PW ALGORITHM --------------- ION=   1  ELEC=  19--------------------------------
Average iterative diagonalization steps: 2 ; where current threshold is: 9.6844201078e-07 . 

 Density error is 0.000730972164039
                          Error Threshold = 9.6844201078e-07

       Energy                       Rydberg                            eV
       E_KohnSham                -178.249980735                -2425.21540639
         E_Harris                -178.440136141                -2427.80260341
          E_Fermi              -0.0518350110513                -0.70525150619

 PW ALGORITHM --------------- ION=   1  ELEC=  20--------------------------------
Average iterative diagonalization steps: 2.25217391304 ; where current threshold is: 9.6844201078e-07 . 

 Density error is 0.00107233166714
                          Error Threshold = 9.6844201078e-07

       Energy                       Rydberg                            eV
       E_KohnSham                -178.249990136                 -2425.2155343
         E_Harris                -178.503068332                 -2428.6588398
          E_Fermi              -0.0502508728983               -0.683698200891

 PW ALGORITHM --------------- ION=   1  ELEC=  21--------------------------------
Average iterative diagonalization steps: 2 ; where current threshold is: 9.6844201078e-07 . 

 Density error is 0.00112093853365
                          Error Threshold = 9.6844201078e-07

       Energy                       Rydberg                            eV
       E_KohnSham                -178.249998486                -2425.21564789
         E_Harris                -178.615025371                -2430.18209345
          E_Fermi              -0.0501505796203               -0.682333640838

 PW ALGORITHM --------------- ION=   1  ELEC=  22--------------------------------
Average iterative diagonalization steps: 2 ; where current threshold is: 9.6844201078e-07 . 

 Density error is 0.0011799232602
                          Error Threshold = 9.6844201078e-07

       Energy                       Rydberg                            eV
       E_KohnSham                -178.249984683                 -2425.2154601
         E_Harris                -178.632822017                -2430.42422925
          E_Fermi              -0.0499801918535               -0.680015396341

 PW ALGORITHM --------------- ION=   1  ELEC=  23--------------------------------
Average iterative diagonalization steps: 2 ; where current threshold is: 9.6844201078e-07 . 

 Density error is 0.00109324785803
                          Error Threshold = 9.6844201078e-07

       Energy                       Rydberg                            eV
       E_KohnSham                -178.250037866                 -2425.2161837
         E_Harris                -178.643557667                -2430.57029527
          E_Fermi               -0.050208038485               -0.683115408799

 PW ALGORITHM --------------- ION=   1  ELEC=  24--------------------------------
Average iterative diagonalization steps: 2.02608695652 ; where current threshold is: 9.6844201078e-07 . 

 Density error is 0.0014518739259
                          Error Threshold = 9.6844201078e-07

       Energy                       Rydberg                            eV
       E_KohnSham                -178.250202528                -2425.21842404
         E_Harris                -178.642243224                -2430.55241135
          E_Fermi              -0.0492501526072               -0.670082702828

 PW ALGORITHM --------------- ION=   1  ELEC=  25--------------------------------
Average iterative diagonalization steps: 2.41739130435 ; where current threshold is: 9.6844201078e-07 . 

 Density error is 0.00271187041788
                          Error Threshold = 9.6844201078e-07

       Energy                       Rydberg                            eV
       E_KohnSham                -178.250225728                -2425.21873969
         E_Harris                -178.787664868                -2432.53097432
          E_Fermi              -0.0469207821152               -0.638389991383

 PW ALGORITHM --------------- ION=   1  ELEC=  26--------------------------------
Average iterative diagonalization steps: 2 ; where current threshold is: 9.6844201078e-07 . 

 Density error is 0.00279429935954
                          Error Threshold = 9.6844201078e-07

       Energy                       Rydberg                            eV
       E_KohnSham                -178.250004033                -2425.21572337
         E_Harris                -179.035447448                -2435.90222927
          E_Fermi              -0.0469300108018               -0.638515554106

 PW ALGORITHM --------------- ION=   1  ELEC=  27--------------------------------
Average iterative diagonalization steps: 2.42173913043 ; where current threshold is: 9.6844201078e-07 . 

 Density error is 0.0014538737185
                          Error Threshold = 9.6844201078e-07

       Energy                       Rydberg                            eV
       E_KohnSham                -178.250022082                -2425.21596894
         E_Harris                -178.987602632                -2435.25126716
          E_Fermi              -0.0497207386219               -0.676485354026

 PW ALGORITHM --------------- ION=   1  ELEC=  28--------------------------------
Average iterative diagonalization steps: 2 ; where current threshold is: 9.6844201078e-07 . 

 Density error is 0.00135818099259
                          Error Threshold = 9.6844201078e-07

       Energy                       Rydberg                            eV
       E_KohnSham                -178.249688639                -2425.21143222
         E_Harris                -178.720374783                -2431.61544574
          E_Fermi              -0.0497424379227                -0.67678058816

 PW ALGORITHM --------------- ION=   1  ELEC=  29--------------------------------
Average iterative diagonalization steps: 3.09565217391 ; where current threshold is: 9.6844201078e-07 . 

 Density error is 9.55935555273e-05
                          Error Threshold = 9.6844201078e-07

       Energy                       Rydberg                            eV
       E_KohnSham                -178.249827264                -2425.21331831
         E_Harris                -178.542447232                -2429.19461722
          E_Fermi              -0.0561485002099               -0.763939537008

 PW ALGORITHM --------------- ION=   1  ELEC=  30--------------------------------
Average iterative diagonalization steps: 2.12173913043 ; where current threshold is: 3.67667521259e-07 . 

 Density error is 9.71413727358e-05
                          Error Threshold = 3.67667521259e-07

       Energy                       Rydberg                            eV
       E_KohnSham                -178.249828237                -2425.21333155
         E_Harris                -177.910888501                -2420.60181986
          E_Fermi              -0.0561142880219               -0.763474056311

 PW ALGORITHM --------------- ION=   1  ELEC=  31--------------------------------
Average iterative diagonalization steps: 2.01739130435 ; where current threshold is: 3.67667521259e-07 . 

 Density error is 9.30711452435e-05
                          Error Threshold = 3.67667521259e-07

       Energy                       Rydberg                            eV
       E_KohnSham                -178.249828919                -2425.21334082
         E_Harris                -177.883598034                  -2420.230514
          E_Fermi              -0.0559234020428               -0.760876919327

 PW ALGORITHM --------------- ION=   1  ELEC=  32--------------------------------
Average iterative diagonalization steps: 2.12608695652 ; where current threshold is: 3.57965943244e-07 . 

 Density error is 8.7714382387e-05
                          Error Threshold = 3.57965943244e-07

       Energy                       Rydberg                            eV
       E_KohnSham                -178.249830453                 -2425.2133617
         E_Harris                -177.906699008                -2420.54481889
          E_Fermi              -0.0555567543495               -0.755888421539

 PW ALGORITHM --------------- ION=   1  ELEC=  33--------------------------------
Average iterative diagonalization steps: 2.09130434783 ; where current threshold is: 3.37363009181e-07 . 

 Density error is 8.03391417615e-05
                          Error Threshold = 3.37363009181e-07

       Energy                       Rydberg                            eV
       E_KohnSham                 -178.24983775                -2425.21346097
         E_Harris                -177.936018293                -2420.94372821
          E_Fermi              -0.0551002269794               -0.749677048014

 PW ALGORITHM --------------- ION=   1  ELEC=  34--------------------------------
Average iterative diagonalization steps: 2.75217391304 ; where current threshold is: 3.08996699083e-07 . 

 Density error is 5.93168492193e-05
                          Error Threshold = 3.08996699083e-07

       Energy                       Rydberg                            eV
       E_KohnSham                -178.249838555                -2425.21347192
         E_Harris                -177.971864987                -2421.43144751
          E_Fermi              -0.0537738167044               -0.731630310387

 PW ALGORITHM --------------- ION=   1  ELEC=  35--------------------------------
Average iterative diagonalization steps: 2.12173913043 ; where current threshold is: 2.28141727766e-07 . 

 Density error is 5.69073040848e-05
                          Error Threshold = 2.28141727766e-07

       Energy                       Rydberg                            eV
       E_KohnSham                -178.249835357                -2425.21342842
         E_Harris                -177.967061295                -2421.36608992
          E_Fermi              -0.0535684389982               -0.728836003342

 PW ALGORITHM --------------- ION=   1  ELEC=  36--------------------------------
Average iterative diagonalization steps: 2.49130434783 ; where current threshold is: 2.1887424648e-07 . 

 Density error is 7.08290230152e-05
                          Error Threshold = 2.1887424648e-07

       Energy                       Rydberg                            eV
       E_KohnSham                -178.249834956                -2425.21342297
         E_Harris                -177.937882045                -2420.96908586
          E_Fermi              -0.0545069880913               -0.741605618859

 PW ALGORITHM --------------- ION=   1  ELEC=  37--------------------------------
Average iterative diagonalization steps: 2 ; where current threshold is: 2.1887424648e-07 . 

 Density error is 6.61448527506e-05
                          Error Threshold = 2.1887424648e-07

       Energy                       Rydberg                            eV
       E_KohnSham                -178.249834869                -2425.21342178
         E_Harris                 -177.92916885                -2420.85053676
          E_Fermi              -0.0541919475552               -0.737319272468

 PW ALGORITHM --------------- ION=   1  ELEC=  38--------------------------------
Average iterative diagonalization steps: 2 ; where current threshold is: 2.1887424648e-07 . 

 Density error is 6.6979654378e-05
                          Error Threshold = 2.1887424648e-07

       Energy                       Rydberg                            eV
       E_KohnSham                -178.249839923                -2425.21349054
         E_Harris                -177.937224771                -2420.96014319
          E_Fermi              -0.0540714940833               -0.735680418907

 PW ALGORITHM --------------- ION=   1  ELEC=  39--------------------------------
Average iterative diagonalization steps: 2.77826086957 ; where current threshold is: 2.1887424648e-07 . 

 Density error is 5.35674070868e-05
                          Error Threshold = 2.1887424648e-07

       Energy                       Rydberg                            eV
       E_KohnSham                -178.249843315                -2425.21353669
         E_Harris                -177.962012971                -2421.29740395
          E_Fermi              -0.0526991570382               -0.717008815517

 PW ALGORITHM --------------- ION=   1  ELEC=  40--------------------------------
Average iterative diagonalization steps: 2.43043478261 ; where current threshold is: 2.06028488795e-07 . 

 Density error is 5.24640145308e-05
                          Error Threshold = 2.06028488795e-07

       Energy                       Rydberg                            eV
       E_KohnSham                -178.249849622                 -2425.2136225
         E_Harris                -177.972638148                -2421.44196691
          E_Fermi              -0.0519827649078               -0.707261800541

 PW ALGORITHM --------------- ION=   1  ELEC=  41--------------------------------
Average iterative diagonalization steps: 2.82608695652 ; where current threshold is: 2.01784671272e-07 . 

 Density error is 5.05206524664e-05
                          Error Threshold = 2.01784671272e-07

       Energy                       Rydberg                            eV
       E_KohnSham                  -178.2498428                -2425.21352969
         E_Harris                -177.996261346                -2421.76337701
          E_Fermi              -0.0506521776266                -0.68915823183

 PW ALGORITHM --------------- ION=   1  ELEC=  42--------------------------------
Average iterative diagonalization steps: 2.58695652174 ; where current threshold is: 1.94310201794e-07 . 

 Density error is 5.01426290509e-05
                          Error Threshold = 1.94310201794e-07

       Energy                       Rydberg                            eV
       E_KohnSham                -178.249844127                -2425.21354774
         E_Harris                -177.960893066                -2421.28216687
          E_Fermi              -0.0516592001046               -0.702859475545

 PW ALGORITHM --------------- ION=   1  ELEC=  43--------------------------------
Average iterative diagonalization steps: 2.12608695652 ; where current threshold is: 1.9285626558e-07 . 

 Density error is 4.58044630198e-05
                          Error Threshold = 1.9285626558e-07

       Energy                       Rydberg                            eV
       E_KohnSham                -178.249840192                 -2425.2134942
         E_Harris                -177.981853794                 -2421.5673522
          E_Fermi              -0.0512715842677               -0.697585691528

 PW ALGORITHM --------------- ION=   1  ELEC=  44--------------------------------
Average iterative diagonalization steps: 2.33913043478 ; where current threshold is: 1.76171011615e-07 . 

 Density error is 5.15279390128e-05
                          Error Threshold = 1.76171011615e-07

       Energy                       Rydberg                            eV
       E_KohnSham                -178.249843831                -2425.21354372
         E_Harris                -177.961942171                -2421.29644067
          E_Fermi              -0.0522104776746               -0.710359991676

 PW ALGORITHM --------------- ION=   1  ELEC=  45--------------------------------
Average iterative diagonalization steps: 2.35652173913 ; where current threshold is: 1.76171011615e-07 . 

 Density error is 4.39962566632e-05
                          Error Threshold = 1.76171011615e-07

       Energy                       Rydberg                            eV
       E_KohnSham                -178.249842165                -2425.21352104
         E_Harris                -177.985172624                -2421.61250721
          E_Fermi              -0.0513242133925               -0.698301747505

 PW ALGORITHM --------------- ION=   1  ELEC=  46--------------------------------
Average iterative diagonalization steps: 2.41739130435 ; where current threshold is: 1.69216371782e-07 . 

 Density error is 4.79633788692e-05
                          Error Threshold = 1.69216371782e-07

       Energy                       Rydberg                            eV
       E_KohnSham                -178.249846228                -2425.21357633
         E_Harris                 -177.97123972                -2421.42294032
          E_Fermi              -0.0518892594069               -0.705989592934

 PW ALGORITHM --------------- ION=   1  ELEC=  47--------------------------------
Average iterative diagonalization steps: 2.33043478261 ; where current threshold is: 1.69216371782e-07 . 

 Density error is 3.6188482999e-05
                          Error Threshold = 1.69216371782e-07

       Energy                       Rydberg                            eV
       E_KohnSham                -178.249846842                -2425.21358467
         E_Harris                -178.000733293                -2421.82422096
          E_Fermi               -0.050718227365               -0.690056884623

 PW ALGORITHM --------------- ION=   1  ELEC=  48--------------------------------
Average iterative diagonalization steps: 2.0652173913 ; where current threshold is: 1.39186473073e-07 . 

 Density error is 2.97684922069e-05
                          Error Threshold = 1.39186473073e-07

       Energy                       Rydberg                            eV
       E_KohnSham                -178.249856559                -2425.21371688
         E_Harris                -178.017323595                -2422.04994361
          E_Fermi              -0.0504398388966               -0.686269215196

 PW ALGORITHM --------------- ION=   1  ELEC=  49--------------------------------
Average iterative diagonalization steps: 3.12173913043 ; where current threshold is: 1.14494200796e-07 . 

 Density error is 2.57278425939e-05
                          Error Threshold = 1.14494200796e-07

       Energy                       Rydberg                            eV
       E_KohnSham                -178.249837555                -2425.21345832
         E_Harris                -178.066674347                -2422.72139503
          E_Fermi              -0.0491113779438               -0.668194576667

 PW ALGORITHM --------------- ION=   1  ELEC=  50--------------------------------
Average iterative diagonalization steps: 3.56086956522 ; where current threshold is: 9.89532407458e-08 . 

 Density error is 4.20444294885e-05
                          Error Threshold = 9.89532407458e-08

       Energy                       Rydberg                            eV
       E_KohnSham                -178.249839014                -2425.21347817
         E_Harris                -177.976414019                -2421.49334026
          E_Fermi              -0.0522949284796               -0.711509003825

 PW ALGORITHM --------------- ION=   1  ELEC=  51--------------------------------
Average iterative diagonalization steps: 2.00434782609 ; where current threshold is: 9.89532407458e-08 . 

 Density error is 4.21082590091e-05
                          Error Threshold = 9.89532407458e-08

       Energy                       Rydberg                            eV
       E_KohnSham                -178.249844905                -2425.21355832
         E_Harris                -178.001853477                -2421.83946184
          E_Fermi              -0.0523308005143               -0.711997067896

 PW ALGORITHM --------------- ION=   1  ELEC=  52--------------------------------
Average iterative diagonalization steps: 2.8347826087 ; where current threshold is: 9.89532407458e-08 . 

 Density error is 3.05633350828e-05
                          Error Threshold = 9.89532407458e-08

       Energy                       Rydberg                            eV
       E_KohnSham                -178.249844679                -2425.21355525
         E_Harris                -178.030571282                -2422.23018763
          E_Fermi              -0.0512567211838               -0.697383468897

 PW ALGORITHM --------------- ION=   1  ELEC=  53--------------------------------
Average iterative diagonalization steps: 2.00869565217 ; where current threshold is: 9.89532407458e-08 . 

 Density error is 3.12590649014e-05
                          Error Threshold = 9.89532407458e-08

       Energy                       Rydberg                            eV
       E_KohnSham                -178.249846956                -2425.21358624
         E_Harris                -178.034059195                -2422.27764313
          E_Fermi              -0.0513226301471               -0.698280206347

 PW ALGORITHM --------------- ION=   1  ELEC=  54--------------------------------
Average iterative diagonalization steps: 2.34347826087 ; where current threshold is: 9.89532407458e-08 . 

 Density error is 2.4517407298e-05
                          Error Threshold = 9.89532407458e-08

       Energy                       Rydberg                            eV
       E_KohnSham                -178.249846846                -2425.21358474
         E_Harris                -178.050561055                -2422.50216245
          E_Fermi              -0.0506504021695               -0.689134075497

 PW ALGORITHM --------------- ION=   1  ELEC=  55--------------------------------
Average iterative diagonalization steps: 2.57391304348 ; where current threshold is: 9.42977203769e-08 . 

 Density error is 2.27194453278e-05
                          Error Threshold = 9.42977203769e-08

       Energy                       Rydberg                            eV
       E_KohnSham                  -178.2498458                 -2425.2135705
         E_Harris                -178.073679735                -2422.81670822
          E_Fermi              -0.0503282879313               -0.684751486451

 PW ALGORITHM --------------- ION=   1  ELEC=  56--------------------------------
Average iterative diagonalization steps: 2.11304347826 ; where current threshold is: 8.738248203e-08 . 

 Density error is 2.52672779937e-05
                          Error Threshold = 8.738248203e-08

       Energy                       Rydberg                            eV
       E_KohnSham                -178.249859761                -2425.21376044
         E_Harris                -178.082752223                -2422.94014576
          E_Fermi              -0.0506845919108               -0.689599250791

 PW ALGORITHM --------------- ION=   1  ELEC=  57--------------------------------
Average iterative diagonalization steps: 3.35652173913 ; where current threshold is: 8.738248203e-08 . 

 Density error is 1.05353866706e-05
                          Error Threshold = 8.738248203e-08

       Energy                       Rydberg                            eV
       E_KohnSham                -178.249857783                -2425.21373354
         E_Harris                -178.148795008                -2423.83870394
          E_Fermi              -0.0478657050399               -0.651246327329

 PW ALGORITHM --------------- ION=   1  ELEC=  58--------------------------------
Average iterative diagonalization steps: 2.63913043478 ; where current threshold is: 4.05207179638e-08 . 

 Density error is 1.34194051485e-05
                          Error Threshold = 4.05207179638e-08

       Energy                       Rydberg                            eV
       E_KohnSham                -178.249857298                -2425.21372694
         E_Harris                -178.181649361                -2424.28571034
          E_Fermi              -0.0483044284486               -0.657215465534

 PW ALGORITHM --------------- ION=   1  ELEC=  59--------------------------------
Average iterative diagonalization steps: 2.44347826087 ; where current threshold is: 4.05207179638e-08 . 

 Density error is 1.43471318939e-05
                          Error Threshold = 4.05207179638e-08

       Energy                       Rydberg                            eV
       E_KohnSham                -178.249856961                -2425.21372235
         E_Harris                -178.175513753                -2424.20223112
          E_Fermi              -0.0484929377523               -0.659780266191

 PW ALGORITHM --------------- ION=   1  ELEC=  60--------------------------------
Average iterative diagonalization steps: 3.12173913043 ; where current threshold is: 4.05207179638e-08 . 

 Density error is 1.0828041913e-05
                          Error Threshold = 4.05207179638e-08

       Energy                       Rydberg                            eV
       E_KohnSham                -178.249857153                -2425.21372497
         E_Harris                -178.183481268                -2424.31063472
          E_Fermi              -0.0481441596393               -0.655034896516

 PW ALGORITHM --------------- ION=   1  ELEC=  61--------------------------------
Average iterative diagonalization steps: 2.25217391304 ; where current threshold is: 4.05207179638e-08 . 

 Density error is 1.20799528686e-05
                          Error Threshold = 4.05207179638e-08

       Energy                       Rydberg                            eV
       E_KohnSham                -178.249860394                -2425.21376906
         E_Harris                -178.177305582                -2424.22661021
          E_Fermi              -0.0481831580675               -0.655565497352

 PW ALGORITHM --------------- ION=   1  ELEC=  62--------------------------------
Average iterative diagonalization steps: 2.66956521739 ; where current threshold is: 4.05207179638e-08 . 

 Density error is 1.02110732996e-05
                          Error Threshold = 4.05207179638e-08

       Energy                       Rydberg                            eV
       E_KohnSham                -178.249864987                -2425.21383155
         E_Harris                -178.193530209                -2424.44735758
          E_Fermi              -0.0476831704084               -0.648762816259

 PW ALGORITHM --------------- ION=   1  ELEC=  63--------------------------------
Average iterative diagonalization steps: 3.19130434783 ; where current threshold is: 3.92733588447e-08 . 

 Density error is 1.00252623498e-05
                          Error Threshold = 3.92733588447e-08

       Energy                       Rydberg                            eV
       E_KohnSham                -178.249867156                -2425.21386107
         E_Harris                -178.223208863                -2424.85115638
          E_Fermi                -0.04678590705               -0.636554921979

 PW ALGORITHM --------------- ION=   1  ELEC=  64--------------------------------
Average iterative diagonalization steps: 2.81739130435 ; where current threshold is: 3.85587013453e-08 . 

 Density error is 9.40279702917e-06
                          Error Threshold = 3.85587013453e-08

       Energy                       Rydberg                            eV
       E_KohnSham                -178.249855594                -2425.21370375
         E_Harris                -178.238204198                -2425.05517838
          E_Fermi              -0.0468040863006               -0.636802263372

 PW ALGORITHM --------------- ION=   1  ELEC=  65--------------------------------
Average iterative diagonalization steps: 3.60869565217 ; where current threshold is: 3.61646039583e-08 . 

 Density error is 1.36187880676e-05
                          Error Threshold = 3.61646039583e-08

       Energy                       Rydberg                            eV
       E_KohnSham                -178.249866389                -2425.21385063
         E_Harris                -178.189895344                 -2424.3979027
          E_Fermi              -0.0485537882212               -0.660608179294

 PW ALGORITHM --------------- ION=   1  ELEC=  66--------------------------------
Average iterative diagonalization steps: 3.73913043478 ; where current threshold is: 3.61646039583e-08 . 

 Density error is 8.11624090361e-06
                          Error Threshold = 3.61646039583e-08

       Energy                       Rydberg                            eV
       E_KohnSham                -178.249864725                -2425.21382799
         E_Harris                -178.212817223                -2424.70977086
          E_Fermi              -0.0468249354238               -0.637085930246

 PW ALGORITHM --------------- ION=   1  ELEC=  67--------------------------------
Average iterative diagonalization steps: 3.34782608696 ; where current threshold is: 3.12163111677e-08 . 

 Density error is 1.02962165484e-05
                          Error Threshold = 3.12163111677e-08

       Energy                       Rydberg                            eV
       E_KohnSham                -178.249862547                -2425.21379836
         E_Harris                -178.214423533                -2424.73162583
          E_Fermi              -0.0473748110789               -0.644567372346

 PW ALGORITHM --------------- ION=   1  ELEC=  68--------------------------------
Average iterative diagonalization steps: 2.72608695652 ; where current threshold is: 3.12163111677e-08 . 

 Density error is 1.25343534855e-05
                          Error Threshold = 3.12163111677e-08

       Energy                       Rydberg                            eV
       E_KohnSham                -178.249860224                -2425.21376675
         E_Harris                  -178.2006222                -2424.54384907
          E_Fermi               -0.047794998107               -0.650284310154

 PW ALGORITHM --------------- ION=   1  ELEC=  69--------------------------------
Average iterative diagonalization steps: 2.58260869565 ; where current threshold is: 3.12163111677e-08 . 

 Density error is 1.35661879887e-05
                          Error Threshold = 3.12163111677e-08

       Energy                       Rydberg                            eV
       E_KohnSham                -178.249858209                -2425.21373934
         E_Harris                -178.187154763                -2424.36061519
          E_Fermi              -0.0481959708425                 -0.6557398241

 PW ALGORITHM --------------- ION=   1  ELEC=  70--------------------------------
Average iterative diagonalization steps: 2.54782608696 ; where current threshold is: 3.12163111677e-08 . 

 Density error is 1.45810404981e-05
                          Error Threshold = 3.12163111677e-08

       Energy                       Rydberg                            eV
       E_KohnSham                -178.249855027                -2425.21369604
         E_Harris                -178.173468887                -2424.17440929
          E_Fermi              -0.0484732767012               -0.659512763867

 PW ALGORITHM --------------- ION=   1  ELEC=  71--------------------------------
Average iterative diagonalization steps: 2.92608695652 ; where current threshold is: 3.12163111677e-08 . 

 Density error is 1.58031143345e-05
                          Error Threshold = 3.12163111677e-08

       Energy                       Rydberg                            eV
       E_KohnSham                -178.249854242                -2425.21368536
         E_Harris                -178.151136971                -2423.87056799
          E_Fermi               -0.049218376846               -0.669650371417

 PW ALGORITHM --------------- ION=   1  ELEC=  72--------------------------------
Average iterative diagonalization steps: 2.90434782609 ; where current threshold is: 3.12163111677e-08 . 

 Density error is 1.67969386727e-05
                          Error Threshold = 3.12163111677e-08

       Energy                       Rydberg                            eV
       E_KohnSham                -178.249860045                -2425.21376432
         E_Harris                -178.117808582                -2423.41711199
          E_Fermi              -0.0496545284786               -0.675584518812

 PW ALGORITHM --------------- ION=   1  ELEC=  73--------------------------------
Average iterative diagonalization steps: 3.06086956522 ; where current threshold is: 3.12163111677e-08 . 

 Density error is 9.94184656571e-06
                          Error Threshold = 3.12163111677e-08

       Energy                       Rydberg                            eV
       E_KohnSham                -178.249862534                -2425.21379818
         E_Harris                -178.116237479                -2423.39573604
          E_Fermi              -0.0486233758474                -0.66155496752

 PW ALGORITHM --------------- ION=   1  ELEC=  74--------------------------------
Average iterative diagonalization steps: 2.73913043478 ; where current threshold is: 3.12163111677e-08 . 

 Density error is 7.06974335655e-06
                          Error Threshold = 3.12163111677e-08

       Energy                       Rydberg                            eV
       E_KohnSham                -178.249876184                 -2425.2139839
         E_Harris                -178.141033008                -2423.73309651
          E_Fermi              -0.0480979860706               -0.654406672885

 PW ALGORITHM --------------- ION=   1  ELEC=  75--------------------------------
Average iterative diagonalization steps: 4.3 ; where current threshold is: 2.71913206021e-08 . 

 Density error is 5.13246539607e-07
                          Error Threshold = 2.71913206021e-08

       Energy                       Rydberg                            eV
       E_KohnSham                -178.249876394                -2425.21398676
         E_Harris                -178.206683351                -2424.62631526
          E_Fermi               -0.045831411524               -0.623568344109

 PW ALGORITHM --------------- ION=   1  ELEC=  76--------------------------------
Average iterative diagonalization steps: 3.18260869565 ; where current threshold is: 1.97402515234e-09 . 

 Density error is 5.12692381402e-07
                          Error Threshold = 1.97402515234e-09

       Energy                       Rydberg                            eV
       E_KohnSham                -178.249878088                 -2425.2140098
         E_Harris                 -178.22150661                -2424.82799604
          E_Fermi              -0.0458435208303               -0.623733099674

 PW ALGORITHM --------------- ION=   1  ELEC=  77--------------------------------
Average iterative diagonalization steps: 4.53043478261 ; where current threshold is: 1.97189377462e-09 . 

 Density error is 1.4363753259e-07
                          Error Threshold = 1.97189377462e-09

       Energy                       Rydberg                            eV
       E_KohnSham                -178.249878022                -2425.21400891
         E_Harris                -178.232417747                -2424.97644967
          E_Fermi              -0.0454447915447                -0.61830810943

 PW ALGORITHM --------------- ION=   1  ELEC=  78--------------------------------
Average iterative diagonalization steps: 3.61739130435 ; where current threshold is: 5.52452048424e-10 . 

 Density error is 1.61641066757e-07
                          Error Threshold = 5.52452048424e-10

       Energy                       Rydberg                            eV
       E_KohnSham                -178.249878383                -2425.21401382
         E_Harris                -178.237758508                -2425.04911446
          E_Fermi              -0.0454915874531               -0.618944800428

 PW ALGORITHM --------------- ION=   1  ELEC=  79--------------------------------
Average iterative diagonalization steps: 4.10434782609 ; where current threshold is: 5.52452048424e-10 . 

 Density error is 1.18866427827e-07
                          Error Threshold = 5.52452048424e-10

       Energy                       Rydberg                            eV
       E_KohnSham                -178.249877642                -2425.21400373
         E_Harris                -178.238843477                -2425.06387621
          E_Fermi              -0.0453921778296               -0.617592263111

 PW ALGORITHM --------------- ION=   1  ELEC=  80--------------------------------
Average iterative diagonalization steps: 5.10434782609 ; where current threshold is: 4.57178568566e-10 . 

 Density error is 2.8594050077e-07
                          Error Threshold = 4.57178568566e-10

       Energy                       Rydberg                            eV
       E_KohnSham                -178.249877628                -2425.21400355
         E_Harris                -178.233419227                -2424.99007551
          E_Fermi              -0.0456761085662               -0.621455338967

 PW ALGORITHM --------------- ION=   1  ELEC=  81--------------------------------
Average iterative diagonalization steps: 3.09130434783 ; where current threshold is: 4.57178568566e-10 . 

 Density error is 2.72949384215e-07
                          Error Threshold = 4.57178568566e-10

       Energy                       Rydberg                            eV
       E_KohnSham                -178.249878319                -2425.21401295
         E_Harris                -178.230340332                  -2424.948185
          E_Fermi              -0.0456843671112               -0.621567702237

 PW ALGORITHM --------------- ION=   1  ELEC=  82--------------------------------
Average iterative diagonalization steps: 4.5 ; where current threshold is: 4.57178568566e-10 . 

 Density error is 1.79339641848e-07
                          Error Threshold = 4.57178568566e-10

       Energy                       Rydberg                            eV
       E_KohnSham                -178.249878335                -2425.21401316
         E_Harris                -178.234586635                -2425.00595892
          E_Fermi              -0.0455200489463               -0.619332038909

 PW ALGORITHM --------------- ION=   1  ELEC=  83--------------------------------
Average iterative diagonalization steps: 3.59130434783 ; where current threshold is: 4.57178568566e-10 . 

 Density error is 1.49182900321e-07
                          Error Threshold = 4.57178568566e-10

       Energy                       Rydberg                            eV
       E_KohnSham                -178.249878507                 -2425.2140155
         E_Harris                -178.237335563                -2425.04335999
          E_Fermi              -0.0455281624513               -0.619442428808

 PW ALGORITHM --------------- ION=   1  ELEC=  84--------------------------------
Average iterative diagonalization steps: 3.82173913043 ; where current threshold is: 4.57178568566e-10 . 

 Density error is 1.29329461475e-07
                          Error Threshold = 4.57178568566e-10

       Energy                       Rydberg                            eV
       E_KohnSham                -178.249878914                -2425.21402103
         E_Harris                -178.236342076                -2425.02984291
          E_Fermi              -0.0454994021707               -0.619051125115

 PW ALGORITHM --------------- ION=   1  ELEC=  85--------------------------------
Average iterative diagonalization steps: 4.0652173913 ; where current threshold is: 4.57178568566e-10 . 

 Density error is 8.32774011795e-08
                          Error Threshold = 4.57178568566e-10

       Energy                       Rydberg                            eV
       E_KohnSham                -178.249879733                -2425.21403218
         E_Harris                -178.238009336                -2425.05252715
          E_Fermi              -0.0454170184983               -0.617930237748

 PW ALGORITHM --------------- ION=   1  ELEC=  86--------------------------------
Average iterative diagonalization steps: 5.19130434783 ; where current threshold is: 3.20297696844e-10 . 

 Density error is 1.04490852328e-08
                          Error Threshold = 3.20297696844e-10

       Energy                       Rydberg                            eV
       E_KohnSham                -178.249879896                 -2425.2140344
         E_Harris                -178.244768343                -2425.14448815
          E_Fermi              -0.0451991151683               -0.614965510847

 PW ALGORITHM --------------- ION=   1  ELEC=  87--------------------------------
Average iterative diagonalization steps: 5.86956521739 ; where current threshold is: 4.0188789357e-11 . 

 Density error is 4.25364732356e-09
                          Error Threshold = 4.0188789357e-11

           Energy                       Rydberg                            eV
       E_KohnSham                -178.249879946                -2425.21403508
   E_KS(sigma->0)                -178.249879946                -2425.21403508
         E_Harris                -178.248010638                -2425.18860185
           E_band                -31.5810004606                -429.681554805
       E_one_elec                 -965.12995201                -13131.2666578
        E_Hartree                +482.608277161                +6566.22247135
             E_xc                -24.3145249478                -330.816083454
          E_Ewald                +328.586319852                +4470.64623484
   E_entropy(-TS)                            +0                            +0
          E_descf                            +0                            +0
            E_exx                            +0                            +0
          E_Fermi              -0.0451608250215               -0.614444546674

 charge density convergence is achieved
 final etot is -2425.2140351 eV
 EFERMI = -0.61444454667 eV

 STATE ENERGY(eV) AND OCCUPATIONS    NSPIN == 1
 1/10 kpoint (Cartesian) = 0.0000 0.0000 0.0000 (19075 pws)
       1       -61.6702      0.0312500
       2       -35.7445      0.0312500
       3       -35.4911      0.0312500
       4       -35.4911      0.0312500
       5       -13.9794      0.0312500
       6       -13.3449      0.0312500
       7       -5.63305      0.0312500
       8       -2.90551      0.0312500
       9       -1.95247      0.0312500
      10       -1.95246      0.0312500
      11       -1.42653      0.0312500
      12       -1.02974      0.0312500
      13       -1.02973      0.0312500
      14        1.72963        0.00000
      15        1.72964        0.00000
      16        1.95145        0.00000
      17        1.95147        0.00000
      18        4.29939        0.00000
      19        4.86052        0.00000
      20        5.27417        0.00000
      21        6.19990        0.00000
      22        6.99310        0.00000
      23        7.94301        0.00000

 2/10 kpoint (Cartesian) = -0.12500 0.072169 0.0000 (19061 pws)
       1       -61.6652       0.187500
       2       -35.7360       0.187500
       3       -35.5391       0.187500
       4       -35.5024       0.187500
       5       -13.7677       0.187500
       6       -13.2042       0.187500
       7       -5.34616       0.187500
       8       -3.10163       0.187500
       9       -2.49588       0.187500
      10       -1.73661       0.187500
      11       -1.38826       0.187500
      12       -1.35326       0.187500
      13       -1.34144       0.187500
      14        1.10067        0.00000
      15        1.55385        0.00000
      16        1.64409        0.00000
      17        2.15594        0.00000
      18        4.73563        0.00000
      19        5.18202        0.00000
      20        5.68665        0.00000
      21        6.62375        0.00000
      22        7.31683        0.00000
      23        8.58529        0.00000

 3/10 kpoint (Cartesian) = -0.25000 0.14434 0.0000 (19011 pws)
       1       -61.6533       0.187500
       2       -35.7156       0.187500
       3       -35.6536       0.187500
       4       -35.5296       0.187500
       5       -13.1975       0.187500
       6       -12.8271       0.187500
       7       -4.72936       0.187500
       8       -3.68596       0.187500
       9       -3.66470       0.187500
      10       -2.23669       0.187500
      11       -1.96132       0.187500
      12       -1.53448       0.187500
      13       -1.25476       0.187500
      14       0.698508        0.00000
      15        1.32717        0.00000
      16        1.74645        0.00000
      17        2.44736        0.00000
      18        5.48066        0.00000
      19        6.05349        0.00000
      20        6.37558        0.00000
      21        7.18123        0.00000
      22        8.09346        0.00000
      23        8.51328        0.00000

 4/10 kpoint (Cartesian) = -0.37500 0.21651 0.0000 (18948 pws)
       1       -61.6413       0.187500
       2       -35.7662       0.187500
       3       -35.6951       0.187500
       4       -35.5566       0.187500
       5       -12.4986       0.187500
       6       -12.3762       0.187500
       7       -5.16388       0.187500
       8       -4.61363       0.187500
       9       -4.04275       0.187500
      10       -2.77665       0.187500
      11       -2.43802       0.187500
      12       -1.55966       0.187500
      13      -0.939979       0.187500
      14        1.25165        0.00000
      15        1.50633        0.00000
      16        2.19917        0.00000
      17        2.58099        0.00000
      18        5.63454        0.00000
      19        6.68103        0.00000
      20        7.09320        0.00000
      21        7.66005        0.00000
      22        7.91802        0.00000
      23        8.70484        0.00000

 5/10 kpoint (Cartesian) = 0.50000 0.86603 0.0000 (18950 pws)
       1       -61.6363      0.0937500
       2       -35.8123      0.0937500
       3       -35.6866      0.0937500
       4       -35.5677      0.0937500
       5       -12.1576      0.0937500
       6       -12.1457      0.0937500
       7       -5.70286      0.0937500
       8       -5.08174      0.0937500
       9       -4.04187      0.0937500
      10       -2.90223      0.0937500
      11       -2.61153      0.0937500
      12       -1.34117      0.0937500
      13      -0.888099      0.0937500
      14        1.74901        0.00000
      15        1.75533        0.00000
      16        2.41501        0.00000
      17        2.60814        0.00000
      18        5.19948        0.00000
      19        6.60769        0.00000
      20        7.14920        0.00000
      21        7.82084        0.00000
      22        8.66385        0.00000
      23        9.24559        0.00000

 6/10 kpoint (Cartesian) = -0.25000 0.0000 0.0000 (19037 pws)
       1       -61.6568       0.187500
       2       -35.7216       0.187500
       3       -35.6150       0.187500
       4       -35.5270       0.187500
       5       -13.3755       0.187500
       6       -12.9439       0.187500
       7       -4.86281       0.187500
       8       -3.38874       0.187500
       9       -3.30320       0.187500
      10       -2.39788       0.187500
      11       -1.60654       0.187500
      12       -1.45397       0.187500
      13       -1.30880       0.187500
      14       0.610025        0.00000
      15        1.36942        0.00000
      16        1.52407        0.00000
      17        2.41801        0.00000
      18        5.32798        0.00000
      19        5.77976        0.00000
      20        6.25154        0.00000
      21        7.08656        0.00000
      22        7.88445        0.00000
      23        9.03152        0.00000

 7/10 kpoint (Cartesian) = -0.37500 0.072169 0.0000 (18984 pws)
       1       -61.6448       0.375000
       2       -35.7167       0.375000
       3       -35.7012       0.375000
       4       -35.5658       0.375000
       5       -12.7282       0.375000
       6       -12.5186       0.375000
       7       -4.61825       0.375000
       8       -4.06056       0.375000
       9       -4.01311       0.375000
      10       -3.20921       0.375000
      11       -1.99796       0.375000
      12       -1.99332       0.375000
      13       -1.04151       0.375000
      14       0.625528        0.00000
      15        1.66446        0.00000
      16        1.78324        0.00000
      17        2.59934        0.00000
      18        5.98189        0.00000
      19        6.74568        0.00000
      20        6.83416        0.00000
      21        7.71343        0.00000
      22        8.56670        0.00000
      23        8.93088        0.00000

 8/10 kpoint (Cartesian) = 0.50000 0.72169 0.0000 (18973 pws)
       1       -61.6363       0.375000
       2       -35.7872       0.375000
       3       -35.6867       0.375000
       4       -35.5937       0.375000
       5       -12.1650       0.375000
       6       -12.1589       0.375000
       7       -5.36959       0.375000
       8       -4.90045       0.375000
       9       -3.93573       0.375000
      10       -3.16525       0.375000
      11       -2.60184       0.375000
      12       -2.10686       0.375000
      13      -0.852134       0.375000
      14        1.30575        0.00000
      15        1.99785        0.00000
      16        2.05568        0.00000
      17        2.69196        0.00000
      18        5.56782        0.00000
      19        7.14514        0.00000
      20        7.75802        0.00000
      21        8.40321        0.00000
      22        8.82345        0.00000
      23        9.18831        0.00000

 9/10 kpoint (Cartesian) = 0.50000 0.57735 0.0000 (18986 pws)
       1       -61.6363       0.187500
       2       -35.7523       0.187500
       3       -35.6867       0.187500
       4       -35.6295       0.187500
       5       -12.1839       0.187500
       6       -12.1603       0.187500
       7       -4.89555       0.187500
       8       -4.62307       0.187500
       9       -3.76860       0.187500
      10       -3.59411       0.187500
      11       -2.95910       0.187500
      12       -2.49057       0.187500
      13      -0.859294       0.187500
      14       0.968513        0.00000
      15        1.61136        0.00000
      16        2.12297        0.00000
      17        2.91679        0.00000
      18        6.06220        0.00000
      19        7.43148        0.00000
      20        7.88226        0.00000
      21        8.35527        0.00000
      22        9.05525        0.00000
      23        9.27336        0.00000

 10/10 kpoint (Cartesian) = 0.37500 0.64952 0.0000 (18982 pws)
       1       -61.6328       0.187500
       2       -35.7553       0.187500
       3       -35.6807       0.187500
       4       -35.6676       0.187500
       5       -11.9917       0.187500
       6       -11.9278       0.187500
       7       -4.97547       0.187500
       8       -4.94928       0.187500
       9       -3.82513       0.187500
      10       -3.40197       0.187500
      11       -3.37289       0.187500
      12       -2.94810       0.187500
      13      -0.614445       0.187500
      14        1.37553        0.00000
      15        1.48422        0.00000
      16        2.02515        0.00000
      17        3.14024        0.00000
      18        5.98311        0.00000
      19        7.14025        0.00000
      20        8.51160        0.00000
      21        8.76320        0.00000
      22        9.29515        0.00000
      23        9.60498        0.00000



 --------------------------------------------
 !FINAL_ETOT_IS -2425.214035075762 eV
 --------------------------------------------






  |CLASS_NAME---------|NAME---------------|TIME(Sec)-----|CALLS----|AVG------|PER%-------
                                      total         149.08        17       8.8   1.0e+02%
                 Driver         driver_line         149.07         1   1.5e+02    1.e+02%
                   Ions            opt_ions         148.84         1   1.5e+02    1.e+02%
          ESolver_KS_PW                 Run         148.84         1   1.5e+02    1.e+02%
               PW_Basis          recip2real        0.66825       617    0.0011      0.45%
              Potential  update_from_charge         2.4155        88     0.027       1.6%
              Potential           cal_v_eff         2.4103        88     0.027       1.6%
           H_Hartree_pw           v_hartree        0.35809        88    0.0041      0.24%
               PW_Basis          real2recip        0.73939       877   0.00084      0.50%
               PW_Basis    gatherp_scatters        0.12241       877   0.00014     0.082%
                  PotXC           cal_v_eff         1.9408        88     0.022       1.3%
          XC_Functional                v_xc         1.8911        88     0.021       1.3%
               Symmetry       rhog_symmetry        0.91285        88     0.010      0.61%
              HSolverPW               solve         143.68        87       1.7       96.%
               Nonlocal              getvnl        0.79166       870   0.00091      0.53%
            pp_cell_vnl              getvnl        0.79076       870   0.00091      0.53%
        DiagoIterAssist      diagH_subspace         26.334       870     0.030       18.%
             OperatorPW                hPsi         102.46     59445    0.0017       69.%
               Operator          EkineticPW        0.92210     59445   1.6e-05      0.62%
               Operator              VeffPW         94.530     59445    0.0016       63.%
             PW_Basis_K          recip2real         70.653     89895   0.00079       47.%
             PW_Basis_K    gathers_scatterp         8.2614     89895   9.2e-05       5.5%
             PW_Basis_K          real2recip         31.377     78585   0.00040       21.%
             PW_Basis_K    gatherp_scatters         6.0905     78585   7.8e-05       4.1%
               Operator          NonlocalPW         5.2617     59445   8.9e-05       3.5%
               Nonlocal     add_nonlocal_pp         3.1533     59445   5.3e-05       2.1%
        DiagoIterAssist     LAPACK_subspace        0.31957       870   0.00037      0.21%
                DiagoCG           diag_once         105.82       870      0.12       71.%
            ElecStatePW            psiToRho         10.050        87      0.12       6.7%
                 Charge             mix_rho        0.69178        86    0.0080      0.46%
                 Charge        Pulay_mixing        0.67759        86    0.0079      0.45%
 ----------------------------------------------------------------------------------------

 NAME---------------|MEMORY(MB)--------
               total          333.6
              Psi_PW          66.94
        ChgMix::Rrho          58.59
       ChgMix::dRrho          55.66
        ChgMix::drho          55.66
           FFT::grid          11.72
       DiagSub::hpsi          6.694
    DiagSub::evctemp          6.694
    Veff<PW>::porter          5.859
   Veff<PW>::porter1          5.859
    Meta<PW>::porter          5.859
       ElecSPW::wfcr          5.859
     ElecSPW::wfcr_a          5.859
            VNL::vkb          4.948
        SF::strucFac          4.632
        PW_B_K::gcar          4.366
            Chg::rho          2.930
       Chg::rho_save          2.930
       Chg::rho_core          2.930
       Pot::veff_fix          2.930
           Pot::veff          2.930
   ChgMix::rho_save2          2.930
           VNL::vkb1          2.620
         PW_B_K::gk2          1.455
            VNL::ylm          1.310
   YlmReal::Ylm_Real          1.310
           Chg::rhog          1.158
      Chg::rhog_save          1.158
      Chg::rhog_core          1.158
 -------------   < 1.0 MB has been ignored ----------------
 ----------------------------------------------------------

 Start  Time  : Sat Dec  2 15:39:21 2023
 Finish Time  : Sat Dec  2 15:41:50 2023
 Total  Time  : 0 h 2 mins 29 secs 
