                                                                                     
                              ABACUS v3.3.2

               Atomic-orbital Based Ab-initio Computation at UStc                    

                     Website: http://abacus.ustc.edu.cn/                             
               Documentation: https://abacus.deepmodeling.com/                       
                  Repository: https://github.com/abacusmodeling/abacus-develop       
                              https://github.com/deepmodeling/abacus-develop         
                      Commit: e39b50e (Fri Aug 18 16:14:25 2023 +0800)

    Start Time is Sat Dec  2 15:39:21 2023
                                                                                     
 ------------------------------------------------------------------------------------

 READING GENERAL INFORMATION
                           global_out_dir = OUT.ABACUS/
                           global_in_card = INPUT
                               pseudo_dir = 
                              orbital_dir = 
                                    DRANK = 1
                                    DSIZE = 1
                                   DCOLOR = 1
                                    GRANK = 1
                                    GSIZE = 1
 The esolver type has been set to : ksdft_pw




 >>>>>>>>>>>>>>>>>>>>>>>>>>>>>>>>>>>>>>>>>>>>>>>>>>>>>>>>>>>>>>>>>>>>>>
 |                                                                    |
 | Reading atom information in unitcell:                              |
 | From the input file and the structure file we know the number of   |
 | different elments in this unitcell, then we list the detail        |
 | information for each element, especially the zeta and polar atomic |
 | orbital number for each element. The total atom number is counted. |
 | We calculate the nearest atom distance for each atom and show the  |
 | Cartesian and Direct coordinates for each atom. We list the file   |
 | address for atomic orbitals. The volume and the lattice vectors    |
 | in real and reciprocal space is also shown.                        |
 |                                                                    |
 <<<<<<<<<<<<<<<<<<<<<<<<<<<<<<<<<<<<<<<<<<<<<<<<<<<<<<<<<<<<<<<<<<<<<<




 READING UNITCELL INFORMATION
                                    ntype = 2
                  lattice constant (Bohr) = 6.01361
              lattice constant (Angstrom) = 3.18226

 READING ATOM TYPE 1
                               atom label = Mo
                      L=0, number of zeta = 1
                      L=1, number of zeta = 1
                      L=2, number of zeta = 1
             number of atom for this type = 1

 READING ATOM TYPE 2
                               atom label = S
                      L=0, number of zeta = 1
                      L=1, number of zeta = 1
                      L=2, number of zeta = 1
             number of atom for this type = 2

                        TOTAL ATOM NUMBER = 3

 CARTESIAN COORDINATES ( UNIT = 6.01361 Bohr ).
         atom                   x                   y                   z                 mag                  vx                  vy                  vz
     tauc_Mo1      0.499999563584      0.288675091973       2.89260288735                   0                   0                   0                   0
      tauc_S1                   0                   0       3.47112346482                   0                   0                   0                   0
      tauc_S2                   0                   0       2.31408230988                   0                   0                   0                   0


                          Volume (Bohr^3) = 887.750497294
                             Volume (A^3) = 131.550894012

 Lattice vectors: (Cartesian coordinate: in unit of a_0)
                   +1                  +0                  +0
                 -0.5     +0.866025403784                  +0
                   +0                  +0         +4.71362529
 Reciprocal vectors: (Cartesian coordinate: in unit of 2 pi/a_0)
                   +1      +0.57735026919                  -0
                   +0      +1.15470053838                  -0
                   +0                  -0     +0.212150932345




 >>>>>>>>>>>>>>>>>>>>>>>>>>>>>>>>>>>>>>>>>>>>>>>>>>>>>>>>>>>>>>>>>>>>>>
 |                                                                    |
 | Reading pseudopotentials files:                                    |
 | The pseudopotential file is in UPF format. The 'NC' indicates that |
 | the type of pseudopotential is 'norm conserving'. Functional of    |
 | exchange and correlation is decided by 4 given parameters in UPF   |
 | file.  We also read in the 'core correction' if there exists.      |
 | Also we can read the valence electrons number and the maximal      |
 | angular momentum used in this pseudopotential. We also read in the |
 | trail wave function, trail atomic density and local-pseudopotential|
 | on logrithmic grid. The non-local pseudopotential projector is also|
 | read in if there is any.                                           |
 |                                                                    |
 <<<<<<<<<<<<<<<<<<<<<<<<<<<<<<<<<<<<<<<<<<<<<<<<<<<<<<<<<<<<<<<<<<<<<<




                PAO radial cut off (Bohr) = 15

 Read in pseudopotential file is Mo_ONCV_PBE-1.0.upf
                     pseudopotential type = NC
          exchange-correlation functional = PBE
                 nonlocal core correction = 0
                        valence electrons = 14
                                     lmax = 2
                           number of zeta = 0
                     number of projectors = 6
                           L of projector = 0
                           L of projector = 0
                           L of projector = 1
                           L of projector = 1
                           L of projector = 2
                           L of projector = 2
                PAO radial cut off (Bohr) = 15

 Read in pseudopotential file is S_ONCV_PBE-1.0.upf
                     pseudopotential type = NC
          exchange-correlation functional = PBE
                 nonlocal core correction = 0
                        valence electrons = 6
                                     lmax = 1
                           number of zeta = 0
                     number of projectors = 4
                           L of projector = 0
                           L of projector = 0
                           L of projector = 1
                           L of projector = 1
     initial pseudo atomic orbital number = 0
                                   NLOCAL = 27

%%%%%%%%%%%%%%%%%%%%%%%%%%%%%%%%%%%%%%%%%%%%%%%%%%%%%%%%%%%%%%%%%%%%%%%%%%%%%%%%%%%%%%%%%%%%%%%%%%%%%%%%%%
 Warning: the number of valence electrons in pseudopotential > 6 for Mo: [Kr] 4d5 5s1
 Pseudopotentials with additional electrons can yield (more) accurate outcomes, but may be less efficient.
 If you're confident that your chosen pseudopotential is appropriate, you can safely ignore this warning.
%%%%%%%%%%%%%%%%%%%%%%%%%%%%%%%%%%%%%%%%%%%%%%%%%%%%%%%%%%%%%%%%%%%%%%%%%%%%%%%%%%%%%%%%%%%%%%%%%%%%%%%%%%
                  

 Warning_Memory_Consuming allocated:  FFT::grid 9.375 MB




 >>>>>>>>>>>>>>>>>>>>>>>>>>>>>>>>>>>>>>>>>>>>>>>>>>>>>>>>>>>>>>>>>>>>>>
 |                                                                    |
 | Setup plane waves of charge/potential:                             |
 | Use the energy cutoff and the lattice vectors to generate the      |
 | dimensions of FFT grid. The number of FFT grid on each processor   |
 | is 'nrxx'. The number of plane wave basis in reciprocal space is   |
 | different for charege/potential and wave functions. We also set    |
 | the 'sticks' for the parallel of FFT. The number of plane waves    |
 | is 'npw' in each processor.                                        |
 <<<<<<<<<<<<<<<<<<<<<<<<<<<<<<<<<<<<<<<<<<<<<<<<<<<<<<<<<<<<<<<<<<<<<<





 SETUP THE PLANE WAVE BASIS
 energy cutoff for charge/potential (unit:Ry) = 400
            fft grid for charge/potential = [ 40, 40, 192 ]
                        fft grid division = [ 1, 1, 1 ]
        big fft grid for charge/potential = [ 40, 40, 192 ]
                                     nbxx = 307200
                                     nrxx = 307200

 SETUP PLANE WAVES FOR CHARGE/POTENTIAL
                    number of plane waves = 119911
                         number of sticks = 1003

 PARALLEL PW FOR CHARGE/POTENTIAL
     PROC   COLUMNS(POT)             PW
        1           1003         119911
 --------------- sum -------------------
        1           1003         119911
                            number of |g| = 5521
                                  max |g| = 366.228374264
                                  min |g| = 0

 SETUP THE ELECTRONS NUMBER
            electron number of element Mo = 14
      total electron number of element Mo = 14
             electron number of element S = 6
       total electron number of element S = 12
            AUTOSET number of electrons:  = 26
 DONE : SETUP UNITCELL Time : 0.0653982404619 (SEC)





 >>>>>>>>>>>>>>>>>>>>>>>>>>>>>>>>>>>>>>>>>>>>>>>>>>>>>>>>>>>>>>>>>>>>>>
 |                                                                    |
 | Doing symmetry analysis:                                           |
 | We calculate the norm of 3 vectors and the angles between them,    |
 | the type of Bravais lattice is given. We can judge if the unticell |
 | is a primitive cell. Finally we give the point group operation for |
 | this unitcell. We use the point group operations to do symmetry |
 | analysis on given k-point mesh and the charge density.             |
 |                                                                    |
 <<<<<<<<<<<<<<<<<<<<<<<<<<<<<<<<<<<<<<<<<<<<<<<<<<<<<<<<<<<<<<<<<<<<<<




 LATTICE VECTORS: (CARTESIAN COORDINATE: IN UNIT OF A0)
                   +1                  +0                  +0
                 -0.5     +0.866025403784                  +0
                   +0                  +0         +4.71362529
                       right hand lattice = 1
                                   NORM_A = 1
                                   NORM_B = 1
                                   NORM_C = 4.71362529
                           ALPHA (DEGREE) = 90
                           BETA  (DEGREE) = 90
                           GAMMA (DEGREE) = 120

 The lattice vectors have been changed (STRU_SIMPLE.cif)

(for optimal symmetric configuration:)
                             BRAVAIS TYPE = 4
                     BRAVAIS LATTICE NAME = 04. Hexagonal cell
                                    ibrav = 4
                                    IBRAV = 4
                                  BRAVAIS = HEXAGONAL CELL
                       LATTICE CONSTANT A = 1
                                C/A RATIO = 4.71362529
Original cell was already a primitive cell.
                        ROTATION MATRICES = 24
              PURE POINT GROUP OPERATIONS = 6
                   SPACE GROUP OPERATIONS = 12
                                       C2 = 0
                                       C3 = 2
                                       C4 = 0
                                       C6 = 0
                                       S1 = 3
                                       S3 = 0
                                       S4 = 0
                                       S6 = 0
                              POINT GROUP = C_3v
                                       C2 = 3
                                       C3 = 2
                                       C4 = 0
                                       C6 = 0
                                       S1 = 4
                                       S3 = 2
                                       S4 = 0
                                       S6 = 0
               POINT GROUP IN SPACE GROUP = D_3h
 DONE : SYMMETRY Time : 0.0878272950649 (SEC)





 >>>>>>>>>>>>>>>>>>>>>>>>>>>>>>>>>>>>>>>>>>>>>>>>>>>>>>>>>>>>>>>>>>>>>>
 |                                                                    |
 | Setup K-points                                                     |
 | We setup the k-points according to input parameters.               |
 | The reduced k-points are set according to symmetry operations.     |
 | We treat the spin as another set of k-points.                      |
 |                                                                    |
 <<<<<<<<<<<<<<<<<<<<<<<<<<<<<<<<<<<<<<<<<<<<<<<<<<<<<<<<<<<<<<<<<<<<<<





 SETUP K-POINTS
                                    nspin = 1
                   Input type of k points = Monkhorst-Pack(Gamma)
                                   nkstot = 64
                       right hand lattice = 1
(for reciprocal lattice: )
                             BRAVAIS TYPE = 4
                     BRAVAIS LATTICE NAME = 04. Hexagonal cell
                                    ibrav = 4
                       right hand lattice = 1
(for k-lattice: )
                             BRAVAIS TYPE = 4
                     BRAVAIS LATTICE NAME = 04. Hexagonal cell
                                    ibrav = 4
                       right hand lattice = 1
                        ROTATION MATRICES = 24
                               nkstot_ibz = 10
      IBZ             DirectX             DirectY             DirectZ              Weight    ibz2bz
        1                   0                   0                   0            0.015625         0
        2              -0.125               0.125                   0             0.09375         1
        3               -0.25                0.25                   0             0.09375         2
        4              -0.375               0.375                   0             0.09375         3
        5                 0.5                 0.5                   0            0.046875         4
        6               -0.25               0.125                   0             0.09375         9
        7              -0.375                0.25                   0              0.1875        10
        8                 0.5               0.375                   0              0.1875        11
        9                 0.5                0.25                   0             0.09375        18
       10               0.375               0.375                   0             0.09375        19
                               nkstot now = 10

  KPOINTS            DIRECT_X            DIRECT_Y            DIRECT_Z              WEIGHT
        1                   0                   0                   0            0.015625
        2              -0.125               0.125                   0             0.09375
        3               -0.25                0.25                   0             0.09375
        4              -0.375               0.375                   0             0.09375
        5                 0.5                 0.5                   0            0.046875
        6               -0.25               0.125                   0             0.09375
        7              -0.375                0.25                   0              0.1875
        8                 0.5               0.375                   0              0.1875
        9                 0.5                0.25                   0             0.09375
       10               0.375               0.375                   0             0.09375

           k-point number in this process = 10
       minimum distributed K point number = 10

  KPOINTS         CARTESIAN_X         CARTESIAN_Y         CARTESIAN_Z              WEIGHT
        1                   0                   0                   0             0.03125
        2              -0.125     0.0721687836487                   0              0.1875
        3               -0.25      0.144337567297                   0              0.1875
        4              -0.375      0.216506350946                   0              0.1875
        5                 0.5      0.866025403784                   0             0.09375
        6               -0.25                   0                   0              0.1875
        7              -0.375     0.0721687836487                   0               0.375
        8                 0.5      0.721687836487                   0               0.375
        9                 0.5       0.57735026919                   0              0.1875
       10               0.375      0.649519052838                   0              0.1875

  KPOINTS            DIRECT_X            DIRECT_Y            DIRECT_Z              WEIGHT
        1                   0                   0                   0             0.03125
        2              -0.125               0.125                   0              0.1875
        3               -0.25                0.25                   0              0.1875
        4              -0.375               0.375                   0              0.1875
        5                 0.5                 0.5                   0             0.09375
        6               -0.25               0.125                   0              0.1875
        7              -0.375                0.25                   0               0.375
        8                 0.5               0.375                   0               0.375
        9                 0.5                0.25                   0              0.1875
       10               0.375               0.375                   0              0.1875
 DONE : INIT K-POINTS Time : 0.152552448213 (SEC)





 >>>>>>>>>>>>>>>>>>>>>>>>>>>>>>>>>>>>>>>>>>>>>>>>>>>>>>>>>>>>>>>>>>>>>>
 |                                                                    |
 | Setup plane waves of wave functions:                               |
 | Use the energy cutoff and the lattice vectors to generate the      |
 | dimensions of FFT grid. The number of FFT grid on each processor   |
 | is 'nrxx'. The number of plane wave basis in reciprocal space is   |
 | different for charege/potential and wave functions. We also set    |
 | the 'sticks' for the parallel of FFT. The number of plane wave of  |
 | each k-point is 'npwk[ik]' in each processor                       |
 <<<<<<<<<<<<<<<<<<<<<<<<<<<<<<<<<<<<<<<<<<<<<<<<<<<<<<<<<<<<<<<<<<<<<<





 SETUP PLANE WAVES FOR WAVE FUNCTIONS
     energy cutoff for wavefunc (unit:Ry) = 100
              fft grid for wave functions = [ 40, 40, 192 ]
                    number of plane waves = 20199
                         number of sticks = 301

 PARALLEL PW FOR WAVE FUNCTIONS
     PROC   COLUMNS(POT)             PW
        1            301          20199
 --------------- sum -------------------
        1            301          20199
 DONE : INIT PLANEWAVE Time : 0.165339259431 (SEC)

                           occupied bands = 13
                                   NBANDS = 23
                                     npwx = 15079

 Warning_Memory_Consuming allocated:  Psi_PW 52.9200744629 MB

 SETUP NONLOCAL PSEUDOPOTENTIALS IN PLANE WAVE BASIS
 Mo non-local projectors:
 projector 1 L=0
 projector 2 L=0
 projector 3 L=1
 projector 4 L=1
 projector 5 L=2
 projector 6 L=2
 S non-local projectors:
 projector 1 L=0
 projector 2 L=0
 projector 3 L=1
 projector 4 L=1
      TOTAL NUMBER OF NONLOCAL PROJECTORS = 34
 DONE : LOCAL POTENTIAL Time : 0.195908762515 (SEC)


 Init Non-Local PseudoPotential table : 
 Init Non-Local-Pseudopotential done.
 DONE : NON-LOCAL POTENTIAL Time : 0.222395626828 (SEC)


 Make real space PAO into reciprocal space.
       max mesh points in Pseudopotential = 601
     dq(describe PAO in reciprocal space) = 0.01
                                    max q = 1206

 number of pseudo atomic orbitals for Mo is 0

 number of pseudo atomic orbitals for S is 0
 DONE : INIT BASIS Time : 0.22243366763 (SEC)


 -------------------------------------------
 SELF-CONSISTENT
 -------------------------------------------
                                 init_chg = atomic
 DONE : INIT SCF Time : 0.285587 (SEC)


 PW ALGORITHM --------------- ION=   1  ELEC=   1--------------------------------

 Warning_Memory_Consuming allocated:  DiagSub::hpsi 5.29201 MB

 Warning_Memory_Consuming allocated:  DiagSub::evctemp 5.29201 MB
Average iterative diagonalization steps: 10.1478 ; where current threshold is: 0.01 . 
 Notice: Threshold on eigenvalues was too large.
 hsover_error=0.26 > DRHO=0.256526
 Origin diag_ethr = 0.01
 New    diag_ethr = 0.00098664
Average iterative diagonalization steps: 6.16957 ; where current threshold is: 0.00098664 . 

 Warning_Memory_Consuming allocated:  ChgMix::Rrho 46.875 MB

 Warning_Memory_Consuming allocated:  ChgMix::dRrho 44.5312 MB

 Warning_Memory_Consuming allocated:  ChgMix::drho 44.5312 MB

 Density error is 0.182408049314
                          Error Threshold = 0.000986639976614

       Energy                       Rydberg                            eV
       E_KohnSham                -178.252830661                -2425.25418162
         E_Harris                -178.275811462                -2425.56685145
          E_Fermi              +0.0489620539423               +0.666162919398

 PW ALGORITHM --------------- ION=   1  ELEC=   2--------------------------------
Average iterative diagonalization steps: 2 ; where current threshold is: 0.000701569420437 . 

 Density error is 0.0742953936645
                          Error Threshold = 0.000701569420437

       Energy                       Rydberg                            eV
       E_KohnSham                -178.243679515                -2425.12967389
         E_Harris                 -182.30264841                -2480.35477886
          E_Fermi              +0.0353621892128               +0.481127267048

 PW ALGORITHM --------------- ION=   1  ELEC=   3--------------------------------
Average iterative diagonalization steps: 2.59565217391 ; where current threshold is: 0.000285751514094 . 

 Density error is 0.0384017781769
                          Error Threshold = 0.000285751514094

       Energy                       Rydberg                            eV
       E_KohnSham                -178.246858919                 -2425.1729319
         E_Harris                -178.606778308                -2430.06988641
          E_Fermi              +0.0187575671721               +0.255209794158

 PW ALGORITHM --------------- ION=   1  ELEC=   4--------------------------------
Average iterative diagonalization steps: 2.46956521739 ; where current threshold is: 0.000147699146834 . 

 Density error is 0.00539168584218
                          Error Threshold = 0.000147699146834

       Energy                       Rydberg                            eV
       E_KohnSham                -178.248685998                -2425.19779059
         E_Harris                -174.517404095                -2374.43109585
          E_Fermi              +0.0322762148296               +0.439140431554

 PW ALGORITHM --------------- ION=   1  ELEC=   5--------------------------------
Average iterative diagonalization steps: 3.75217391304 ; where current threshold is: 2.07372532392e-05 . 

 Density error is 0.0025375466871
                          Error Threshold = 2.07372532392e-05

       Energy                       Rydberg                            eV
       E_KohnSham                -178.253322971                -2425.26087984
         E_Harris                -177.149913506                -2410.24822389
          E_Fermi              +0.0364312733766               +0.495672903318

 PW ALGORITHM --------------- ION=   1  ELEC=   6--------------------------------
Average iterative diagonalization steps: 3.78260869565 ; where current threshold is: 9.7597949504e-06 . 

 Density error is 0.0150216394542
                          Error Threshold = 9.7597949504e-06

       Energy                       Rydberg                            eV
       E_KohnSham                -178.247822352                -2425.18604008
         E_Harris                -177.770550233                -2418.69241976
          E_Fermi              +0.0388211738346               +0.528189167199

 PW ALGORITHM --------------- ION=   1  ELEC=   7--------------------------------
Average iterative diagonalization steps: 3.96956521739 ; where current threshold is: 9.7597949504e-06 . 

 Density error is 0.000530313911655
                          Error Threshold = 9.7597949504e-06

       Energy                       Rydberg                            eV
       E_KohnSham                 -178.24986552                 -2425.2138388
         E_Harris                -179.146478618                -2437.41288584
          E_Fermi              +0.0412269084102               +0.560920865302

 PW ALGORITHM --------------- ION=   1  ELEC=   8--------------------------------
Average iterative diagonalization steps: 2.68260869565 ; where current threshold is: 2.03966889098e-06 . 

 Density error is 0.000412529418627
                          Error Threshold = 2.03966889098e-06

       Energy                       Rydberg                            eV
       E_KohnSham                -178.249785482                -2425.21274983
         E_Harris                -177.542502111                -2415.58966589
          E_Fermi              +0.0429568769672               +0.584458295039

 PW ALGORITHM --------------- ION=   1  ELEC=   9--------------------------------
Average iterative diagonalization steps: 3.46086956522 ; where current threshold is: 1.5866516101e-06 . 

 Density error is 0.00125187942242
                          Error Threshold = 1.5866516101e-06

       Energy                       Rydberg                            eV
       E_KohnSham                -178.249791061                -2425.21282574
         E_Harris                -177.974228918                -2421.46361044
          E_Fermi              +0.0426569201574               +0.580377173272

 PW ALGORITHM --------------- ION=   1  ELEC=  10--------------------------------
Average iterative diagonalization steps: 2.23043478261 ; where current threshold is: 1.5866516101e-06 . 

 Density error is 0.000229758336317
                          Error Threshold = 1.5866516101e-06

       Energy                       Rydberg                            eV
       E_KohnSham                 -178.24984542                -2425.21356532
         E_Harris                -177.287573064                -2412.12117826
          E_Fermi              +0.0454930278805               +0.618964398447

 PW ALGORITHM --------------- ION=   1  ELEC=  11--------------------------------
Average iterative diagonalization steps: 2.19130434783 ; where current threshold is: 8.83685908913e-07 . 

 Density error is 0.000194942663734
                          Error Threshold = 8.83685908913e-07

       Energy                       Rydberg                            eV
       E_KohnSham                -178.249869914                -2425.21389859
         E_Harris                -177.766748892                -2418.64069987
          E_Fermi              +0.0461041851198               +0.627279619275

 PW ALGORITHM --------------- ION=   1  ELEC=  12--------------------------------
Average iterative diagonalization steps: 2.34347826087 ; where current threshold is: 7.49779475901e-07 . 

 Density error is 0.000248345378334
                          Error Threshold = 7.49779475901e-07

       Energy                       Rydberg                            eV
       E_KohnSham                -178.249814461                -2425.21314411
         E_Harris                -177.778712312                -2418.80347055
          E_Fermi              +0.0450868936141               +0.613438658272

 PW ALGORITHM --------------- ION=   1  ELEC=  13--------------------------------
Average iterative diagonalization steps: 2.99130434783 ; where current threshold is: 7.49779475901e-07 . 

 Density error is 0.00010012896083
                          Error Threshold = 7.49779475901e-07

       Energy                       Rydberg                            eV
       E_KohnSham                -178.249822561                -2425.21325432
         E_Harris                -177.927208971                -2420.82387125
          E_Fermi              +0.0482187854469               +0.656050232717

 PW ALGORITHM --------------- ION=   1  ELEC=  14--------------------------------
Average iterative diagonalization steps: 2.26086956522 ; where current threshold is: 3.85111387809e-07 . 

 Density error is 8.75219176635e-05
                          Error Threshold = 3.85111387809e-07

       Energy                       Rydberg                            eV
       E_KohnSham                 -178.24982425                 -2425.2132773
         E_Harris                -177.973134562                -2421.44872097
          E_Fermi              +0.0489595729396               +0.666129163625

 PW ALGORITHM --------------- ION=   1  ELEC=  15--------------------------------
Average iterative diagonalization steps: 2 ; where current threshold is: 3.36622760244e-07 . 

 Density error is 7.12513434799e-05
                          Error Threshold = 3.36622760244e-07

       Energy                       Rydberg                            eV
       E_KohnSham                 -178.24982603                -2425.21330152
         E_Harris                -177.968057344                -2421.37964187
          E_Fermi              +0.0496287194793               +0.675233369362

 PW ALGORITHM --------------- ION=   1  ELEC=  16--------------------------------
Average iterative diagonalization steps: 2.84782608696 ; where current threshold is: 2.74043628769e-07 . 

 Density error is 3.94046810873e-05
                          Error Threshold = 2.74043628769e-07

       Energy                       Rydberg                            eV
       E_KohnSham                -178.249827597                -2425.21332284
         E_Harris                -178.048682084                -2422.47659773
          E_Fermi              +0.0514247872103               +0.699670124498

 PW ALGORITHM --------------- ION=   1  ELEC=  17--------------------------------
Average iterative diagonalization steps: 2.15652173913 ; where current threshold is: 1.5155646572e-07 . 

 Density error is 3.49485716341e-05
                          Error Threshold = 1.5155646572e-07

       Energy                       Rydberg                            eV
       E_KohnSham                -178.249835722                -2425.21343339
         E_Harris                -178.092122054                -2423.06762885
          E_Fermi              +0.0516745832553               +0.703068774047

 PW ALGORITHM --------------- ION=   1  ELEC=  18--------------------------------
Average iterative diagonalization steps: 2.70869565217 ; where current threshold is: 1.34417583208e-07 . 

 Density error is 2.19670746814e-05
                          Error Threshold = 1.34417583208e-07

       Energy                       Rydberg                            eV
       E_KohnSham                -178.249860859                -2425.21377538
         E_Harris                -178.099024829                -2423.16154592
          E_Fermi              +0.0527246169233               +0.717355215024

 PW ALGORITHM --------------- ION=   1  ELEC=  19--------------------------------
Average iterative diagonalization steps: 3.6652173913 ; where current threshold is: 8.44887487746e-08 . 

 Density error is 5.39917091505e-06
                          Error Threshold = 8.44887487746e-08

       Energy                       Rydberg                            eV
       E_KohnSham                -178.249865163                -2425.21383395
         E_Harris                -178.167336242                -2424.09097037
          E_Fermi               +0.054938613965               +0.747478190147

 PW ALGORITHM --------------- ION=   1  ELEC=  20--------------------------------
Average iterative diagonalization steps: 3.22173913043 ; where current threshold is: 2.0766041981e-08 . 

 Density error is 3.71522908071e-06
                          Error Threshold = 2.0766041981e-08

       Energy                       Rydberg                            eV
       E_KohnSham                -178.249871385                -2425.21391861
         E_Harris                -178.216209139                -2424.75592024
          E_Fermi                +0.05527985632               +0.752121030573

 PW ALGORITHM --------------- ION=   1  ELEC=  21--------------------------------
Average iterative diagonalization steps: 3.77826086957 ; where current threshold is: 1.42893426181e-08 . 

 Density error is 1.14035498723e-06
                          Error Threshold = 1.42893426181e-08

       Energy                       Rydberg                            eV
       E_KohnSham                -178.249879429                -2425.21402805
         E_Harris                -178.231619651                -2424.96559103
          E_Fermi              +0.0558769883476               +0.760245428607

 PW ALGORITHM --------------- ION=   1  ELEC=  22--------------------------------
Average iterative diagonalization steps: 5.19130434783 ; where current threshold is: 4.38598072013e-09 . 

 Density error is 2.27007091631e-08
                          Error Threshold = 4.38598072013e-09

       Energy                       Rydberg                            eV
       E_KohnSham                -178.249879167                -2425.21402448
         E_Harris                 -178.25273996                -2425.25294756
          E_Fermi               +0.056464007592               +0.768232235166

 PW ALGORITHM --------------- ION=   1  ELEC=  23--------------------------------
Average iterative diagonalization steps: 6.52608695652 ; where current threshold is: 8.73104198579e-11 . 

 Density error is 4.46853683547e-08
                          Error Threshold = 8.73104198579e-11

       Energy                       Rydberg                            eV
       E_KohnSham                 -178.24987937                -2425.21402725
         E_Harris                -178.248475688                -2425.19492917
          E_Fermi              +0.0563793121444               +0.767079894484

 PW ALGORITHM --------------- ION=   1  ELEC=  24--------------------------------
Average iterative diagonalization steps: 4.30434782609 ; where current threshold is: 8.73104198579e-11 . 

 Density error is 2.92925216641e-08
                          Error Threshold = 8.73104198579e-11

       Energy                       Rydberg                            eV
       E_KohnSham                -178.249879993                -2425.21403572
         E_Harris                -178.246745153                -2425.17138403
          E_Fermi              +0.0563869055062               +0.767183207473

 PW ALGORITHM --------------- ION=   1  ELEC=  25--------------------------------
Average iterative diagonalization steps: 6.13913043478 ; where current threshold is: 8.73104198579e-11 . 

 Density error is 2.79553202494e-08
                          Error Threshold = 8.73104198579e-11

       Energy                       Rydberg                            eV
       E_KohnSham                -178.249880058                -2425.21403661
         E_Harris                -178.247342345                -2425.17950925
          E_Fermi               +0.056485403265               +0.768523338231

 PW ALGORITHM --------------- ION=   1  ELEC=  26--------------------------------
Average iterative diagonalization steps: 4.91739130435 ; where current threshold is: 8.73104198579e-11 . 

 Density error is 1.78016410836e-09
                          Error Threshold = 8.73104198579e-11

           Energy                       Rydberg                            eV
       E_KohnSham                -178.249880105                -2425.21403725
   E_KS(sigma->0)                -178.249880105                -2425.21403725
         E_Harris                -178.248398028                -2425.19387255
           E_band                -28.9380662814                -393.722590528
       E_one_elec                -648.563223749                -8824.15535624
        E_Hartree                +325.645293002                +4430.63151171
             E_xc                -24.3145291239                -330.816140272
          E_Ewald                +168.982579766                +2299.12594755
   E_entropy(-TS)                            +0                            +0
          E_descf                            +0                            +0
            E_exx                            +0                            +0
          E_Fermi              +0.0564933370021               +0.768631282263

 charge density convergence is achieved
 final etot is -2425.2140373 eV
 EFERMI = 0.76863128226 eV

 STATE ENERGY(eV) AND OCCUPATIONS    NSPIN == 1
 1/10 kpoint (Cartesian) = 0.0000 0.0000 0.0000 (15079 pws)
       1       -60.2872      0.0312500
       2       -34.3614      0.0312500
       3       -34.1081      0.0312500
       4       -34.1081      0.0312500
       5       -12.5963      0.0312500
       6       -11.9619      0.0312500
       7       -4.25000      0.0312500
       8       -1.52250      0.0312500
       9      -0.569380      0.0312500
      10      -0.569379      0.0312500
      11     -0.0435078      0.0312500
      12       0.353316      0.0312500
      13       0.353336      0.0312500
      14        3.11266        0.00000
      15        3.11267        0.00000
      16        3.33449        0.00000
      17        3.33451        0.00000
      18        5.62732        0.00000
      19        6.48187        0.00000
      20        6.78364        0.00000
      21        8.50951        0.00000
      22        9.25409        0.00000
      23        10.4742        0.00000

 2/10 kpoint (Cartesian) = -0.12500 0.072169 0.0000 (15043 pws)
       1       -60.2822       0.187500
       2       -34.3530       0.187500
       3       -34.1561       0.187500
       4       -34.1194       0.187500
       5       -12.3847       0.187500
       6       -11.8212       0.187500
       7       -3.96311       0.187500
       8       -1.71861       0.187500
       9       -1.11280       0.187500
      10      -0.353529       0.187500
      11    -0.00522665       0.187500
      12      0.0298034       0.187500
      13      0.0416046       0.187500
      14        2.48364        0.00000
      15        2.93688        0.00000
      16        3.02722        0.00000
      17        3.53898        0.00000
      18        6.05172        0.00000
      19        6.80569        0.00000
      20        7.27164        0.00000
      21        8.90251        0.00000
      22        9.90655        0.00000
      23        10.5612        0.00000

 3/10 kpoint (Cartesian) = -0.25000 0.14434 0.0000 (15009 pws)
       1       -60.2703       0.187500
       2       -34.3326       0.187500
       3       -34.2706       0.187500
       4       -34.1465       0.187500
       5       -11.8145       0.187500
       6       -11.4441       0.187500
       7       -3.34631       0.187500
       8       -2.30292       0.187500
       9       -2.28164       0.187500
      10      -0.853674       0.187500
      11      -0.578263       0.187500
      12      -0.151417       0.187500
      13       0.128306       0.187500
      14        2.08151        0.00000
      15        2.71022        0.00000
      16        3.12960        0.00000
      17        3.83040        0.00000
      18        6.81691        0.00000
      19        7.65104        0.00000
      20        7.79368        0.00000
      21        9.35586        0.00000
      22        9.84443        0.00000
      23        10.2317        0.00000

 4/10 kpoint (Cartesian) = -0.37500 0.21651 0.0000 (14976 pws)
       1       -60.2583       0.187500
       2       -34.3832       0.187500
       3       -34.3121       0.187500
       4       -34.1735       0.187500
       5       -11.1156       0.187500
       6       -10.9932       0.187500
       7       -3.78082       0.187500
       8       -3.23059       0.187500
       9       -2.65970       0.187500
      10       -1.39364       0.187500
      11       -1.05496       0.187500
      12      -0.176594       0.187500
      13       0.443063       0.187500
      14        2.63469        0.00000
      15        2.88940        0.00000
      16        3.58225        0.00000
      17        3.96402        0.00000
      18        7.01695        0.00000
      19        8.03516        0.00000
      20        8.53190        0.00000
      21        9.11073        0.00000
      22        9.34337        0.00000
      23        10.5602        0.00000

 5/10 kpoint (Cartesian) = 0.50000 0.86603 0.0000 (14934 pws)
       1       -60.2533      0.0937500
       2       -34.4292      0.0937500
       3       -34.3036      0.0937500
       4       -34.1846      0.0937500
       5       -10.7746      0.0937500
       6       -10.7626      0.0937500
       7       -4.31980      0.0937500
       8       -3.69870      0.0937500
       9       -2.65881      0.0937500
      10       -1.51922      0.0937500
      11       -1.22847      0.0937500
      12      0.0418866      0.0937500
      13       0.494935      0.0937500
      14        3.13209        0.00000
      15        3.13837        0.00000
      16        3.79806        0.00000
      17        3.99117        0.00000
      18        6.58234        0.00000
      19        7.98982        0.00000
      20        8.53305        0.00000
      21        9.21139        0.00000
      22        10.0328        0.00000
      23        10.6543        0.00000

 6/10 kpoint (Cartesian) = -0.25000 0.0000 0.0000 (15047 pws)
       1       -60.2738       0.187500
       2       -34.3386       0.187500
       3       -34.2320       0.187500
       4       -34.1440       0.187500
       5       -11.9924       0.187500
       6       -11.5609       0.187500
       7       -3.47976       0.187500
       8       -2.00572       0.187500
       9       -1.92013       0.187500
      10       -1.01483       0.187500
      11      -0.223474       0.187500
      12     -0.0709325       0.187500
      13      0.0742634       0.187500
      14        1.99302        0.00000
      15        2.75246        0.00000
      16        2.90719        0.00000
      17        3.80110        0.00000
      18        6.64687        0.00000
      19        7.39210        0.00000
      20        7.77607        0.00000
      21        9.33438        0.00000
      22        10.3903        0.00000
      23        10.4818        0.00000

 7/10 kpoint (Cartesian) = -0.37500 0.072169 0.0000 (14982 pws)
       1       -60.2618       0.375000
       2       -34.3337       0.375000
       3       -34.3181       0.375000
       4       -34.1828       0.375000
       5       -11.3451       0.375000
       6       -11.1356       0.375000
       7       -3.23519       0.375000
       8       -2.67752       0.375000
       9       -2.63007       0.375000
      10       -1.82617       0.375000
      11      -0.614933       0.375000
      12      -0.610250       0.375000
      13       0.341553       0.375000
      14        2.00855        0.00000
      15        3.04752        0.00000
      16        3.16632        0.00000
      17        3.98243        0.00000
      18        7.35450        0.00000
      19        8.06356        0.00000
      20        8.37790        0.00000
      21        9.57584        0.00000
      22        10.1083        0.00000
      23        10.6701        0.00000

 8/10 kpoint (Cartesian) = 0.50000 0.72169 0.0000 (14979 pws)
       1       -60.2533       0.375000
       2       -34.4042       0.375000
       3       -34.3036       0.375000
       4       -34.2106       0.375000
       5       -10.7820       0.375000
       6       -10.7759       0.375000
       7       -3.98654       0.375000
       8       -3.51741       0.375000
       9       -2.55268       0.375000
      10       -1.78221       0.375000
      11       -1.21881       0.375000
      12      -0.723809       0.375000
      13       0.530925       0.375000
      14        2.68880        0.00000
      15        3.38091        0.00000
      16        3.43871        0.00000
      17        4.07501        0.00000
      18        6.95067        0.00000
      19        8.52150        0.00000
      20        9.16350        0.00000
      21        9.79677        0.00000
      22        10.1544        0.00000
      23        10.5799        0.00000

 9/10 kpoint (Cartesian) = 0.50000 0.57735 0.0000 (14976 pws)
       1       -60.2533       0.187500
       2       -34.3693       0.187500
       3       -34.3037       0.187500
       4       -34.2464       0.187500
       5       -10.8009       0.187500
       6       -10.7772       0.187500
       7       -3.51249       0.187500
       8       -3.24002       0.187500
       9       -2.38557       0.187500
      10       -2.21107       0.187500
      11       -1.57605       0.187500
      12       -1.10755       0.187500
      13       0.523782       0.187500
      14        2.35155        0.00000
      15        2.99440        0.00000
      16        3.50603        0.00000
      17        4.29985        0.00000
      18        7.44514        0.00000
      19        8.79412        0.00000
      20        9.32565        0.00000
      21        9.70452        0.00000
      22        10.5652        0.00000
      23        10.6632        0.00000

 10/10 kpoint (Cartesian) = 0.37500 0.64952 0.0000 (14996 pws)
       1       -60.2498       0.187500
       2       -34.3722       0.187500
       3       -34.2977       0.187500
       4       -34.2846       0.187500
       5       -10.6087       0.187500
       6       -10.5448       0.187500
       7       -3.59241       0.187500
       8       -3.56624       0.187500
       9       -2.44207       0.187500
      10       -2.01894       0.187500
      11       -1.98985       0.187500
      12       -1.56509       0.187500
      13       0.768631       0.187500
      14        2.75859        0.00000
      15        2.86725        0.00000
      16        3.40820        0.00000
      17        4.52328        0.00000
      18        7.36596        0.00000
      19        8.52323        0.00000
      20        9.90096        0.00000
      21        10.1406        0.00000
      22        10.6785        0.00000
      23        10.9790        0.00000



 --------------------------------------------
 !FINAL_ETOT_IS -2425.214037251361 eV
 --------------------------------------------






  |CLASS_NAME---------|NAME---------------|TIME(Sec)-----|CALLS----|AVG------|PER%-------
                                      total         53.794        17       3.2   1.0e+02%
                 Driver         driver_line         53.778         1       54.    1.e+02%
                   Ions            opt_ions         53.557         1       54.    1.e+02%
          ESolver_KS_PW                 Run         53.557         1       54.    1.e+02%
               PW_Basis          recip2real        0.18248       191   0.00096      0.34%
              Potential  update_from_charge        0.63220        27     0.023       1.2%
              Potential           cal_v_eff        0.62852        27     0.023       1.2%
               PW_Basis          real2recip        0.19881       270   0.00074      0.37%
                  PotXC           cal_v_eff        0.51041        27     0.019      0.95%
          XC_Functional                v_xc        0.50015        27     0.019      0.93%
               Symmetry       rhog_symmetry        0.23001        28    0.0082      0.43%
              HSolverPW               solve         52.211        27       1.9       97.%
               Nonlocal              getvnl        0.21852       270   0.00081      0.41%
            pp_cell_vnl              getvnl        0.21828       270   0.00081      0.41%
        DiagoIterAssist      diagH_subspace         7.2213       260     0.028       13.%
             OperatorPW                hPsi         35.474     23375    0.0015       66.%
               Operator          EkineticPW        0.33261     23375   1.4e-05      0.62%
               Operator              VeffPW         32.292     23375    0.0014       60.%
             PW_Basis_K          recip2real         23.295     32605   0.00071       43.%
             PW_Basis_K    gathers_scatterp         2.4674     32605   7.6e-05       4.6%
             PW_Basis_K          real2recip         11.002     29095   0.00038       20.%
             PW_Basis_K    gatherp_scatters         2.1940     29095   7.5e-05       4.1%
               Operator          NonlocalPW         1.8444     23375   7.9e-05       3.4%
               Nonlocal     add_nonlocal_pp         1.0650     23375   4.6e-05       2.0%
                DiagoCG           diag_once         41.562       270      0.15       77.%
            ElecStatePW            psiToRho         2.7061        27      0.10       5.0%
                 Charge             mix_rho        0.18648        25    0.0075      0.35%
                 Charge        Pulay_mixing        0.18325        25    0.0073      0.34%
 ----------------------------------------------------------------------------------------

 NAME---------------|MEMORY(MB)--------
               total          265.9
              Psi_PW          52.92
        ChgMix::Rrho          46.88
       ChgMix::dRrho          44.53
        ChgMix::drho          44.53
           FFT::grid          9.375
       DiagSub::hpsi          5.292
    DiagSub::evctemp          5.292
    Veff<PW>::porter          4.688
   Veff<PW>::porter1          4.688
    Meta<PW>::porter          4.688
       ElecSPW::wfcr          4.688
     ElecSPW::wfcr_a          4.688
            VNL::vkb          3.911
        SF::strucFac          3.659
        PW_B_K::gcar          3.451
            Chg::rho          2.344
       Chg::rho_save          2.344
       Chg::rho_core          2.344
       Pot::veff_fix          2.344
           Pot::veff          2.344
   ChgMix::rho_save2          2.344
           VNL::vkb1          2.071
         PW_B_K::gk2          1.150
            VNL::ylm          1.035
   YlmReal::Ylm_Real          1.035
 -------------   < 1.0 MB has been ignored ----------------
 ----------------------------------------------------------

 Start  Time  : Sat Dec  2 15:39:21 2023
 Finish Time  : Sat Dec  2 15:40:14 2023
 Total  Time  : 0 h 0 mins 53 secs 
