                                                                                     
                              ABACUS v3.3.2

               Atomic-orbital Based Ab-initio Computation at UStc                    

                     Website: http://abacus.ustc.edu.cn/                             
               Documentation: https://abacus.deepmodeling.com/                       
                  Repository: https://github.com/abacusmodeling/abacus-develop       
                              https://github.com/deepmodeling/abacus-develop         
                      Commit: e39b50e (Fri Aug 18 16:14:25 2023 +0800)

 Sat Dec  2 15:39:21 2023
 MAKE THE DIR         : OUT.ABACUS/

%%%%%%%%%%%%%%%%%%%%%%%%%%%%%%%%%%%%%%%%%%%%%%%%%%%%%%%%%%%%%%%%%%%%%%%%%%%%%%%%%%%%%%%%%%%%%%%%%%%%%%%%%
 Warning: the number of valence electrons in pseudopotential > 6 for Mo: [Kr] 4d5 5s1
 Pseudopotentials with additional electrons can yield (more) accurate outcomes, but may be less efficient.
 If you're confident that your chosen pseudopotential is appropriate, you can safely ignore this warning.
%%%%%%%%%%%%%%%%%%%%%%%%%%%%%%%%%%%%%%%%%%%%%%%%%%%%%%%%%%%%%%%%%%%%%%%%%%%%%%%%%%%%%%%%%%%%%%%%%%%%%%%%%

 UNIFORM GRID DIM     : 40 * 40 * 216
 UNIFORM GRID DIM(BIG): 40 * 40 * 216
 DONE(0.0719619  SEC) : SETUP UNITCELL
 DONE(0.0943998  SEC) : SYMMETRY
 DONE(0.159327   SEC) : INIT K-POINTS
 ---------------------------------------------------------
 Self-consistent calculations for electrons
 ---------------------------------------------------------
 SPIN    KPOINTS         PROCESSORS  
 1       10              1           
 ---------------------------------------------------------
 Use plane wave basis
 ---------------------------------------------------------
 ELEMENT NATOM       XC          
 Mo      1           
 S       2           
 ---------------------------------------------------------
 Initial plane wave basis and FFT box
 ---------------------------------------------------------
 DONE(0.171443   SEC) : INIT PLANEWAVE
 MEMORY FOR PSI (MB)  : 60.1216
 DONE(0.200313   SEC) : LOCAL POTENTIAL
 DONE(0.226144   SEC) : NON-LOCAL POTENTIAL
 DONE(0.226179   SEC) : INIT BASIS
 -------------------------------------------
 SELF-CONSISTENT : 
 -------------------------------------------
 START CHARGE      : atomic
 DONE(0.319978   SEC) : INIT SCF
 ITER   ETOT(eV)       EDIFF(eV)      DRHO       TIME(s)    
 CG1    -2.423926e+03  0.000000e+00   2.670e-01  5.768e+00  
 CG2    -2.425209e+03  -1.282950e+00  6.231e-02  1.921e+00  
 CG3    -2.425160e+03  4.898931e-02   3.573e-02  1.698e+00  
 CG4    -2.425204e+03  -4.340983e-02  1.443e-02  1.632e+00  
 CG5    -2.425210e+03  -6.314864e-03  2.941e-03  1.392e+00  
 CG6    -2.425181e+03  2.891961e-02   1.238e-02  1.914e+00  
 CG7    -2.425206e+03  -2.469422e-02  5.126e-03  1.951e+00  
 CG8    -2.425215e+03  -9.281213e-03  6.207e-04  1.304e+00  
 CG9    -2.425214e+03  9.120685e-04   7.112e-04  1.465e+00  
 CG10   -2.425214e+03  4.918784e-04   3.403e-04  1.506e+00  
 CG11   -2.425214e+03  -1.709337e-05  1.873e-04  1.721e+00  
 CG12   -2.425213e+03  3.055618e-04   1.627e-04  1.557e+00  
 CG13   -2.425213e+03  -3.271165e-05  1.053e-04  1.627e+00  
 CG14   -2.425213e+03  3.983413e-05   9.797e-05  1.228e+00  
 CG15   -2.425213e+03  3.160026e-05   8.323e-05  1.509e+00  
 CG16   -2.425213e+03  -2.036190e-05  5.307e-05  1.693e+00  
 CG17   -2.425213e+03  -5.176665e-06  5.045e-05  1.198e+00  
 CG18   -2.425213e+03  -7.582838e-06  5.127e-05  1.191e+00  
 CG19   -2.425213e+03  -2.259358e-05  5.098e-05  1.191e+00  
 CG20   -2.425214e+03  -2.253052e-04  4.350e-05  1.211e+00  
 CG21   -2.425214e+03  -4.990937e-06  1.479e-05  1.740e+00  
 CG22   -2.425214e+03  5.591602e-06   1.511e-05  1.247e+00  
 CG23   -2.425214e+03  -9.114206e-06  1.605e-05  1.228e+00  
 CG24   -2.425214e+03  -2.631304e-05  1.436e-05  1.412e+00  
 CG25   -2.425214e+03  -2.432833e-05  1.385e-05  1.362e+00  
 CG26   -2.425214e+03  -2.668547e-04  1.384e-05  1.502e+00  
 CG27   -2.425214e+03  -9.053930e-05  3.231e-06  2.056e+00  
 CG28   -2.425214e+03  -1.119034e-05  9.195e-07  2.239e+00  
 CG29   -2.425214e+03  -6.521657e-06  4.471e-07  2.126e+00  
 CG30   -2.425214e+03  -1.696771e-05  3.248e-07  1.927e+00  
 CG31   -2.425214e+03  -1.768092e-05  1.290e-07  2.381e+00  
 CG32   -2.425214e+03  -2.173061e-06  2.137e-07  3.061e+00  
 CG33   -2.425214e+03  4.217307e-06   2.051e-07  2.297e+00  
 CG34   -2.425214e+03  -2.488872e-06  1.150e-07  2.607e+00  
 CG35   -2.425214e+03  1.817087e-06   4.539e-08  2.365e+00  
 CG36   -2.425214e+03  2.972635e-06   3.951e-08  2.539e+00  
 CG37   -2.425214e+03  -7.026883e-06  4.813e-08  2.491e+00  
 CG38   -2.425214e+03  -2.505184e-06  5.282e-08  2.968e+00  
 CG39   -2.425214e+03  -5.061707e-06  3.067e-08  2.595e+00  
 CG40   -2.425214e+03  2.850496e-06   4.462e-08  2.768e+00  
 CG41   -2.425214e+03  3.061320e-06   2.999e-08  2.461e+00  
 CG42   -2.425214e+03  7.108156e-07   1.050e-08  2.529e+00  
 CG43   -2.425214e+03  1.746510e-06   3.967e-09  2.575e+00  

  |CLASS_NAME---------|NAME---------------|TIME(Sec)-----|CALLS----|AVG------|PER%-------
                       total               85.497         17        5         1e+02     %
   Driver              driver_line         85.48          1         85        1e+02     %
   Ions                opt_ions            85.256         1         85        1e+02     %
   ESolver_KS_PW       Run                 85.256         1         85        1e+02     %
   PW_Basis            recip2real          0.32091        309       0.001     0.38      %
   Potential           update_from_charge  1.1385         44        0.026     1.3       %
   Potential           cal_v_eff           1.1339         44        0.026     1.3       %
   H_Hartree_pw        v_hartree           0.17613        44        0.004     0.21      %
   PW_Basis            real2recip          0.37822        437       0.00087   0.44      %
   PotXC               cal_v_eff           0.91036        44        0.021     1.1       %
   XC_Functional       v_xc                0.89073        44        0.02      1         %
   Symmetry            rhog_symmetry       0.40249        44        0.0091    0.47      %
   HSolverPW           solve               82.809         43        1.9       97        %
   Nonlocal            getvnl              0.39342        430       0.00091   0.46      %
   pp_cell_vnl         getvnl              0.39305        430       0.00091   0.46      %
   DiagoIterAssist     diagH_subspace      12.244         430       0.028     14        %
   OperatorPW          hPsi                57.175         36774     0.0016    67        %
   Operator            EkineticPW          0.54847        36774     1.5e-05   0.64      %
   Operator            VeffPW              52.227         36774     0.0014    61        %
   PW_Basis_K          recip2real          38.241         51824     0.00074   45        %
   PW_Basis_K          gathers_scatterp    4.4126         51824     8.5e-05   5.2       %
   PW_Basis_K          real2recip          17.302         46234     0.00037   20        %
   PW_Basis_K          gatherp_scatters    3.5259         46234     7.6e-05   4.1       %
   Operator            NonlocalPW          2.9828         36774     8.1e-05   3.5       %
   Nonlocal            add_nonlocal_pp     1.7422         36774     4.7e-05   2         %
   DiagoIterAssist     LAPACK_subspace     0.15409        430       0.00036   0.18      %
   DiagoCG             diag_once           65.048         430       0.15      76        %
   ElecStatePW         psiToRho            4.5448         43        0.11      5.3       %
   Charge              mix_rho             0.36201        42        0.0086    0.42      %
   Charge              Pulay_mixing        0.35676        42        0.0085    0.42      %
 ----------------------------------------------------------------------------------------

 START  Time  : Sat Dec  2 15:39:21 2023
 FINISH Time  : Sat Dec  2 15:40:47 2023
 TOTAL  Time  : 86
 SEE INFORMATION IN : OUT.ABACUS/
