                                                                                     
                              ABACUS v3.3.2

               Atomic-orbital Based Ab-initio Computation at UStc                    

                     Website: http://abacus.ustc.edu.cn/                             
               Documentation: https://abacus.deepmodeling.com/                       
                  Repository: https://github.com/abacusmodeling/abacus-develop       
                              https://github.com/deepmodeling/abacus-develop         
                      Commit: e39b50e (Fri Aug 18 16:14:25 2023 +0800)

 Sun Dec  3 14:07:33 2023
 MAKE THE DIR         : OUT.ABACUS/

%%%%%%%%%%%%%%%%%%%%%%%%%%%%%%%%%%%%%%%%%%%%%%%%%%%%%%%%%%%%%%%%%%%%%%%%%%%%%%%%%%%%%%%%%%%%%%%%%%%%%%%%%
 Warning: the number of valence electrons in pseudopotential > 6 for Mo: [Kr] 4d5 5s1
 Pseudopotentials with additional electrons can yield (more) accurate outcomes, but may be less efficient.
 If you're confident that your chosen pseudopotential is appropriate, you can safely ignore this warning.
%%%%%%%%%%%%%%%%%%%%%%%%%%%%%%%%%%%%%%%%%%%%%%%%%%%%%%%%%%%%%%%%%%%%%%%%%%%%%%%%%%%%%%%%%%%%%%%%%%%%%%%%%

 UNIFORM GRID DIM     : 40 * 40 * 216
 UNIFORM GRID DIM(BIG): 40 * 40 * 216
 DONE(0.0476854  SEC) : SETUP UNITCELL
 DONE(0.0696733  SEC) : SYMMETRY
 DONE(0.134493   SEC) : INIT K-POINTS
 ---------------------------------------------------------
 Self-consistent calculations for electrons
 ---------------------------------------------------------
 SPIN    KPOINTS         PROCESSORS  
 1       10              1           
 ---------------------------------------------------------
 Use plane wave basis
 ---------------------------------------------------------
 ELEMENT NATOM       XC          
 Mo      1           
 S       2           
 ---------------------------------------------------------
 Initial plane wave basis and FFT box
 ---------------------------------------------------------
 DONE(0.146218   SEC) : INIT PLANEWAVE
 MEMORY FOR PSI (MB)  : 57.3912
 DONE(0.190195   SEC) : LOCAL POTENTIAL
 DONE(0.216544   SEC) : NON-LOCAL POTENTIAL
 DONE(0.216581   SEC) : INIT BASIS
 -------------------------------------------
 SELF-CONSISTENT : 
 -------------------------------------------
 START CHARGE      : atomic
 DONE(0.29354    SEC) : INIT SCF
 ITER   ETOT(eV)       EDIFF(eV)      DRHO       TIME(s)    
 CG1    -2.425752e+03  0.000000e+00   1.113e-01  9.760e+00  
 CG2    -2.425310e+03  4.419601e-01   8.332e-02  1.240e+00  
 CG3    -2.425501e+03  -1.912879e-01  1.371e-02  1.739e+00  
 CG4    -2.425468e+03  3.365373e-02   7.972e-03  1.384e+00  
 CG5    -2.425502e+03  -3.482320e-02  1.060e-02  1.885e+00  
 CG6    -2.425480e+03  2.295844e-02   4.695e-03  1.197e+00  
 CG7    -2.425493e+03  -1.360518e-02  2.278e-03  1.871e+00  
 CG8    -2.425496e+03  -2.775372e-03  6.365e-04  1.234e+00  
 CG9    -2.425493e+03  2.497250e-03   8.341e-04  1.660e+00  
 CG10   -2.425495e+03  -1.221807e-03  2.279e-04  1.696e+00  
 CG11   -2.425495e+03  8.061768e-05   2.316e-04  1.291e+00  
 CG12   -2.425494e+03  5.610972e-04   2.083e-04  1.508e+00  
 CG13   -2.425494e+03  -9.118819e-05  1.233e-04  1.635e+00  
 CG14   -2.425494e+03  7.150677e-05   1.171e-04  1.255e+00  
 CG15   -2.425494e+03  5.417905e-05   9.294e-05  1.433e+00  
 CG16   -2.425494e+03  -3.687499e-05  6.957e-05  1.514e+00  
 CG17   -2.425494e+03  -1.165828e-05  6.399e-05  1.285e+00  
 CG18   -2.425494e+03  -3.362011e-05  4.315e-05  1.578e+00  
 CG19   -2.425494e+03  -1.157646e-05  3.717e-05  1.382e+00  
 CG20   -2.425494e+03  -7.231341e-05  3.472e-05  1.238e+00  
 CG21   -2.425494e+03  -1.543659e-04  2.367e-05  1.460e+00  
 CG22   -2.425494e+03  -9.546924e-05  1.039e-05  1.904e+00  
 CG23   -2.425494e+03  -1.487865e-04  6.537e-06  1.865e+00  
 CG24   -2.425495e+03  -9.782665e-06  1.200e-06  2.302e+00  
 CG25   -2.425495e+03  -1.127329e-05  1.007e-06  1.820e+00  
 CG26   -2.425495e+03  -5.803695e-05  6.900e-07  1.849e+00  
 CG27   -2.425495e+03  -1.030187e-06  3.854e-08  2.929e+00  
 CG28   -2.425495e+03  -1.453746e-06  4.823e-08  2.968e+00  
 CG29   -2.425495e+03  -2.321485e-06  2.499e-08  2.404e+00  
 CG30   -2.425495e+03  -3.476354e-07  7.516e-10  3.178e+00  

  |CLASS_NAME---------|NAME---------------|TIME(Sec)-----|CALLS----|AVG------|PER%-------
                       total               60.774         17        3.6       1e+02     %
   Driver              driver_line         60.766         1         61        1e+02     %
   Ions                opt_ions            60.546         1         61        1e+02     %
   ESolver_KS_PW       Run                 60.546         1         61        1e+02     %
   PW_Basis            recip2real          0.21359        219       0.00098   0.35      %
   Potential           update_from_charge  0.78375        31        0.025     1.3       %
   Potential           cal_v_eff           0.77946        31        0.025     1.3       %
   H_Hartree_pw        v_hartree           0.11591        31        0.0037    0.19      %
   PW_Basis            real2recip          0.24649        310       0.0008    0.41      %
   PotXC               cal_v_eff           0.62966        31        0.02      1         %
   XC_Functional       v_xc                0.61362        31        0.02      1         %
   Symmetry            rhog_symmetry       0.28506        32        0.0089    0.47      %
   HSolverPW           solve               58.893         31        1.9       97        %
   Nonlocal            getvnl              0.24929        310       0.0008    0.41      %
   pp_cell_vnl         getvnl              0.24902        310       0.0008    0.41      %
   DiagoIterAssist     diagH_subspace      8.6466         300       0.029     14        %
   OperatorPW          hPsi                40.527         25731     0.0016    67        %
   Operator            EkineticPW          0.36918        25731     1.4e-05   0.61      %
   Operator            VeffPW              37.034         25731     0.0014    61        %
   PW_Basis_K          recip2real          26.813         36361     0.00074   44        %
   PW_Basis_K          gathers_scatterp    3.2939         36361     9.1e-05   5.4       %
   PW_Basis_K          real2recip          12.567         32331     0.00039   21        %
   PW_Basis_K          gatherp_scatters    2.4566         32331     7.6e-05   4         %
   Operator            NonlocalPW          2.094          25731     8.1e-05   3.4       %
   Nonlocal            add_nonlocal_pp     1.1913         25731     4.6e-05   2         %
   DiagoIterAssist     LAPACK_subspace     0.10878        300       0.00036   0.18      %
   DiagoCG             diag_once           46.247         310       0.15      76        %
   ElecStatePW         psiToRho            3.2154         31        0.1       5.3       %
   Charge              mix_rho             0.20742        29        0.0072    0.34      %
   Charge              Pulay_mixing        0.20344        29        0.007     0.33      %
 ----------------------------------------------------------------------------------------

 START  Time  : Sun Dec  3 14:07:33 2023
 FINISH Time  : Sun Dec  3 14:08:34 2023
 TOTAL  Time  : 61
 SEE INFORMATION IN : OUT.ABACUS/
