                                                                                     
                              ABACUS v3.3.2

               Atomic-orbital Based Ab-initio Computation at UStc                    

                     Website: http://abacus.ustc.edu.cn/                             
               Documentation: https://abacus.deepmodeling.com/                       
                  Repository: https://github.com/abacusmodeling/abacus-develop       
                              https://github.com/deepmodeling/abacus-develop         
                      Commit: e39b50e (Fri Aug 18 16:14:25 2023 +0800)

 Sat Dec  2 15:39:21 2023
 MAKE THE DIR         : OUT.ABACUS/

%%%%%%%%%%%%%%%%%%%%%%%%%%%%%%%%%%%%%%%%%%%%%%%%%%%%%%%%%%%%%%%%%%%%%%%%%%%%%%%%%%%%%%%%%%%%%%%%%%%%%%%%%
 Warning: the number of valence electrons in pseudopotential > 6 for Mo: [Kr] 4d5 5s1
 Pseudopotentials with additional electrons can yield (more) accurate outcomes, but may be less efficient.
 If you're confident that your chosen pseudopotential is appropriate, you can safely ignore this warning.
%%%%%%%%%%%%%%%%%%%%%%%%%%%%%%%%%%%%%%%%%%%%%%%%%%%%%%%%%%%%%%%%%%%%%%%%%%%%%%%%%%%%%%%%%%%%%%%%%%%%%%%%%

 UNIFORM GRID DIM     : 40 * 40 * 192
 UNIFORM GRID DIM(BIG): 40 * 40 * 192
 DONE(0.0654068  SEC) : SETUP UNITCELL
 DONE(0.0878335  SEC) : SYMMETRY
 DONE(0.152557   SEC) : INIT K-POINTS
 ---------------------------------------------------------
 Self-consistent calculations for electrons
 ---------------------------------------------------------
 SPIN    KPOINTS         PROCESSORS  
 1       10              1           
 ---------------------------------------------------------
 Use plane wave basis
 ---------------------------------------------------------
 ELEMENT NATOM       XC          
 Mo      1           
 S       2           
 ---------------------------------------------------------
 Initial plane wave basis and FFT box
 ---------------------------------------------------------
 DONE(0.165345   SEC) : INIT PLANEWAVE
 MEMORY FOR PSI (MB)  : 52.9201
 DONE(0.19592    SEC) : LOCAL POTENTIAL
 DONE(0.222401   SEC) : NON-LOCAL POTENTIAL
 DONE(0.222436   SEC) : INIT BASIS
 -------------------------------------------
 SELF-CONSISTENT : 
 -------------------------------------------
 START CHARGE      : atomic
 DONE(0.285613   SEC) : INIT SCF
 ITER   ETOT(eV)       EDIFF(eV)      DRHO       TIME(s)    
 CG1    -2.425254e+03  0.000000e+00   1.824e-01  8.367e+00  
 CG2    -2.425130e+03  1.245077e-01   7.430e-02  1.186e+00  
 CG3    -2.425173e+03  -4.325801e-02  3.840e-02  1.458e+00  
 CG4    -2.425198e+03  -2.485869e-02  5.392e-03  1.387e+00  
 CG5    -2.425261e+03  -6.308924e-02  2.538e-03  1.983e+00  
 CG6    -2.425186e+03  7.483976e-02   1.502e-02  2.011e+00  
 CG7    -2.425214e+03  -2.779872e-02  5.303e-04  2.089e+00  
 CG8    -2.425213e+03  1.088972e-03   4.125e-04  1.482e+00  
 CG9    -2.425213e+03  -7.591536e-05  1.252e-03  1.845e+00  
 CG10   -2.425214e+03  -7.395810e-04  2.298e-04  1.273e+00  
 CG11   -2.425214e+03  -3.332655e-04  1.949e-04  1.255e+00  
 CG12   -2.425213e+03  7.544757e-04   2.483e-04  1.338e+00  
 CG13   -2.425213e+03  -1.102064e-04  1.001e-04  1.632e+00  
 CG14   -2.425213e+03  -2.297939e-05  8.752e-05  1.288e+00  
 CG15   -2.425213e+03  -2.422008e-05  7.125e-05  1.165e+00  
 CG16   -2.425213e+03  -2.131943e-05  3.940e-05  1.560e+00  
 CG17   -2.425213e+03  -1.105498e-04  3.495e-05  1.238e+00  
 CG18   -2.425214e+03  -3.419942e-04  2.197e-05  1.494e+00  
 CG19   -2.425214e+03  -5.856739e-05  5.399e-06  1.939e+00  
 CG20   -2.425214e+03  -8.465622e-05  3.715e-06  1.736e+00  
 CG21   -2.425214e+03  -1.094415e-04  1.140e-06  2.002e+00  
 CG22   -2.425214e+03  3.571453e-06   2.270e-08  2.654e+00  
 CG23   -2.425214e+03  -2.772953e-06  4.469e-08  3.266e+00  
 CG24   -2.425214e+03  -8.467724e-06  2.929e-08  2.242e+00  
 CG25   -2.425214e+03  -8.886723e-07  2.796e-08  3.097e+00  
 CG26   -2.425214e+03  -6.444077e-07  1.780e-09  2.504e+00  

  |CLASS_NAME---------|NAME---------------|TIME(Sec)-----|CALLS----|AVG------|PER%-------
                       total               53.794         17        3.2       1e+02     %
   Driver              driver_line         53.778         1         54        1e+02     %
   Ions                opt_ions            53.557         1         54        1e+02     %
   ESolver_KS_PW       Run                 53.557         1         54        1e+02     %
   PW_Basis            recip2real          0.18248        191       0.00096   0.34      %
   Potential           update_from_charge  0.6322         27        0.023     1.2       %
   Potential           cal_v_eff           0.62852        27        0.023     1.2       %
   PW_Basis            real2recip          0.19881        270       0.00074   0.37      %
   PotXC               cal_v_eff           0.51041        27        0.019     0.95      %
   XC_Functional       v_xc                0.50015        27        0.019     0.93      %
   Symmetry            rhog_symmetry       0.23001        28        0.0082    0.43      %
   HSolverPW           solve               52.211         27        1.9       97        %
   Nonlocal            getvnl              0.21852        270       0.00081   0.41      %
   pp_cell_vnl         getvnl              0.21828        270       0.00081   0.41      %
   DiagoIterAssist     diagH_subspace      7.2213         260       0.028     13        %
   OperatorPW          hPsi                35.474         23375     0.0015    66        %
   Operator            EkineticPW          0.33261        23375     1.4e-05   0.62      %
   Operator            VeffPW              32.292         23375     0.0014    60        %
   PW_Basis_K          recip2real          23.295         32605     0.00071   43        %
   PW_Basis_K          gathers_scatterp    2.4674         32605     7.6e-05   4.6       %
   PW_Basis_K          real2recip          11.002         29095     0.00038   20        %
   PW_Basis_K          gatherp_scatters    2.194          29095     7.5e-05   4.1       %
   Operator            NonlocalPW          1.8444         23375     7.9e-05   3.4       %
   Nonlocal            add_nonlocal_pp     1.065          23375     4.6e-05   2         %
   DiagoCG             diag_once           41.562         270       0.15      77        %
   ElecStatePW         psiToRho            2.7061         27        0.1       5         %
   Charge              mix_rho             0.18648        25        0.0075    0.35      %
   Charge              Pulay_mixing        0.18325        25        0.0073    0.34      %
 ----------------------------------------------------------------------------------------

 START  Time  : Sat Dec  2 15:39:21 2023
 FINISH Time  : Sat Dec  2 15:40:14 2023
 TOTAL  Time  : 53
 SEE INFORMATION IN : OUT.ABACUS/
