                                                                                     
                              ABACUS v3.3.2

               Atomic-orbital Based Ab-initio Computation at UStc                    

                     Website: http://abacus.ustc.edu.cn/                             
               Documentation: https://abacus.deepmodeling.com/                       
                  Repository: https://github.com/abacusmodeling/abacus-develop       
                              https://github.com/deepmodeling/abacus-develop         
                      Commit: e39b50e (Fri Aug 18 16:14:25 2023 +0800)

 Sun Dec  3 13:59:45 2023
 MAKE THE DIR         : OUT.ABACUS/

%%%%%%%%%%%%%%%%%%%%%%%%%%%%%%%%%%%%%%%%%%%%%%%%%%%%%%%%%%%%%%%%%%%%%%%%%%%%%%%%%%%%%%%%%%%%%%%%%%%%%%%%%
 Warning: the number of valence electrons in pseudopotential > 6 for Mo: [Kr] 4d5 5s1
 Pseudopotentials with additional electrons can yield (more) accurate outcomes, but may be less efficient.
 If you're confident that your chosen pseudopotential is appropriate, you can safely ignore this warning.
%%%%%%%%%%%%%%%%%%%%%%%%%%%%%%%%%%%%%%%%%%%%%%%%%%%%%%%%%%%%%%%%%%%%%%%%%%%%%%%%%%%%%%%%%%%%%%%%%%%%%%%%%

 UNIFORM GRID DIM     : 40 * 40 * 225
 UNIFORM GRID DIM(BIG): 40 * 40 * 225
 DONE(0.0671763  SEC) : SETUP UNITCELL
 DONE(0.089207   SEC) : SYMMETRY
 DONE(0.153905   SEC) : INIT K-POINTS
 ---------------------------------------------------------
 Self-consistent calculations for electrons
 ---------------------------------------------------------
 SPIN    KPOINTS         PROCESSORS  
 1       10              1           
 ---------------------------------------------------------
 Use plane wave basis
 ---------------------------------------------------------
 ELEMENT NATOM       XC          
 Mo      1           
 S       2           
 ---------------------------------------------------------
 Initial plane wave basis and FFT box
 ---------------------------------------------------------
 DONE(0.16591    SEC) : INIT PLANEWAVE
 MEMORY FOR PSI (MB)  : 58.1528
 DONE(0.190812   SEC) : LOCAL POTENTIAL
 DONE(0.216496   SEC) : NON-LOCAL POTENTIAL
 DONE(0.216536   SEC) : INIT BASIS
 -------------------------------------------
 SELF-CONSISTENT : 
 -------------------------------------------
 START CHARGE      : atomic
 DONE(0.290109   SEC) : INIT SCF
 ITER   ETOT(eV)       EDIFF(eV)      DRHO       TIME(s)    
 CG1    -2.426268e+03  0.000000e+00   1.074e-01  1.144e+01  
 CG2    -2.425866e+03  4.024756e-01   7.938e-02  1.511e+00  
 CG3    -2.426020e+03  -1.538426e-01  1.788e-02  2.027e+00  
 CG4    -2.425997e+03  2.292231e-02   7.471e-03  1.676e+00  
 CG5    -2.426016e+03  -1.956161e-02  9.411e-03  2.306e+00  
 CG6    -2.426011e+03  4.821002e-03   2.217e-03  1.550e+00  
 CG7    -2.426018e+03  -6.351682e-03  2.570e-03  2.533e+00  
 CG8    -2.426018e+03  -4.902630e-04  9.647e-04  1.492e+00  
 CG9    -2.426016e+03  2.350575e-03   8.498e-04  1.899e+00  
 CG10   -2.426017e+03  -1.408578e-03  2.615e-04  1.807e+00  
 CG11   -2.426017e+03  2.288091e-04   2.715e-04  1.836e+00  
 CG12   -2.426017e+03  4.822566e-04   2.176e-04  1.838e+00  
 CG13   -2.426017e+03  -6.405292e-05  1.320e-04  2.052e+00  
 CG14   -2.426017e+03  -6.342270e-06  1.298e-04  1.500e+00  
 CG15   -2.426017e+03  4.360280e-05   1.279e-04  1.501e+00  
 CG16   -2.426017e+03  1.007187e-04   1.175e-04  1.605e+00  
 CG17   -2.426017e+03  -4.152865e-05  7.550e-05  2.267e+00  
 CG18   -2.426017e+03  -5.072031e-06  7.120e-05  1.604e+00  
 CG19   -2.426017e+03  -5.676748e-05  5.948e-05  1.669e+00  
 CG20   -2.426017e+03  -6.411457e-06  3.607e-05  1.978e+00  
 CG21   -2.426017e+03  -9.046160e-05  3.527e-05  1.508e+00  
 CG22   -2.426017e+03  -2.404044e-04  2.114e-05  1.878e+00  
 CG23   -2.426017e+03  -1.306672e-04  6.592e-06  2.532e+00  
 CG24   -2.426017e+03  -2.486551e-05  2.956e-06  2.965e+00  
 CG25   -2.426017e+03  -1.827278e-05  2.388e-06  2.481e+00  
 CG26   -2.426017e+03  -2.102136e-05  1.557e-06  2.385e+00  
 CG27   -2.426017e+03  -6.395980e-06  8.846e-07  3.033e+00  
 CG28   -2.426017e+03  -4.362202e-06  1.545e-07  2.697e+00  
 CG29   -2.426017e+03  -7.641160e-07  9.198e-08  3.262e+00  
 CG30   -2.426017e+03  6.354412e-06   9.051e-08  2.074e+00  
 CG31   -2.426017e+03  -1.155804e-05  1.710e-07  3.251e+00  
 CG32   -2.426017e+03  -4.981133e-06  3.588e-08  3.469e+00  
 CG33   -2.426017e+03  -3.119834e-08  1.933e-08  3.541e+00  
 CG34   -2.426017e+03  -2.322008e-07  1.505e-08  2.460e+00  
 CG35   -2.426017e+03  -6.778539e-07  1.267e-08  2.586e+00  
 CG36   -2.426017e+03  -1.499540e-06  1.027e-08  3.272e+00  
 CG37   -2.426017e+03  4.784450e-08   2.078e-09  4.017e+00  

  |CLASS_NAME---------|NAME---------------|TIME(Sec)-----|CALLS----|AVG------|PER%-------
                       total               93.812         17        5.5       1e+02     %
   Driver              driver_line         93.797         1         94        1e+02     %
   Ions                opt_ions            93.586         1         94        1e+02     %
   ESolver_KS_PW       Run                 93.586         1         94        1e+02     %
   PW_Basis            recip2real          0.34591        268       0.0013    0.37      %
   Potential           update_from_charge  1.0892         38        0.029     1.2       %
   Potential           cal_v_eff           1.0856         38        0.029     1.2       %
   H_Hartree_pw        v_hartree           0.16264        38        0.0043    0.17      %
   PW_Basis            real2recip          0.42599        380       0.0011    0.45      %
   PotXC               cal_v_eff           0.87847        38        0.023     0.94      %
   XC_Functional       v_xc                0.85882        38        0.023     0.92      %
   Symmetry            rhog_symmetry       0.35132        39        0.009     0.37      %
   HSolverPW           solve               91.351         38        2.4       97        %
   Nonlocal            getvnl              0.31759        380       0.00084   0.34      %
   pp_cell_vnl         getvnl              0.31726        380       0.00083   0.34      %
   DiagoIterAssist     diagH_subspace      13.992         370       0.038     15        %
   OperatorPW          hPsi                67.468         32986     0.002     72        %
   Operator            EkineticPW          0.46183        32986     1.4e-05   0.49      %
   Operator            VeffPW              63.268         32986     0.0019    67        %
   PW_Basis_K          recip2real          43.708         46066     0.00095   47        %
   PW_Basis_K          gathers_scatterp    7.691          46066     0.00017   8.2       %
   PW_Basis_K          real2recip          23.6           41126     0.00057   25        %
   PW_Basis_K          gatherp_scatters    3.1207         41126     7.6e-05   3.3       %
   Operator            NonlocalPW          2.4404         32986     7.4e-05   2.6       %
   Nonlocal            add_nonlocal_pp     1.4299         32986     4.3e-05   1.5       %
   DiagoIterAssist     LAPACK_subspace     0.12806        370       0.00035   0.14      %
   DiagoCG             diag_once           71.294         380       0.19      76        %
   ElecStatePW         psiToRho            5.1883         38        0.14      5.5       %
   Charge              mix_rho             0.2885         36        0.008     0.31      %
   Charge              Pulay_mixing        0.28335        36        0.0079    0.3       %
 ----------------------------------------------------------------------------------------

 START  Time  : Sun Dec  3 13:59:45 2023
 FINISH Time  : Sun Dec  3 14:01:19 2023
 TOTAL  Time  : 94
 SEE INFORMATION IN : OUT.ABACUS/
