                                                                                     
                              ABACUS v3.3.2

               Atomic-orbital Based Ab-initio Computation at UStc                    

                     Website: http://abacus.ustc.edu.cn/                             
               Documentation: https://abacus.deepmodeling.com/                       
                  Repository: https://github.com/abacusmodeling/abacus-develop       
                              https://github.com/deepmodeling/abacus-develop         
                      Commit: e39b50e (Fri Aug 18 16:14:25 2023 +0800)

    Start Time is Sun Dec  3 11:58:09 2023
                                                                                     
 ------------------------------------------------------------------------------------

 READING GENERAL INFORMATION
                           global_out_dir = OUT.ABACUS/
                           global_in_card = INPUT
                               pseudo_dir = 
                              orbital_dir = 
                                    DRANK = 1
                                    DSIZE = 1
                                   DCOLOR = 1
                                    GRANK = 1
                                    GSIZE = 1
 The esolver type has been set to : ksdft_pw




 >>>>>>>>>>>>>>>>>>>>>>>>>>>>>>>>>>>>>>>>>>>>>>>>>>>>>>>>>>>>>>>>>>>>>>
 |                                                                    |
 | Reading atom information in unitcell:                              |
 | From the input file and the structure file we know the number of   |
 | different elments in this unitcell, then we list the detail        |
 | information for each element, especially the zeta and polar atomic |
 | orbital number for each element. The total atom number is counted. |
 | We calculate the nearest atom distance for each atom and show the  |
 | Cartesian and Direct coordinates for each atom. We list the file   |
 | address for atomic orbitals. The volume and the lattice vectors    |
 | in real and reciprocal space is also shown.                        |
 |                                                                    |
 <<<<<<<<<<<<<<<<<<<<<<<<<<<<<<<<<<<<<<<<<<<<<<<<<<<<<<<<<<<<<<<<<<<<<<




 READING UNITCELL INFORMATION
                                    ntype = 2
                  lattice constant (Bohr) = 5.72587
              lattice constant (Angstrom) = 3.03

 READING ATOM TYPE 1
                               atom label = Mo
                      L=0, number of zeta = 1
                      L=1, number of zeta = 1
                      L=2, number of zeta = 1
             number of atom for this type = 1

 READING ATOM TYPE 2
                               atom label = S
                      L=0, number of zeta = 1
                      L=1, number of zeta = 1
                      L=2, number of zeta = 1
             number of atom for this type = 2

                        TOTAL ATOM NUMBER = 3

 DIRECT COORDINATES
         atom                   x                   y                   z                 mag                  vx                  vy                  vz
     taud_Mo1            0.666667            0.333333                 0.1                   0                   0                   0                   0
      taud_S1                   0                   0                   0                   0                   0                   0                   0
      taud_S2                   0                   0                 0.2                   0                   0                   0                   0


                          Volume (Bohr^3) = 1073.11
                             Volume (A^3) = 159.018

 Lattice vectors: (Cartesian coordinate: in unit of a_0)
                   +1                  +0                  +0
                 -0.5           +0.866025                  +0
                   +0                  +0            +6.60066
 Reciprocal vectors: (Cartesian coordinate: in unit of 2 pi/a_0)
                   +1            +0.57735                  -0
                   +0             +1.1547                  -0
                   +0                  -0             +0.1515




 >>>>>>>>>>>>>>>>>>>>>>>>>>>>>>>>>>>>>>>>>>>>>>>>>>>>>>>>>>>>>>>>>>>>>>
 |                                                                    |
 | Reading pseudopotentials files:                                    |
 | The pseudopotential file is in UPF format. The 'NC' indicates that |
 | the type of pseudopotential is 'norm conserving'. Functional of    |
 | exchange and correlation is decided by 4 given parameters in UPF   |
 | file.  We also read in the 'core correction' if there exists.      |
 | Also we can read the valence electrons number and the maximal      |
 | angular momentum used in this pseudopotential. We also read in the |
 | trail wave function, trail atomic density and local-pseudopotential|
 | on logrithmic grid. The non-local pseudopotential projector is also|
 | read in if there is any.                                           |
 |                                                                    |
 <<<<<<<<<<<<<<<<<<<<<<<<<<<<<<<<<<<<<<<<<<<<<<<<<<<<<<<<<<<<<<<<<<<<<<




                PAO radial cut off (Bohr) = 15

 Read in pseudopotential file is Mo_ONCV_PBE-1.0.upf
                     pseudopotential type = NC
          exchange-correlation functional = PBE
                 nonlocal core correction = 0
                        valence electrons = 14
                                     lmax = 2
                           number of zeta = 0
                     number of projectors = 6
                           L of projector = 0
                           L of projector = 0
                           L of projector = 1
                           L of projector = 1
                           L of projector = 2
                           L of projector = 2
                PAO radial cut off (Bohr) = 15

 Read in pseudopotential file is S_ONCV_PBE-1.0.upf
                     pseudopotential type = NC
          exchange-correlation functional = PBE
                 nonlocal core correction = 0
                        valence electrons = 6
                                     lmax = 1
                           number of zeta = 0
                     number of projectors = 4
                           L of projector = 0
                           L of projector = 0
                           L of projector = 1
                           L of projector = 1
     initial pseudo atomic orbital number = 0
                                   NLOCAL = 27

%%%%%%%%%%%%%%%%%%%%%%%%%%%%%%%%%%%%%%%%%%%%%%%%%%%%%%%%%%%%%%%%%%%%%%%%%%%%%%%%%%%%%%%%%%%%%%%%%%%%%%%%%%
 Warning: the number of valence electrons in pseudopotential > 6 for Mo: [Kr] 4d5 5s1
 Pseudopotentials with additional electrons can yield (more) accurate outcomes, but may be less efficient.
 If you're confident that your chosen pseudopotential is appropriate, you can safely ignore this warning.
%%%%%%%%%%%%%%%%%%%%%%%%%%%%%%%%%%%%%%%%%%%%%%%%%%%%%%%%%%%%%%%%%%%%%%%%%%%%%%%%%%%%%%%%%%%%%%%%%%%%%%%%%%
                  

 Warning_Memory_Consuming allocated:  FFT::grid 11.8652 MB




 >>>>>>>>>>>>>>>>>>>>>>>>>>>>>>>>>>>>>>>>>>>>>>>>>>>>>>>>>>>>>>>>>>>>>>
 |                                                                    |
 | Setup plane waves of charge/potential:                             |
 | Use the energy cutoff and the lattice vectors to generate the      |
 | dimensions of FFT grid. The number of FFT grid on each processor   |
 | is 'nrxx'. The number of plane wave basis in reciprocal space is   |
 | different for charege/potential and wave functions. We also set    |
 | the 'sticks' for the parallel of FFT. The number of plane waves    |
 | is 'npw' in each processor.                                        |
 <<<<<<<<<<<<<<<<<<<<<<<<<<<<<<<<<<<<<<<<<<<<<<<<<<<<<<<<<<<<<<<<<<<<<<





 SETUP THE PLANE WAVE BASIS
 energy cutoff for charge/potential (unit:Ry) = 400
            fft grid for charge/potential = [ 40, 40, 243 ]
                        fft grid division = [ 1, 1, 1 ]
        big fft grid for charge/potential = [ 40, 40, 243 ]
                                     nbxx = 388800
                                     nrxx = 388800

 SETUP PLANE WAVES FOR CHARGE/POTENTIAL
                    number of plane waves = 145177
                         number of sticks = 913

 PARALLEL PW FOR CHARGE/POTENTIAL
     PROC   COLUMNS(POT)             PW
        1            913         145177
 --------------- sum -------------------
        1            913         145177
                            number of |g| = 6775
                                  max |g| = 332.139
                                  min |g| = 0

 SETUP THE ELECTRONS NUMBER
            electron number of element Mo = 14
      total electron number of element Mo = 14
             electron number of element S = 6
       total electron number of element S = 12
            AUTOSET number of electrons:  = 26
 DONE : SETUP UNITCELL Time : 0.0697084 (SEC)





 >>>>>>>>>>>>>>>>>>>>>>>>>>>>>>>>>>>>>>>>>>>>>>>>>>>>>>>>>>>>>>>>>>>>>>
 |                                                                    |
 | Doing symmetry analysis:                                           |
 | We calculate the norm of 3 vectors and the angles between them,    |
 | the type of Bravais lattice is given. We can judge if the unticell |
 | is a primitive cell. Finally we give the point group operation for |
 | this unitcell. We use the point group operations to do symmetry |
 | analysis on given k-point mesh and the charge density.             |
 |                                                                    |
 <<<<<<<<<<<<<<<<<<<<<<<<<<<<<<<<<<<<<<<<<<<<<<<<<<<<<<<<<<<<<<<<<<<<<<




 LATTICE VECTORS: (CARTESIAN COORDINATE: IN UNIT OF A0)
                   +1                  +0                  +0
                 -0.5           +0.866025                  +0
                   +0                  +0            +6.60066
                       right hand lattice = 1
                                   NORM_A = 1
                                   NORM_B = 1
                                   NORM_C = 6.60066
                           ALPHA (DEGREE) = 90
                           BETA  (DEGREE) = 90
                           GAMMA (DEGREE) = 120

 The lattice vectors have been changed (STRU_SIMPLE.cif)

(for optimal symmetric configuration:)
                             BRAVAIS TYPE = 4
                     BRAVAIS LATTICE NAME = 04. Hexagonal cell
                                    ibrav = 4
                                    IBRAV = 4
                                  BRAVAIS = HEXAGONAL CELL
                       LATTICE CONSTANT A = 1
                                C/A RATIO = 6.60066
Original cell was already a primitive cell.
                        ROTATION MATRICES = 24
              PURE POINT GROUP OPERATIONS = 6
                   SPACE GROUP OPERATIONS = 12
                                       C2 = 0
                                       C3 = 2
                                       C4 = 0
                                       C6 = 0
                                       S1 = 3
                                       S3 = 0
                                       S4 = 0
                                       S6 = 0
                              POINT GROUP = C_3v
                                       C2 = 3
                                       C3 = 2
                                       C4 = 0
                                       C6 = 0
                                       S1 = 4
                                       S3 = 2
                                       S4 = 0
                                       S6 = 0
               POINT GROUP IN SPACE GROUP = D_3h
 DONE : SYMMETRY Time : 0.0922443 (SEC)





 >>>>>>>>>>>>>>>>>>>>>>>>>>>>>>>>>>>>>>>>>>>>>>>>>>>>>>>>>>>>>>>>>>>>>>
 |                                                                    |
 | Setup K-points                                                     |
 | We setup the k-points according to input parameters.               |
 | The reduced k-points are set according to symmetry operations.     |
 | We treat the spin as another set of k-points.                      |
 |                                                                    |
 <<<<<<<<<<<<<<<<<<<<<<<<<<<<<<<<<<<<<<<<<<<<<<<<<<<<<<<<<<<<<<<<<<<<<<





 SETUP K-POINTS
                                    nspin = 1
                   Input type of k points = Monkhorst-Pack(Gamma)
                                   nkstot = 64
                       right hand lattice = 1
(for reciprocal lattice: )
                             BRAVAIS TYPE = 4
                     BRAVAIS LATTICE NAME = 04. Hexagonal cell
                                    ibrav = 4
                       right hand lattice = 1
(for k-lattice: )
                             BRAVAIS TYPE = 4
                     BRAVAIS LATTICE NAME = 04. Hexagonal cell
                                    ibrav = 4
                       right hand lattice = 1
                        ROTATION MATRICES = 24
                               nkstot_ibz = 10
      IBZ             DirectX             DirectY             DirectZ              Weight    ibz2bz
        1                   0                   0                   0            0.015625         0
        2              -0.125               0.125                   0             0.09375         1
        3               -0.25                0.25                   0             0.09375         2
        4              -0.375               0.375                   0             0.09375         3
        5                 0.5                 0.5                   0            0.046875         4
        6               -0.25               0.125                   0             0.09375         9
        7              -0.375                0.25                   0              0.1875        10
        8                 0.5               0.375                   0              0.1875        11
        9                 0.5                0.25                   0             0.09375        18
       10               0.375               0.375                   0             0.09375        19
                               nkstot now = 10

  KPOINTS            DIRECT_X            DIRECT_Y            DIRECT_Z              WEIGHT
        1                   0                   0                   0            0.015625
        2              -0.125               0.125                   0             0.09375
        3               -0.25                0.25                   0             0.09375
        4              -0.375               0.375                   0             0.09375
        5                 0.5                 0.5                   0            0.046875
        6               -0.25               0.125                   0             0.09375
        7              -0.375                0.25                   0              0.1875
        8                 0.5               0.375                   0              0.1875
        9                 0.5                0.25                   0             0.09375
       10               0.375               0.375                   0             0.09375

           k-point number in this process = 10
       minimum distributed K point number = 10

  KPOINTS         CARTESIAN_X         CARTESIAN_Y         CARTESIAN_Z              WEIGHT
        1                   0                   0                   0             0.03125
        2              -0.125           0.0721688                   0              0.1875
        3               -0.25            0.144338                   0              0.1875
        4              -0.375            0.216506                   0              0.1875
        5                 0.5            0.866025                   0             0.09375
        6               -0.25                   0                   0              0.1875
        7              -0.375           0.0721688                   0               0.375
        8                 0.5            0.721688                   0               0.375
        9                 0.5             0.57735                   0              0.1875
       10               0.375            0.649519                   0              0.1875

  KPOINTS            DIRECT_X            DIRECT_Y            DIRECT_Z              WEIGHT
        1                   0                   0                   0             0.03125
        2              -0.125               0.125                   0              0.1875
        3               -0.25                0.25                   0              0.1875
        4              -0.375               0.375                   0              0.1875
        5                 0.5                 0.5                   0             0.09375
        6               -0.25               0.125                   0              0.1875
        7              -0.375                0.25                   0               0.375
        8                 0.5               0.375                   0               0.375
        9                 0.5                0.25                   0              0.1875
       10               0.375               0.375                   0              0.1875
 DONE : INIT K-POINTS Time : 0.167532 (SEC)





 >>>>>>>>>>>>>>>>>>>>>>>>>>>>>>>>>>>>>>>>>>>>>>>>>>>>>>>>>>>>>>>>>>>>>>
 |                                                                    |
 | Setup plane waves of wave functions:                               |
 | Use the energy cutoff and the lattice vectors to generate the      |
 | dimensions of FFT grid. The number of FFT grid on each processor   |
 | is 'nrxx'. The number of plane wave basis in reciprocal space is   |
 | different for charege/potential and wave functions. We also set    |
 | the 'sticks' for the parallel of FFT. The number of plane wave of  |
 | each k-point is 'npwk[ik]' in each processor                       |
 <<<<<<<<<<<<<<<<<<<<<<<<<<<<<<<<<<<<<<<<<<<<<<<<<<<<<<<<<<<<<<<<<<<<<<





 SETUP PLANE WAVES FOR WAVE FUNCTIONS
     energy cutoff for wavefunc (unit:Ry) = 100
              fft grid for wave functions = [ 40, 40, 243 ]
                    number of plane waves = 24727
                         number of sticks = 283

 PARALLEL PW FOR WAVE FUNCTIONS
     PROC   COLUMNS(POT)             PW
        1            283          24727
 --------------- sum -------------------
        1            283          24727
 DONE : INIT PLANEWAVE Time : 0.180917 (SEC)

                           occupied bands = 13
                                   NBANDS = 23
                                     npwx = 18183

 Warning_Memory_Consuming allocated:  Psi_PW 63.8136 MB

 SETUP NONLOCAL PSEUDOPOTENTIALS IN PLANE WAVE BASIS
 Mo non-local projectors:
 projector 1 L=0
 projector 2 L=0
 projector 3 L=1
 projector 4 L=1
 projector 5 L=2
 projector 6 L=2
 S non-local projectors:
 projector 1 L=0
 projector 2 L=0
 projector 3 L=1
 projector 4 L=1
      TOTAL NUMBER OF NONLOCAL PROJECTORS = 34
 DONE : LOCAL POTENTIAL Time : 0.214655 (SEC)


 Init Non-Local PseudoPotential table : 
 Init Non-Local-Pseudopotential done.
 DONE : NON-LOCAL POTENTIAL Time : 0.241186 (SEC)


 Make real space PAO into reciprocal space.
       max mesh points in Pseudopotential = 601
     dq(describe PAO in reciprocal space) = 0.01
                                    max q = 1206

 number of pseudo atomic orbitals for Mo is 0

 number of pseudo atomic orbitals for S is 0
 DONE : INIT BASIS Time : 0.241282 (SEC)


 -------------------------------------------
 SELF-CONSISTENT
 -------------------------------------------

 Warning_Memory_Consuming allocated:  Veff<PW>::porter 5.93262 MB

 Warning_Memory_Consuming allocated:  Veff<PW>::porter1 5.93262 MB

 Warning_Memory_Consuming allocated:  Meta<PW>::porter 5.93262 MB
                                 init_chg = atomic
 DONE : INIT SCF Time : 0.324595 (SEC)


 PW ALGORITHM --------------- ION=   1  ELEC=   1--------------------------------

 Warning_Memory_Consuming allocated:  DiagSub::hpsi 6.38136 MB

 Warning_Memory_Consuming allocated:  DiagSub::evctemp 6.3196 MB

 Warning_Memory_Consuming allocated:  DiagSub::evctemp 6.33749 MB

 Warning_Memory_Consuming allocated:  DiagSub::evctemp 6.36066 MB

 Warning_Memory_Consuming allocated:  DiagSub::evctemp 6.36136 MB

 Warning_Memory_Consuming allocated:  DiagSub::evctemp 6.37119 MB

 Warning_Memory_Consuming allocated:  DiagSub::evctemp 6.38136 MB
Average iterative diagonalization steps: 10.4565 ; where current threshold is: 0.01 . 

 Warning_Memory_Consuming allocated:  ElecSPW::wfcr 5.93262 MB

 Warning_Memory_Consuming allocated:  ElecSPW::wfcr_a 5.93262 MB
 Notice: Threshold on eigenvalues was too large.
 hsover_error=0.26 > DRHO=0.169859
 Origin diag_ethr = 0.01
 New    diag_ethr = 0.000653304
Average iterative diagonalization steps: 6.79565 ; where current threshold is: 0.000653304 . 

 Warning_Memory_Consuming allocated:  ChgMix::Rrho 59.3262 MB

 Warning_Memory_Consuming allocated:  ChgMix::dRrho 56.3599 MB

 Warning_Memory_Consuming allocated:  ChgMix::drho 56.3599 MB

 Density error is 0.124263549595
                          Error Threshold = 0.000653304050047

       Energy                       Rydberg                            eV
       E_KohnSham                -178.179645568                -2424.25844734
         E_Harris                -178.195072252                -2424.46833815
          E_Fermi              -0.0132651991521               -0.180482293574

 PW ALGORITHM --------------- ION=   1  ELEC=   2--------------------------------
Average iterative diagonalization steps: 2 ; where current threshold is: 0.000477936729212 . 

 Density error is 0.0642921278466
                          Error Threshold = 0.000477936729212

       Energy                       Rydberg                            eV
       E_KohnSham                -178.168450764                -2424.10613422
         E_Harris                -180.115910638                -2450.60268513
          E_Fermi              -0.0194676765861               -0.264871328393

 PW ALGORITHM --------------- ION=   1  ELEC=   3--------------------------------
Average iterative diagonalization steps: 2.6652173913 ; where current threshold is: 0.000247277414795 . 

 Density error is 0.0457724897811
                          Error Threshold = 0.000247277414795

       Energy                       Rydberg                            eV
       E_KohnSham                -178.167123783                -2424.08807972
         E_Harris                -176.771890474                -2405.10495668
          E_Fermi              -0.0291708403801               -0.396889644618

 PW ALGORITHM --------------- ION=   1  ELEC=   4--------------------------------
Average iterative diagonalization steps: 2.2347826087 ; where current threshold is: 0.000176048037619 . 

 Density error is 0.00747430397786
                          Error Threshold = 0.000176048037619

       Energy                       Rydberg                            eV
       E_KohnSham                -178.169496643                -2424.12036413
         E_Harris                -172.974391641                 -2353.4373344
          E_Fermi               -0.017052358998               -0.232009246714

 PW ALGORITHM --------------- ION=   1  ELEC=   5--------------------------------
Average iterative diagonalization steps: 3.4652173913 ; where current threshold is: 2.87473229918e-05 . 

 Density error is 0.00339895301676
                          Error Threshold = 2.87473229918e-05

       Energy                       Rydberg                            eV
       E_KohnSham                -178.172865219                -2424.16619596
         E_Harris                -177.743607638                -2418.32584696
          E_Fermi              -0.0187850303422               -0.255583449757

 PW ALGORITHM --------------- ION=   1  ELEC=   6--------------------------------
Average iterative diagonalization steps: 2.58695652174 ; where current threshold is: 1.30728962183e-05 . 

 Density error is 0.00616917883003
                          Error Threshold = 1.30728962183e-05

       Energy                       Rydberg                            eV
       E_KohnSham                -178.170591998                 -2424.1352672
         E_Harris                -176.647767374                -2403.41617527
          E_Fermi              -0.0203149364152               -0.276398889755

 PW ALGORITHM --------------- ION=   1  ELEC=   7--------------------------------
Average iterative diagonalization steps: 3.60434782609 ; where current threshold is: 1.30728962183e-05 . 

 Density error is 0.00628156420451
                          Error Threshold = 1.30728962183e-05

       Energy                       Rydberg                            eV
       E_KohnSham                -178.170602471                 -2424.1354097
         E_Harris                  -176.6941527                   -2404.04728
          E_Fermi              -0.0122485561008               -0.166650155243

 PW ALGORITHM --------------- ION=   1  ELEC=   8--------------------------------
Average iterative diagonalization steps: 2.04347826087 ; where current threshold is: 1.30728962183e-05 . 

 Density error is 0.000465940824648
                          Error Threshold = 1.30728962183e-05

       Energy                       Rydberg                            eV
       E_KohnSham                -178.170991207                -2424.14069872
         E_Harris                -175.735340743                -2391.00197408
          E_Fermi             -0.00867275966766               -0.117998948865

 PW ALGORITHM --------------- ION=   1  ELEC=   9--------------------------------
Average iterative diagonalization steps: 3.61739130435 ; where current threshold is: 1.7920800948e-06 . 

 Density error is 0.000936819117112
                          Error Threshold = 1.7920800948e-06

       Energy                       Rydberg                            eV
       E_KohnSham                -178.170944642                -2424.14006518
         E_Harris                 -177.42215353                -2413.95223944
          E_Fermi             -0.00646488154217              -0.0879592258686

 PW ALGORITHM --------------- ION=   1  ELEC=  10--------------------------------
Average iterative diagonalization steps: 2.2347826087 ; where current threshold is: 1.7920800948e-06 . 

 Density error is 0.000301825617255
                          Error Threshold = 1.7920800948e-06

       Energy                       Rydberg                            eV
       E_KohnSham                 -178.17099869                -2424.14080053
         E_Harris                -176.987959346                 -2408.0447245
          E_Fermi             -0.00484256799581              -0.0658865176955

 PW ALGORITHM --------------- ION=   1  ELEC=  11--------------------------------
Average iterative diagonalization steps: 2 ; where current threshold is: 1.16086775867e-06 . 

 Density error is 0.000322036478358
                          Error Threshold = 1.16086775867e-06

       Energy                       Rydberg                            eV
       E_KohnSham                -178.170952043                -2424.14016586
         E_Harris                -177.522042283                -2415.31129565
          E_Fermi             -0.00517295276637              -0.0703816331075

 PW ALGORITHM --------------- ION=   1  ELEC=  12--------------------------------
Average iterative diagonalization steps: 2.66086956522 ; where current threshold is: 1.16086775867e-06 . 

 Density error is 0.000264131852568
                          Error Threshold = 1.16086775867e-06

       Energy                       Rydberg                            eV
       E_KohnSham                -178.170920223                -2424.13973294
         E_Harris                -177.574790705                -2416.02897474
          E_Fermi             -0.00235416495413              -0.0320300574081

 PW ALGORITHM --------------- ION=   1  ELEC=  13--------------------------------
Average iterative diagonalization steps: 2.83043478261 ; where current threshold is: 1.01589174064e-06 . 

 Density error is 0.000151172218779
                          Error Threshold = 1.01589174064e-06

       Energy                       Rydberg                            eV
       E_KohnSham                -178.170926443                -2424.13981756
         E_Harris                -177.839731786                -2419.63368309
          E_Fermi             -2.4082757585e-05            -0.000327662726709

 PW ALGORITHM --------------- ION=   1  ELEC=  14--------------------------------
Average iterative diagonalization steps: 2 ; where current threshold is: 5.81431610687e-07 . 

 Density error is 0.000147653635369
                          Error Threshold = 5.81431610687e-07

       Energy                       Rydberg                            eV
       E_KohnSham                -178.170916007                -2424.13967557
         E_Harris                -177.762102148                -2418.57747767
          E_Fermi            -0.000126604567029             -0.00172254350441

 PW ALGORITHM --------------- ION=   1  ELEC=  15--------------------------------
Average iterative diagonalization steps: 2.6652173913 ; where current threshold is: 5.67898597574e-07 . 

 Density error is 0.000119790277843
                          Error Threshold = 5.67898597574e-07

       Energy                       Rydberg                            eV
       E_KohnSham                -178.170906354                -2424.13954424
         E_Harris                -177.776640533                -2418.77528254
          E_Fermi             +0.00168883625707              +0.0229777960851

 PW ALGORITHM --------------- ION=   1  ELEC=  16--------------------------------
Average iterative diagonalization steps: 2.8347826087 ; where current threshold is: 4.60731837858e-07 . 

 Density error is 7.80294412815e-05
                          Error Threshold = 4.60731837858e-07

       Energy                       Rydberg                            eV
       E_KohnSham                -178.170906694                -2424.13954887
         E_Harris                -177.873880566                -2420.09830107
          E_Fermi             +0.00376150096614               +0.051177846172

 PW ALGORITHM --------------- ION=   1  ELEC=  17--------------------------------
Average iterative diagonalization steps: 2.29130434783 ; where current threshold is: 3.00113235698e-07 . 

 Density error is 7.13187065274e-05
                          Error Threshold = 3.00113235698e-07

       Energy                       Rydberg                            eV
       E_KohnSham                 -178.17090748                -2424.13955956
         E_Harris                -177.838067501                -2419.61103933
          E_Fermi              +0.0043619864414              +0.0593478702018

 PW ALGORITHM --------------- ION=   1  ELEC=  18--------------------------------
Average iterative diagonalization steps: 2.55652173913 ; where current threshold is: 2.74302717413e-07 . 

 Density error is 5.64405533547e-05
                          Error Threshold = 2.74302717413e-07

       Energy                       Rydberg                            eV
       E_KohnSham                -178.170910601                -2424.13960203
         E_Harris                  -177.8599387                -2419.90861225
          E_Fermi              +0.0055678090997              +0.0757539291322

 PW ALGORITHM --------------- ION=   1  ELEC=  19--------------------------------
Average iterative diagonalization steps: 2.8347826087 ; where current threshold is: 2.17079051364e-07 . 

 Density error is 4.21982860759e-05
                          Error Threshold = 2.17079051364e-07

       Energy                       Rydberg                            eV
       E_KohnSham                -178.170912117                -2424.13962265
         E_Harris                -177.916301964                 -2420.6754738
          E_Fermi             +0.00703675660738              +0.0957399852995

 PW ALGORITHM --------------- ION=   1  ELEC=  20--------------------------------
Average iterative diagonalization steps: 2.05652173913 ; where current threshold is: 1.62301100292e-07 . 

 Density error is 3.68870004996e-05
                          Error Threshold = 1.62301100292e-07

       Energy                       Rydberg                            eV
       E_KohnSham                -178.170918208                -2424.13970552
         E_Harris                -177.916642525                -2420.68010737
          E_Fermi             +0.00748097935555               +0.101783945856

 PW ALGORITHM --------------- ION=   1  ELEC=  21--------------------------------
Average iterative diagonalization steps: 2.85217391304 ; where current threshold is: 1.41873078845e-07 . 

 Density error is 1.94975194843e-05
                          Error Threshold = 1.41873078845e-07

       Energy                       Rydberg                            eV
       E_KohnSham                -178.170920795                -2424.13974072
         E_Harris                -177.977363287                -2421.50625572
          E_Fermi             +0.00946956205574               +0.128840001523

 PW ALGORITHM --------------- ION=   1  ELEC=  22--------------------------------
Average iterative diagonalization steps: 2.36956521739 ; where current threshold is: 7.49904595551e-08 . 

 Density error is 1.64874631308e-05
                          Error Threshold = 7.49904595551e-08

       Energy                       Rydberg                            eV
       E_KohnSham                -178.170926838                -2424.13982294
         E_Harris                -178.019733685                -2422.08273456
          E_Fermi             +0.00988522127542               +0.134495335337

 PW ALGORITHM --------------- ION=   1  ELEC=  23--------------------------------
Average iterative diagonalization steps: 3.03913043478 ; where current threshold is: 6.34133197337e-08 . 

 Density error is 9.2693797333e-06
                          Error Threshold = 6.34133197337e-08

       Energy                       Rydberg                            eV
       E_KohnSham                -178.170939336                -2424.13999298
         E_Harris                -178.054782252                -2422.55959477
          E_Fermi              +0.0111169460683               +0.151253810888

 PW ALGORITHM --------------- ION=   1  ELEC=  24--------------------------------
Average iterative diagonalization steps: 3.97826086957 ; where current threshold is: 3.56514605127e-08 . 

 Density error is 1.57302589224e-06
                          Error Threshold = 3.56514605127e-08

       Energy                       Rydberg                            eV
       E_KohnSham                -178.170943789                -2424.14005356
         E_Harris                -178.112683055                -2423.34737562
          E_Fermi              +0.0132446206399               +0.180202308551

 PW ALGORITHM --------------- ION=   1  ELEC=  25--------------------------------
Average iterative diagonalization steps: 4.87391304348 ; where current threshold is: 6.05009958555e-09 . 

 Density error is 2.28354442761e-07
                          Error Threshold = 6.05009958555e-09

       Energy                       Rydberg                            eV
       E_KohnSham                -178.170944499                -2424.14006323
         E_Harris                -178.153070809                -2423.89687919
          E_Fermi              +0.0142265927644               +0.193562724721

 PW ALGORITHM --------------- ION=   1  ELEC=  26--------------------------------
Average iterative diagonalization steps: 4.62608695652 ; where current threshold is: 8.78286318311e-10 . 

 Density error is 1.95202547533e-07
                          Error Threshold = 8.78286318311e-10

       Energy                       Rydberg                            eV
       E_KohnSham                -178.170945833                -2424.14008138
         E_Harris                -178.156151061                -2423.93878818
          E_Fermi              +0.0142282182407               +0.193584840462

 PW ALGORITHM --------------- ION=   1  ELEC=  27--------------------------------
Average iterative diagonalization steps: 4.89565217391 ; where current threshold is: 7.50779028973e-10 . 

 Density error is 9.45431921237e-08
                          Error Threshold = 7.50779028973e-10

       Energy                       Rydberg                            eV
       E_KohnSham                -178.170946083                -2424.14008479
         E_Harris                 -178.16070787                -2424.00078674
          E_Fermi              +0.0144578271751               +0.196708830281

 PW ALGORITHM --------------- ION=   1  ELEC=  28--------------------------------
Average iterative diagonalization steps: 4.62173913043 ; where current threshold is: 3.63627662014e-10 . 

 Density error is 2.33187686574e-08
                          Error Threshold = 3.63627662014e-10

       Energy                       Rydberg                            eV
       E_KohnSham                -178.170946589                -2424.14009166
         E_Harris                -178.161631008                -2424.01334668
          E_Fermi              +0.0145970201768               +0.198602648225

 PW ALGORITHM --------------- ION=   1  ELEC=  29--------------------------------
Average iterative diagonalization steps: 6.04347826087 ; where current threshold is: 8.96875717593e-11 . 

 Density error is 4.78822450755e-09
                          Error Threshold = 8.96875717593e-11

           Energy                       Rydberg                            eV
       E_KohnSham                 -178.17094664                -2424.14009236
   E_KS(sigma->0)                 -178.17094664                -2424.14009236
         E_Harris                 -178.16804976                -2424.10067828
           E_band                -30.7713134981                -418.665198519
       E_one_elec                -1097.41969402                -14931.1609361
        E_Hartree                +549.176879547                 +7471.9347717
             E_xc                -24.3405562763                -331.170257847
          E_Ewald                +394.412424108                +5366.25632986
   E_entropy(-TS)                            +0                            +0
          E_descf                            +0                            +0
            E_exx                            +0                            +0
          E_Fermi              +0.0147096952214               +0.200135670854

 charge density convergence is achieved
 final etot is -2424.1400924 eV
 EFERMI = 0.20013567085 eV

 STATE ENERGY(eV) AND OCCUPATIONS    NSPIN == 1
 1/10 kpoint (Cartesian) = 0.0000 0.0000 0.0000 (18007 pws)
       1       -61.2155      0.0312500
       2       -35.3552      0.0312500
       3       -34.9093      0.0312500
       4       -34.9093      0.0312500
       5       -13.9251      0.0312500
       6       -13.4569      0.0312500
       7       -5.54168      0.0312500
       8       -3.15848      0.0312500
       9       -1.89383      0.0312500
      10       -1.05408      0.0312500
      11       -1.05408      0.0312500
      12       0.200135      0.0312500
      13       0.200136      0.0312500
      14        2.34939        0.00000
      15        2.34939        0.00000
      16        2.66886        0.00000
      17        2.66886        0.00000
      18        4.45530        0.00000
      19        4.98565        0.00000
      20        5.50517        0.00000
      21        6.55622        0.00000
      22        6.96070        0.00000
      23        8.58112        0.00000

 2/10 kpoint (Cartesian) = -0.12500 0.072169 0.0000 (18058 pws)
       1       -61.2063       0.187500
       2       -35.3424       0.187500
       3       -34.9868       0.187500
       4       -34.9274       0.187500
       5       -13.6722       0.187500
       6       -13.2589       0.187500
       7       -5.19130       0.187500
       8       -3.21452       0.187500
       9       -1.73425       0.187500
      10       -1.59577       0.187500
      11      -0.759433       0.187500
      12      -0.393017       0.187500
      13      -0.162635       0.187500
      14        1.38354        0.00000
      15        2.10991        0.00000
      16        2.16508        0.00000
      17        2.78300        0.00000
      18        4.83515        0.00000
      19        5.35717        0.00000
      20        5.84545        0.00000
      21        6.86346        0.00000
      22        7.31975        0.00000
      23        8.99928        0.00000

 3/10 kpoint (Cartesian) = -0.25000 0.14434 0.0000 (18124 pws)
       1       -61.1840       0.187500
       2       -35.3115       0.187500
       3       -35.1704       0.187500
       4       -34.9707       0.187500
       5       -12.9739       0.187500
       6       -12.7139       0.187500
       7       -4.41045       0.187500
       8       -3.49082       0.187500
       9       -2.98640       0.187500
      10       -1.94549       0.187500
      11       -1.55652       0.187500
      12      -0.840710       0.187500
      13      -0.126310       0.187500
      14       0.596091        0.00000
      15        1.82929        0.00000
      16        1.98153        0.00000
      17        2.86928        0.00000
      18        5.43089        0.00000
      19        6.34851        0.00000
      20        6.56625        0.00000
      21        7.37137        0.00000
      22        8.26725        0.00000
      23        8.93538        0.00000

 4/10 kpoint (Cartesian) = -0.37500 0.21651 0.0000 (18126 pws)
       1       -61.1617       0.187500
       2       -35.3499       0.187500
       3       -35.2805       0.187500
       4       -35.0136       0.187500
       5       -12.0669       0.187500
       6       -12.0215       0.187500
       7       -4.82547       0.187500
       8       -4.45946       0.187500
       9       -3.68622       0.187500
      10       -2.80446       0.187500
      11       -1.52200       0.187500
      12       -1.37226       0.187500
      13      0.0940281       0.187500
      14        1.37144        0.00000
      15        2.23309        0.00000
      16        2.29938        0.00000
      17        2.83121        0.00000
      18        5.45211        0.00000
      19        7.36353        0.00000
      20        7.43184        0.00000
      21        8.08155        0.00000
      22        8.43536        0.00000
      23        8.96403        0.00000

 5/10 kpoint (Cartesian) = 0.50000 0.86603 0.0000 (18154 pws)
       1       -61.1524      0.0937500
       2       -35.4230      0.0937500
       3       -35.2676      0.0937500
       4       -35.0313      0.0937500
       5       -11.6600      0.0937500
       6       -11.5714      0.0937500
       7       -5.58386      0.0937500
       8       -5.10901      0.0937500
       9       -3.71063      0.0937500
      10       -2.93437      0.0937500
      11       -1.56590      0.0937500
      12       -1.24393      0.0937500
      13      0.0457086      0.0937500
      14        1.95538        0.00000
      15        2.39739        0.00000
      16        2.77090        0.00000
      17        2.79677        0.00000
      18        5.46721        0.00000
      19        7.29215        0.00000
      20        7.47121        0.00000
      21        7.86297        0.00000
      22        8.74536        0.00000
      23        9.53888        0.00000

 6/10 kpoint (Cartesian) = -0.25000 0.0000 0.0000 (18115 pws)
       1       -61.1905       0.187500
       2       -35.3206       0.187500
       3       -35.1085       0.187500
       4       -34.9668       0.187500
       5       -13.1951       0.187500
       6       -12.8856       0.187500
       7       -4.59147       0.187500
       8       -3.32374       0.187500
       9       -2.53330       0.187500
      10       -1.59825       0.187500
      11       -1.50189       0.187500
      12      -0.628841       0.187500
      13      -0.410605       0.187500
      14       0.565140        0.00000
      15        1.80443        0.00000
      16        1.94492        0.00000
      17        2.76848        0.00000
      18        5.35509        0.00000
      19        6.04210        0.00000
      20        6.38280        0.00000
      21        7.21368        0.00000
      22        7.98845        0.00000
      23        9.31310        0.00000

 7/10 kpoint (Cartesian) = -0.37500 0.072169 0.0000 (18109 pws)
       1       -61.1682       0.375000
       2       -35.2896       0.375000
       3       -35.2710       0.375000
       4       -35.0290       0.375000
       5       -12.3751       0.375000
       6       -12.2499       0.375000
       7       -4.10292       0.375000
       8       -3.75973       0.375000
       9       -3.60934       0.375000
      10       -2.89629       0.375000
      11       -1.68552       0.375000
      12       -1.36951       0.375000
      13      -0.332072       0.375000
      14       0.484540        0.00000
      15        2.00638        0.00000
      16        2.34098        0.00000
      17        2.69383        0.00000
      18        5.76546        0.00000
      19        7.17702        0.00000
      20        7.22745        0.00000
      21        8.09692        0.00000
      22        8.93026        0.00000
      23        9.29350        0.00000

 8/10 kpoint (Cartesian) = 0.50000 0.72169 0.0000 (18135 pws)
       1       -61.1524       0.375000
       2       -35.3831       0.375000
       3       -35.2677       0.375000
       4       -35.0734       0.375000
       5       -11.6726       0.375000
       6       -11.6065       0.375000
       7       -5.16940       0.375000
       8       -4.80052       0.375000
       9       -3.52366       0.375000
      10       -2.95972       0.375000
      11       -2.02115       0.375000
      12       -1.68184       0.375000
      13      -0.452380       0.375000
      14        1.56637        0.00000
      15        2.02407        0.00000
      16        2.69773        0.00000
      17        2.82350        0.00000
      18        5.91561        0.00000
      19        7.73089        0.00000
      20        7.91994        0.00000
      21        9.01692        0.00000
      22        9.39436        0.00000
      23        9.56331        0.00000

 9/10 kpoint (Cartesian) = 0.50000 0.57735 0.0000 (18139 pws)
       1       -61.1524       0.187500
       2       -35.3272       0.187500
       3       -35.2677       0.187500
       4       -35.1315       0.187500
       5       -11.6852       0.187500
       6       -11.6404       0.187500
       7       -4.55460       0.187500
       8       -4.26468       0.187500
       9       -3.38819       0.187500
      10       -3.28453       0.187500
      11       -2.53008       0.187500
      12       -2.23047       0.187500
      13      -0.589039       0.187500
      14       0.938346        0.00000
      15        1.49678        0.00000
      16        2.83761        0.00000
      17        3.05615        0.00000
      18        6.30719        0.00000
      19        8.06529        0.00000
      20        8.24196        0.00000
      21        9.05281        0.00000
      22        9.47723        0.00000
      23        9.49144        0.00000

 10/10 kpoint (Cartesian) = 0.37500 0.64952 0.0000 (18183 pws)
       1       -61.1458       0.187500
       2       -35.3315       0.187500
       3       -35.2586       0.187500
       4       -35.1930       0.187500
       5       -11.4054       0.187500
       6       -11.2721       0.187500
       7       -4.75313       0.187500
       8       -4.68155       0.187500
       9       -3.37750       0.187500
      10       -3.15031       0.187500
      11       -2.92085       0.187500
      12       -2.85001       0.187500
      13      -0.389452       0.187500
      14        1.20842        0.00000
      15        1.72103        0.00000
      16        2.32325        0.00000
      17        3.35177        0.00000
      18        6.63811        0.00000
      19        7.77197        0.00000
      20        8.58739        0.00000
      21        9.27229        0.00000
      22        9.53208        0.00000
      23        10.0345        0.00000



 --------------------------------------------
 !FINAL_ETOT_IS -2424.140092359126 eV
 --------------------------------------------






  |CLASS_NAME---------|NAME---------------|TIME(Sec)-----|CALLS----|AVG------|PER%-------
                                      total         74.928        17       4.4   1.0e+02%
                 Driver         driver_line         74.914         1       75.    1.e+02%
                   Ions            opt_ions         74.669         1       75.    1.e+02%
          ESolver_KS_PW                 Run         74.669         1       75.    1.e+02%
               PW_Basis          recip2real        0.28873       212    0.0014      0.39%
              Potential  update_from_charge        0.95031        30     0.032       1.3%
              Potential           cal_v_eff        0.94572        30     0.032       1.3%
           H_Hartree_pw           v_hartree        0.13924        30    0.0046      0.19%
               PW_Basis          real2recip        0.36246       300    0.0012      0.48%
                  PotXC           cal_v_eff        0.76822        30     0.026       1.0%
          XC_Functional                v_xc        0.75170        30     0.025       1.0%
               Symmetry       rhog_symmetry        0.31434        31     0.010      0.42%
              HSolverPW               solve         72.694        30       2.4       97.%
               Nonlocal              getvnl        0.26646       300   0.00089      0.36%
            pp_cell_vnl              getvnl        0.26614       300   0.00089      0.36%
        DiagoIterAssist      diagH_subspace         11.896       290     0.041       16.%
             OperatorPW                hPsi         54.454     24147    0.0023       73.%
               Operator          EkineticPW        0.36736     24147   1.5e-05      0.49%
               Operator              VeffPW         51.143     24147    0.0021       68.%
             PW_Basis_K          recip2real         36.000     34427    0.0010       48.%
             PW_Basis_K    gathers_scatterp         5.7820     34427   0.00017       7.7%
             PW_Basis_K          real2recip         18.555     30527   0.00061       25.%
             PW_Basis_K    gatherp_scatters         2.3420     30527   7.7e-05       3.1%
               Operator          NonlocalPW         2.0546     24147   8.5e-05       2.7%
               Nonlocal     add_nonlocal_pp         1.1961     24147   5.0e-05       1.6%
        DiagoIterAssist     LAPACK_subspace        0.10549       290   0.00036      0.14%
                DiagoCG           diag_once         55.550       300      0.19       74.%
            ElecStatePW            psiToRho         4.3780        30      0.15       5.8%
                 Charge             mix_rho        0.26868        28    0.0096      0.36%
                 Charge        Pulay_mixing        0.26453        28    0.0094      0.35%
 ----------------------------------------------------------------------------------------

 NAME---------------|MEMORY(MB)--------
               total          331.5
              Psi_PW          63.81
        ChgMix::Rrho          59.33
       ChgMix::dRrho          56.36
        ChgMix::drho          56.36
           FFT::grid          11.87
       DiagSub::hpsi          6.381
    DiagSub::evctemp          6.381
    Veff<PW>::porter          5.933
   Veff<PW>::porter1          5.933
    Meta<PW>::porter          5.933
       ElecSPW::wfcr          5.933
     ElecSPW::wfcr_a          5.933
            VNL::vkb          4.717
        SF::strucFac          4.430
        PW_B_K::gcar          4.162
            Chg::rho          2.966
       Chg::rho_save          2.966
       Chg::rho_core          2.966
       Pot::veff_fix          2.966
           Pot::veff          2.966
   ChgMix::rho_save2          2.966
           VNL::vkb1          2.497
         PW_B_K::gk2          1.387
            VNL::ylm          1.249
   YlmReal::Ylm_Real          1.249
           Chg::rhog          1.108
      Chg::rhog_save          1.108
      Chg::rhog_core          1.108
 -------------   < 1.0 MB has been ignored ----------------
 ----------------------------------------------------------

 Start  Time  : Sun Dec  3 11:58:09 2023
 Finish Time  : Sun Dec  3 11:59:25 2023
 Total  Time  : 0 h 1 mins 16 secs 
